# UMI-tools version: 1.1.2
# output generated by extract --stdin=Fastq-files/74679.fastq.gz --log=analysis/74679/74679-UMIextraction-fromrawreads.log --stdout=analysis/74679/74679-directUMIextracted.fastq --extract-method=regex --bc-pattern=.+(?P<discard_1>AACTGTAGGCACCATCAAT){s<=2}(?P<umi_1>.{12})(?P<discard_2>.+)
# job started at Sun Sep  4 12:46:09 2022 on MacBook-Air-di-Federico.local -- e8c84f5d-43e2-4a01-b9b3-71ea8db2e7c2
# pid: 2541, system: Darwin 21.5.0 Darwin Kernel Version 21.5.0: Tue Apr 26 21:08:29 PDT 2022; root:xnu-8020.121.3~4/RELEASE_ARM64_T8101 x86_64
# blacklist                               : None
# compresslevel                           : 6
# correct_umi_threshold                   : 0
# either_read                             : False
# either_read_resolve                     : discard
# error_correct_cell                      : False
# extract_method                          : regex
# filter_cell_barcode                     : None
# filter_cell_barcodes                    : False
# filter_umi                              : None
# filtered_out                            : None
# filtered_out2                           : None
# ignore_suffix                           : False
# log2stderr                              : False
# loglevel                                : 1
# pattern                                 : .+(?P<discard_1>AACTGTAGGCACCATCAAT){s<=2}(?P<umi_1>.{12})(?P<discard_2>.+)
# pattern2                                : None
# prime3                                  : None
# quality_encoding                        : None
# quality_filter_mask                     : None
# quality_filter_threshold                : None
# random_seed                             : None
# read2_in                                : None
# read2_out                               : False
# read2_stdout                            : False
# reads_subset                            : None
# reconcile                               : False
# retain_umi                              : None
# short_help                              : None
# stderr                                  : <_io.TextIOWrapper name='<stderr>' mode='w' encoding='utf-8'>
# stdin                                   : <_io.TextIOWrapper name='Fastq-files/74679.fastq.gz' encoding='ascii'>
# stdlog                                  : <_io.TextIOWrapper name='analysis/74679/74679-UMIextraction-fromrawreads.log' mode='a' encoding='UTF-8'>
# stdout                                  : <_io.TextIOWrapper name='analysis/74679/74679-directUMIextracted.fastq' mode='w' encoding='UTF-8'>
# timeit_file                             : None
# timeit_header                           : None
# timeit_name                             : all
# tmpdir                                  : None
# umi_correct_log                         : None
# umi_whitelist                           : None
# umi_whitelist_paired                    : None
# whitelist                               : None
2022-09-04 12:46:09,658 INFO Starting barcode extraction
2022-09-04 12:46:12,697 INFO Parsed 100000 reads
2022-09-04 12:46:15,709 INFO Parsed 200000 reads
2022-09-04 12:46:18,726 INFO Parsed 300000 reads
2022-09-04 12:46:21,821 INFO Parsed 400000 reads
2022-09-04 12:46:24,799 INFO Parsed 500000 reads
2022-09-04 12:46:27,793 INFO Parsed 600000 reads
2022-09-04 12:46:30,800 INFO Parsed 700000 reads
2022-09-04 12:46:33,834 INFO Parsed 800000 reads
2022-09-04 12:46:36,853 INFO Parsed 900000 reads
2022-09-04 12:46:39,857 INFO Parsed 1000000 reads
2022-09-04 12:46:42,839 INFO Parsed 1100000 reads
2022-09-04 12:46:45,844 INFO Parsed 1200000 reads
2022-09-04 12:46:48,827 INFO Parsed 1300000 reads
2022-09-04 12:46:51,889 INFO Parsed 1400000 reads
2022-09-04 12:46:54,963 INFO Parsed 1500000 reads
2022-09-04 12:46:57,947 INFO Parsed 1600000 reads
2022-09-04 12:47:00,956 INFO Parsed 1700000 reads
2022-09-04 12:47:03,939 INFO Parsed 1800000 reads
2022-09-04 12:47:06,925 INFO Parsed 1900000 reads
2022-09-04 12:47:09,913 INFO Parsed 2000000 reads
2022-09-04 12:47:12,934 INFO Parsed 2100000 reads
2022-09-04 12:47:15,918 INFO Parsed 2200000 reads
2022-09-04 12:47:18,913 INFO Parsed 2300000 reads
2022-09-04 12:47:21,923 INFO Parsed 2400000 reads
2022-09-04 12:47:24,977 INFO Parsed 2500000 reads
2022-09-04 12:47:27,976 INFO Parsed 2600000 reads
2022-09-04 12:47:30,957 INFO Parsed 2700000 reads
2022-09-04 12:47:33,937 INFO Parsed 2800000 reads
2022-09-04 12:47:36,914 INFO Parsed 2900000 reads
2022-09-04 12:47:39,897 INFO Parsed 3000000 reads
2022-09-04 12:47:42,877 INFO Parsed 3100000 reads
2022-09-04 12:47:45,880 INFO Parsed 3200000 reads
2022-09-04 12:47:48,879 INFO Parsed 3300000 reads
2022-09-04 12:47:51,879 INFO Parsed 3400000 reads
2022-09-04 12:47:54,936 INFO Parsed 3500000 reads
2022-09-04 12:47:57,938 INFO Parsed 3600000 reads
2022-09-04 12:48:00,921 INFO Parsed 3700000 reads
2022-09-04 12:48:03,904 INFO Parsed 3800000 reads
2022-09-04 12:48:06,905 INFO Parsed 3900000 reads
2022-09-04 12:48:09,888 INFO Parsed 4000000 reads
2022-09-04 12:48:12,868 INFO Parsed 4100000 reads
2022-09-04 12:48:15,871 INFO Parsed 4200000 reads
2022-09-04 12:48:18,862 INFO Parsed 4300000 reads
2022-09-04 12:48:21,862 INFO Parsed 4400000 reads
2022-09-04 12:48:24,840 INFO Parsed 4500000 reads
2022-09-04 12:48:27,824 INFO Parsed 4600000 reads
2022-09-04 12:48:30,849 INFO Parsed 4700000 reads
2022-09-04 12:48:33,953 INFO Parsed 4800000 reads
2022-09-04 12:48:36,941 INFO Parsed 4900000 reads
2022-09-04 12:48:39,949 INFO Parsed 5000000 reads
2022-09-04 12:48:42,953 INFO Parsed 5100000 reads
2022-09-04 12:48:45,936 INFO Parsed 5200000 reads
2022-09-04 12:48:48,918 INFO Parsed 5300000 reads
2022-09-04 12:48:51,923 INFO Parsed 5400000 reads
2022-09-04 12:48:54,906 INFO Parsed 5500000 reads
2022-09-04 12:48:57,906 INFO Parsed 5600000 reads
2022-09-04 12:49:00,973 INFO Parsed 5700000 reads
2022-09-04 12:49:03,993 INFO Parsed 5800000 reads
2022-09-04 12:49:06,975 INFO Parsed 5900000 reads
2022-09-04 12:49:09,954 INFO Parsed 6000000 reads
2022-09-04 12:49:12,934 INFO Parsed 6100000 reads
2022-09-04 12:49:15,952 INFO Parsed 6200000 reads
2022-09-04 12:49:18,944 INFO Parsed 6300000 reads
2022-09-04 12:49:21,937 INFO Parsed 6400000 reads
2022-09-04 12:49:24,939 INFO Parsed 6500000 reads
2022-09-04 12:49:27,922 INFO Parsed 6600000 reads
2022-09-04 12:49:30,905 INFO Parsed 6700000 reads
2022-09-04 12:49:33,993 INFO Parsed 6800000 reads
2022-09-04 12:49:37,004 INFO Parsed 6900000 reads
2022-09-04 12:49:40,000 INFO Parsed 7000000 reads
2022-09-04 12:49:43,000 INFO Parsed 7100000 reads
2022-09-04 12:49:46,021 INFO Parsed 7200000 reads
2022-09-04 12:49:49,000 INFO Parsed 7300000 reads
2022-09-04 12:49:51,985 INFO Parsed 7400000 reads
2022-09-04 12:49:54,990 INFO Parsed 7500000 reads
2022-09-04 12:49:57,976 INFO Parsed 7600000 reads
2022-09-04 12:50:00,964 INFO Parsed 7700000 reads
2022-09-04 12:50:04,063 INFO Parsed 7800000 reads
2022-09-04 12:50:07,088 INFO Parsed 7900000 reads
2022-09-04 12:50:10,101 INFO Parsed 8000000 reads
2022-09-04 12:50:13,092 INFO Parsed 8100000 reads
2022-09-04 12:50:16,081 INFO Parsed 8200000 reads
2022-09-04 12:50:19,068 INFO Parsed 8300000 reads
2022-09-04 12:50:22,055 INFO Parsed 8400000 reads
2022-09-04 12:50:25,062 INFO Parsed 8500000 reads
2022-09-04 12:50:28,051 INFO Parsed 8600000 reads
2022-09-04 12:50:31,048 INFO Parsed 8700000 reads
2022-09-04 12:50:34,123 INFO Parsed 8800000 reads
2022-09-04 12:50:37,108 INFO Parsed 8900000 reads
2022-09-04 12:50:40,092 INFO Parsed 9000000 reads
2022-09-04 12:50:43,110 INFO Parsed 9100000 reads
2022-09-04 12:50:46,101 INFO Parsed 9200000 reads
2022-09-04 12:50:49,110 INFO Parsed 9300000 reads
2022-09-04 12:50:52,117 INFO Parsed 9400000 reads
2022-09-04 12:50:55,101 INFO Parsed 9500000 reads
2022-09-04 12:50:58,086 INFO Parsed 9600000 reads
2022-09-04 12:51:01,101 INFO Parsed 9700000 reads
2022-09-04 12:51:04,205 INFO Parsed 9800000 reads
2022-09-04 12:51:07,185 INFO Parsed 9900000 reads
2022-09-04 12:51:10,167 INFO Parsed 10000000 reads
2022-09-04 12:51:13,178 INFO Parsed 10100000 reads
2022-09-04 12:51:16,157 INFO Parsed 10200000 reads
2022-09-04 12:51:19,132 INFO Parsed 10300000 reads
2022-09-04 12:51:22,160 INFO Parsed 10400000 reads
2022-09-04 12:51:25,141 INFO Parsed 10500000 reads
2022-09-04 12:51:28,128 INFO Parsed 10600000 reads
2022-09-04 12:51:31,113 INFO Parsed 10700000 reads
2022-09-04 12:51:34,112 INFO Parsed 10800000 reads
2022-09-04 12:51:37,115 INFO Parsed 10900000 reads
2022-09-04 12:51:40,103 INFO Parsed 11000000 reads
2022-09-04 12:51:43,087 INFO Parsed 11100000 reads
2022-09-04 12:51:46,070 INFO Parsed 11200000 reads
2022-09-04 12:51:49,052 INFO Parsed 11300000 reads
2022-09-04 12:51:52,073 INFO Parsed 11400000 reads
2022-09-04 12:51:55,091 INFO Parsed 11500000 reads
2022-09-04 12:51:58,116 INFO Parsed 11600000 reads
2022-09-04 12:52:01,099 INFO Parsed 11700000 reads
2022-09-04 12:52:04,178 INFO Parsed 11800000 reads
2022-09-04 12:52:07,161 INFO Parsed 11900000 reads
2022-09-04 12:52:10,143 INFO Parsed 12000000 reads
2022-09-04 12:52:13,145 INFO Parsed 12100000 reads
2022-09-04 12:52:16,129 INFO Parsed 12200000 reads
2022-09-04 12:52:19,130 INFO Parsed 12300000 reads
2022-09-04 12:52:22,122 INFO Parsed 12400000 reads
2022-09-04 12:52:25,124 INFO Parsed 12500000 reads
2022-09-04 12:52:28,130 INFO Parsed 12600000 reads
2022-09-04 12:52:31,115 INFO Parsed 12700000 reads
2022-09-04 12:52:34,119 INFO Parsed 12800000 reads
2022-09-04 12:52:37,220 INFO Parsed 12900000 reads
2022-09-04 12:52:40,224 INFO Parsed 13000000 reads
2022-09-04 12:52:43,206 INFO Parsed 13100000 reads
2022-09-04 12:52:46,189 INFO Parsed 13200000 reads
2022-09-04 12:52:49,174 INFO Parsed 13300000 reads
2022-09-04 12:52:52,159 INFO Parsed 13400000 reads
2022-09-04 12:52:55,141 INFO Parsed 13500000 reads
2022-09-04 12:52:58,143 INFO Parsed 13600000 reads
2022-09-04 12:53:01,120 INFO Parsed 13700000 reads
2022-09-04 12:53:04,164 INFO Parsed 13800000 reads
2022-09-04 12:53:07,220 INFO Parsed 13900000 reads
2022-09-04 12:53:10,113 INFO Parsed 14000000 reads
2022-09-04 12:53:13,119 INFO Parsed 14100000 reads
2022-09-04 12:53:16,074 INFO Parsed 14200000 reads
2022-09-04 12:53:19,073 INFO Parsed 14300000 reads
2022-09-04 12:53:22,087 INFO Parsed 14400000 reads
2022-09-04 12:53:23,668 INFO Input Reads: 14453182
2022-09-04 12:53:23,668 INFO regex matches read1: 13746451
2022-09-04 12:53:23,668 INFO Reads output: 13746451
2022-09-04 12:53:23,668 INFO regex does not match read1: 706731
# job finished in 434 seconds at Sun Sep  4 12:53:23 2022 -- 430.67  1.85  0.00  0.00 -- e8c84f5d-43e2-4a01-b9b3-71ea8db2e7c2
