# UMI-tools version: 1.1.2
# output generated by dedup --method=unique -I analysis/74679/74679-maturemiRNA-aligned-bowtie1-beststratam1.bam -S analysis/74679/74679_deduplicated-matureMirna-uniquemethod-beststratam1.bam -L analysis/74679/74679-deduplicate-matureMirna-uniquemethod-beststratam1.log
# job started at Sun Sep  4 12:54:02 2022 on MacBook-Air-di-Federico.local -- 4d50519b-7935-4179-8812-cddf2c99b5ef
# pid: 2700, system: Darwin 21.5.0 Darwin Kernel Version 21.5.0: Tue Apr 26 21:08:29 PDT 2022; root:xnu-8020.121.3~4/RELEASE_ARM64_T8101 x86_64
# assigned_tag                            : None
# cell_tag                                : None
# cell_tag_delim                          : None
# cell_tag_split                          : -
# chimeric_pairs                          : use
# chrom                                   : None
# compresslevel                           : 6
# detection_method                        : None
# filter_umi                              : None
# gene_tag                                : None
# gene_transcript_map                     : None
# get_umi_method                          : read_id
# ignore_tlen                             : False
# ignore_umi                              : False
# in_sam                                  : False
# log2stderr                              : False
# loglevel                                : 1
# mapping_quality                         : 0
# method                                  : unique
# no_sort_output                          : False
# out_sam                                 : False
# output_unmapped                         : False
# paired                                  : False
# per_cell                                : False
# per_contig                              : False
# per_gene                                : False
# random_seed                             : None
# read_length                             : False
# short_help                              : None
# skip_regex                              : ^(__|Unassigned)
# soft_clip_threshold                     : 4
# spliced                                 : False
# stats                                   : False
# stderr                                  : <_io.TextIOWrapper name='<stderr>' mode='w' encoding='utf-8'>
# stdin                                   : <_io.TextIOWrapper name='analysis/74679/74679-maturemiRNA-aligned-bowtie1-beststratam1.bam' mode='r' encoding='UTF-8'>
# stdlog                                  : <_io.TextIOWrapper name='analysis/74679/74679-deduplicate-matureMirna-uniquemethod-beststratam1.log' mode='a' encoding='UTF-8'>
# stdout                                  : <_io.TextIOWrapper name='analysis/74679/74679_deduplicated-matureMirna-uniquemethod-beststratam1.bam' mode='w' encoding='UTF-8'>
# subset                                  : None
# threshold                               : 1
# timeit_file                             : None
# timeit_header                           : None
# timeit_name                             : all
# tmpdir                                  : None
# umi_sep                                 : _
# umi_tag                                 : RX
# umi_tag_delim                           : None
# umi_tag_split                           : None
# umi_whitelist                           : None
# umi_whitelist_paired                    : None
# unmapped_reads                          : discard
# unpaired_reads                          : use
# whole_contig                            : False
2022-09-04 12:54:02,460 INFO command: dedup --method=unique -I analysis/74679/74679-maturemiRNA-aligned-bowtie1-beststratam1.bam -S analysis/74679/74679_deduplicated-matureMirna-uniquemethod-beststratam1.bam -L analysis/74679/74679-deduplicate-matureMirna-uniquemethod-beststratam1.log
2022-09-04 12:54:02,480 INFO Reads: Input Reads: 1414
2022-09-04 12:54:02,480 INFO Number of reads out: 165
2022-09-04 12:54:02,480 INFO Total number of positions deduplicated: 3
2022-09-04 12:54:02,481 INFO Mean number of unique UMIs per position: 55.00
2022-09-04 12:54:02,481 INFO Max. number of unique UMIs per position: 162
# job finished in 0 seconds at Sun Sep  4 12:54:02 2022 --  0.96  0.11  0.00  0.00 -- 4d50519b-7935-4179-8812-cddf2c99b5ef
# UMI-tools version: 1.1.2
# output generated by dedup --method=unique -I analysis/74679/74679-maturemiRNA-aligned-bowtie1-beststratam1.bam -S analysis/74679/74679_deduplicated-matureMirna-uniquemethod-beststratam1.bam -L analysis/74679/74679-deduplicate-matureMirna-uniquemethod-beststratam1.log
# job started at Mon Sep  5 18:08:49 2022 on MacBook-Air-di-Federico.local -- 660f6ce4-f87c-4206-bce6-6414f8d3a7b5
# pid: 13407, system: Darwin 21.5.0 Darwin Kernel Version 21.5.0: Tue Apr 26 21:08:29 PDT 2022; root:xnu-8020.121.3~4/RELEASE_ARM64_T8101 x86_64
# assigned_tag                            : None
# cell_tag                                : None
# cell_tag_delim                          : None
# cell_tag_split                          : -
# chimeric_pairs                          : use
# chrom                                   : None
# compresslevel                           : 6
# detection_method                        : None
# filter_umi                              : None
# gene_tag                                : None
# gene_transcript_map                     : None
# get_umi_method                          : read_id
# ignore_tlen                             : False
# ignore_umi                              : False
# in_sam                                  : False
# log2stderr                              : False
# loglevel                                : 1
# mapping_quality                         : 0
# method                                  : unique
# no_sort_output                          : False
# out_sam                                 : False
# output_unmapped                         : False
# paired                                  : False
# per_cell                                : False
# per_contig                              : False
# per_gene                                : False
# random_seed                             : None
# read_length                             : False
# short_help                              : None
# skip_regex                              : ^(__|Unassigned)
# soft_clip_threshold                     : 4
# spliced                                 : False
# stats                                   : False
# stderr                                  : <_io.TextIOWrapper name='<stderr>' mode='w' encoding='utf-8'>
# stdin                                   : <_io.TextIOWrapper name='analysis/74679/74679-maturemiRNA-aligned-bowtie1-beststratam1.bam' mode='r' encoding='UTF-8'>
# stdlog                                  : <_io.TextIOWrapper name='analysis/74679/74679-deduplicate-matureMirna-uniquemethod-beststratam1.log' mode='a' encoding='UTF-8'>
# stdout                                  : <_io.TextIOWrapper name='analysis/74679/74679_deduplicated-matureMirna-uniquemethod-beststratam1.bam' mode='w' encoding='UTF-8'>
# subset                                  : None
# threshold                               : 1
# timeit_file                             : None
# timeit_header                           : None
# timeit_name                             : all
# tmpdir                                  : None
# umi_sep                                 : _
# umi_tag                                 : RX
# umi_tag_delim                           : None
# umi_tag_split                           : None
# umi_whitelist                           : None
# umi_whitelist_paired                    : None
# unmapped_reads                          : discard
# unpaired_reads                          : use
# whole_contig                            : False
2022-09-05 18:08:49,512 INFO command: dedup --method=unique -I analysis/74679/74679-maturemiRNA-aligned-bowtie1-beststratam1.bam -S analysis/74679/74679_deduplicated-matureMirna-uniquemethod-beststratam1.bam -L analysis/74679/74679-deduplicate-matureMirna-uniquemethod-beststratam1.log
2022-09-05 18:08:55,289 INFO Written out 100000 reads
2022-09-05 18:08:56,677 INFO Parsed 1000000 input reads
2022-09-05 18:09:03,425 INFO Written out 200000 reads
2022-09-05 18:09:04,024 INFO Reads: Input Reads: 1950068
2022-09-05 18:09:04,024 INFO Number of reads out: 239135
2022-09-05 18:09:04,024 INFO Total number of positions deduplicated: 593
2022-09-05 18:09:04,024 INFO Mean number of unique UMIs per position: 403.26
2022-09-05 18:09:04,024 INFO Max. number of unique UMIs per position: 47360
# job finished in 14 seconds at Mon Sep  5 18:09:04 2022 -- 14.90  0.26  0.00  0.00 -- 660f6ce4-f87c-4206-bce6-6414f8d3a7b5
