# UMI-tools version: 1.1.2
# output generated by dedup --method=unique -I analysis/74679/74679-genomeaftermiRNA-aligned-bowtie1-beststratam1.bam -S analysis/74679/74679_deduplicated-genomeaftermiRNA-uniquemethod.bam -L analysis/74679/74679-deduplicate-genomeaftermiRNA-uniquemethod.log
# job started at Sun Sep  4 12:54:33 2022 on MacBook-Air-di-Federico.local -- 2877e6e1-81fe-4885-97ff-20bf79cf734a
# pid: 2721, system: Darwin 21.5.0 Darwin Kernel Version 21.5.0: Tue Apr 26 21:08:29 PDT 2022; root:xnu-8020.121.3~4/RELEASE_ARM64_T8101 x86_64
# assigned_tag                            : None
# cell_tag                                : None
# cell_tag_delim                          : None
# cell_tag_split                          : -
# chimeric_pairs                          : use
# chrom                                   : None
# compresslevel                           : 6
# detection_method                        : None
# filter_umi                              : None
# gene_tag                                : None
# gene_transcript_map                     : None
# get_umi_method                          : read_id
# ignore_tlen                             : False
# ignore_umi                              : False
# in_sam                                  : False
# log2stderr                              : False
# loglevel                                : 1
# mapping_quality                         : 0
# method                                  : unique
# no_sort_output                          : False
# out_sam                                 : False
# output_unmapped                         : False
# paired                                  : False
# per_cell                                : False
# per_contig                              : False
# per_gene                                : False
# random_seed                             : None
# read_length                             : False
# short_help                              : None
# skip_regex                              : ^(__|Unassigned)
# soft_clip_threshold                     : 4
# spliced                                 : False
# stats                                   : False
# stderr                                  : <_io.TextIOWrapper name='<stderr>' mode='w' encoding='utf-8'>
# stdin                                   : <_io.TextIOWrapper name='analysis/74679/74679-genomeaftermiRNA-aligned-bowtie1-beststratam1.bam' mode='r' encoding='UTF-8'>
# stdlog                                  : <_io.TextIOWrapper name='analysis/74679/74679-deduplicate-genomeaftermiRNA-uniquemethod.log' mode='a' encoding='UTF-8'>
# stdout                                  : <_io.TextIOWrapper name='analysis/74679/74679_deduplicated-genomeaftermiRNA-uniquemethod.bam' mode='w' encoding='UTF-8'>
# subset                                  : None
# threshold                               : 1
# timeit_file                             : None
# timeit_header                           : None
# timeit_name                             : all
# tmpdir                                  : None
# umi_sep                                 : _
# umi_tag                                 : RX
# umi_tag_delim                           : None
# umi_tag_split                           : None
# umi_whitelist                           : None
# umi_whitelist_paired                    : None
# unmapped_reads                          : discard
# unpaired_reads                          : use
# whole_contig                            : False
2022-09-04 12:54:33,247 INFO command: dedup --method=unique -I analysis/74679/74679-genomeaftermiRNA-aligned-bowtie1-beststratam1.bam -S analysis/74679/74679_deduplicated-genomeaftermiRNA-uniquemethod.bam -L analysis/74679/74679-deduplicate-genomeaftermiRNA-uniquemethod.log
2022-09-04 12:54:41,315 INFO Parsed 1000000 input reads
2022-09-04 12:54:41,559 INFO Written out 100000 reads
2022-09-04 12:54:44,010 INFO Written out 200000 reads
2022-09-04 12:54:47,054 INFO Parsed 2000000 input reads
2022-09-04 12:54:47,501 INFO Reads: Input Reads: 2084465
2022-09-04 12:54:47,501 INFO Number of reads out: 265116
2022-09-04 12:54:47,501 INFO Total number of positions deduplicated: 13749
2022-09-04 12:54:47,501 INFO Mean number of unique UMIs per position: 19.28
2022-09-04 12:54:47,501 INFO Max. number of unique UMIs per position: 66411
# job finished in 14 seconds at Sun Sep  4 12:54:47 2022 -- 15.09  0.24  0.00  0.00 -- 2877e6e1-81fe-4885-97ff-20bf79cf734a
# UMI-tools version: 1.1.2
# output generated by dedup --method=unique -I analysis/74679/74679-genomeaftermiRNA-aligned-bowtie1-beststratam1.bam -S analysis/74679/74679_deduplicated-genomeaftermiRNA-uniquemethod.bam -L analysis/74679/74679-deduplicate-genomeaftermiRNA-uniquemethod.log
# job started at Mon Sep  5 18:09:25 2022 on MacBook-Air-di-Federico.local -- d52d83e9-b3eb-43ff-b9f8-7fbbd8a61695
# pid: 13444, system: Darwin 21.5.0 Darwin Kernel Version 21.5.0: Tue Apr 26 21:08:29 PDT 2022; root:xnu-8020.121.3~4/RELEASE_ARM64_T8101 x86_64
# assigned_tag                            : None
# cell_tag                                : None
# cell_tag_delim                          : None
# cell_tag_split                          : -
# chimeric_pairs                          : use
# chrom                                   : None
# compresslevel                           : 6
# detection_method                        : None
# filter_umi                              : None
# gene_tag                                : None
# gene_transcript_map                     : None
# get_umi_method                          : read_id
# ignore_tlen                             : False
# ignore_umi                              : False
# in_sam                                  : False
# log2stderr                              : False
# loglevel                                : 1
# mapping_quality                         : 0
# method                                  : unique
# no_sort_output                          : False
# out_sam                                 : False
# output_unmapped                         : False
# paired                                  : False
# per_cell                                : False
# per_contig                              : False
# per_gene                                : False
# random_seed                             : None
# read_length                             : False
# short_help                              : None
# skip_regex                              : ^(__|Unassigned)
# soft_clip_threshold                     : 4
# spliced                                 : False
# stats                                   : False
# stderr                                  : <_io.TextIOWrapper name='<stderr>' mode='w' encoding='utf-8'>
# stdin                                   : <_io.TextIOWrapper name='analysis/74679/74679-genomeaftermiRNA-aligned-bowtie1-beststratam1.bam' mode='r' encoding='UTF-8'>
# stdlog                                  : <_io.TextIOWrapper name='analysis/74679/74679-deduplicate-genomeaftermiRNA-uniquemethod.log' mode='a' encoding='UTF-8'>
# stdout                                  : <_io.TextIOWrapper name='analysis/74679/74679_deduplicated-genomeaftermiRNA-uniquemethod.bam' mode='w' encoding='UTF-8'>
# subset                                  : None
# threshold                               : 1
# timeit_file                             : None
# timeit_header                           : None
# timeit_name                             : all
# tmpdir                                  : None
# umi_sep                                 : _
# umi_tag                                 : RX
# umi_tag_delim                           : None
# umi_tag_split                           : None
# umi_whitelist                           : None
# umi_whitelist_paired                    : None
# unmapped_reads                          : discard
# unpaired_reads                          : use
# whole_contig                            : False
2022-09-05 18:09:25,029 INFO command: dedup --method=unique -I analysis/74679/74679-genomeaftermiRNA-aligned-bowtie1-beststratam1.bam -S analysis/74679/74679_deduplicated-genomeaftermiRNA-uniquemethod.bam -L analysis/74679/74679-deduplicate-genomeaftermiRNA-uniquemethod.log
2022-09-05 18:09:28,659 INFO Written out 100000 reads
2022-09-05 18:09:29,878 INFO Reads: Input Reads: 656469
2022-09-05 18:09:29,878 INFO Number of reads out: 126828
2022-09-05 18:09:29,878 INFO Total number of positions deduplicated: 13650
2022-09-05 18:09:29,878 INFO Mean number of unique UMIs per position: 9.29
2022-09-05 18:09:29,878 INFO Max. number of unique UMIs per position: 30123
# job finished in 4 seconds at Mon Sep  5 18:09:29 2022 --  5.70  0.25  0.00  0.00 -- d52d83e9-b3eb-43ff-b9f8-7fbbd8a61695
