# UMI-tools version: 1.1.2
# output generated by count --method=unique --per-contig -I analysis/74679/74679-maturemiRNA-aligned-bowtie1-beststratam1.bam -L analysis/74679/74679_counts-uniquemethod-maturemiRNA.log -S analysis/74679/74679_counts-finaloutput-uniquemethod-maturemiRNA.txt
# job started at Sun Sep  4 12:54:01 2022 on MacBook-Air-di-Federico.local -- 9639ac16-a50b-44ac-a17c-4ae85161e7f1
# pid: 2698, system: Darwin 21.5.0 Darwin Kernel Version 21.5.0: Tue Apr 26 21:08:29 PDT 2022; root:xnu-8020.121.3~4/RELEASE_ARM64_T8101 x86_64
# assigned_tag                            : None
# cell_tag                                : None
# cell_tag_delim                          : None
# cell_tag_split                          : -
# chimeric_pairs                          : use
# chrom                                   : None
# compresslevel                           : 6
# filter_umi                              : None
# gene_tag                                : None
# gene_transcript_map                     : None
# get_umi_method                          : read_id
# ignore_tlen                             : False
# ignore_umi                              : False
# in_sam                                  : False
# log2stderr                              : False
# loglevel                                : 1
# mapping_quality                         : 0
# method                                  : unique
# no_sort_output                          : False
# out_sam                                 : False
# output_unmapped                         : False
# paired                                  : False
# per_cell                                : False
# per_contig                              : True
# per_gene                                : False
# random_seed                             : None
# read_length                             : False
# short_help                              : None
# skip_regex                              : ^(__|Unassigned)
# soft_clip_threshold                     : 4
# spliced                                 : False
# stderr                                  : <_io.TextIOWrapper name='<stderr>' mode='w' encoding='utf-8'>
# stdin                                   : <_io.TextIOWrapper name='analysis/74679/74679-maturemiRNA-aligned-bowtie1-beststratam1.bam' mode='r' encoding='UTF-8'>
# stdlog                                  : <_io.TextIOWrapper name='analysis/74679/74679_counts-uniquemethod-maturemiRNA.log' mode='a' encoding='UTF-8'>
# stdout                                  : <_io.TextIOWrapper name='analysis/74679/74679_counts-finaloutput-uniquemethod-maturemiRNA.txt' mode='w' encoding='UTF-8'>
# subset                                  : None
# threshold                               : 1
# timeit_file                             : None
# timeit_header                           : None
# timeit_name                             : all
# tmpdir                                  : None
# umi_sep                                 : _
# umi_tag                                 : RX
# umi_tag_delim                           : None
# umi_tag_split                           : None
# umi_whitelist                           : None
# umi_whitelist_paired                    : None
# unmapped_reads                          : discard
# unpaired_reads                          : use
# wide_format_cell_counts                 : False
2022-09-04 12:54:01,174 INFO command: count --method=unique --per-contig -I analysis/74679/74679-maturemiRNA-aligned-bowtie1-beststratam1.bam -L analysis/74679/74679_counts-uniquemethod-maturemiRNA.log -S analysis/74679/74679_counts-finaloutput-uniquemethod-maturemiRNA.txt
2022-09-04 12:54:01,186 INFO Input Reads: 1414
2022-09-04 12:54:01,186 INFO Number of (post deduplication) reads counted: 165
# job finished in 0 seconds at Sun Sep  4 12:54:01 2022 --  0.84  0.12  0.00  0.00 -- 9639ac16-a50b-44ac-a17c-4ae85161e7f1
# UMI-tools version: 1.1.2
# output generated by count --method=unique --per-contig -I analysis/74679/74679-maturemiRNA-aligned-bowtie1-beststratam1.bam -L analysis/74679/74679_counts-uniquemethod-maturemiRNA.log -S analysis/74679/74679_counts-finaloutput-uniquemethod-maturemiRNA.txt
# job started at Mon Sep  5 18:08:40 2022 on MacBook-Air-di-Federico.local -- b8404151-e735-43dd-8dbe-a9ba2ba1f2d1
# pid: 13405, system: Darwin 21.5.0 Darwin Kernel Version 21.5.0: Tue Apr 26 21:08:29 PDT 2022; root:xnu-8020.121.3~4/RELEASE_ARM64_T8101 x86_64
# assigned_tag                            : None
# cell_tag                                : None
# cell_tag_delim                          : None
# cell_tag_split                          : -
# chimeric_pairs                          : use
# chrom                                   : None
# compresslevel                           : 6
# filter_umi                              : None
# gene_tag                                : None
# gene_transcript_map                     : None
# get_umi_method                          : read_id
# ignore_tlen                             : False
# ignore_umi                              : False
# in_sam                                  : False
# log2stderr                              : False
# loglevel                                : 1
# mapping_quality                         : 0
# method                                  : unique
# no_sort_output                          : False
# out_sam                                 : False
# output_unmapped                         : False
# paired                                  : False
# per_cell                                : False
# per_contig                              : True
# per_gene                                : False
# random_seed                             : None
# read_length                             : False
# short_help                              : None
# skip_regex                              : ^(__|Unassigned)
# soft_clip_threshold                     : 4
# spliced                                 : False
# stderr                                  : <_io.TextIOWrapper name='<stderr>' mode='w' encoding='utf-8'>
# stdin                                   : <_io.TextIOWrapper name='analysis/74679/74679-maturemiRNA-aligned-bowtie1-beststratam1.bam' mode='r' encoding='UTF-8'>
# stdlog                                  : <_io.TextIOWrapper name='analysis/74679/74679_counts-uniquemethod-maturemiRNA.log' mode='a' encoding='UTF-8'>
# stdout                                  : <_io.TextIOWrapper name='analysis/74679/74679_counts-finaloutput-uniquemethod-maturemiRNA.txt' mode='w' encoding='UTF-8'>
# subset                                  : None
# threshold                               : 1
# timeit_file                             : None
# timeit_header                           : None
# timeit_name                             : all
# tmpdir                                  : None
# umi_sep                                 : _
# umi_tag                                 : RX
# umi_tag_delim                           : None
# umi_tag_split                           : None
# umi_whitelist                           : None
# umi_whitelist_paired                    : None
# unmapped_reads                          : discard
# unpaired_reads                          : use
# wide_format_cell_counts                 : False
2022-09-05 18:08:40,965 INFO command: count --method=unique --per-contig -I analysis/74679/74679-maturemiRNA-aligned-bowtie1-beststratam1.bam -L analysis/74679/74679_counts-uniquemethod-maturemiRNA.log -S analysis/74679/74679_counts-finaloutput-uniquemethod-maturemiRNA.txt
2022-09-05 18:08:44,762 INFO Parsed 1000000 input reads
2022-09-05 18:08:48,194 INFO Input Reads: 1950068
2022-09-05 18:08:48,194 INFO Number of (post deduplication) reads counted: 239078
# job finished in 7 seconds at Mon Sep  5 18:08:48 2022 --  8.00  0.15  0.00  0.00 -- b8404151-e735-43dd-8dbe-a9ba2ba1f2d1
