# UMI-tools version: 1.1.2
# output generated by extract --stdin=Fastq-files/70460.fastq.gz --log=analysis/70460/70460-UMIextraction-fromrawreads.log --stdout=analysis/70460/70460-directUMIextracted.fastq --extract-method=regex --bc-pattern=.+(?P<discard_1>AACTGTAGGCACCATCAAT){s<=2}(?P<umi_1>.{12})(?P<discard_2>.+)
# job started at Sun Sep  4 01:12:20 2022 on MacBook-Air-di-Federico.local -- 62582b29-bb71-43c7-8446-5e83bdb80d43
# pid: 99944, system: Darwin 21.5.0 Darwin Kernel Version 21.5.0: Tue Apr 26 21:08:29 PDT 2022; root:xnu-8020.121.3~4/RELEASE_ARM64_T8101 x86_64
# blacklist                               : None
# compresslevel                           : 6
# correct_umi_threshold                   : 0
# either_read                             : False
# either_read_resolve                     : discard
# error_correct_cell                      : False
# extract_method                          : regex
# filter_cell_barcode                     : None
# filter_cell_barcodes                    : False
# filter_umi                              : None
# filtered_out                            : None
# filtered_out2                           : None
# ignore_suffix                           : False
# log2stderr                              : False
# loglevel                                : 1
# pattern                                 : .+(?P<discard_1>AACTGTAGGCACCATCAAT){s<=2}(?P<umi_1>.{12})(?P<discard_2>.+)
# pattern2                                : None
# prime3                                  : None
# quality_encoding                        : None
# quality_filter_mask                     : None
# quality_filter_threshold                : None
# random_seed                             : None
# read2_in                                : None
# read2_out                               : False
# read2_stdout                            : False
# reads_subset                            : None
# reconcile                               : False
# retain_umi                              : None
# short_help                              : None
# stderr                                  : <_io.TextIOWrapper name='<stderr>' mode='w' encoding='utf-8'>
# stdin                                   : <_io.TextIOWrapper name='Fastq-files/70460.fastq.gz' encoding='ascii'>
# stdlog                                  : <_io.TextIOWrapper name='analysis/70460/70460-UMIextraction-fromrawreads.log' mode='a' encoding='UTF-8'>
# stdout                                  : <_io.TextIOWrapper name='analysis/70460/70460-directUMIextracted.fastq' mode='w' encoding='UTF-8'>
# timeit_file                             : None
# timeit_header                           : None
# timeit_name                             : all
# tmpdir                                  : None
# umi_correct_log                         : None
# umi_whitelist                           : None
# umi_whitelist_paired                    : None
# whitelist                               : None
2022-09-04 01:12:20,087 INFO Starting barcode extraction
2022-09-04 01:12:24,923 INFO Parsed 100000 reads
2022-09-04 01:12:29,776 INFO Parsed 200000 reads
2022-09-04 01:12:34,609 INFO Parsed 300000 reads
2022-09-04 01:12:39,440 INFO Parsed 400000 reads
2022-09-04 01:12:44,303 INFO Parsed 500000 reads
2022-09-04 01:12:49,134 INFO Parsed 600000 reads
2022-09-04 01:12:53,973 INFO Parsed 700000 reads
2022-09-04 01:12:58,809 INFO Parsed 800000 reads
2022-09-04 01:13:03,647 INFO Parsed 900000 reads
2022-09-04 01:13:08,484 INFO Parsed 1000000 reads
2022-09-04 01:13:13,334 INFO Parsed 1100000 reads
2022-09-04 01:13:18,209 INFO Parsed 1200000 reads
2022-09-04 01:13:23,045 INFO Parsed 1300000 reads
2022-09-04 01:13:27,954 INFO Parsed 1400000 reads
2022-09-04 01:13:33,119 INFO Parsed 1500000 reads
2022-09-04 01:13:38,234 INFO Parsed 1600000 reads
2022-09-04 01:13:43,182 INFO Parsed 1700000 reads
2022-09-04 01:13:48,045 INFO Parsed 1800000 reads
2022-09-04 01:13:52,879 INFO Parsed 1900000 reads
2022-09-04 01:13:57,732 INFO Parsed 2000000 reads
2022-09-04 01:14:02,567 INFO Parsed 2100000 reads
2022-09-04 01:14:07,399 INFO Parsed 2200000 reads
2022-09-04 01:14:12,233 INFO Parsed 2300000 reads
2022-09-04 01:14:17,085 INFO Parsed 2400000 reads
2022-09-04 01:14:21,920 INFO Parsed 2500000 reads
2022-09-04 01:14:26,753 INFO Parsed 2600000 reads
2022-09-04 01:14:31,588 INFO Parsed 2700000 reads
2022-09-04 01:14:36,439 INFO Parsed 2800000 reads
2022-09-04 01:14:41,288 INFO Parsed 2900000 reads
2022-09-04 01:14:46,116 INFO Parsed 3000000 reads
2022-09-04 01:14:50,951 INFO Parsed 3100000 reads
2022-09-04 01:14:55,790 INFO Parsed 3200000 reads
2022-09-04 01:15:00,655 INFO Parsed 3300000 reads
2022-09-04 01:15:05,484 INFO Parsed 3400000 reads
2022-09-04 01:15:10,319 INFO Parsed 3500000 reads
2022-09-04 01:15:15,168 INFO Parsed 3600000 reads
2022-09-04 01:15:20,013 INFO Parsed 3700000 reads
2022-09-04 01:15:24,853 INFO Parsed 3800000 reads
2022-09-04 01:15:29,677 INFO Parsed 3900000 reads
2022-09-04 01:15:34,532 INFO Parsed 4000000 reads
2022-09-04 01:15:39,366 INFO Parsed 4100000 reads
2022-09-04 01:15:44,209 INFO Parsed 4200000 reads
2022-09-04 01:15:49,040 INFO Parsed 4300000 reads
2022-09-04 01:15:53,871 INFO Parsed 4400000 reads
2022-09-04 01:15:58,712 INFO Parsed 4500000 reads
2022-09-04 01:16:03,543 INFO Parsed 4600000 reads
2022-09-04 01:16:08,371 INFO Parsed 4700000 reads
2022-09-04 01:16:13,205 INFO Parsed 4800000 reads
2022-09-04 01:16:18,072 INFO Parsed 4900000 reads
2022-09-04 01:16:22,904 INFO Parsed 5000000 reads
2022-09-04 01:16:27,753 INFO Parsed 5100000 reads
2022-09-04 01:16:32,581 INFO Parsed 5200000 reads
2022-09-04 01:16:37,418 INFO Parsed 5300000 reads
2022-09-04 01:16:42,240 INFO Parsed 5400000 reads
2022-09-04 01:16:47,069 INFO Parsed 5500000 reads
2022-09-04 01:16:51,907 INFO Parsed 5600000 reads
2022-09-04 01:16:56,744 INFO Parsed 5700000 reads
2022-09-04 01:17:01,575 INFO Parsed 5800000 reads
2022-09-04 01:17:06,409 INFO Parsed 5900000 reads
2022-09-04 01:17:11,248 INFO Parsed 6000000 reads
2022-09-04 01:17:16,078 INFO Parsed 6100000 reads
2022-09-04 01:17:20,909 INFO Parsed 6200000 reads
2022-09-04 01:17:25,739 INFO Parsed 6300000 reads
2022-09-04 01:17:30,594 INFO Parsed 6400000 reads
2022-09-04 01:17:35,431 INFO Parsed 6500000 reads
2022-09-04 01:17:40,265 INFO Parsed 6600000 reads
2022-09-04 01:17:45,118 INFO Parsed 6700000 reads
2022-09-04 01:17:49,946 INFO Parsed 6800000 reads
2022-09-04 01:17:54,777 INFO Parsed 6900000 reads
2022-09-04 01:17:59,610 INFO Parsed 7000000 reads
2022-09-04 01:18:04,449 INFO Parsed 7100000 reads
2022-09-04 01:18:09,287 INFO Parsed 7200000 reads
2022-09-04 01:18:14,140 INFO Parsed 7300000 reads
2022-09-04 01:18:18,996 INFO Parsed 7400000 reads
2022-09-04 01:18:23,828 INFO Parsed 7500000 reads
2022-09-04 01:18:28,661 INFO Parsed 7600000 reads
2022-09-04 01:18:33,494 INFO Parsed 7700000 reads
2022-09-04 01:18:38,327 INFO Parsed 7800000 reads
2022-09-04 01:18:43,159 INFO Parsed 7900000 reads
2022-09-04 01:18:48,010 INFO Parsed 8000000 reads
2022-09-04 01:18:52,847 INFO Parsed 8100000 reads
2022-09-04 01:18:57,707 INFO Parsed 8200000 reads
2022-09-04 01:19:02,540 INFO Parsed 8300000 reads
2022-09-04 01:19:07,372 INFO Parsed 8400000 reads
2022-09-04 01:19:12,207 INFO Parsed 8500000 reads
2022-09-04 01:19:17,063 INFO Parsed 8600000 reads
2022-09-04 01:19:21,893 INFO Parsed 8700000 reads
2022-09-04 01:19:26,727 INFO Parsed 8800000 reads
2022-09-04 01:19:31,559 INFO Parsed 8900000 reads
2022-09-04 01:19:36,389 INFO Parsed 9000000 reads
2022-09-04 01:19:41,221 INFO Parsed 9100000 reads
2022-09-04 01:19:46,052 INFO Parsed 9200000 reads
2022-09-04 01:19:50,873 INFO Parsed 9300000 reads
2022-09-04 01:19:55,683 INFO Parsed 9400000 reads
2022-09-04 01:20:00,094 INFO Parsed 9500000 reads
2022-09-04 01:20:03,017 INFO Parsed 9600000 reads
2022-09-04 01:20:05,938 INFO Parsed 9700000 reads
2022-09-04 01:20:08,860 INFO Parsed 9800000 reads
2022-09-04 01:20:10,343 INFO Input Reads: 9850757
2022-09-04 01:20:10,343 INFO regex matches read1: 9415811
2022-09-04 01:20:10,343 INFO Reads output: 9415811
2022-09-04 01:20:10,343 INFO regex does not match read1: 434946
# job finished in 470 seconds at Sun Sep  4 01:20:10 2022 -- 468.69  1.90  0.00  0.00 -- 62582b29-bb71-43c7-8446-5e83bdb80d43
