# UMI-tools version: 1.1.2
# output generated by dedup --method=unique -I analysis/70460/70460-genomeaftermiRNA-aligned-bowtie1-beststratam1.bam -S analysis/70460/70460_deduplicated-genomeaftermiRNA-uniquemethod.bam -L analysis/70460/70460-deduplicate-genomeaftermiRNA-uniquemethod.log
# job started at Sun Sep  4 01:21:33 2022 on MacBook-Air-di-Federico.local -- 004d8d69-35f1-45f1-a91d-e1342f007535
# pid: 124, system: Darwin 21.5.0 Darwin Kernel Version 21.5.0: Tue Apr 26 21:08:29 PDT 2022; root:xnu-8020.121.3~4/RELEASE_ARM64_T8101 x86_64
# assigned_tag                            : None
# cell_tag                                : None
# cell_tag_delim                          : None
# cell_tag_split                          : -
# chimeric_pairs                          : use
# chrom                                   : None
# compresslevel                           : 6
# detection_method                        : None
# filter_umi                              : None
# gene_tag                                : None
# gene_transcript_map                     : None
# get_umi_method                          : read_id
# ignore_tlen                             : False
# ignore_umi                              : False
# in_sam                                  : False
# log2stderr                              : False
# loglevel                                : 1
# mapping_quality                         : 0
# method                                  : unique
# no_sort_output                          : False
# out_sam                                 : False
# output_unmapped                         : False
# paired                                  : False
# per_cell                                : False
# per_contig                              : False
# per_gene                                : False
# random_seed                             : None
# read_length                             : False
# short_help                              : None
# skip_regex                              : ^(__|Unassigned)
# soft_clip_threshold                     : 4
# spliced                                 : False
# stats                                   : False
# stderr                                  : <_io.TextIOWrapper name='<stderr>' mode='w' encoding='utf-8'>
# stdin                                   : <_io.TextIOWrapper name='analysis/70460/70460-genomeaftermiRNA-aligned-bowtie1-beststratam1.bam' mode='r' encoding='UTF-8'>
# stdlog                                  : <_io.TextIOWrapper name='analysis/70460/70460-deduplicate-genomeaftermiRNA-uniquemethod.log' mode='a' encoding='UTF-8'>
# stdout                                  : <_io.TextIOWrapper name='analysis/70460/70460_deduplicated-genomeaftermiRNA-uniquemethod.bam' mode='w' encoding='UTF-8'>
# subset                                  : None
# threshold                               : 1
# timeit_file                             : None
# timeit_header                           : None
# timeit_name                             : all
# tmpdir                                  : None
# umi_sep                                 : _
# umi_tag                                 : RX
# umi_tag_delim                           : None
# umi_tag_split                           : None
# umi_whitelist                           : None
# umi_whitelist_paired                    : None
# unmapped_reads                          : discard
# unpaired_reads                          : use
# whole_contig                            : False
2022-09-04 01:21:33,041 INFO command: dedup --method=unique -I analysis/70460/70460-genomeaftermiRNA-aligned-bowtie1-beststratam1.bam -S analysis/70460/70460_deduplicated-genomeaftermiRNA-uniquemethod.bam -L analysis/70460/70460-deduplicate-genomeaftermiRNA-uniquemethod.log
2022-09-04 01:21:51,382 INFO Parsed 1000000 input reads
2022-09-04 01:21:51,382 INFO Parsed 2000000 input reads
2022-09-04 01:21:51,949 INFO Written out 100000 reads
2022-09-04 01:21:55,179 INFO Parsed 3000000 input reads
2022-09-04 01:21:55,238 INFO Written out 200000 reads
2022-09-04 01:21:58,930 INFO Parsed 4000000 input reads
2022-09-04 01:22:05,657 INFO Parsed 5000000 input reads
2022-09-04 01:22:05,681 INFO Written out 300000 reads
2022-09-04 01:22:06,429 INFO Reads: Input Reads: 5207469
2022-09-04 01:22:06,429 INFO Number of reads out: 313504
2022-09-04 01:22:06,429 INFO Total number of positions deduplicated: 4625
2022-09-04 01:22:06,429 INFO Mean number of unique UMIs per position: 67.78
2022-09-04 01:22:06,429 INFO Max. number of unique UMIs per position: 163840
# job finished in 33 seconds at Sun Sep  4 01:22:06 2022 -- 34.18  0.27  0.00  0.00 -- 004d8d69-35f1-45f1-a91d-e1342f007535
# UMI-tools version: 1.1.2
# output generated by dedup --method=unique -I analysis/70460/70460-genomeaftermiRNA-aligned-bowtie1-beststratam1.bam -S analysis/70460/70460_deduplicated-genomeaftermiRNA-uniquemethod.bam -L analysis/70460/70460-deduplicate-genomeaftermiRNA-uniquemethod.log
# job started at Mon Sep  5 17:51:21 2022 on MacBook-Air-di-Federico.local -- 3094a77f-6d8e-4ca7-ab15-a2bb94c60686
# pid: 12614, system: Darwin 21.5.0 Darwin Kernel Version 21.5.0: Tue Apr 26 21:08:29 PDT 2022; root:xnu-8020.121.3~4/RELEASE_ARM64_T8101 x86_64
# assigned_tag                            : None
# cell_tag                                : None
# cell_tag_delim                          : None
# cell_tag_split                          : -
# chimeric_pairs                          : use
# chrom                                   : None
# compresslevel                           : 6
# detection_method                        : None
# filter_umi                              : None
# gene_tag                                : None
# gene_transcript_map                     : None
# get_umi_method                          : read_id
# ignore_tlen                             : False
# ignore_umi                              : False
# in_sam                                  : False
# log2stderr                              : False
# loglevel                                : 1
# mapping_quality                         : 0
# method                                  : unique
# no_sort_output                          : False
# out_sam                                 : False
# output_unmapped                         : False
# paired                                  : False
# per_cell                                : False
# per_contig                              : False
# per_gene                                : False
# random_seed                             : None
# read_length                             : False
# short_help                              : None
# skip_regex                              : ^(__|Unassigned)
# soft_clip_threshold                     : 4
# spliced                                 : False
# stats                                   : False
# stderr                                  : <_io.TextIOWrapper name='<stderr>' mode='w' encoding='utf-8'>
# stdin                                   : <_io.TextIOWrapper name='analysis/70460/70460-genomeaftermiRNA-aligned-bowtie1-beststratam1.bam' mode='r' encoding='UTF-8'>
# stdlog                                  : <_io.TextIOWrapper name='analysis/70460/70460-deduplicate-genomeaftermiRNA-uniquemethod.log' mode='a' encoding='UTF-8'>
# stdout                                  : <_io.TextIOWrapper name='analysis/70460/70460_deduplicated-genomeaftermiRNA-uniquemethod.bam' mode='w' encoding='UTF-8'>
# subset                                  : None
# threshold                               : 1
# timeit_file                             : None
# timeit_header                           : None
# timeit_name                             : all
# tmpdir                                  : None
# umi_sep                                 : _
# umi_tag                                 : RX
# umi_tag_delim                           : None
# umi_tag_split                           : None
# umi_whitelist                           : None
# umi_whitelist_paired                    : None
# unmapped_reads                          : discard
# unpaired_reads                          : use
# whole_contig                            : False
2022-09-05 17:51:21,645 INFO command: dedup --method=unique -I analysis/70460/70460-genomeaftermiRNA-aligned-bowtie1-beststratam1.bam -S analysis/70460/70460_deduplicated-genomeaftermiRNA-uniquemethod.bam -L analysis/70460/70460-deduplicate-genomeaftermiRNA-uniquemethod.log
2022-09-05 17:51:25,965 INFO Written out 100000 reads
2022-09-05 17:51:26,637 INFO Reads: Input Reads: 676831
2022-09-05 17:51:26,637 INFO Number of reads out: 122373
2022-09-05 17:51:26,637 INFO Total number of positions deduplicated: 4569
2022-09-05 17:51:26,637 INFO Mean number of unique UMIs per position: 26.78
2022-09-05 17:51:26,637 INFO Max. number of unique UMIs per position: 51929
# job finished in 4 seconds at Mon Sep  5 17:51:26 2022 --  5.89  0.23  0.00  0.00 -- 3094a77f-6d8e-4ca7-ab15-a2bb94c60686
