# UMI-tools version: 1.1.2
# output generated by dedup --method=unique -I analysis/70460/70460-maturemiRNA-aligned-bowtie1-beststratam1.bam -S analysis/70460/70460_deduplicated-matureMirna-uniquemethod-beststratam1.bam -L analysis/70460/70460-deduplicate-matureMirna-uniquemethod-beststratam1.log
# job started at Sun Sep  4 01:20:57 2022 on MacBook-Air-di-Federico.local -- eab42773-0c05-4bf6-ab10-7af280da4d97
# pid: 112, system: Darwin 21.5.0 Darwin Kernel Version 21.5.0: Tue Apr 26 21:08:29 PDT 2022; root:xnu-8020.121.3~4/RELEASE_ARM64_T8101 x86_64
# assigned_tag                            : None
# cell_tag                                : None
# cell_tag_delim                          : None
# cell_tag_split                          : -
# chimeric_pairs                          : use
# chrom                                   : None
# compresslevel                           : 6
# detection_method                        : None
# filter_umi                              : None
# gene_tag                                : None
# gene_transcript_map                     : None
# get_umi_method                          : read_id
# ignore_tlen                             : False
# ignore_umi                              : False
# in_sam                                  : False
# log2stderr                              : False
# loglevel                                : 1
# mapping_quality                         : 0
# method                                  : unique
# no_sort_output                          : False
# out_sam                                 : False
# output_unmapped                         : False
# paired                                  : False
# per_cell                                : False
# per_contig                              : False
# per_gene                                : False
# random_seed                             : None
# read_length                             : False
# short_help                              : None
# skip_regex                              : ^(__|Unassigned)
# soft_clip_threshold                     : 4
# spliced                                 : False
# stats                                   : False
# stderr                                  : <_io.TextIOWrapper name='<stderr>' mode='w' encoding='utf-8'>
# stdin                                   : <_io.TextIOWrapper name='analysis/70460/70460-maturemiRNA-aligned-bowtie1-beststratam1.bam' mode='r' encoding='UTF-8'>
# stdlog                                  : <_io.TextIOWrapper name='analysis/70460/70460-deduplicate-matureMirna-uniquemethod-beststratam1.log' mode='a' encoding='UTF-8'>
# stdout                                  : <_io.TextIOWrapper name='analysis/70460/70460_deduplicated-matureMirna-uniquemethod-beststratam1.bam' mode='w' encoding='UTF-8'>
# subset                                  : None
# threshold                               : 1
# timeit_file                             : None
# timeit_header                           : None
# timeit_name                             : all
# tmpdir                                  : None
# umi_sep                                 : _
# umi_tag                                 : RX
# umi_tag_delim                           : None
# umi_tag_split                           : None
# umi_whitelist                           : None
# umi_whitelist_paired                    : None
# unmapped_reads                          : discard
# unpaired_reads                          : use
# whole_contig                            : False
2022-09-04 01:20:57,760 INFO command: dedup --method=unique -I analysis/70460/70460-maturemiRNA-aligned-bowtie1-beststratam1.bam -S analysis/70460/70460_deduplicated-matureMirna-uniquemethod-beststratam1.bam -L analysis/70460/70460-deduplicate-matureMirna-uniquemethod-beststratam1.log
2022-09-04 01:20:57,782 INFO Reads: Input Reads: 1893
2022-09-04 01:20:57,782 INFO Number of reads out: 120
2022-09-04 01:20:57,782 INFO Total number of positions deduplicated: 2
2022-09-04 01:20:57,782 INFO Mean number of unique UMIs per position: 60.00
2022-09-04 01:20:57,782 INFO Max. number of unique UMIs per position: 118
# job finished in 0 seconds at Sun Sep  4 01:20:57 2022 --  0.95  0.11  0.00  0.00 -- eab42773-0c05-4bf6-ab10-7af280da4d97
# UMI-tools version: 1.1.2
# output generated by dedup --method=unique -I analysis/70460/70460-maturemiRNA-aligned-bowtie1-beststratam1.bam -S analysis/70460/70460_deduplicated-matureMirna-uniquemethod-beststratam1.bam -L analysis/70460/70460-deduplicate-matureMirna-uniquemethod-beststratam1.log
# job started at Sun Sep  4 20:14:30 2022 on MacBook-Air-di-Federico.local -- 28d45840-8508-4262-afc3-ea1370d234a0
# pid: 65198, system: Darwin 21.5.0 Darwin Kernel Version 21.5.0: Tue Apr 26 21:08:29 PDT 2022; root:xnu-8020.121.3~4/RELEASE_ARM64_T8101 x86_64
# assigned_tag                            : None
# cell_tag                                : None
# cell_tag_delim                          : None
# cell_tag_split                          : -
# chimeric_pairs                          : use
# chrom                                   : None
# compresslevel                           : 6
# detection_method                        : None
# filter_umi                              : None
# gene_tag                                : None
# gene_transcript_map                     : None
# get_umi_method                          : read_id
# ignore_tlen                             : False
# ignore_umi                              : False
# in_sam                                  : False
# log2stderr                              : False
# loglevel                                : 1
# mapping_quality                         : 0
# method                                  : unique
# no_sort_output                          : False
# out_sam                                 : False
# output_unmapped                         : False
# paired                                  : False
# per_cell                                : False
# per_contig                              : False
# per_gene                                : False
# random_seed                             : None
# read_length                             : False
# short_help                              : None
# skip_regex                              : ^(__|Unassigned)
# soft_clip_threshold                     : 4
# spliced                                 : False
# stats                                   : False
# stderr                                  : <_io.TextIOWrapper name='<stderr>' mode='w' encoding='utf-8'>
# stdin                                   : <_io.TextIOWrapper name='analysis/70460/70460-maturemiRNA-aligned-bowtie1-beststratam1.bam' mode='r' encoding='UTF-8'>
# stdlog                                  : <_io.TextIOWrapper name='analysis/70460/70460-deduplicate-matureMirna-uniquemethod-beststratam1.log' mode='a' encoding='UTF-8'>
# stdout                                  : <_io.TextIOWrapper name='analysis/70460/70460_deduplicated-matureMirna-uniquemethod-beststratam1.bam' mode='w' encoding='UTF-8'>
# subset                                  : None
# threshold                               : 1
# timeit_file                             : None
# timeit_header                           : None
# timeit_name                             : all
# tmpdir                                  : None
# umi_sep                                 : _
# umi_tag                                 : RX
# umi_tag_delim                           : None
# umi_tag_split                           : None
# umi_whitelist                           : None
# umi_whitelist_paired                    : None
# unmapped_reads                          : discard
# unpaired_reads                          : use
# whole_contig                            : False
2022-09-04 20:14:30,936 INFO command: dedup --method=unique -I analysis/70460/70460-maturemiRNA-aligned-bowtie1-beststratam1.bam -S analysis/70460/70460_deduplicated-matureMirna-uniquemethod-beststratam1.bam -L analysis/70460/70460-deduplicate-matureMirna-uniquemethod-beststratam1.log
2022-09-04 20:14:57,956 INFO Parsed 1000000 input reads
2022-09-04 20:14:57,956 INFO Parsed 2000000 input reads
2022-09-04 20:14:57,956 INFO Parsed 3000000 input reads
2022-09-04 20:14:58,765 INFO Written out 100000 reads
2022-09-04 20:15:01,185 INFO Written out 200000 reads
2022-09-04 20:15:09,668 INFO Parsed 4000000 input reads
2022-09-04 20:15:15,645 INFO Parsed 5000000 input reads
2022-09-04 20:15:16,377 INFO Reads: Input Reads: 5078868
2022-09-04 20:15:16,377 INFO Number of reads out: 298850
2022-09-04 20:15:16,378 INFO Total number of positions deduplicated: 385
2022-09-04 20:15:16,378 INFO Mean number of unique UMIs per position: 776.23
2022-09-04 20:15:16,378 INFO Max. number of unique UMIs per position: 156643
# job finished in 45 seconds at Sun Sep  4 20:15:16 2022 -- 45.93  0.34  0.00  0.00 -- 28d45840-8508-4262-afc3-ea1370d234a0
