# UMI-tools version: 1.1.2
# output generated by extract --stdin=Fastq-files/74682.fastq.gz --log=analysis/74682/74682-UMIextraction-fromrawreads.log --stdout=analysis/74682/74682-directUMIextracted.fastq --extract-method=regex --bc-pattern=.+(?P<discard_1>AACTGTAGGCACCATCAAT){s<=2}(?P<umi_1>.{12})(?P<discard_2>.+)
# job started at Sun Sep  4 13:11:03 2022 on MacBook-Air-di-Federico.local -- 4988a99c-63e5-48b1-8f9e-e46979b5a50b
# pid: 3133, system: Darwin 21.5.0 Darwin Kernel Version 21.5.0: Tue Apr 26 21:08:29 PDT 2022; root:xnu-8020.121.3~4/RELEASE_ARM64_T8101 x86_64
# blacklist                               : None
# compresslevel                           : 6
# correct_umi_threshold                   : 0
# either_read                             : False
# either_read_resolve                     : discard
# error_correct_cell                      : False
# extract_method                          : regex
# filter_cell_barcode                     : None
# filter_cell_barcodes                    : False
# filter_umi                              : None
# filtered_out                            : None
# filtered_out2                           : None
# ignore_suffix                           : False
# log2stderr                              : False
# loglevel                                : 1
# pattern                                 : .+(?P<discard_1>AACTGTAGGCACCATCAAT){s<=2}(?P<umi_1>.{12})(?P<discard_2>.+)
# pattern2                                : None
# prime3                                  : None
# quality_encoding                        : None
# quality_filter_mask                     : None
# quality_filter_threshold                : None
# random_seed                             : None
# read2_in                                : None
# read2_out                               : False
# read2_stdout                            : False
# reads_subset                            : None
# reconcile                               : False
# retain_umi                              : None
# short_help                              : None
# stderr                                  : <_io.TextIOWrapper name='<stderr>' mode='w' encoding='utf-8'>
# stdin                                   : <_io.TextIOWrapper name='Fastq-files/74682.fastq.gz' encoding='ascii'>
# stdlog                                  : <_io.TextIOWrapper name='analysis/74682/74682-UMIextraction-fromrawreads.log' mode='a' encoding='UTF-8'>
# stdout                                  : <_io.TextIOWrapper name='analysis/74682/74682-directUMIextracted.fastq' mode='w' encoding='UTF-8'>
# timeit_file                             : None
# timeit_header                           : None
# timeit_name                             : all
# tmpdir                                  : None
# umi_correct_log                         : None
# umi_whitelist                           : None
# umi_whitelist_paired                    : None
# whitelist                               : None
2022-09-04 13:11:03,335 INFO Starting barcode extraction
2022-09-04 13:11:05,851 INFO Parsed 100000 reads
2022-09-04 13:11:08,394 INFO Parsed 200000 reads
2022-09-04 13:11:10,936 INFO Parsed 300000 reads
2022-09-04 13:11:13,452 INFO Parsed 400000 reads
2022-09-04 13:11:15,984 INFO Parsed 500000 reads
2022-09-04 13:11:18,496 INFO Parsed 600000 reads
2022-09-04 13:11:21,083 INFO Parsed 700000 reads
2022-09-04 13:11:23,641 INFO Parsed 800000 reads
2022-09-04 13:11:26,177 INFO Parsed 900000 reads
2022-09-04 13:11:28,695 INFO Parsed 1000000 reads
2022-09-04 13:11:31,242 INFO Parsed 1100000 reads
2022-09-04 13:11:33,816 INFO Parsed 1200000 reads
2022-09-04 13:11:36,332 INFO Parsed 1300000 reads
2022-09-04 13:11:38,856 INFO Parsed 1400000 reads
2022-09-04 13:11:41,364 INFO Parsed 1500000 reads
2022-09-04 13:11:43,899 INFO Parsed 1600000 reads
2022-09-04 13:11:46,440 INFO Parsed 1700000 reads
2022-09-04 13:11:48,975 INFO Parsed 1800000 reads
2022-09-04 13:11:51,497 INFO Parsed 1900000 reads
2022-09-04 13:11:54,046 INFO Parsed 2000000 reads
2022-09-04 13:11:56,594 INFO Parsed 2100000 reads
2022-09-04 13:11:59,201 INFO Parsed 2200000 reads
2022-09-04 13:12:01,715 INFO Parsed 2300000 reads
2022-09-04 13:12:04,245 INFO Parsed 2400000 reads
2022-09-04 13:12:06,779 INFO Parsed 2500000 reads
2022-09-04 13:12:09,289 INFO Parsed 2600000 reads
2022-09-04 13:12:11,852 INFO Parsed 2700000 reads
2022-09-04 13:12:14,362 INFO Parsed 2800000 reads
2022-09-04 13:12:16,911 INFO Parsed 2900000 reads
2022-09-04 13:12:19,518 INFO Parsed 3000000 reads
2022-09-04 13:12:22,289 INFO Parsed 3100000 reads
2022-09-04 13:12:24,882 INFO Parsed 3200000 reads
2022-09-04 13:12:27,485 INFO Parsed 3300000 reads
2022-09-04 13:12:30,077 INFO Parsed 3400000 reads
2022-09-04 13:12:32,604 INFO Parsed 3500000 reads
2022-09-04 13:12:35,134 INFO Parsed 3600000 reads
2022-09-04 13:12:37,757 INFO Parsed 3700000 reads
2022-09-04 13:12:40,268 INFO Parsed 3800000 reads
2022-09-04 13:12:42,776 INFO Parsed 3900000 reads
2022-09-04 13:12:45,299 INFO Parsed 4000000 reads
2022-09-04 13:12:48,145 INFO Parsed 4100000 reads
2022-09-04 13:12:50,770 INFO Parsed 4200000 reads
2022-09-04 13:12:54,321 INFO Parsed 4300000 reads
2022-09-04 13:12:56,928 INFO Parsed 4400000 reads
2022-09-04 13:12:59,434 INFO Parsed 4500000 reads
2022-09-04 13:13:02,072 INFO Parsed 4600000 reads
2022-09-04 13:13:04,586 INFO Parsed 4700000 reads
2022-09-04 13:13:07,139 INFO Parsed 4800000 reads
2022-09-04 13:13:09,657 INFO Parsed 4900000 reads
2022-09-04 13:13:12,176 INFO Parsed 5000000 reads
2022-09-04 13:13:14,680 INFO Parsed 5100000 reads
2022-09-04 13:13:17,187 INFO Parsed 5200000 reads
2022-09-04 13:13:19,773 INFO Parsed 5300000 reads
2022-09-04 13:13:22,284 INFO Parsed 5400000 reads
2022-09-04 13:13:24,790 INFO Parsed 5500000 reads
2022-09-04 13:13:27,298 INFO Parsed 5600000 reads
2022-09-04 13:13:29,807 INFO Parsed 5700000 reads
2022-09-04 13:13:32,335 INFO Parsed 5800000 reads
2022-09-04 13:13:34,852 INFO Parsed 5900000 reads
2022-09-04 13:13:37,372 INFO Parsed 6000000 reads
2022-09-04 13:13:39,897 INFO Parsed 6100000 reads
2022-09-04 13:13:42,410 INFO Parsed 6200000 reads
2022-09-04 13:13:44,912 INFO Parsed 6300000 reads
2022-09-04 13:13:47,435 INFO Parsed 6400000 reads
2022-09-04 13:13:49,942 INFO Parsed 6500000 reads
2022-09-04 13:13:52,458 INFO Parsed 6600000 reads
2022-09-04 13:13:54,994 INFO Parsed 6700000 reads
2022-09-04 13:13:57,607 INFO Parsed 6800000 reads
2022-09-04 13:14:00,113 INFO Parsed 6900000 reads
2022-09-04 13:14:02,648 INFO Parsed 7000000 reads
2022-09-04 13:14:05,166 INFO Parsed 7100000 reads
2022-09-04 13:14:07,673 INFO Parsed 7200000 reads
2022-09-04 13:14:10,201 INFO Parsed 7300000 reads
2022-09-04 13:14:12,713 INFO Parsed 7400000 reads
2022-09-04 13:14:15,277 INFO Parsed 7500000 reads
2022-09-04 13:14:17,786 INFO Parsed 7600000 reads
2022-09-04 13:14:20,308 INFO Parsed 7700000 reads
2022-09-04 13:14:22,839 INFO Parsed 7800000 reads
2022-09-04 13:14:25,343 INFO Parsed 7900000 reads
2022-09-04 13:14:27,922 INFO Parsed 8000000 reads
2022-09-04 13:14:30,472 INFO Parsed 8100000 reads
2022-09-04 13:14:32,987 INFO Parsed 8200000 reads
2022-09-04 13:14:35,500 INFO Parsed 8300000 reads
2022-09-04 13:14:38,037 INFO Parsed 8400000 reads
2022-09-04 13:14:40,563 INFO Parsed 8500000 reads
2022-09-04 13:14:43,094 INFO Parsed 8600000 reads
2022-09-04 13:14:45,620 INFO Parsed 8700000 reads
2022-09-04 13:14:48,144 INFO Parsed 8800000 reads
2022-09-04 13:14:50,656 INFO Parsed 8900000 reads
2022-09-04 13:14:53,186 INFO Parsed 9000000 reads
2022-09-04 13:14:55,719 INFO Parsed 9100000 reads
2022-09-04 13:14:58,367 INFO Parsed 9200000 reads
2022-09-04 13:15:00,878 INFO Parsed 9300000 reads
2022-09-04 13:15:03,393 INFO Parsed 9400000 reads
2022-09-04 13:15:06,005 INFO Parsed 9500000 reads
2022-09-04 13:15:08,626 INFO Parsed 9600000 reads
2022-09-04 13:15:11,262 INFO Parsed 9700000 reads
2022-09-04 13:15:13,877 INFO Parsed 9800000 reads
2022-09-04 13:15:16,490 INFO Parsed 9900000 reads
2022-09-04 13:15:19,105 INFO Parsed 10000000 reads
2022-09-04 13:15:21,743 INFO Parsed 10100000 reads
2022-09-04 13:15:24,380 INFO Parsed 10200000 reads
2022-09-04 13:15:26,996 INFO Parsed 10300000 reads
2022-09-04 13:15:29,668 INFO Parsed 10400000 reads
2022-09-04 13:15:32,302 INFO Parsed 10500000 reads
2022-09-04 13:15:34,919 INFO Parsed 10600000 reads
2022-09-04 13:15:37,557 INFO Parsed 10700000 reads
2022-09-04 13:15:40,176 INFO Parsed 10800000 reads
2022-09-04 13:15:42,792 INFO Parsed 10900000 reads
2022-09-04 13:15:45,409 INFO Parsed 11000000 reads
2022-09-04 13:15:48,026 INFO Parsed 11100000 reads
2022-09-04 13:15:50,641 INFO Parsed 11200000 reads
2022-09-04 13:15:53,281 INFO Parsed 11300000 reads
2022-09-04 13:15:55,971 INFO Parsed 11400000 reads
2022-09-04 13:15:58,575 INFO Parsed 11500000 reads
2022-09-04 13:16:00,069 INFO Input Reads: 11557162
2022-09-04 13:16:00,069 INFO regex matches read1: 7269101
2022-09-04 13:16:00,069 INFO Reads output: 7269101
2022-09-04 13:16:00,069 INFO regex does not match read1: 4288061
# job finished in 296 seconds at Sun Sep  4 13:16:00 2022 -- 293.07  1.37  0.00  0.00 -- 4988a99c-63e5-48b1-8f9e-e46979b5a50b
