# UMI-tools version: 1.1.2
# output generated by dedup --method=unique -I analysis/74682/74682-genomeaftermiRNA-aligned-bowtie1-beststratam1.bam -S analysis/74682/74682_deduplicated-genomeaftermiRNA-uniquemethod.bam -L analysis/74682/74682-deduplicate-genomeaftermiRNA-uniquemethod.log
# job started at Sun Sep  4 13:16:47 2022 on MacBook-Air-di-Federico.local -- 39fadff3-8e73-4c72-a530-333121188dfb
# pid: 3242, system: Darwin 21.5.0 Darwin Kernel Version 21.5.0: Tue Apr 26 21:08:29 PDT 2022; root:xnu-8020.121.3~4/RELEASE_ARM64_T8101 x86_64
# assigned_tag                            : None
# cell_tag                                : None
# cell_tag_delim                          : None
# cell_tag_split                          : -
# chimeric_pairs                          : use
# chrom                                   : None
# compresslevel                           : 6
# detection_method                        : None
# filter_umi                              : None
# gene_tag                                : None
# gene_transcript_map                     : None
# get_umi_method                          : read_id
# ignore_tlen                             : False
# ignore_umi                              : False
# in_sam                                  : False
# log2stderr                              : False
# loglevel                                : 1
# mapping_quality                         : 0
# method                                  : unique
# no_sort_output                          : False
# out_sam                                 : False
# output_unmapped                         : False
# paired                                  : False
# per_cell                                : False
# per_contig                              : False
# per_gene                                : False
# random_seed                             : None
# read_length                             : False
# short_help                              : None
# skip_regex                              : ^(__|Unassigned)
# soft_clip_threshold                     : 4
# spliced                                 : False
# stats                                   : False
# stderr                                  : <_io.TextIOWrapper name='<stderr>' mode='w' encoding='utf-8'>
# stdin                                   : <_io.TextIOWrapper name='analysis/74682/74682-genomeaftermiRNA-aligned-bowtie1-beststratam1.bam' mode='r' encoding='UTF-8'>
# stdlog                                  : <_io.TextIOWrapper name='analysis/74682/74682-deduplicate-genomeaftermiRNA-uniquemethod.log' mode='a' encoding='UTF-8'>
# stdout                                  : <_io.TextIOWrapper name='analysis/74682/74682_deduplicated-genomeaftermiRNA-uniquemethod.bam' mode='w' encoding='UTF-8'>
# subset                                  : None
# threshold                               : 1
# timeit_file                             : None
# timeit_header                           : None
# timeit_name                             : all
# tmpdir                                  : None
# umi_sep                                 : _
# umi_tag                                 : RX
# umi_tag_delim                           : None
# umi_tag_split                           : None
# umi_whitelist                           : None
# umi_whitelist_paired                    : None
# unmapped_reads                          : discard
# unpaired_reads                          : use
# whole_contig                            : False
2022-09-04 13:16:47,354 INFO command: dedup --method=unique -I analysis/74682/74682-genomeaftermiRNA-aligned-bowtie1-beststratam1.bam -S analysis/74682/74682_deduplicated-genomeaftermiRNA-uniquemethod.bam -L analysis/74682/74682-deduplicate-genomeaftermiRNA-uniquemethod.log
2022-09-04 13:16:53,851 INFO Parsed 1000000 input reads
2022-09-04 13:16:59,021 INFO Parsed 2000000 input reads
2022-09-04 13:17:01,310 INFO Reads: Input Reads: 2412124
2022-09-04 13:17:01,310 INFO Number of reads out: 91366
2022-09-04 13:17:01,310 INFO Total number of positions deduplicated: 2901
2022-09-04 13:17:01,310 INFO Mean number of unique UMIs per position: 31.49
2022-09-04 13:17:01,310 INFO Max. number of unique UMIs per position: 37661
# job finished in 13 seconds at Sun Sep  4 13:17:01 2022 -- 14.84  0.16  0.00  0.00 -- 39fadff3-8e73-4c72-a530-333121188dfb
# UMI-tools version: 1.1.2
# output generated by dedup --method=unique -I analysis/74682/74682-genomeaftermiRNA-aligned-bowtie1-beststratam1.bam -S analysis/74682/74682_deduplicated-genomeaftermiRNA-uniquemethod.bam -L analysis/74682/74682-deduplicate-genomeaftermiRNA-uniquemethod.log
# job started at Mon Sep  5 18:12:49 2022 on MacBook-Air-di-Federico.local -- b0b24e82-4abc-4664-a142-a0fabb55bf2c
# pid: 13620, system: Darwin 21.5.0 Darwin Kernel Version 21.5.0: Tue Apr 26 21:08:29 PDT 2022; root:xnu-8020.121.3~4/RELEASE_ARM64_T8101 x86_64
# assigned_tag                            : None
# cell_tag                                : None
# cell_tag_delim                          : None
# cell_tag_split                          : -
# chimeric_pairs                          : use
# chrom                                   : None
# compresslevel                           : 6
# detection_method                        : None
# filter_umi                              : None
# gene_tag                                : None
# gene_transcript_map                     : None
# get_umi_method                          : read_id
# ignore_tlen                             : False
# ignore_umi                              : False
# in_sam                                  : False
# log2stderr                              : False
# loglevel                                : 1
# mapping_quality                         : 0
# method                                  : unique
# no_sort_output                          : False
# out_sam                                 : False
# output_unmapped                         : False
# paired                                  : False
# per_cell                                : False
# per_contig                              : False
# per_gene                                : False
# random_seed                             : None
# read_length                             : False
# short_help                              : None
# skip_regex                              : ^(__|Unassigned)
# soft_clip_threshold                     : 4
# spliced                                 : False
# stats                                   : False
# stderr                                  : <_io.TextIOWrapper name='<stderr>' mode='w' encoding='utf-8'>
# stdin                                   : <_io.TextIOWrapper name='analysis/74682/74682-genomeaftermiRNA-aligned-bowtie1-beststratam1.bam' mode='r' encoding='UTF-8'>
# stdlog                                  : <_io.TextIOWrapper name='analysis/74682/74682-deduplicate-genomeaftermiRNA-uniquemethod.log' mode='a' encoding='UTF-8'>
# stdout                                  : <_io.TextIOWrapper name='analysis/74682/74682_deduplicated-genomeaftermiRNA-uniquemethod.bam' mode='w' encoding='UTF-8'>
# subset                                  : None
# threshold                               : 1
# timeit_file                             : None
# timeit_header                           : None
# timeit_name                             : all
# tmpdir                                  : None
# umi_sep                                 : _
# umi_tag                                 : RX
# umi_tag_delim                           : None
# umi_tag_split                           : None
# umi_whitelist                           : None
# umi_whitelist_paired                    : None
# unmapped_reads                          : discard
# unpaired_reads                          : use
# whole_contig                            : False
2022-09-05 18:12:49,375 INFO command: dedup --method=unique -I analysis/74682/74682-genomeaftermiRNA-aligned-bowtie1-beststratam1.bam -S analysis/74682/74682_deduplicated-genomeaftermiRNA-uniquemethod.bam -L analysis/74682/74682-deduplicate-genomeaftermiRNA-uniquemethod.log
2022-09-05 18:12:52,777 INFO Reads: Input Reads: 544778
2022-09-05 18:12:52,777 INFO Number of reads out: 43904
2022-09-05 18:12:52,777 INFO Total number of positions deduplicated: 2851
2022-09-05 18:12:52,777 INFO Mean number of unique UMIs per position: 15.40
2022-09-05 18:12:52,777 INFO Max. number of unique UMIs per position: 13141
# job finished in 3 seconds at Mon Sep  5 18:12:52 2022 --  4.27  0.15  0.00  0.00 -- b0b24e82-4abc-4664-a142-a0fabb55bf2c
