# UMI-tools version: 1.1.2
# output generated by extract --stdin=Fastq-files/70461.fastq.gz --log=analysis/70461/70461-UMIextraction-fromrawreads.log --stdout=analysis/70461/70461-directUMIextracted.fastq --extract-method=regex --bc-pattern=.+(?P<discard_1>AACTGTAGGCACCATCAAT){s<=2}(?P<umi_1>.{12})(?P<discard_2>.+)
# job started at Sun Sep  4 01:22:44 2022 on MacBook-Air-di-Federico.local -- c0aea2ef-10a8-4657-84ff-92dca99b42ea
# pid: 141, system: Darwin 21.5.0 Darwin Kernel Version 21.5.0: Tue Apr 26 21:08:29 PDT 2022; root:xnu-8020.121.3~4/RELEASE_ARM64_T8101 x86_64
# blacklist                               : None
# compresslevel                           : 6
# correct_umi_threshold                   : 0
# either_read                             : False
# either_read_resolve                     : discard
# error_correct_cell                      : False
# extract_method                          : regex
# filter_cell_barcode                     : None
# filter_cell_barcodes                    : False
# filter_umi                              : None
# filtered_out                            : None
# filtered_out2                           : None
# ignore_suffix                           : False
# log2stderr                              : False
# loglevel                                : 1
# pattern                                 : .+(?P<discard_1>AACTGTAGGCACCATCAAT){s<=2}(?P<umi_1>.{12})(?P<discard_2>.+)
# pattern2                                : None
# prime3                                  : None
# quality_encoding                        : None
# quality_filter_mask                     : None
# quality_filter_threshold                : None
# random_seed                             : None
# read2_in                                : None
# read2_out                               : False
# read2_stdout                            : False
# reads_subset                            : None
# reconcile                               : False
# retain_umi                              : None
# short_help                              : None
# stderr                                  : <_io.TextIOWrapper name='<stderr>' mode='w' encoding='utf-8'>
# stdin                                   : <_io.TextIOWrapper name='Fastq-files/70461.fastq.gz' encoding='ascii'>
# stdlog                                  : <_io.TextIOWrapper name='analysis/70461/70461-UMIextraction-fromrawreads.log' mode='a' encoding='UTF-8'>
# stdout                                  : <_io.TextIOWrapper name='analysis/70461/70461-directUMIextracted.fastq' mode='w' encoding='UTF-8'>
# timeit_file                             : None
# timeit_header                           : None
# timeit_name                             : all
# tmpdir                                  : None
# umi_correct_log                         : None
# umi_whitelist                           : None
# umi_whitelist_paired                    : None
# whitelist                               : None
2022-09-04 01:22:44,769 INFO Starting barcode extraction
2022-09-04 01:22:49,561 INFO Parsed 100000 reads
2022-09-04 01:22:54,356 INFO Parsed 200000 reads
2022-09-04 01:22:59,143 INFO Parsed 300000 reads
2022-09-04 01:23:03,937 INFO Parsed 400000 reads
2022-09-04 01:23:08,723 INFO Parsed 500000 reads
2022-09-04 01:23:13,508 INFO Parsed 600000 reads
2022-09-04 01:23:18,300 INFO Parsed 700000 reads
2022-09-04 01:23:23,098 INFO Parsed 800000 reads
2022-09-04 01:23:27,884 INFO Parsed 900000 reads
2022-09-04 01:23:32,690 INFO Parsed 1000000 reads
2022-09-04 01:23:37,477 INFO Parsed 1100000 reads
2022-09-04 01:23:42,262 INFO Parsed 1200000 reads
2022-09-04 01:23:47,048 INFO Parsed 1300000 reads
2022-09-04 01:23:51,837 INFO Parsed 1400000 reads
2022-09-04 01:23:56,623 INFO Parsed 1500000 reads
2022-09-04 01:24:01,430 INFO Parsed 1600000 reads
2022-09-04 01:24:06,217 INFO Parsed 1700000 reads
2022-09-04 01:24:11,003 INFO Parsed 1800000 reads
2022-09-04 01:24:15,829 INFO Parsed 1900000 reads
2022-09-04 01:24:20,615 INFO Parsed 2000000 reads
2022-09-04 01:24:25,400 INFO Parsed 2100000 reads
2022-09-04 01:24:30,195 INFO Parsed 2200000 reads
2022-09-04 01:24:34,994 INFO Parsed 2300000 reads
2022-09-04 01:24:39,789 INFO Parsed 2400000 reads
2022-09-04 01:24:44,813 INFO Parsed 2500000 reads
2022-09-04 01:24:49,624 INFO Parsed 2600000 reads
2022-09-04 01:24:54,465 INFO Parsed 2700000 reads
2022-09-04 01:24:59,293 INFO Parsed 2800000 reads
2022-09-04 01:25:04,127 INFO Parsed 2900000 reads
2022-09-04 01:25:08,946 INFO Parsed 3000000 reads
2022-09-04 01:25:13,763 INFO Parsed 3100000 reads
2022-09-04 01:25:18,580 INFO Parsed 3200000 reads
2022-09-04 01:25:23,392 INFO Parsed 3300000 reads
2022-09-04 01:25:28,217 INFO Parsed 3400000 reads
2022-09-04 01:25:33,034 INFO Parsed 3500000 reads
2022-09-04 01:25:37,849 INFO Parsed 3600000 reads
2022-09-04 01:25:42,661 INFO Parsed 3700000 reads
2022-09-04 01:25:47,475 INFO Parsed 3800000 reads
2022-09-04 01:25:52,294 INFO Parsed 3900000 reads
2022-09-04 01:25:57,108 INFO Parsed 4000000 reads
2022-09-04 01:26:01,941 INFO Parsed 4100000 reads
2022-09-04 01:26:06,751 INFO Parsed 4200000 reads
2022-09-04 01:26:11,557 INFO Parsed 4300000 reads
2022-09-04 01:26:16,383 INFO Parsed 4400000 reads
2022-09-04 01:26:21,198 INFO Parsed 4500000 reads
2022-09-04 01:26:26,027 INFO Parsed 4600000 reads
2022-09-04 01:26:30,844 INFO Parsed 4700000 reads
2022-09-04 01:26:35,658 INFO Parsed 4800000 reads
2022-09-04 01:26:40,472 INFO Parsed 4900000 reads
2022-09-04 01:26:45,286 INFO Parsed 5000000 reads
2022-09-04 01:26:50,099 INFO Parsed 5100000 reads
2022-09-04 01:26:54,918 INFO Parsed 5200000 reads
2022-09-04 01:26:59,717 INFO Parsed 5300000 reads
2022-09-04 01:27:04,513 INFO Parsed 5400000 reads
2022-09-04 01:27:09,318 INFO Parsed 5500000 reads
2022-09-04 01:27:14,129 INFO Parsed 5600000 reads
2022-09-04 01:27:18,924 INFO Parsed 5700000 reads
2022-09-04 01:27:23,723 INFO Parsed 5800000 reads
2022-09-04 01:27:28,524 INFO Parsed 5900000 reads
2022-09-04 01:27:33,338 INFO Parsed 6000000 reads
2022-09-04 01:27:38,133 INFO Parsed 6100000 reads
2022-09-04 01:27:42,930 INFO Parsed 6200000 reads
2022-09-04 01:27:47,741 INFO Parsed 6300000 reads
2022-09-04 01:27:52,541 INFO Parsed 6400000 reads
2022-09-04 01:27:57,340 INFO Parsed 6500000 reads
2022-09-04 01:28:02,152 INFO Parsed 6600000 reads
2022-09-04 01:28:06,950 INFO Parsed 6700000 reads
2022-09-04 01:28:11,740 INFO Parsed 6800000 reads
2022-09-04 01:28:16,574 INFO Parsed 6900000 reads
2022-09-04 01:28:21,335 INFO Parsed 7000000 reads
2022-09-04 01:28:25,390 INFO Parsed 7100000 reads
2022-09-04 01:28:28,327 INFO Parsed 7200000 reads
2022-09-04 01:28:31,265 INFO Parsed 7300000 reads
2022-09-04 01:28:34,202 INFO Parsed 7400000 reads
2022-09-04 01:28:37,139 INFO Parsed 7500000 reads
2022-09-04 01:28:40,075 INFO Parsed 7600000 reads
2022-09-04 01:28:43,011 INFO Parsed 7700000 reads
2022-09-04 01:28:45,945 INFO Parsed 7800000 reads
2022-09-04 01:28:48,881 INFO Parsed 7900000 reads
2022-09-04 01:28:51,822 INFO Parsed 8000000 reads
2022-09-04 01:28:54,763 INFO Parsed 8100000 reads
2022-09-04 01:28:57,699 INFO Parsed 8200000 reads
2022-09-04 01:29:00,632 INFO Parsed 8300000 reads
2022-09-04 01:29:03,739 INFO Parsed 8400000 reads
2022-09-04 01:29:06,664 INFO Parsed 8500000 reads
2022-09-04 01:29:09,601 INFO Parsed 8600000 reads
2022-09-04 01:29:12,540 INFO Parsed 8700000 reads
2022-09-04 01:29:15,494 INFO Parsed 8800000 reads
2022-09-04 01:29:18,432 INFO Parsed 8900000 reads
2022-09-04 01:29:21,399 INFO Parsed 9000000 reads
2022-09-04 01:29:24,341 INFO Parsed 9100000 reads
2022-09-04 01:29:27,299 INFO Parsed 9200000 reads
2022-09-04 01:29:30,232 INFO Parsed 9300000 reads
2022-09-04 01:29:33,169 INFO Parsed 9400000 reads
2022-09-04 01:29:36,104 INFO Parsed 9500000 reads
2022-09-04 01:29:39,043 INFO Parsed 9600000 reads
2022-09-04 01:29:41,981 INFO Parsed 9700000 reads
2022-09-04 01:29:44,916 INFO Parsed 9800000 reads
2022-09-04 01:29:47,851 INFO Parsed 9900000 reads
2022-09-04 01:29:50,790 INFO Parsed 10000000 reads
2022-09-04 01:29:53,730 INFO Parsed 10100000 reads
2022-09-04 01:29:56,130 INFO Input Reads: 10181767
2022-09-04 01:29:56,130 INFO regex matches read1: 9796733
2022-09-04 01:29:56,130 INFO Reads output: 9796733
2022-09-04 01:29:56,130 INFO regex does not match read1: 385034
# job finished in 431 seconds at Sun Sep  4 01:29:56 2022 -- 428.65  3.04  0.00  0.00 -- c0aea2ef-10a8-4657-84ff-92dca99b42ea
