# UMI-tools version: 1.1.2
# output generated by dedup --method=unique -I analysis/70461/70461-maturemiRNA-aligned-bowtie1-beststratam1.bam -S analysis/70461/70461_deduplicated-matureMirna-uniquemethod-beststratam1.bam -L analysis/70461/70461-deduplicate-matureMirna-uniquemethod-beststratam1.log
# job started at Sun Sep  4 01:30:25 2022 on MacBook-Air-di-Federico.local -- 38a530a1-a60e-4c85-9b30-b93fa1d535de
# pid: 179, system: Darwin 21.5.0 Darwin Kernel Version 21.5.0: Tue Apr 26 21:08:29 PDT 2022; root:xnu-8020.121.3~4/RELEASE_ARM64_T8101 x86_64
# assigned_tag                            : None
# cell_tag                                : None
# cell_tag_delim                          : None
# cell_tag_split                          : -
# chimeric_pairs                          : use
# chrom                                   : None
# compresslevel                           : 6
# detection_method                        : None
# filter_umi                              : None
# gene_tag                                : None
# gene_transcript_map                     : None
# get_umi_method                          : read_id
# ignore_tlen                             : False
# ignore_umi                              : False
# in_sam                                  : False
# log2stderr                              : False
# loglevel                                : 1
# mapping_quality                         : 0
# method                                  : unique
# no_sort_output                          : False
# out_sam                                 : False
# output_unmapped                         : False
# paired                                  : False
# per_cell                                : False
# per_contig                              : False
# per_gene                                : False
# random_seed                             : None
# read_length                             : False
# short_help                              : None
# skip_regex                              : ^(__|Unassigned)
# soft_clip_threshold                     : 4
# spliced                                 : False
# stats                                   : False
# stderr                                  : <_io.TextIOWrapper name='<stderr>' mode='w' encoding='utf-8'>
# stdin                                   : <_io.TextIOWrapper name='analysis/70461/70461-maturemiRNA-aligned-bowtie1-beststratam1.bam' mode='r' encoding='UTF-8'>
# stdlog                                  : <_io.TextIOWrapper name='analysis/70461/70461-deduplicate-matureMirna-uniquemethod-beststratam1.log' mode='a' encoding='UTF-8'>
# stdout                                  : <_io.TextIOWrapper name='analysis/70461/70461_deduplicated-matureMirna-uniquemethod-beststratam1.bam' mode='w' encoding='UTF-8'>
# subset                                  : None
# threshold                               : 1
# timeit_file                             : None
# timeit_header                           : None
# timeit_name                             : all
# tmpdir                                  : None
# umi_sep                                 : _
# umi_tag                                 : RX
# umi_tag_delim                           : None
# umi_tag_split                           : None
# umi_whitelist                           : None
# umi_whitelist_paired                    : None
# unmapped_reads                          : discard
# unpaired_reads                          : use
# whole_contig                            : False
2022-09-04 01:30:25,540 INFO command: dedup --method=unique -I analysis/70461/70461-maturemiRNA-aligned-bowtie1-beststratam1.bam -S analysis/70461/70461_deduplicated-matureMirna-uniquemethod-beststratam1.bam -L analysis/70461/70461-deduplicate-matureMirna-uniquemethod-beststratam1.log
2022-09-04 01:30:25,575 INFO Reads: Input Reads: 4341
2022-09-04 01:30:25,575 INFO Number of reads out: 190
2022-09-04 01:30:25,575 INFO Total number of positions deduplicated: 2
2022-09-04 01:30:25,575 INFO Mean number of unique UMIs per position: 95.00
2022-09-04 01:30:25,576 INFO Max. number of unique UMIs per position: 189
# job finished in 0 seconds at Sun Sep  4 01:30:25 2022 --  0.97  0.11  0.00  0.00 -- 38a530a1-a60e-4c85-9b30-b93fa1d535de
# UMI-tools version: 1.1.2
# output generated by dedup --method=unique -I analysis/70461/70461-maturemiRNA-aligned-bowtie1-beststratam1.bam -S analysis/70461/70461_deduplicated-matureMirna-uniquemethod-beststratam1.bam -L analysis/70461/70461-deduplicate-matureMirna-uniquemethod-beststratam1.log
# job started at Mon Sep  5 17:52:00 2022 on MacBook-Air-di-Federico.local -- a882bd3c-6f8a-4755-8448-6188f2e2870d
# pid: 12647, system: Darwin 21.5.0 Darwin Kernel Version 21.5.0: Tue Apr 26 21:08:29 PDT 2022; root:xnu-8020.121.3~4/RELEASE_ARM64_T8101 x86_64
# assigned_tag                            : None
# cell_tag                                : None
# cell_tag_delim                          : None
# cell_tag_split                          : -
# chimeric_pairs                          : use
# chrom                                   : None
# compresslevel                           : 6
# detection_method                        : None
# filter_umi                              : None
# gene_tag                                : None
# gene_transcript_map                     : None
# get_umi_method                          : read_id
# ignore_tlen                             : False
# ignore_umi                              : False
# in_sam                                  : False
# log2stderr                              : False
# loglevel                                : 1
# mapping_quality                         : 0
# method                                  : unique
# no_sort_output                          : False
# out_sam                                 : False
# output_unmapped                         : False
# paired                                  : False
# per_cell                                : False
# per_contig                              : False
# per_gene                                : False
# random_seed                             : None
# read_length                             : False
# short_help                              : None
# skip_regex                              : ^(__|Unassigned)
# soft_clip_threshold                     : 4
# spliced                                 : False
# stats                                   : False
# stderr                                  : <_io.TextIOWrapper name='<stderr>' mode='w' encoding='utf-8'>
# stdin                                   : <_io.TextIOWrapper name='analysis/70461/70461-maturemiRNA-aligned-bowtie1-beststratam1.bam' mode='r' encoding='UTF-8'>
# stdlog                                  : <_io.TextIOWrapper name='analysis/70461/70461-deduplicate-matureMirna-uniquemethod-beststratam1.log' mode='a' encoding='UTF-8'>
# stdout                                  : <_io.TextIOWrapper name='analysis/70461/70461_deduplicated-matureMirna-uniquemethod-beststratam1.bam' mode='w' encoding='UTF-8'>
# subset                                  : None
# threshold                               : 1
# timeit_file                             : None
# timeit_header                           : None
# timeit_name                             : all
# tmpdir                                  : None
# umi_sep                                 : _
# umi_tag                                 : RX
# umi_tag_delim                           : None
# umi_tag_split                           : None
# umi_whitelist                           : None
# umi_whitelist_paired                    : None
# unmapped_reads                          : discard
# unpaired_reads                          : use
# whole_contig                            : False
2022-09-05 17:52:00,551 INFO command: dedup --method=unique -I analysis/70461/70461-maturemiRNA-aligned-bowtie1-beststratam1.bam -S analysis/70461/70461_deduplicated-matureMirna-uniquemethod-beststratam1.bam -L analysis/70461/70461-deduplicate-matureMirna-uniquemethod-beststratam1.log
2022-09-05 17:52:07,013 INFO Parsed 1000000 input reads
2022-09-05 17:52:07,234 INFO Reads: Input Reads: 1137480
2022-09-05 17:52:07,234 INFO Number of reads out: 46354
2022-09-05 17:52:07,234 INFO Total number of positions deduplicated: 297
2022-09-05 17:52:07,234 INFO Mean number of unique UMIs per position: 156.07
2022-09-05 17:52:07,234 INFO Max. number of unique UMIs per position: 9235
# job finished in 6 seconds at Mon Sep  5 17:52:07 2022 --  7.58  0.15  0.00  0.00 -- a882bd3c-6f8a-4755-8448-6188f2e2870d
