# UMI-tools version: 1.1.2
# output generated by dedup --method=unique -I analysis/74684/74684-maturemiRNA-aligned-bowtie1-beststratam1.bam -S analysis/74684/74684_deduplicated-matureMirna-uniquemethod-beststratam1.bam -L analysis/74684/74684-deduplicate-matureMirna-uniquemethod-beststratam1.log
# job started at Sun Sep  4 13:27:11 2022 on MacBook-Air-di-Federico.local -- a0706d54-41ca-4cfe-a2a3-043f5fbf7fcc
# pid: 3467, system: Darwin 21.5.0 Darwin Kernel Version 21.5.0: Tue Apr 26 21:08:29 PDT 2022; root:xnu-8020.121.3~4/RELEASE_ARM64_T8101 x86_64
# assigned_tag                            : None
# cell_tag                                : None
# cell_tag_delim                          : None
# cell_tag_split                          : -
# chimeric_pairs                          : use
# chrom                                   : None
# compresslevel                           : 6
# detection_method                        : None
# filter_umi                              : None
# gene_tag                                : None
# gene_transcript_map                     : None
# get_umi_method                          : read_id
# ignore_tlen                             : False
# ignore_umi                              : False
# in_sam                                  : False
# log2stderr                              : False
# loglevel                                : 1
# mapping_quality                         : 0
# method                                  : unique
# no_sort_output                          : False
# out_sam                                 : False
# output_unmapped                         : False
# paired                                  : False
# per_cell                                : False
# per_contig                              : False
# per_gene                                : False
# random_seed                             : None
# read_length                             : False
# short_help                              : None
# skip_regex                              : ^(__|Unassigned)
# soft_clip_threshold                     : 4
# spliced                                 : False
# stats                                   : False
# stderr                                  : <_io.TextIOWrapper name='<stderr>' mode='w' encoding='utf-8'>
# stdin                                   : <_io.TextIOWrapper name='analysis/74684/74684-maturemiRNA-aligned-bowtie1-beststratam1.bam' mode='r' encoding='UTF-8'>
# stdlog                                  : <_io.TextIOWrapper name='analysis/74684/74684-deduplicate-matureMirna-uniquemethod-beststratam1.log' mode='a' encoding='UTF-8'>
# stdout                                  : <_io.TextIOWrapper name='analysis/74684/74684_deduplicated-matureMirna-uniquemethod-beststratam1.bam' mode='w' encoding='UTF-8'>
# subset                                  : None
# threshold                               : 1
# timeit_file                             : None
# timeit_header                           : None
# timeit_name                             : all
# tmpdir                                  : None
# umi_sep                                 : _
# umi_tag                                 : RX
# umi_tag_delim                           : None
# umi_tag_split                           : None
# umi_whitelist                           : None
# umi_whitelist_paired                    : None
# unmapped_reads                          : discard
# unpaired_reads                          : use
# whole_contig                            : False
2022-09-04 13:27:11,843 INFO command: dedup --method=unique -I analysis/74684/74684-maturemiRNA-aligned-bowtie1-beststratam1.bam -S analysis/74684/74684_deduplicated-matureMirna-uniquemethod-beststratam1.bam -L analysis/74684/74684-deduplicate-matureMirna-uniquemethod-beststratam1.log
2022-09-04 13:27:11,862 INFO Reads: Input Reads: 1531
2022-09-04 13:27:11,862 INFO Number of reads out: 201
2022-09-04 13:27:11,862 INFO Total number of positions deduplicated: 4
2022-09-04 13:27:11,862 INFO Mean number of unique UMIs per position: 50.25
2022-09-04 13:27:11,862 INFO Max. number of unique UMIs per position: 196
# job finished in 0 seconds at Sun Sep  4 13:27:11 2022 --  0.95  0.10  0.00  0.00 -- a0706d54-41ca-4cfe-a2a3-043f5fbf7fcc
# UMI-tools version: 1.1.2
# output generated by dedup --method=unique -I analysis/74684/74684-maturemiRNA-aligned-bowtie1-beststratam1.bam -S analysis/74684/74684_deduplicated-matureMirna-uniquemethod-beststratam1.bam -L analysis/74684/74684-deduplicate-matureMirna-uniquemethod-beststratam1.log
# job started at Sun Sep  4 20:29:58 2022 on MacBook-Air-di-Federico.local -- 9353f719-a239-494e-ba39-a1147446450b
# pid: 72507, system: Darwin 21.5.0 Darwin Kernel Version 21.5.0: Tue Apr 26 21:08:29 PDT 2022; root:xnu-8020.121.3~4/RELEASE_ARM64_T8101 x86_64
# assigned_tag                            : None
# cell_tag                                : None
# cell_tag_delim                          : None
# cell_tag_split                          : -
# chimeric_pairs                          : use
# chrom                                   : None
# compresslevel                           : 6
# detection_method                        : None
# filter_umi                              : None
# gene_tag                                : None
# gene_transcript_map                     : None
# get_umi_method                          : read_id
# ignore_tlen                             : False
# ignore_umi                              : False
# in_sam                                  : False
# log2stderr                              : False
# loglevel                                : 1
# mapping_quality                         : 0
# method                                  : unique
# no_sort_output                          : False
# out_sam                                 : False
# output_unmapped                         : False
# paired                                  : False
# per_cell                                : False
# per_contig                              : False
# per_gene                                : False
# random_seed                             : None
# read_length                             : False
# short_help                              : None
# skip_regex                              : ^(__|Unassigned)
# soft_clip_threshold                     : 4
# spliced                                 : False
# stats                                   : False
# stderr                                  : <_io.TextIOWrapper name='<stderr>' mode='w' encoding='utf-8'>
# stdin                                   : <_io.TextIOWrapper name='analysis/74684/74684-maturemiRNA-aligned-bowtie1-beststratam1.bam' mode='r' encoding='UTF-8'>
# stdlog                                  : <_io.TextIOWrapper name='analysis/74684/74684-deduplicate-matureMirna-uniquemethod-beststratam1.log' mode='a' encoding='UTF-8'>
# stdout                                  : <_io.TextIOWrapper name='analysis/74684/74684_deduplicated-matureMirna-uniquemethod-beststratam1.bam' mode='w' encoding='UTF-8'>
# subset                                  : None
# threshold                               : 1
# timeit_file                             : None
# timeit_header                           : None
# timeit_name                             : all
# tmpdir                                  : None
# umi_sep                                 : _
# umi_tag                                 : RX
# umi_tag_delim                           : None
# umi_tag_split                           : None
# umi_whitelist                           : None
# umi_whitelist_paired                    : None
# unmapped_reads                          : discard
# unpaired_reads                          : use
# whole_contig                            : False
2022-09-04 20:29:58,253 INFO command: dedup --method=unique -I analysis/74684/74684-maturemiRNA-aligned-bowtie1-beststratam1.bam -S analysis/74684/74684_deduplicated-matureMirna-uniquemethod-beststratam1.bam -L analysis/74684/74684-deduplicate-matureMirna-uniquemethod-beststratam1.log
2022-09-04 20:29:59,110 INFO Reads: Input Reads: 86973
2022-09-04 20:29:59,110 INFO Number of reads out: 12301
2022-09-04 20:29:59,110 INFO Total number of positions deduplicated: 269
2022-09-04 20:29:59,110 INFO Mean number of unique UMIs per position: 45.73
2022-09-04 20:29:59,110 INFO Max. number of unique UMIs per position: 1928
# job finished in 0 seconds at Sun Sep  4 20:29:59 2022 --  2.23  0.17  0.00  0.00 -- 9353f719-a239-494e-ba39-a1147446450b
