# UMI-tools version: 1.1.2
# output generated by extract --stdin=Fastq-files/74684.fastq.gz --log=analysis/74684/74684-UMIextraction-fromrawreads.log --stdout=analysis/74684/74684-directUMIextracted.fastq --extract-method=regex --bc-pattern=.+(?P<discard_1>AACTGTAGGCACCATCAAT){s<=2}(?P<umi_1>.{12})(?P<discard_2>.+)
# job started at Sun Sep  4 13:22:40 2022 on MacBook-Air-di-Federico.local -- 15606666-13d9-432f-8713-9efd2e34e81b
# pid: 3390, system: Darwin 21.5.0 Darwin Kernel Version 21.5.0: Tue Apr 26 21:08:29 PDT 2022; root:xnu-8020.121.3~4/RELEASE_ARM64_T8101 x86_64
# blacklist                               : None
# compresslevel                           : 6
# correct_umi_threshold                   : 0
# either_read                             : False
# either_read_resolve                     : discard
# error_correct_cell                      : False
# extract_method                          : regex
# filter_cell_barcode                     : None
# filter_cell_barcodes                    : False
# filter_umi                              : None
# filtered_out                            : None
# filtered_out2                           : None
# ignore_suffix                           : False
# log2stderr                              : False
# loglevel                                : 1
# pattern                                 : .+(?P<discard_1>AACTGTAGGCACCATCAAT){s<=2}(?P<umi_1>.{12})(?P<discard_2>.+)
# pattern2                                : None
# prime3                                  : None
# quality_encoding                        : None
# quality_filter_mask                     : None
# quality_filter_threshold                : None
# random_seed                             : None
# read2_in                                : None
# read2_out                               : False
# read2_stdout                            : False
# reads_subset                            : None
# reconcile                               : False
# retain_umi                              : None
# short_help                              : None
# stderr                                  : <_io.TextIOWrapper name='<stderr>' mode='w' encoding='utf-8'>
# stdin                                   : <_io.TextIOWrapper name='Fastq-files/74684.fastq.gz' encoding='ascii'>
# stdlog                                  : <_io.TextIOWrapper name='analysis/74684/74684-UMIextraction-fromrawreads.log' mode='a' encoding='UTF-8'>
# stdout                                  : <_io.TextIOWrapper name='analysis/74684/74684-directUMIextracted.fastq' mode='w' encoding='UTF-8'>
# timeit_file                             : None
# timeit_header                           : None
# timeit_name                             : all
# tmpdir                                  : None
# umi_correct_log                         : None
# umi_whitelist                           : None
# umi_whitelist_paired                    : None
# whitelist                               : None
2022-09-04 13:22:40,335 INFO Starting barcode extraction
2022-09-04 13:22:43,216 INFO Parsed 100000 reads
2022-09-04 13:22:46,168 INFO Parsed 200000 reads
2022-09-04 13:22:49,067 INFO Parsed 300000 reads
2022-09-04 13:22:51,957 INFO Parsed 400000 reads
2022-09-04 13:22:54,843 INFO Parsed 500000 reads
2022-09-04 13:22:57,804 INFO Parsed 600000 reads
2022-09-04 13:23:00,742 INFO Parsed 700000 reads
2022-09-04 13:23:03,650 INFO Parsed 800000 reads
2022-09-04 13:23:06,561 INFO Parsed 900000 reads
2022-09-04 13:23:09,460 INFO Parsed 1000000 reads
2022-09-04 13:23:12,360 INFO Parsed 1100000 reads
2022-09-04 13:23:15,240 INFO Parsed 1200000 reads
2022-09-04 13:23:18,160 INFO Parsed 1300000 reads
2022-09-04 13:23:21,063 INFO Parsed 1400000 reads
2022-09-04 13:23:23,981 INFO Parsed 1500000 reads
2022-09-04 13:23:26,868 INFO Parsed 1600000 reads
2022-09-04 13:23:29,861 INFO Parsed 1700000 reads
2022-09-04 13:23:32,757 INFO Parsed 1800000 reads
2022-09-04 13:23:35,651 INFO Parsed 1900000 reads
2022-09-04 13:23:38,550 INFO Parsed 2000000 reads
2022-09-04 13:23:41,446 INFO Parsed 2100000 reads
2022-09-04 13:23:44,359 INFO Parsed 2200000 reads
2022-09-04 13:23:47,254 INFO Parsed 2300000 reads
2022-09-04 13:23:50,151 INFO Parsed 2400000 reads
2022-09-04 13:23:53,066 INFO Parsed 2500000 reads
2022-09-04 13:23:55,984 INFO Parsed 2600000 reads
2022-09-04 13:23:58,992 INFO Parsed 2700000 reads
2022-09-04 13:24:01,884 INFO Parsed 2800000 reads
2022-09-04 13:24:04,783 INFO Parsed 2900000 reads
2022-09-04 13:24:07,701 INFO Parsed 3000000 reads
2022-09-04 13:24:10,600 INFO Parsed 3100000 reads
2022-09-04 13:24:13,497 INFO Parsed 3200000 reads
2022-09-04 13:24:16,397 INFO Parsed 3300000 reads
2022-09-04 13:24:19,311 INFO Parsed 3400000 reads
2022-09-04 13:24:22,231 INFO Parsed 3500000 reads
2022-09-04 13:24:25,130 INFO Parsed 3600000 reads
2022-09-04 13:24:28,029 INFO Parsed 3700000 reads
2022-09-04 13:24:30,931 INFO Parsed 3800000 reads
2022-09-04 13:24:33,845 INFO Parsed 3900000 reads
2022-09-04 13:24:36,745 INFO Parsed 4000000 reads
2022-09-04 13:24:39,728 INFO Parsed 4100000 reads
2022-09-04 13:24:42,646 INFO Parsed 4200000 reads
2022-09-04 13:24:45,543 INFO Parsed 4300000 reads
2022-09-04 13:24:48,442 INFO Parsed 4400000 reads
2022-09-04 13:24:51,342 INFO Parsed 4500000 reads
2022-09-04 13:24:54,267 INFO Parsed 4600000 reads
2022-09-04 13:24:57,165 INFO Parsed 4700000 reads
2022-09-04 13:25:00,106 INFO Parsed 4800000 reads
2022-09-04 13:25:03,013 INFO Parsed 4900000 reads
2022-09-04 13:25:05,912 INFO Parsed 5000000 reads
2022-09-04 13:25:08,810 INFO Parsed 5100000 reads
2022-09-04 13:25:11,781 INFO Parsed 5200000 reads
2022-09-04 13:25:14,717 INFO Parsed 5300000 reads
2022-09-04 13:25:17,655 INFO Parsed 5400000 reads
2022-09-04 13:25:20,555 INFO Parsed 5500000 reads
2022-09-04 13:25:23,456 INFO Parsed 5600000 reads
2022-09-04 13:25:26,356 INFO Parsed 5700000 reads
2022-09-04 13:25:29,262 INFO Parsed 5800000 reads
2022-09-04 13:25:32,185 INFO Parsed 5900000 reads
2022-09-04 13:25:35,100 INFO Parsed 6000000 reads
2022-09-04 13:25:38,000 INFO Parsed 6100000 reads
2022-09-04 13:25:40,902 INFO Parsed 6200000 reads
2022-09-04 13:25:43,875 INFO Parsed 6300000 reads
2022-09-04 13:25:46,775 INFO Parsed 6400000 reads
2022-09-04 13:25:49,672 INFO Parsed 6500000 reads
2022-09-04 13:25:52,573 INFO Parsed 6600000 reads
2022-09-04 13:25:55,484 INFO Parsed 6700000 reads
2022-09-04 13:25:58,437 INFO Parsed 6800000 reads
2022-09-04 13:26:01,337 INFO Parsed 6900000 reads
2022-09-04 13:26:04,235 INFO Parsed 7000000 reads
2022-09-04 13:26:07,133 INFO Parsed 7100000 reads
2022-09-04 13:26:10,032 INFO Parsed 7200000 reads
2022-09-04 13:26:12,948 INFO Parsed 7300000 reads
2022-09-04 13:26:15,847 INFO Parsed 7400000 reads
2022-09-04 13:26:18,749 INFO Parsed 7500000 reads
2022-09-04 13:26:21,684 INFO Parsed 7600000 reads
2022-09-04 13:26:24,576 INFO Parsed 7700000 reads
2022-09-04 13:26:27,549 INFO Parsed 7800000 reads
2022-09-04 13:26:30,452 INFO Parsed 7900000 reads
2022-09-04 13:26:33,363 INFO Parsed 8000000 reads
2022-09-04 13:26:36,266 INFO Parsed 8100000 reads
2022-09-04 13:26:39,183 INFO Parsed 8200000 reads
2022-09-04 13:26:42,099 INFO Parsed 8300000 reads
2022-09-04 13:26:45,017 INFO Parsed 8400000 reads
2022-09-04 13:26:47,914 INFO Parsed 8500000 reads
2022-09-04 13:26:50,774 INFO Parsed 8600000 reads
2022-09-04 13:26:53,685 INFO Parsed 8700000 reads
2022-09-04 13:26:56,648 INFO Input Reads: 8798621
2022-09-04 13:26:56,648 INFO regex matches read1: 7891104
2022-09-04 13:26:56,648 INFO Reads output: 7891104
2022-09-04 13:26:56,648 INFO regex does not match read1: 907517
# job finished in 256 seconds at Sun Sep  4 13:26:56 2022 -- 254.90  1.04  0.00  0.00 -- 15606666-13d9-432f-8713-9efd2e34e81b
