# UMI-tools version: 1.1.2
# output generated by count --method=unique --per-contig -I analysis/74681/74681-maturemiRNA-aligned-bowtie1-beststratam1.bam -L analysis/74681/74681_counts-uniquemethod-maturemiRNA.log -S analysis/74681/74681_counts-finaloutput-uniquemethod-maturemiRNA.txt
# job started at Sun Sep  4 13:10:08 2022 on MacBook-Air-di-Federico.local -- bf91922f-d440-4213-9430-fa2861884a5f
# pid: 3072, system: Darwin 21.5.0 Darwin Kernel Version 21.5.0: Tue Apr 26 21:08:29 PDT 2022; root:xnu-8020.121.3~4/RELEASE_ARM64_T8101 x86_64
# assigned_tag                            : None
# cell_tag                                : None
# cell_tag_delim                          : None
# cell_tag_split                          : -
# chimeric_pairs                          : use
# chrom                                   : None
# compresslevel                           : 6
# filter_umi                              : None
# gene_tag                                : None
# gene_transcript_map                     : None
# get_umi_method                          : read_id
# ignore_tlen                             : False
# ignore_umi                              : False
# in_sam                                  : False
# log2stderr                              : False
# loglevel                                : 1
# mapping_quality                         : 0
# method                                  : unique
# no_sort_output                          : False
# out_sam                                 : False
# output_unmapped                         : False
# paired                                  : False
# per_cell                                : False
# per_contig                              : True
# per_gene                                : False
# random_seed                             : None
# read_length                             : False
# short_help                              : None
# skip_regex                              : ^(__|Unassigned)
# soft_clip_threshold                     : 4
# spliced                                 : False
# stderr                                  : <_io.TextIOWrapper name='<stderr>' mode='w' encoding='utf-8'>
# stdin                                   : <_io.TextIOWrapper name='analysis/74681/74681-maturemiRNA-aligned-bowtie1-beststratam1.bam' mode='r' encoding='UTF-8'>
# stdlog                                  : <_io.TextIOWrapper name='analysis/74681/74681_counts-uniquemethod-maturemiRNA.log' mode='a' encoding='UTF-8'>
# stdout                                  : <_io.TextIOWrapper name='analysis/74681/74681_counts-finaloutput-uniquemethod-maturemiRNA.txt' mode='w' encoding='UTF-8'>
# subset                                  : None
# threshold                               : 1
# timeit_file                             : None
# timeit_header                           : None
# timeit_name                             : all
# tmpdir                                  : None
# umi_sep                                 : _
# umi_tag                                 : RX
# umi_tag_delim                           : None
# umi_tag_split                           : None
# umi_whitelist                           : None
# umi_whitelist_paired                    : None
# unmapped_reads                          : discard
# unpaired_reads                          : use
# wide_format_cell_counts                 : False
2022-09-04 13:10:08,893 INFO command: count --method=unique --per-contig -I analysis/74681/74681-maturemiRNA-aligned-bowtie1-beststratam1.bam -L analysis/74681/74681_counts-uniquemethod-maturemiRNA.log -S analysis/74681/74681_counts-finaloutput-uniquemethod-maturemiRNA.txt
2022-09-04 13:10:08,909 INFO Input Reads: 478
2022-09-04 13:10:08,909 INFO Number of (post deduplication) reads counted: 44
# job finished in 0 seconds at Sun Sep  4 13:10:08 2022 --  0.84  0.11  0.00  0.00 -- bf91922f-d440-4213-9430-fa2861884a5f
# UMI-tools version: 1.1.2
# output generated by count --method=unique --per-contig -I analysis/74681/74681-maturemiRNA-aligned-bowtie1-beststratam1.bam -L analysis/74681/74681_counts-uniquemethod-maturemiRNA.log -S analysis/74681/74681_counts-finaloutput-uniquemethod-maturemiRNA.txt
# job started at Mon Sep  5 18:11:24 2022 on MacBook-Air-di-Federico.local -- 26ce044d-c235-4cb0-874e-8136e271c665
# pid: 13566, system: Darwin 21.5.0 Darwin Kernel Version 21.5.0: Tue Apr 26 21:08:29 PDT 2022; root:xnu-8020.121.3~4/RELEASE_ARM64_T8101 x86_64
# assigned_tag                            : None
# cell_tag                                : None
# cell_tag_delim                          : None
# cell_tag_split                          : -
# chimeric_pairs                          : use
# chrom                                   : None
# compresslevel                           : 6
# filter_umi                              : None
# gene_tag                                : None
# gene_transcript_map                     : None
# get_umi_method                          : read_id
# ignore_tlen                             : False
# ignore_umi                              : False
# in_sam                                  : False
# log2stderr                              : False
# loglevel                                : 1
# mapping_quality                         : 0
# method                                  : unique
# no_sort_output                          : False
# out_sam                                 : False
# output_unmapped                         : False
# paired                                  : False
# per_cell                                : False
# per_contig                              : True
# per_gene                                : False
# random_seed                             : None
# read_length                             : False
# short_help                              : None
# skip_regex                              : ^(__|Unassigned)
# soft_clip_threshold                     : 4
# spliced                                 : False
# stderr                                  : <_io.TextIOWrapper name='<stderr>' mode='w' encoding='utf-8'>
# stdin                                   : <_io.TextIOWrapper name='analysis/74681/74681-maturemiRNA-aligned-bowtie1-beststratam1.bam' mode='r' encoding='UTF-8'>
# stdlog                                  : <_io.TextIOWrapper name='analysis/74681/74681_counts-uniquemethod-maturemiRNA.log' mode='a' encoding='UTF-8'>
# stdout                                  : <_io.TextIOWrapper name='analysis/74681/74681_counts-finaloutput-uniquemethod-maturemiRNA.txt' mode='w' encoding='UTF-8'>
# subset                                  : None
# threshold                               : 1
# timeit_file                             : None
# timeit_header                           : None
# timeit_name                             : all
# tmpdir                                  : None
# umi_sep                                 : _
# umi_tag                                 : RX
# umi_tag_delim                           : None
# umi_tag_split                           : None
# umi_whitelist                           : None
# umi_whitelist_paired                    : None
# unmapped_reads                          : discard
# unpaired_reads                          : use
# wide_format_cell_counts                 : False
2022-09-05 18:11:24,832 INFO command: count --method=unique --per-contig -I analysis/74681/74681-maturemiRNA-aligned-bowtie1-beststratam1.bam -L analysis/74681/74681_counts-uniquemethod-maturemiRNA.log -S analysis/74681/74681_counts-finaloutput-uniquemethod-maturemiRNA.txt
2022-09-05 18:11:26,467 INFO Input Reads: 438160
2022-09-05 18:11:26,467 INFO Number of (post deduplication) reads counted: 43528
# job finished in 1 seconds at Mon Sep  5 18:11:26 2022 --  2.45  0.12  0.00  0.00 -- 26ce044d-c235-4cb0-874e-8136e271c665
