# UMI-tools version: 1.1.2
# output generated by extract --stdin=Fastq-files/74681.fastq.gz --log=analysis/74681/74681-UMIextraction-fromrawreads.log --stdout=analysis/74681/74681-directUMIextracted.fastq --extract-method=regex --bc-pattern=.+(?P<discard_1>AACTGTAGGCACCATCAAT){s<=2}(?P<umi_1>.{12})(?P<discard_2>.+)
# job started at Sun Sep  4 13:03:05 2022 on MacBook-Air-di-Federico.local -- f1589f49-045f-4b41-b138-20928830a25f
# pid: 3007, system: Darwin 21.5.0 Darwin Kernel Version 21.5.0: Tue Apr 26 21:08:29 PDT 2022; root:xnu-8020.121.3~4/RELEASE_ARM64_T8101 x86_64
# blacklist                               : None
# compresslevel                           : 6
# correct_umi_threshold                   : 0
# either_read                             : False
# either_read_resolve                     : discard
# error_correct_cell                      : False
# extract_method                          : regex
# filter_cell_barcode                     : None
# filter_cell_barcodes                    : False
# filter_umi                              : None
# filtered_out                            : None
# filtered_out2                           : None
# ignore_suffix                           : False
# log2stderr                              : False
# loglevel                                : 1
# pattern                                 : .+(?P<discard_1>AACTGTAGGCACCATCAAT){s<=2}(?P<umi_1>.{12})(?P<discard_2>.+)
# pattern2                                : None
# prime3                                  : None
# quality_encoding                        : None
# quality_filter_mask                     : None
# quality_filter_threshold                : None
# random_seed                             : None
# read2_in                                : None
# read2_out                               : False
# read2_stdout                            : False
# reads_subset                            : None
# reconcile                               : False
# retain_umi                              : None
# short_help                              : None
# stderr                                  : <_io.TextIOWrapper name='<stderr>' mode='w' encoding='utf-8'>
# stdin                                   : <_io.TextIOWrapper name='Fastq-files/74681.fastq.gz' encoding='ascii'>
# stdlog                                  : <_io.TextIOWrapper name='analysis/74681/74681-UMIextraction-fromrawreads.log' mode='a' encoding='UTF-8'>
# stdout                                  : <_io.TextIOWrapper name='analysis/74681/74681-directUMIextracted.fastq' mode='w' encoding='UTF-8'>
# timeit_file                             : None
# timeit_header                           : None
# timeit_name                             : all
# tmpdir                                  : None
# umi_correct_log                         : None
# umi_whitelist                           : None
# umi_whitelist_paired                    : None
# whitelist                               : None
2022-09-04 13:03:05,662 INFO Starting barcode extraction
2022-09-04 13:03:08,745 INFO Parsed 100000 reads
2022-09-04 13:03:11,737 INFO Parsed 200000 reads
2022-09-04 13:03:14,728 INFO Parsed 300000 reads
2022-09-04 13:03:17,776 INFO Parsed 400000 reads
2022-09-04 13:03:20,760 INFO Parsed 500000 reads
2022-09-04 13:03:23,792 INFO Parsed 600000 reads
2022-09-04 13:03:26,809 INFO Parsed 700000 reads
2022-09-04 13:03:29,777 INFO Parsed 800000 reads
2022-09-04 13:03:32,770 INFO Parsed 900000 reads
2022-09-04 13:03:35,742 INFO Parsed 1000000 reads
2022-09-04 13:03:38,708 INFO Parsed 1100000 reads
2022-09-04 13:03:41,701 INFO Parsed 1200000 reads
2022-09-04 13:03:44,767 INFO Parsed 1300000 reads
2022-09-04 13:03:47,827 INFO Parsed 1400000 reads
2022-09-04 13:03:50,805 INFO Parsed 1500000 reads
2022-09-04 13:03:53,793 INFO Parsed 1600000 reads
2022-09-04 13:03:56,777 INFO Parsed 1700000 reads
2022-09-04 13:03:59,801 INFO Parsed 1800000 reads
2022-09-04 13:04:02,849 INFO Parsed 1900000 reads
2022-09-04 13:04:05,951 INFO Parsed 2000000 reads
2022-09-04 13:04:08,926 INFO Parsed 2100000 reads
2022-09-04 13:04:11,960 INFO Parsed 2200000 reads
2022-09-04 13:04:14,975 INFO Parsed 2300000 reads
2022-09-04 13:04:17,947 INFO Parsed 2400000 reads
2022-09-04 13:04:20,952 INFO Parsed 2500000 reads
2022-09-04 13:04:23,950 INFO Parsed 2600000 reads
2022-09-04 13:04:26,930 INFO Parsed 2700000 reads
2022-09-04 13:04:29,973 INFO Parsed 2800000 reads
2022-09-04 13:04:32,951 INFO Parsed 2900000 reads
2022-09-04 13:04:35,956 INFO Parsed 3000000 reads
2022-09-04 13:04:39,111 INFO Parsed 3100000 reads
2022-09-04 13:04:42,106 INFO Parsed 3200000 reads
2022-09-04 13:04:45,145 INFO Parsed 3300000 reads
2022-09-04 13:04:48,381 INFO Parsed 3400000 reads
2022-09-04 13:04:51,409 INFO Parsed 3500000 reads
2022-09-04 13:04:54,429 INFO Parsed 3600000 reads
2022-09-04 13:04:57,455 INFO Parsed 3700000 reads
2022-09-04 13:05:00,647 INFO Parsed 3800000 reads
2022-09-04 13:05:03,765 INFO Parsed 3900000 reads
2022-09-04 13:05:06,844 INFO Parsed 4000000 reads
2022-09-04 13:05:09,855 INFO Parsed 4100000 reads
2022-09-04 13:05:12,874 INFO Parsed 4200000 reads
2022-09-04 13:05:15,906 INFO Parsed 4300000 reads
2022-09-04 13:05:19,042 INFO Parsed 4400000 reads
2022-09-04 13:05:22,099 INFO Parsed 4500000 reads
2022-09-04 13:05:25,092 INFO Parsed 4600000 reads
2022-09-04 13:05:28,114 INFO Parsed 4700000 reads
2022-09-04 13:05:31,109 INFO Parsed 4800000 reads
2022-09-04 13:05:34,103 INFO Parsed 4900000 reads
2022-09-04 13:05:37,396 INFO Parsed 5000000 reads
2022-09-04 13:05:40,457 INFO Parsed 5100000 reads
2022-09-04 13:05:43,429 INFO Parsed 5200000 reads
2022-09-04 13:05:46,494 INFO Parsed 5300000 reads
2022-09-04 13:05:49,464 INFO Parsed 5400000 reads
2022-09-04 13:05:52,479 INFO Parsed 5500000 reads
2022-09-04 13:05:55,470 INFO Parsed 5600000 reads
2022-09-04 13:05:58,453 INFO Parsed 5700000 reads
2022-09-04 13:06:01,461 INFO Parsed 5800000 reads
2022-09-04 13:06:04,554 INFO Parsed 5900000 reads
2022-09-04 13:06:07,572 INFO Parsed 6000000 reads
2022-09-04 13:06:10,570 INFO Parsed 6100000 reads
2022-09-04 13:06:13,562 INFO Parsed 6200000 reads
2022-09-04 13:06:16,601 INFO Parsed 6300000 reads
2022-09-04 13:06:19,589 INFO Parsed 6400000 reads
2022-09-04 13:06:22,625 INFO Parsed 6500000 reads
2022-09-04 13:06:25,704 INFO Parsed 6600000 reads
2022-09-04 13:06:28,783 INFO Parsed 6700000 reads
2022-09-04 13:06:31,981 INFO Parsed 6800000 reads
2022-09-04 13:06:34,998 INFO Parsed 6900000 reads
2022-09-04 13:06:37,990 INFO Parsed 7000000 reads
2022-09-04 13:06:40,994 INFO Parsed 7100000 reads
2022-09-04 13:06:44,018 INFO Parsed 7200000 reads
2022-09-04 13:06:47,206 INFO Parsed 7300000 reads
2022-09-04 13:06:50,296 INFO Parsed 7400000 reads
2022-09-04 13:06:53,449 INFO Parsed 7500000 reads
2022-09-04 13:06:56,454 INFO Parsed 7600000 reads
2022-09-04 13:06:59,573 INFO Parsed 7700000 reads
2022-09-04 13:07:02,581 INFO Parsed 7800000 reads
2022-09-04 13:07:05,568 INFO Parsed 7900000 reads
2022-09-04 13:07:08,555 INFO Parsed 8000000 reads
2022-09-04 13:07:11,536 INFO Parsed 8100000 reads
2022-09-04 13:07:14,544 INFO Parsed 8200000 reads
2022-09-04 13:07:17,593 INFO Parsed 8300000 reads
2022-09-04 13:07:20,621 INFO Parsed 8400000 reads
2022-09-04 13:07:23,631 INFO Parsed 8500000 reads
2022-09-04 13:07:26,617 INFO Parsed 8600000 reads
2022-09-04 13:07:29,711 INFO Parsed 8700000 reads
2022-09-04 13:07:32,684 INFO Parsed 8800000 reads
2022-09-04 13:07:35,665 INFO Parsed 8900000 reads
2022-09-04 13:07:38,637 INFO Parsed 9000000 reads
2022-09-04 13:07:41,620 INFO Parsed 9100000 reads
2022-09-04 13:07:44,595 INFO Parsed 9200000 reads
2022-09-04 13:07:47,623 INFO Parsed 9300000 reads
2022-09-04 13:07:50,596 INFO Parsed 9400000 reads
2022-09-04 13:07:53,593 INFO Parsed 9500000 reads
2022-09-04 13:07:56,622 INFO Parsed 9600000 reads
2022-09-04 13:07:59,708 INFO Parsed 9700000 reads
2022-09-04 13:08:02,675 INFO Parsed 9800000 reads
2022-09-04 13:08:05,656 INFO Parsed 9900000 reads
2022-09-04 13:08:08,641 INFO Parsed 10000000 reads
2022-09-04 13:08:11,614 INFO Parsed 10100000 reads
2022-09-04 13:08:14,589 INFO Parsed 10200000 reads
2022-09-04 13:08:17,599 INFO Parsed 10300000 reads
2022-09-04 13:08:20,569 INFO Parsed 10400000 reads
2022-09-04 13:08:23,624 INFO Parsed 10500000 reads
2022-09-04 13:08:26,614 INFO Parsed 10600000 reads
2022-09-04 13:08:29,666 INFO Parsed 10700000 reads
2022-09-04 13:08:32,661 INFO Parsed 10800000 reads
2022-09-04 13:08:35,645 INFO Parsed 10900000 reads
2022-09-04 13:08:38,664 INFO Parsed 11000000 reads
2022-09-04 13:08:41,668 INFO Parsed 11100000 reads
2022-09-04 13:08:44,643 INFO Parsed 11200000 reads
2022-09-04 13:08:47,652 INFO Parsed 11300000 reads
2022-09-04 13:08:50,637 INFO Parsed 11400000 reads
2022-09-04 13:08:53,698 INFO Parsed 11500000 reads
2022-09-04 13:08:56,713 INFO Parsed 11600000 reads
2022-09-04 13:08:59,788 INFO Parsed 11700000 reads
2022-09-04 13:09:02,774 INFO Parsed 11800000 reads
2022-09-04 13:09:05,756 INFO Parsed 11900000 reads
2022-09-04 13:09:08,743 INFO Parsed 12000000 reads
2022-09-04 13:09:11,717 INFO Parsed 12100000 reads
2022-09-04 13:09:14,832 INFO Parsed 12200000 reads
2022-09-04 13:09:17,867 INFO Parsed 12300000 reads
2022-09-04 13:09:20,900 INFO Parsed 12400000 reads
2022-09-04 13:09:23,933 INFO Parsed 12500000 reads
2022-09-04 13:09:26,906 INFO Parsed 12600000 reads
2022-09-04 13:09:29,879 INFO Parsed 12700000 reads
2022-09-04 13:09:32,872 INFO Parsed 12800000 reads
2022-09-04 13:09:35,956 INFO Parsed 12900000 reads
2022-09-04 13:09:38,997 INFO Parsed 13000000 reads
2022-09-04 13:09:41,314 INFO Input Reads: 13077730
2022-09-04 13:09:41,314 INFO regex matches read1: 11991428
2022-09-04 13:09:41,314 INFO Reads output: 11991428
2022-09-04 13:09:41,314 INFO regex does not match read1: 1086302
# job finished in 395 seconds at Sun Sep  4 13:09:41 2022 -- 389.82  2.54  0.00  0.00 -- f1589f49-045f-4b41-b138-20928830a25f
