# UMI-tools version: 1.1.2
# output generated by extract --stdin=Fastq-files/74678.fastq.gz --log=analysis/74678/74678-UMIextraction-fromrawreads.log --stdout=analysis/74678/74678-directUMIextracted.fastq --extract-method=regex --bc-pattern=.+(?P<discard_1>AACTGTAGGCACCATCAAT){s<=2}(?P<umi_1>.{12})(?P<discard_2>.+)
# job started at Sun Sep  4 12:40:45 2022 on MacBook-Air-di-Federico.local -- 4995ed14-1282-4d7e-9816-c00be18153b2
# pid: 2449, system: Darwin 21.5.0 Darwin Kernel Version 21.5.0: Tue Apr 26 21:08:29 PDT 2022; root:xnu-8020.121.3~4/RELEASE_ARM64_T8101 x86_64
# blacklist                               : None
# compresslevel                           : 6
# correct_umi_threshold                   : 0
# either_read                             : False
# either_read_resolve                     : discard
# error_correct_cell                      : False
# extract_method                          : regex
# filter_cell_barcode                     : None
# filter_cell_barcodes                    : False
# filter_umi                              : None
# filtered_out                            : None
# filtered_out2                           : None
# ignore_suffix                           : False
# log2stderr                              : False
# loglevel                                : 1
# pattern                                 : .+(?P<discard_1>AACTGTAGGCACCATCAAT){s<=2}(?P<umi_1>.{12})(?P<discard_2>.+)
# pattern2                                : None
# prime3                                  : None
# quality_encoding                        : None
# quality_filter_mask                     : None
# quality_filter_threshold                : None
# random_seed                             : None
# read2_in                                : None
# read2_out                               : False
# read2_stdout                            : False
# reads_subset                            : None
# reconcile                               : False
# retain_umi                              : None
# short_help                              : None
# stderr                                  : <_io.TextIOWrapper name='<stderr>' mode='w' encoding='utf-8'>
# stdin                                   : <_io.TextIOWrapper name='Fastq-files/74678.fastq.gz' encoding='ascii'>
# stdlog                                  : <_io.TextIOWrapper name='analysis/74678/74678-UMIextraction-fromrawreads.log' mode='a' encoding='UTF-8'>
# stdout                                  : <_io.TextIOWrapper name='analysis/74678/74678-directUMIextracted.fastq' mode='w' encoding='UTF-8'>
# timeit_file                             : None
# timeit_header                           : None
# timeit_name                             : all
# tmpdir                                  : None
# umi_correct_log                         : None
# umi_whitelist                           : None
# umi_whitelist_paired                    : None
# whitelist                               : None
2022-09-04 12:40:45,237 INFO Starting barcode extraction
2022-09-04 12:40:48,132 INFO Parsed 100000 reads
2022-09-04 12:40:51,023 INFO Parsed 200000 reads
2022-09-04 12:40:53,914 INFO Parsed 300000 reads
2022-09-04 12:40:56,820 INFO Parsed 400000 reads
2022-09-04 12:40:59,750 INFO Parsed 500000 reads
2022-09-04 12:41:02,648 INFO Parsed 600000 reads
2022-09-04 12:41:05,538 INFO Parsed 700000 reads
2022-09-04 12:41:08,430 INFO Parsed 800000 reads
2022-09-04 12:41:11,384 INFO Parsed 900000 reads
2022-09-04 12:41:14,273 INFO Parsed 1000000 reads
2022-09-04 12:41:17,182 INFO Parsed 1100000 reads
2022-09-04 12:41:20,075 INFO Parsed 1200000 reads
2022-09-04 12:41:23,002 INFO Parsed 1300000 reads
2022-09-04 12:41:25,893 INFO Parsed 1400000 reads
2022-09-04 12:41:28,853 INFO Parsed 1500000 reads
2022-09-04 12:41:31,744 INFO Parsed 1600000 reads
2022-09-04 12:41:34,649 INFO Parsed 1700000 reads
2022-09-04 12:41:37,543 INFO Parsed 1800000 reads
2022-09-04 12:41:40,451 INFO Parsed 1900000 reads
2022-09-04 12:41:43,361 INFO Parsed 2000000 reads
2022-09-04 12:41:46,287 INFO Parsed 2100000 reads
2022-09-04 12:41:49,211 INFO Parsed 2200000 reads
2022-09-04 12:41:52,137 INFO Parsed 2300000 reads
2022-09-04 12:41:55,063 INFO Parsed 2400000 reads
2022-09-04 12:41:57,973 INFO Parsed 2500000 reads
2022-09-04 12:42:00,885 INFO Parsed 2600000 reads
2022-09-04 12:42:03,794 INFO Parsed 2700000 reads
2022-09-04 12:42:06,703 INFO Parsed 2800000 reads
2022-09-04 12:42:09,616 INFO Parsed 2900000 reads
2022-09-04 12:42:12,544 INFO Parsed 3000000 reads
2022-09-04 12:42:15,472 INFO Parsed 3100000 reads
2022-09-04 12:42:18,479 INFO Parsed 3200000 reads
2022-09-04 12:42:21,400 INFO Parsed 3300000 reads
2022-09-04 12:42:24,327 INFO Parsed 3400000 reads
2022-09-04 12:42:27,232 INFO Parsed 3500000 reads
2022-09-04 12:42:30,138 INFO Parsed 3600000 reads
2022-09-04 12:42:33,047 INFO Parsed 3700000 reads
2022-09-04 12:42:35,956 INFO Parsed 3800000 reads
2022-09-04 12:42:38,884 INFO Parsed 3900000 reads
2022-09-04 12:42:41,842 INFO Parsed 4000000 reads
2022-09-04 12:42:44,751 INFO Parsed 4100000 reads
2022-09-04 12:42:47,659 INFO Parsed 4200000 reads
2022-09-04 12:42:50,584 INFO Parsed 4300000 reads
2022-09-04 12:42:53,500 INFO Parsed 4400000 reads
2022-09-04 12:42:56,412 INFO Parsed 4500000 reads
2022-09-04 12:42:59,321 INFO Parsed 4600000 reads
2022-09-04 12:43:02,242 INFO Parsed 4700000 reads
2022-09-04 12:43:05,170 INFO Parsed 4800000 reads
2022-09-04 12:43:08,158 INFO Parsed 4900000 reads
2022-09-04 12:43:11,144 INFO Parsed 5000000 reads
2022-09-04 12:43:14,126 INFO Parsed 5100000 reads
2022-09-04 12:43:17,057 INFO Parsed 5200000 reads
2022-09-04 12:43:19,996 INFO Parsed 5300000 reads
2022-09-04 12:43:22,947 INFO Parsed 5400000 reads
2022-09-04 12:43:25,861 INFO Parsed 5500000 reads
2022-09-04 12:43:28,797 INFO Parsed 5600000 reads
2022-09-04 12:43:31,708 INFO Parsed 5700000 reads
2022-09-04 12:43:34,620 INFO Parsed 5800000 reads
2022-09-04 12:43:37,533 INFO Parsed 5900000 reads
2022-09-04 12:43:40,561 INFO Parsed 6000000 reads
2022-09-04 12:43:43,492 INFO Parsed 6100000 reads
2022-09-04 12:43:46,404 INFO Parsed 6200000 reads
2022-09-04 12:43:49,332 INFO Parsed 6300000 reads
2022-09-04 12:43:52,245 INFO Parsed 6400000 reads
2022-09-04 12:43:55,175 INFO Parsed 6500000 reads
2022-09-04 12:43:58,124 INFO Parsed 6600000 reads
2022-09-04 12:44:01,033 INFO Parsed 6700000 reads
2022-09-04 12:44:03,945 INFO Parsed 6800000 reads
2022-09-04 12:44:06,871 INFO Parsed 6900000 reads
2022-09-04 12:44:09,783 INFO Parsed 7000000 reads
2022-09-04 12:44:12,697 INFO Parsed 7100000 reads
2022-09-04 12:44:15,625 INFO Parsed 7200000 reads
2022-09-04 12:44:18,542 INFO Parsed 7300000 reads
2022-09-04 12:44:21,574 INFO Parsed 7400000 reads
2022-09-04 12:44:24,504 INFO Parsed 7500000 reads
2022-09-04 12:44:27,431 INFO Parsed 7600000 reads
2022-09-04 12:44:30,349 INFO Parsed 7700000 reads
2022-09-04 12:44:33,271 INFO Parsed 7800000 reads
2022-09-04 12:44:36,185 INFO Parsed 7900000 reads
2022-09-04 12:44:39,101 INFO Parsed 8000000 reads
2022-09-04 12:44:42,012 INFO Parsed 8100000 reads
2022-09-04 12:44:44,930 INFO Parsed 8200000 reads
2022-09-04 12:44:47,856 INFO Parsed 8300000 reads
2022-09-04 12:44:50,835 INFO Parsed 8400000 reads
2022-09-04 12:44:51,224 INFO Input Reads: 8413428
2022-09-04 12:44:51,224 INFO regex matches read1: 7887371
2022-09-04 12:44:51,224 INFO Reads output: 7887371
2022-09-04 12:44:51,224 INFO regex does not match read1: 526057
# job finished in 245 seconds at Sun Sep  4 12:44:51 2022 -- 244.52  1.13  0.00  0.00 -- 4995ed14-1282-4d7e-9816-c00be18153b2
