# UMI-tools version: 1.1.2
# output generated by dedup --method=unique -I analysis/74678/74678-maturemiRNA-aligned-bowtie1-beststratam1.bam -S analysis/74678/74678_deduplicated-matureMirna-uniquemethod-beststratam1.bam -L analysis/74678/74678-deduplicate-matureMirna-uniquemethod-beststratam1.log
# job started at Sun Sep  4 12:45:13 2022 on MacBook-Air-di-Federico.local -- bb7bbfb4-74bb-417e-8d0e-a1c7b2f30976
# pid: 2487, system: Darwin 21.5.0 Darwin Kernel Version 21.5.0: Tue Apr 26 21:08:29 PDT 2022; root:xnu-8020.121.3~4/RELEASE_ARM64_T8101 x86_64
# assigned_tag                            : None
# cell_tag                                : None
# cell_tag_delim                          : None
# cell_tag_split                          : -
# chimeric_pairs                          : use
# chrom                                   : None
# compresslevel                           : 6
# detection_method                        : None
# filter_umi                              : None
# gene_tag                                : None
# gene_transcript_map                     : None
# get_umi_method                          : read_id
# ignore_tlen                             : False
# ignore_umi                              : False
# in_sam                                  : False
# log2stderr                              : False
# loglevel                                : 1
# mapping_quality                         : 0
# method                                  : unique
# no_sort_output                          : False
# out_sam                                 : False
# output_unmapped                         : False
# paired                                  : False
# per_cell                                : False
# per_contig                              : False
# per_gene                                : False
# random_seed                             : None
# read_length                             : False
# short_help                              : None
# skip_regex                              : ^(__|Unassigned)
# soft_clip_threshold                     : 4
# spliced                                 : False
# stats                                   : False
# stderr                                  : <_io.TextIOWrapper name='<stderr>' mode='w' encoding='utf-8'>
# stdin                                   : <_io.TextIOWrapper name='analysis/74678/74678-maturemiRNA-aligned-bowtie1-beststratam1.bam' mode='r' encoding='UTF-8'>
# stdlog                                  : <_io.TextIOWrapper name='analysis/74678/74678-deduplicate-matureMirna-uniquemethod-beststratam1.log' mode='a' encoding='UTF-8'>
# stdout                                  : <_io.TextIOWrapper name='analysis/74678/74678_deduplicated-matureMirna-uniquemethod-beststratam1.bam' mode='w' encoding='UTF-8'>
# subset                                  : None
# threshold                               : 1
# timeit_file                             : None
# timeit_header                           : None
# timeit_name                             : all
# tmpdir                                  : None
# umi_sep                                 : _
# umi_tag                                 : RX
# umi_tag_delim                           : None
# umi_tag_split                           : None
# umi_whitelist                           : None
# umi_whitelist_paired                    : None
# unmapped_reads                          : discard
# unpaired_reads                          : use
# whole_contig                            : False
2022-09-04 12:45:13,610 INFO command: dedup --method=unique -I analysis/74678/74678-maturemiRNA-aligned-bowtie1-beststratam1.bam -S analysis/74678/74678_deduplicated-matureMirna-uniquemethod-beststratam1.bam -L analysis/74678/74678-deduplicate-matureMirna-uniquemethod-beststratam1.log
2022-09-04 12:45:13,629 INFO Reads: Input Reads: 1345
2022-09-04 12:45:13,629 INFO Number of reads out: 169
2022-09-04 12:45:13,629 INFO Total number of positions deduplicated: 2
2022-09-04 12:45:13,629 INFO Mean number of unique UMIs per position: 84.50
2022-09-04 12:45:13,629 INFO Max. number of unique UMIs per position: 163
# job finished in 0 seconds at Sun Sep  4 12:45:13 2022 --  0.94  0.11  0.00  0.00 -- bb7bbfb4-74bb-417e-8d0e-a1c7b2f30976
# UMI-tools version: 1.1.2
# output generated by dedup --method=unique -I analysis/74678/74678-maturemiRNA-aligned-bowtie1-beststratam1.bam -S analysis/74678/74678_deduplicated-matureMirna-uniquemethod-beststratam1.bam -L analysis/74678/74678-deduplicate-matureMirna-uniquemethod-beststratam1.log
# job started at Sun Sep  4 20:25:54 2022 on MacBook-Air-di-Federico.local -- 3eadc76f-b39b-48d6-a851-3059163b564e
# pid: 70526, system: Darwin 21.5.0 Darwin Kernel Version 21.5.0: Tue Apr 26 21:08:29 PDT 2022; root:xnu-8020.121.3~4/RELEASE_ARM64_T8101 x86_64
# assigned_tag                            : None
# cell_tag                                : None
# cell_tag_delim                          : None
# cell_tag_split                          : -
# chimeric_pairs                          : use
# chrom                                   : None
# compresslevel                           : 6
# detection_method                        : None
# filter_umi                              : None
# gene_tag                                : None
# gene_transcript_map                     : None
# get_umi_method                          : read_id
# ignore_tlen                             : False
# ignore_umi                              : False
# in_sam                                  : False
# log2stderr                              : False
# loglevel                                : 1
# mapping_quality                         : 0
# method                                  : unique
# no_sort_output                          : False
# out_sam                                 : False
# output_unmapped                         : False
# paired                                  : False
# per_cell                                : False
# per_contig                              : False
# per_gene                                : False
# random_seed                             : None
# read_length                             : False
# short_help                              : None
# skip_regex                              : ^(__|Unassigned)
# soft_clip_threshold                     : 4
# spliced                                 : False
# stats                                   : False
# stderr                                  : <_io.TextIOWrapper name='<stderr>' mode='w' encoding='utf-8'>
# stdin                                   : <_io.TextIOWrapper name='analysis/74678/74678-maturemiRNA-aligned-bowtie1-beststratam1.bam' mode='r' encoding='UTF-8'>
# stdlog                                  : <_io.TextIOWrapper name='analysis/74678/74678-deduplicate-matureMirna-uniquemethod-beststratam1.log' mode='a' encoding='UTF-8'>
# stdout                                  : <_io.TextIOWrapper name='analysis/74678/74678_deduplicated-matureMirna-uniquemethod-beststratam1.bam' mode='w' encoding='UTF-8'>
# subset                                  : None
# threshold                               : 1
# timeit_file                             : None
# timeit_header                           : None
# timeit_name                             : all
# tmpdir                                  : None
# umi_sep                                 : _
# umi_tag                                 : RX
# umi_tag_delim                           : None
# umi_tag_split                           : None
# umi_whitelist                           : None
# umi_whitelist_paired                    : None
# unmapped_reads                          : discard
# unpaired_reads                          : use
# whole_contig                            : False
2022-09-04 20:25:54,364 INFO command: dedup --method=unique -I analysis/74678/74678-maturemiRNA-aligned-bowtie1-beststratam1.bam -S analysis/74678/74678_deduplicated-matureMirna-uniquemethod-beststratam1.bam -L analysis/74678/74678-deduplicate-matureMirna-uniquemethod-beststratam1.log
2022-09-04 20:26:00,002 INFO Reads: Input Reads: 551397
2022-09-04 20:26:00,003 INFO Number of reads out: 74713
2022-09-04 20:26:00,003 INFO Total number of positions deduplicated: 439
2022-09-04 20:26:00,003 INFO Mean number of unique UMIs per position: 170.19
2022-09-04 20:26:00,003 INFO Max. number of unique UMIs per position: 12084
# job finished in 5 seconds at Sun Sep  4 20:26:00 2022 --  6.83  0.23  0.00  0.00 -- 3eadc76f-b39b-48d6-a851-3059163b564e
