# UMI-tools version: 1.1.2
# output generated by dedup --method=unique -I analysis/74678/74678-genomeaftermiRNA-aligned-bowtie1-beststratam1.bam -S analysis/74678/74678_deduplicated-genomeaftermiRNA-uniquemethod.bam -L analysis/74678/74678-deduplicate-genomeaftermiRNA-uniquemethod.log
# job started at Sun Sep  4 12:45:29 2022 on MacBook-Air-di-Federico.local -- 51d99487-704e-4199-b135-b970b8241fdd
# pid: 2514, system: Darwin 21.5.0 Darwin Kernel Version 21.5.0: Tue Apr 26 21:08:29 PDT 2022; root:xnu-8020.121.3~4/RELEASE_ARM64_T8101 x86_64
# assigned_tag                            : None
# cell_tag                                : None
# cell_tag_delim                          : None
# cell_tag_split                          : -
# chimeric_pairs                          : use
# chrom                                   : None
# compresslevel                           : 6
# detection_method                        : None
# filter_umi                              : None
# gene_tag                                : None
# gene_transcript_map                     : None
# get_umi_method                          : read_id
# ignore_tlen                             : False
# ignore_umi                              : False
# in_sam                                  : False
# log2stderr                              : False
# loglevel                                : 1
# mapping_quality                         : 0
# method                                  : unique
# no_sort_output                          : False
# out_sam                                 : False
# output_unmapped                         : False
# paired                                  : False
# per_cell                                : False
# per_contig                              : False
# per_gene                                : False
# random_seed                             : None
# read_length                             : False
# short_help                              : None
# skip_regex                              : ^(__|Unassigned)
# soft_clip_threshold                     : 4
# spliced                                 : False
# stats                                   : False
# stderr                                  : <_io.TextIOWrapper name='<stderr>' mode='w' encoding='utf-8'>
# stdin                                   : <_io.TextIOWrapper name='analysis/74678/74678-genomeaftermiRNA-aligned-bowtie1-beststratam1.bam' mode='r' encoding='UTF-8'>
# stdlog                                  : <_io.TextIOWrapper name='analysis/74678/74678-deduplicate-genomeaftermiRNA-uniquemethod.log' mode='a' encoding='UTF-8'>
# stdout                                  : <_io.TextIOWrapper name='analysis/74678/74678_deduplicated-genomeaftermiRNA-uniquemethod.bam' mode='w' encoding='UTF-8'>
# subset                                  : None
# threshold                               : 1
# timeit_file                             : None
# timeit_header                           : None
# timeit_name                             : all
# tmpdir                                  : None
# umi_sep                                 : _
# umi_tag                                 : RX
# umi_tag_delim                           : None
# umi_tag_split                           : None
# umi_whitelist                           : None
# umi_whitelist_paired                    : None
# unmapped_reads                          : discard
# unpaired_reads                          : use
# whole_contig                            : False
2022-09-04 12:45:29,910 INFO command: dedup --method=unique -I analysis/74678/74678-genomeaftermiRNA-aligned-bowtie1-beststratam1.bam -S analysis/74678/74678_deduplicated-genomeaftermiRNA-uniquemethod.bam -L analysis/74678/74678-deduplicate-genomeaftermiRNA-uniquemethod.log
2022-09-04 12:45:34,412 INFO Reads: Input Reads: 698893
2022-09-04 12:45:34,413 INFO Number of reads out: 98202
2022-09-04 12:45:34,413 INFO Total number of positions deduplicated: 11559
2022-09-04 12:45:34,413 INFO Mean number of unique UMIs per position: 8.50
2022-09-04 12:45:34,413 INFO Max. number of unique UMIs per position: 17844
# job finished in 4 seconds at Sun Sep  4 12:45:34 2022 --  5.41  0.13  0.00  0.00 -- 51d99487-704e-4199-b135-b970b8241fdd
# UMI-tools version: 1.1.2
# output generated by dedup --method=unique -I analysis/74678/74678-genomeaftermiRNA-aligned-bowtie1-beststratam1.bam -S analysis/74678/74678_deduplicated-genomeaftermiRNA-uniquemethod.bam -L analysis/74678/74678-deduplicate-genomeaftermiRNA-uniquemethod.log
# job started at Mon Sep  5 18:07:58 2022 on MacBook-Air-di-Federico.local -- 355037ef-187c-4438-8bf4-072a74f771fd
# pid: 13392, system: Darwin 21.5.0 Darwin Kernel Version 21.5.0: Tue Apr 26 21:08:29 PDT 2022; root:xnu-8020.121.3~4/RELEASE_ARM64_T8101 x86_64
# assigned_tag                            : None
# cell_tag                                : None
# cell_tag_delim                          : None
# cell_tag_split                          : -
# chimeric_pairs                          : use
# chrom                                   : None
# compresslevel                           : 6
# detection_method                        : None
# filter_umi                              : None
# gene_tag                                : None
# gene_transcript_map                     : None
# get_umi_method                          : read_id
# ignore_tlen                             : False
# ignore_umi                              : False
# in_sam                                  : False
# log2stderr                              : False
# loglevel                                : 1
# mapping_quality                         : 0
# method                                  : unique
# no_sort_output                          : False
# out_sam                                 : False
# output_unmapped                         : False
# paired                                  : False
# per_cell                                : False
# per_contig                              : False
# per_gene                                : False
# random_seed                             : None
# read_length                             : False
# short_help                              : None
# skip_regex                              : ^(__|Unassigned)
# soft_clip_threshold                     : 4
# spliced                                 : False
# stats                                   : False
# stderr                                  : <_io.TextIOWrapper name='<stderr>' mode='w' encoding='utf-8'>
# stdin                                   : <_io.TextIOWrapper name='analysis/74678/74678-genomeaftermiRNA-aligned-bowtie1-beststratam1.bam' mode='r' encoding='UTF-8'>
# stdlog                                  : <_io.TextIOWrapper name='analysis/74678/74678-deduplicate-genomeaftermiRNA-uniquemethod.log' mode='a' encoding='UTF-8'>
# stdout                                  : <_io.TextIOWrapper name='analysis/74678/74678_deduplicated-genomeaftermiRNA-uniquemethod.bam' mode='w' encoding='UTF-8'>
# subset                                  : None
# threshold                               : 1
# timeit_file                             : None
# timeit_header                           : None
# timeit_name                             : all
# tmpdir                                  : None
# umi_sep                                 : _
# umi_tag                                 : RX
# umi_tag_delim                           : None
# umi_tag_split                           : None
# umi_whitelist                           : None
# umi_whitelist_paired                    : None
# unmapped_reads                          : discard
# unpaired_reads                          : use
# whole_contig                            : False
2022-09-05 18:07:58,458 INFO command: dedup --method=unique -I analysis/74678/74678-genomeaftermiRNA-aligned-bowtie1-beststratam1.bam -S analysis/74678/74678_deduplicated-genomeaftermiRNA-uniquemethod.bam -L analysis/74678/74678-deduplicate-genomeaftermiRNA-uniquemethod.log
2022-09-05 18:08:00,382 INFO Reads: Input Reads: 285461
2022-09-05 18:08:00,382 INFO Number of reads out: 53078
2022-09-05 18:08:00,382 INFO Total number of positions deduplicated: 11478
2022-09-05 18:08:00,382 INFO Mean number of unique UMIs per position: 4.62
2022-09-05 18:08:00,382 INFO Max. number of unique UMIs per position: 8247
# job finished in 1 seconds at Mon Sep  5 18:08:00 2022 --  2.92  0.16  0.00  0.00 -- 355037ef-187c-4438-8bf4-072a74f771fd
