# UMI-tools version: 1.1.2
# output generated by dedup --method=unique -I analysis/74671/74671-maturemiRNA-aligned-bowtie1-beststratam1.bam -S analysis/74671/74671_deduplicated-matureMirna-uniquemethod-beststratam1.bam -L analysis/74671/74671-deduplicate-matureMirna-uniquemethod-beststratam1.log
# job started at Sun Sep  4 11:59:36 2022 on MacBook-Air-di-Federico.local -- 90752470-27fb-4f26-b080-d44e090d59f4
# pid: 1803, system: Darwin 21.5.0 Darwin Kernel Version 21.5.0: Tue Apr 26 21:08:29 PDT 2022; root:xnu-8020.121.3~4/RELEASE_ARM64_T8101 x86_64
# assigned_tag                            : None
# cell_tag                                : None
# cell_tag_delim                          : None
# cell_tag_split                          : -
# chimeric_pairs                          : use
# chrom                                   : None
# compresslevel                           : 6
# detection_method                        : None
# filter_umi                              : None
# gene_tag                                : None
# gene_transcript_map                     : None
# get_umi_method                          : read_id
# ignore_tlen                             : False
# ignore_umi                              : False
# in_sam                                  : False
# log2stderr                              : False
# loglevel                                : 1
# mapping_quality                         : 0
# method                                  : unique
# no_sort_output                          : False
# out_sam                                 : False
# output_unmapped                         : False
# paired                                  : False
# per_cell                                : False
# per_contig                              : False
# per_gene                                : False
# random_seed                             : None
# read_length                             : False
# short_help                              : None
# skip_regex                              : ^(__|Unassigned)
# soft_clip_threshold                     : 4
# spliced                                 : False
# stats                                   : False
# stderr                                  : <_io.TextIOWrapper name='<stderr>' mode='w' encoding='utf-8'>
# stdin                                   : <_io.TextIOWrapper name='analysis/74671/74671-maturemiRNA-aligned-bowtie1-beststratam1.bam' mode='r' encoding='UTF-8'>
# stdlog                                  : <_io.TextIOWrapper name='analysis/74671/74671-deduplicate-matureMirna-uniquemethod-beststratam1.log' mode='a' encoding='UTF-8'>
# stdout                                  : <_io.TextIOWrapper name='analysis/74671/74671_deduplicated-matureMirna-uniquemethod-beststratam1.bam' mode='w' encoding='UTF-8'>
# subset                                  : None
# threshold                               : 1
# timeit_file                             : None
# timeit_header                           : None
# timeit_name                             : all
# tmpdir                                  : None
# umi_sep                                 : _
# umi_tag                                 : RX
# umi_tag_delim                           : None
# umi_tag_split                           : None
# umi_whitelist                           : None
# umi_whitelist_paired                    : None
# unmapped_reads                          : discard
# unpaired_reads                          : use
# whole_contig                            : False
2022-09-04 11:59:36,073 INFO command: dedup --method=unique -I analysis/74671/74671-maturemiRNA-aligned-bowtie1-beststratam1.bam -S analysis/74671/74671_deduplicated-matureMirna-uniquemethod-beststratam1.bam -L analysis/74671/74671-deduplicate-matureMirna-uniquemethod-beststratam1.log
2022-09-04 11:59:36,108 INFO Reads: Input Reads: 3551
2022-09-04 11:59:36,108 INFO Number of reads out: 740
2022-09-04 11:59:36,108 INFO Total number of positions deduplicated: 5
2022-09-04 11:59:36,108 INFO Mean number of unique UMIs per position: 148.00
2022-09-04 11:59:36,108 INFO Max. number of unique UMIs per position: 723
# job finished in 0 seconds at Sun Sep  4 11:59:36 2022 --  0.97  0.11  0.00  0.00 -- 90752470-27fb-4f26-b080-d44e090d59f4
# UMI-tools version: 1.1.2
# output generated by dedup --method=unique -I analysis/74671/74671-maturemiRNA-aligned-bowtie1-beststratam1.bam -S analysis/74671/74671_deduplicated-matureMirna-uniquemethod-beststratam1.bam -L analysis/74671/74671-deduplicate-matureMirna-uniquemethod-beststratam1.log
# job started at Mon Sep  5 17:59:24 2022 on MacBook-Air-di-Federico.local -- 837d1ed8-3251-4385-9774-60bd3b8b3230
# pid: 13091, system: Darwin 21.5.0 Darwin Kernel Version 21.5.0: Tue Apr 26 21:08:29 PDT 2022; root:xnu-8020.121.3~4/RELEASE_ARM64_T8101 x86_64
# assigned_tag                            : None
# cell_tag                                : None
# cell_tag_delim                          : None
# cell_tag_split                          : -
# chimeric_pairs                          : use
# chrom                                   : None
# compresslevel                           : 6
# detection_method                        : None
# filter_umi                              : None
# gene_tag                                : None
# gene_transcript_map                     : None
# get_umi_method                          : read_id
# ignore_tlen                             : False
# ignore_umi                              : False
# in_sam                                  : False
# log2stderr                              : False
# loglevel                                : 1
# mapping_quality                         : 0
# method                                  : unique
# no_sort_output                          : False
# out_sam                                 : False
# output_unmapped                         : False
# paired                                  : False
# per_cell                                : False
# per_contig                              : False
# per_gene                                : False
# random_seed                             : None
# read_length                             : False
# short_help                              : None
# skip_regex                              : ^(__|Unassigned)
# soft_clip_threshold                     : 4
# spliced                                 : False
# stats                                   : False
# stderr                                  : <_io.TextIOWrapper name='<stderr>' mode='w' encoding='utf-8'>
# stdin                                   : <_io.TextIOWrapper name='analysis/74671/74671-maturemiRNA-aligned-bowtie1-beststratam1.bam' mode='r' encoding='UTF-8'>
# stdlog                                  : <_io.TextIOWrapper name='analysis/74671/74671-deduplicate-matureMirna-uniquemethod-beststratam1.log' mode='a' encoding='UTF-8'>
# stdout                                  : <_io.TextIOWrapper name='analysis/74671/74671_deduplicated-matureMirna-uniquemethod-beststratam1.bam' mode='w' encoding='UTF-8'>
# subset                                  : None
# threshold                               : 1
# timeit_file                             : None
# timeit_header                           : None
# timeit_name                             : all
# tmpdir                                  : None
# umi_sep                                 : _
# umi_tag                                 : RX
# umi_tag_delim                           : None
# umi_tag_split                           : None
# umi_whitelist                           : None
# umi_whitelist_paired                    : None
# unmapped_reads                          : discard
# unpaired_reads                          : use
# whole_contig                            : False
2022-09-05 17:59:24,008 INFO command: dedup --method=unique -I analysis/74671/74671-maturemiRNA-aligned-bowtie1-beststratam1.bam -S analysis/74671/74671_deduplicated-matureMirna-uniquemethod-beststratam1.bam -L analysis/74671/74671-deduplicate-matureMirna-uniquemethod-beststratam1.log
2022-09-05 17:59:32,704 INFO Parsed 1000000 input reads
2022-09-05 17:59:33,966 INFO Written out 100000 reads
2022-09-05 17:59:33,966 INFO Written out 200000 reads
2022-09-05 17:59:35,127 INFO Written out 300000 reads
2022-09-05 17:59:38,288 INFO Written out 400000 reads
2022-09-05 17:59:39,677 INFO Parsed 2000000 input reads
2022-09-05 17:59:41,016 INFO Written out 500000 reads
2022-09-05 17:59:44,333 INFO Written out 600000 reads
2022-09-05 17:59:46,096 INFO Parsed 3000000 input reads
2022-09-05 17:59:49,030 INFO Written out 700000 reads
2022-09-05 17:59:50,402 INFO Reads: Input Reads: 3463758
2022-09-05 17:59:50,402 INFO Number of reads out: 762069
2022-09-05 17:59:50,402 INFO Total number of positions deduplicated: 763
2022-09-05 17:59:50,402 INFO Mean number of unique UMIs per position: 998.78
2022-09-05 17:59:50,402 INFO Max. number of unique UMIs per position: 244796
# job finished in 26 seconds at Mon Sep  5 17:59:50 2022 -- 26.68  0.37  0.00  0.00 -- 837d1ed8-3251-4385-9774-60bd3b8b3230
