# UMI-tools version: 1.1.2
# output generated by dedup --method=unique -I analysis/74671/74671-genomeaftermiRNA-aligned-bowtie1-beststratam1.bam -S analysis/74671/74671_deduplicated-genomeaftermiRNA-uniquemethod.bam -L analysis/74671/74671-deduplicate-genomeaftermiRNA-uniquemethod.log
# job started at Sun Sep  4 12:00:10 2022 on MacBook-Air-di-Federico.local -- 0add967e-a014-4fac-80bb-64da39dca013
# pid: 1858, system: Darwin 21.5.0 Darwin Kernel Version 21.5.0: Tue Apr 26 21:08:29 PDT 2022; root:xnu-8020.121.3~4/RELEASE_ARM64_T8101 x86_64
# assigned_tag                            : None
# cell_tag                                : None
# cell_tag_delim                          : None
# cell_tag_split                          : -
# chimeric_pairs                          : use
# chrom                                   : None
# compresslevel                           : 6
# detection_method                        : None
# filter_umi                              : None
# gene_tag                                : None
# gene_transcript_map                     : None
# get_umi_method                          : read_id
# ignore_tlen                             : False
# ignore_umi                              : False
# in_sam                                  : False
# log2stderr                              : False
# loglevel                                : 1
# mapping_quality                         : 0
# method                                  : unique
# no_sort_output                          : False
# out_sam                                 : False
# output_unmapped                         : False
# paired                                  : False
# per_cell                                : False
# per_contig                              : False
# per_gene                                : False
# random_seed                             : None
# read_length                             : False
# short_help                              : None
# skip_regex                              : ^(__|Unassigned)
# soft_clip_threshold                     : 4
# spliced                                 : False
# stats                                   : False
# stderr                                  : <_io.TextIOWrapper name='<stderr>' mode='w' encoding='utf-8'>
# stdin                                   : <_io.TextIOWrapper name='analysis/74671/74671-genomeaftermiRNA-aligned-bowtie1-beststratam1.bam' mode='r' encoding='UTF-8'>
# stdlog                                  : <_io.TextIOWrapper name='analysis/74671/74671-deduplicate-genomeaftermiRNA-uniquemethod.log' mode='a' encoding='UTF-8'>
# stdout                                  : <_io.TextIOWrapper name='analysis/74671/74671_deduplicated-genomeaftermiRNA-uniquemethod.bam' mode='w' encoding='UTF-8'>
# subset                                  : None
# threshold                               : 1
# timeit_file                             : None
# timeit_header                           : None
# timeit_name                             : all
# tmpdir                                  : None
# umi_sep                                 : _
# umi_tag                                 : RX
# umi_tag_delim                           : None
# umi_tag_split                           : None
# umi_whitelist                           : None
# umi_whitelist_paired                    : None
# unmapped_reads                          : discard
# unpaired_reads                          : use
# whole_contig                            : False
2022-09-04 12:00:10,863 INFO command: dedup --method=unique -I analysis/74671/74671-genomeaftermiRNA-aligned-bowtie1-beststratam1.bam -S analysis/74671/74671_deduplicated-genomeaftermiRNA-uniquemethod.bam -L analysis/74671/74671-deduplicate-genomeaftermiRNA-uniquemethod.log
2022-09-04 12:00:20,409 INFO Parsed 1000000 input reads
2022-09-04 12:00:21,659 INFO Written out 100000 reads
2022-09-04 12:00:21,659 INFO Written out 200000 reads
2022-09-04 12:00:21,659 INFO Written out 300000 reads
2022-09-04 12:00:26,712 INFO Parsed 2000000 input reads
2022-09-04 12:00:27,161 INFO Written out 400000 reads
2022-09-04 12:00:27,918 INFO Written out 500000 reads
2022-09-04 12:00:31,516 INFO Written out 600000 reads
2022-09-04 12:00:32,835 INFO Parsed 3000000 input reads
2022-09-04 12:00:34,378 INFO Written out 700000 reads
2022-09-04 12:00:38,272 INFO Written out 800000 reads
2022-09-04 12:00:39,497 INFO Reads: Input Reads: 3838590
2022-09-04 12:00:39,497 INFO Number of reads out: 843200
2022-09-04 12:00:39,497 INFO Total number of positions deduplicated: 12007
2022-09-04 12:00:39,497 INFO Mean number of unique UMIs per position: 70.23
2022-09-04 12:00:39,497 INFO Max. number of unique UMIs per position: 252950
# job finished in 28 seconds at Sun Sep  4 12:00:39 2022 -- 29.27  0.39  0.00  0.00 -- 0add967e-a014-4fac-80bb-64da39dca013
# UMI-tools version: 1.1.2
# output generated by dedup --method=unique -I analysis/74671/74671-genomeaftermiRNA-aligned-bowtie1-beststratam1.bam -S analysis/74671/74671_deduplicated-genomeaftermiRNA-uniquemethod.bam -L analysis/74671/74671-deduplicate-genomeaftermiRNA-uniquemethod.log
# job started at Mon Sep  5 18:00:08 2022 on MacBook-Air-di-Federico.local -- 555203ac-6ddd-46b0-9644-53c4f5db1024
# pid: 13153, system: Darwin 21.5.0 Darwin Kernel Version 21.5.0: Tue Apr 26 21:08:29 PDT 2022; root:xnu-8020.121.3~4/RELEASE_ARM64_T8101 x86_64
# assigned_tag                            : None
# cell_tag                                : None
# cell_tag_delim                          : None
# cell_tag_split                          : -
# chimeric_pairs                          : use
# chrom                                   : None
# compresslevel                           : 6
# detection_method                        : None
# filter_umi                              : None
# gene_tag                                : None
# gene_transcript_map                     : None
# get_umi_method                          : read_id
# ignore_tlen                             : False
# ignore_umi                              : False
# in_sam                                  : False
# log2stderr                              : False
# loglevel                                : 1
# mapping_quality                         : 0
# method                                  : unique
# no_sort_output                          : False
# out_sam                                 : False
# output_unmapped                         : False
# paired                                  : False
# per_cell                                : False
# per_contig                              : False
# per_gene                                : False
# random_seed                             : None
# read_length                             : False
# short_help                              : None
# skip_regex                              : ^(__|Unassigned)
# soft_clip_threshold                     : 4
# spliced                                 : False
# stats                                   : False
# stderr                                  : <_io.TextIOWrapper name='<stderr>' mode='w' encoding='utf-8'>
# stdin                                   : <_io.TextIOWrapper name='analysis/74671/74671-genomeaftermiRNA-aligned-bowtie1-beststratam1.bam' mode='r' encoding='UTF-8'>
# stdlog                                  : <_io.TextIOWrapper name='analysis/74671/74671-deduplicate-genomeaftermiRNA-uniquemethod.log' mode='a' encoding='UTF-8'>
# stdout                                  : <_io.TextIOWrapper name='analysis/74671/74671_deduplicated-genomeaftermiRNA-uniquemethod.bam' mode='w' encoding='UTF-8'>
# subset                                  : None
# threshold                               : 1
# timeit_file                             : None
# timeit_header                           : None
# timeit_name                             : all
# tmpdir                                  : None
# umi_sep                                 : _
# umi_tag                                 : RX
# umi_tag_delim                           : None
# umi_tag_split                           : None
# umi_whitelist                           : None
# umi_whitelist_paired                    : None
# unmapped_reads                          : discard
# unpaired_reads                          : use
# whole_contig                            : False
2022-09-05 18:00:08,406 INFO command: dedup --method=unique -I analysis/74671/74671-genomeaftermiRNA-aligned-bowtie1-beststratam1.bam -S analysis/74671/74671_deduplicated-genomeaftermiRNA-uniquemethod.bam -L analysis/74671/74671-deduplicate-genomeaftermiRNA-uniquemethod.log
2022-09-05 18:00:10,390 INFO Written out 100000 reads
2022-09-05 18:00:12,952 INFO Written out 200000 reads
2022-09-05 18:00:15,473 INFO Written out 300000 reads
2022-09-05 18:00:15,987 INFO Reads: Input Reads: 994575
2022-09-05 18:00:15,987 INFO Number of reads out: 303288
2022-09-05 18:00:15,987 INFO Total number of positions deduplicated: 11865
2022-09-05 18:00:15,987 INFO Mean number of unique UMIs per position: 25.56
2022-09-05 18:00:15,987 INFO Max. number of unique UMIs per position: 46306
# job finished in 7 seconds at Mon Sep  5 18:00:15 2022 --  8.36  0.19  0.00  0.00 -- 555203ac-6ddd-46b0-9644-53c4f5db1024
