# UMI-tools version: 1.1.2
# output generated by extract --stdin=Fastq-files/74671.fastq.gz --log=analysis/74671/74671-UMIextraction-fromrawreads.log --stdout=analysis/74671/74671-directUMIextracted.fastq --extract-method=regex --bc-pattern=.+(?P<discard_1>AACTGTAGGCACCATCAAT){s<=2}(?P<umi_1>.{12})(?P<discard_2>.+)
# job started at Sun Sep  4 11:53:59 2022 on MacBook-Air-di-Federico.local -- d3821953-052a-44ee-ad64-c8d684304474
# pid: 1724, system: Darwin 21.5.0 Darwin Kernel Version 21.5.0: Tue Apr 26 21:08:29 PDT 2022; root:xnu-8020.121.3~4/RELEASE_ARM64_T8101 x86_64
# blacklist                               : None
# compresslevel                           : 6
# correct_umi_threshold                   : 0
# either_read                             : False
# either_read_resolve                     : discard
# error_correct_cell                      : False
# extract_method                          : regex
# filter_cell_barcode                     : None
# filter_cell_barcodes                    : False
# filter_umi                              : None
# filtered_out                            : None
# filtered_out2                           : None
# ignore_suffix                           : False
# log2stderr                              : False
# loglevel                                : 1
# pattern                                 : .+(?P<discard_1>AACTGTAGGCACCATCAAT){s<=2}(?P<umi_1>.{12})(?P<discard_2>.+)
# pattern2                                : None
# prime3                                  : None
# quality_encoding                        : None
# quality_filter_mask                     : None
# quality_filter_threshold                : None
# random_seed                             : None
# read2_in                                : None
# read2_out                               : False
# read2_stdout                            : False
# reads_subset                            : None
# reconcile                               : False
# retain_umi                              : None
# short_help                              : None
# stderr                                  : <_io.TextIOWrapper name='<stderr>' mode='w' encoding='utf-8'>
# stdin                                   : <_io.TextIOWrapper name='Fastq-files/74671.fastq.gz' encoding='ascii'>
# stdlog                                  : <_io.TextIOWrapper name='analysis/74671/74671-UMIextraction-fromrawreads.log' mode='a' encoding='UTF-8'>
# stdout                                  : <_io.TextIOWrapper name='analysis/74671/74671-directUMIextracted.fastq' mode='w' encoding='UTF-8'>
# timeit_file                             : None
# timeit_header                           : None
# timeit_name                             : all
# tmpdir                                  : None
# umi_correct_log                         : None
# umi_whitelist                           : None
# umi_whitelist_paired                    : None
# whitelist                               : None
2022-09-04 11:53:59,679 INFO Starting barcode extraction
2022-09-04 11:54:02,699 INFO Parsed 100000 reads
2022-09-04 11:54:05,640 INFO Parsed 200000 reads
2022-09-04 11:54:08,621 INFO Parsed 300000 reads
2022-09-04 11:54:11,590 INFO Parsed 400000 reads
2022-09-04 11:54:14,515 INFO Parsed 500000 reads
2022-09-04 11:54:17,448 INFO Parsed 600000 reads
2022-09-04 11:54:20,434 INFO Parsed 700000 reads
2022-09-04 11:54:23,475 INFO Parsed 800000 reads
2022-09-04 11:54:26,456 INFO Parsed 900000 reads
2022-09-04 11:54:29,438 INFO Parsed 1000000 reads
2022-09-04 11:54:32,543 INFO Parsed 1100000 reads
2022-09-04 11:54:35,536 INFO Parsed 1200000 reads
2022-09-04 11:54:38,529 INFO Parsed 1300000 reads
2022-09-04 11:54:41,512 INFO Parsed 1400000 reads
2022-09-04 11:54:44,498 INFO Parsed 1500000 reads
2022-09-04 11:54:47,460 INFO Parsed 1600000 reads
2022-09-04 11:54:50,413 INFO Parsed 1700000 reads
2022-09-04 11:54:53,404 INFO Parsed 1800000 reads
2022-09-04 11:54:56,368 INFO Parsed 1900000 reads
2022-09-04 11:54:59,368 INFO Parsed 2000000 reads
2022-09-04 11:55:02,402 INFO Parsed 2100000 reads
2022-09-04 11:55:05,462 INFO Parsed 2200000 reads
2022-09-04 11:55:08,456 INFO Parsed 2300000 reads
2022-09-04 11:55:11,411 INFO Parsed 2400000 reads
2022-09-04 11:55:14,411 INFO Parsed 2500000 reads
2022-09-04 11:55:17,516 INFO Parsed 2600000 reads
2022-09-04 11:55:20,574 INFO Parsed 2700000 reads
2022-09-04 11:55:23,602 INFO Parsed 2800000 reads
2022-09-04 11:55:27,041 INFO Parsed 2900000 reads
2022-09-04 11:55:30,505 INFO Parsed 3000000 reads
2022-09-04 11:55:33,640 INFO Parsed 3100000 reads
2022-09-04 11:55:36,641 INFO Parsed 3200000 reads
2022-09-04 11:55:39,651 INFO Parsed 3300000 reads
2022-09-04 11:55:42,797 INFO Parsed 3400000 reads
2022-09-04 11:55:45,968 INFO Parsed 3500000 reads
2022-09-04 11:55:49,033 INFO Parsed 3600000 reads
2022-09-04 11:55:52,051 INFO Parsed 3700000 reads
2022-09-04 11:55:55,122 INFO Parsed 3800000 reads
2022-09-04 11:55:58,111 INFO Parsed 3900000 reads
2022-09-04 11:56:01,109 INFO Parsed 4000000 reads
2022-09-04 11:56:04,098 INFO Parsed 4100000 reads
2022-09-04 11:56:07,141 INFO Parsed 4200000 reads
2022-09-04 11:56:10,196 INFO Parsed 4300000 reads
2022-09-04 11:56:13,229 INFO Parsed 4400000 reads
2022-09-04 11:56:16,196 INFO Parsed 4500000 reads
2022-09-04 11:56:19,161 INFO Parsed 4600000 reads
2022-09-04 11:56:22,141 INFO Parsed 4700000 reads
2022-09-04 11:56:25,130 INFO Parsed 4800000 reads
2022-09-04 11:56:28,163 INFO Parsed 4900000 reads
2022-09-04 11:56:31,298 INFO Parsed 5000000 reads
2022-09-04 11:56:34,374 INFO Parsed 5100000 reads
2022-09-04 11:56:37,368 INFO Parsed 5200000 reads
2022-09-04 11:56:40,480 INFO Parsed 5300000 reads
2022-09-04 11:56:43,626 INFO Parsed 5400000 reads
2022-09-04 11:56:46,635 INFO Parsed 5500000 reads
2022-09-04 11:56:49,691 INFO Parsed 5600000 reads
2022-09-04 11:56:52,686 INFO Parsed 5700000 reads
2022-09-04 11:56:55,703 INFO Parsed 5800000 reads
2022-09-04 11:56:58,705 INFO Parsed 5900000 reads
2022-09-04 11:57:01,666 INFO Parsed 6000000 reads
2022-09-04 11:57:04,653 INFO Parsed 6100000 reads
2022-09-04 11:57:07,626 INFO Parsed 6200000 reads
2022-09-04 11:57:10,584 INFO Parsed 6300000 reads
2022-09-04 11:57:13,623 INFO Parsed 6400000 reads
2022-09-04 11:57:16,593 INFO Parsed 6500000 reads
2022-09-04 11:57:19,567 INFO Parsed 6600000 reads
2022-09-04 11:57:22,552 INFO Parsed 6700000 reads
2022-09-04 11:57:25,571 INFO Parsed 6800000 reads
2022-09-04 11:57:28,553 INFO Parsed 6900000 reads
2022-09-04 11:57:31,527 INFO Parsed 7000000 reads
2022-09-04 11:57:34,492 INFO Parsed 7100000 reads
2022-09-04 11:57:37,458 INFO Parsed 7200000 reads
2022-09-04 11:57:40,442 INFO Parsed 7300000 reads
2022-09-04 11:57:43,434 INFO Parsed 7400000 reads
2022-09-04 11:57:46,495 INFO Parsed 7500000 reads
2022-09-04 11:57:49,464 INFO Parsed 7600000 reads
2022-09-04 11:57:52,482 INFO Parsed 7700000 reads
2022-09-04 11:57:55,531 INFO Parsed 7800000 reads
2022-09-04 11:57:58,584 INFO Parsed 7900000 reads
2022-09-04 11:58:01,553 INFO Parsed 8000000 reads
2022-09-04 11:58:04,523 INFO Parsed 8100000 reads
2022-09-04 11:58:07,491 INFO Parsed 8200000 reads
2022-09-04 11:58:10,459 INFO Parsed 8300000 reads
2022-09-04 11:58:13,424 INFO Parsed 8400000 reads
2022-09-04 11:58:16,403 INFO Parsed 8500000 reads
2022-09-04 11:58:19,448 INFO Parsed 8600000 reads
2022-09-04 11:58:22,459 INFO Parsed 8700000 reads
2022-09-04 11:58:25,515 INFO Parsed 8800000 reads
2022-09-04 11:58:28,788 INFO Parsed 8900000 reads
2022-09-04 11:58:31,808 INFO Parsed 9000000 reads
2022-09-04 11:58:34,842 INFO Parsed 9100000 reads
2022-09-04 11:58:37,934 INFO Parsed 9200000 reads
2022-09-04 11:58:41,262 INFO Parsed 9300000 reads
2022-09-04 11:58:44,229 INFO Parsed 9400000 reads
2022-09-04 11:58:47,208 INFO Parsed 9500000 reads
2022-09-04 11:58:50,292 INFO Parsed 9600000 reads
2022-09-04 11:58:51,636 INFO Input Reads: 9643205
2022-09-04 11:58:51,636 INFO regex matches read1: 8936257
2022-09-04 11:58:51,636 INFO Reads output: 8936257
2022-09-04 11:58:51,636 INFO regex does not match read1: 706948
# job finished in 291 seconds at Sun Sep  4 11:58:51 2022 -- 286.75  2.01  0.00  0.00 -- d3821953-052a-44ee-ad64-c8d684304474
