# UMI-tools version: 1.1.2
# output generated by count --method=unique --per-contig -I analysis/74671/74671-maturemiRNA-aligned-bowtie1-beststratam1.bam -L analysis/74671/74671_counts-uniquemethod-maturemiRNA.log -S analysis/74671/74671_counts-finaloutput-uniquemethod-maturemiRNA.txt
# job started at Sun Sep  4 11:59:34 2022 on MacBook-Air-di-Federico.local -- 9108ae9c-4652-450e-b902-529be18b2843
# pid: 1801, system: Darwin 21.5.0 Darwin Kernel Version 21.5.0: Tue Apr 26 21:08:29 PDT 2022; root:xnu-8020.121.3~4/RELEASE_ARM64_T8101 x86_64
# assigned_tag                            : None
# cell_tag                                : None
# cell_tag_delim                          : None
# cell_tag_split                          : -
# chimeric_pairs                          : use
# chrom                                   : None
# compresslevel                           : 6
# filter_umi                              : None
# gene_tag                                : None
# gene_transcript_map                     : None
# get_umi_method                          : read_id
# ignore_tlen                             : False
# ignore_umi                              : False
# in_sam                                  : False
# log2stderr                              : False
# loglevel                                : 1
# mapping_quality                         : 0
# method                                  : unique
# no_sort_output                          : False
# out_sam                                 : False
# output_unmapped                         : False
# paired                                  : False
# per_cell                                : False
# per_contig                              : True
# per_gene                                : False
# random_seed                             : None
# read_length                             : False
# short_help                              : None
# skip_regex                              : ^(__|Unassigned)
# soft_clip_threshold                     : 4
# spliced                                 : False
# stderr                                  : <_io.TextIOWrapper name='<stderr>' mode='w' encoding='utf-8'>
# stdin                                   : <_io.TextIOWrapper name='analysis/74671/74671-maturemiRNA-aligned-bowtie1-beststratam1.bam' mode='r' encoding='UTF-8'>
# stdlog                                  : <_io.TextIOWrapper name='analysis/74671/74671_counts-uniquemethod-maturemiRNA.log' mode='a' encoding='UTF-8'>
# stdout                                  : <_io.TextIOWrapper name='analysis/74671/74671_counts-finaloutput-uniquemethod-maturemiRNA.txt' mode='w' encoding='UTF-8'>
# subset                                  : None
# threshold                               : 1
# timeit_file                             : None
# timeit_header                           : None
# timeit_name                             : all
# tmpdir                                  : None
# umi_sep                                 : _
# umi_tag                                 : RX
# umi_tag_delim                           : None
# umi_tag_split                           : None
# umi_whitelist                           : None
# umi_whitelist_paired                    : None
# unmapped_reads                          : discard
# unpaired_reads                          : use
# wide_format_cell_counts                 : False
2022-09-04 11:59:34,782 INFO command: count --method=unique --per-contig -I analysis/74671/74671-maturemiRNA-aligned-bowtie1-beststratam1.bam -L analysis/74671/74671_counts-uniquemethod-maturemiRNA.log -S analysis/74671/74671_counts-finaloutput-uniquemethod-maturemiRNA.txt
2022-09-04 11:59:34,803 INFO Input Reads: 3551
2022-09-04 11:59:34,803 INFO Number of (post deduplication) reads counted: 740
# job finished in 0 seconds at Sun Sep  4 11:59:34 2022 --  0.85  0.12  0.00  0.00 -- 9108ae9c-4652-450e-b902-529be18b2843
# UMI-tools version: 1.1.2
# output generated by count --method=unique --per-contig -I analysis/74671/74671-maturemiRNA-aligned-bowtie1-beststratam1.bam -L analysis/74671/74671_counts-uniquemethod-maturemiRNA.log -S analysis/74671/74671_counts-finaloutput-uniquemethod-maturemiRNA.txt
# job started at Sun Sep  4 20:19:55 2022 on MacBook-Air-di-Federico.local -- 28e28410-ef07-4e36-b3b4-e2684713cf55
# pid: 67580, system: Darwin 21.5.0 Darwin Kernel Version 21.5.0: Tue Apr 26 21:08:29 PDT 2022; root:xnu-8020.121.3~4/RELEASE_ARM64_T8101 x86_64
# assigned_tag                            : None
# cell_tag                                : None
# cell_tag_delim                          : None
# cell_tag_split                          : -
# chimeric_pairs                          : use
# chrom                                   : None
# compresslevel                           : 6
# filter_umi                              : None
# gene_tag                                : None
# gene_transcript_map                     : None
# get_umi_method                          : read_id
# ignore_tlen                             : False
# ignore_umi                              : False
# in_sam                                  : False
# log2stderr                              : False
# loglevel                                : 1
# mapping_quality                         : 0
# method                                  : unique
# no_sort_output                          : False
# out_sam                                 : False
# output_unmapped                         : False
# paired                                  : False
# per_cell                                : False
# per_contig                              : True
# per_gene                                : False
# random_seed                             : None
# read_length                             : False
# short_help                              : None
# skip_regex                              : ^(__|Unassigned)
# soft_clip_threshold                     : 4
# spliced                                 : False
# stderr                                  : <_io.TextIOWrapper name='<stderr>' mode='w' encoding='utf-8'>
# stdin                                   : <_io.TextIOWrapper name='analysis/74671/74671-maturemiRNA-aligned-bowtie1-beststratam1.bam' mode='r' encoding='UTF-8'>
# stdlog                                  : <_io.TextIOWrapper name='analysis/74671/74671_counts-uniquemethod-maturemiRNA.log' mode='a' encoding='UTF-8'>
# stdout                                  : <_io.TextIOWrapper name='analysis/74671/74671_counts-finaloutput-uniquemethod-maturemiRNA.txt' mode='w' encoding='UTF-8'>
# subset                                  : None
# threshold                               : 1
# timeit_file                             : None
# timeit_header                           : None
# timeit_name                             : all
# tmpdir                                  : None
# umi_sep                                 : _
# umi_tag                                 : RX
# umi_tag_delim                           : None
# umi_tag_split                           : None
# umi_whitelist                           : None
# umi_whitelist_paired                    : None
# unmapped_reads                          : discard
# unpaired_reads                          : use
# wide_format_cell_counts                 : False
2022-09-04 20:19:55,300 INFO command: count --method=unique --per-contig -I analysis/74671/74671-maturemiRNA-aligned-bowtie1-beststratam1.bam -L analysis/74671/74671_counts-uniquemethod-maturemiRNA.log -S analysis/74671/74671_counts-finaloutput-uniquemethod-maturemiRNA.txt
2022-09-04 20:20:01,436 INFO Parsed 1000000 input reads
2022-09-04 20:20:05,987 INFO Parsed 2000000 input reads
2022-09-04 20:20:10,541 INFO Parsed 3000000 input reads
2022-09-04 20:20:12,963 INFO Input Reads: 3463758
2022-09-04 20:20:12,963 INFO Number of (post deduplication) reads counted: 761909
# job finished in 17 seconds at Sun Sep  4 20:20:12 2022 -- 18.62  0.24  0.00  0.00 -- 28e28410-ef07-4e36-b3b4-e2684713cf55
