# UMI-tools version: 1.1.2
# output generated by extract --stdin=Fastq-files/74674.fastq.gz --log=analysis/74674/74674-UMIextraction-fromrawreads.log --stdout=analysis/74674/74674-directUMIextracted.fastq --extract-method=regex --bc-pattern=.+(?P<discard_1>AACTGTAGGCACCATCAAT){s<=2}(?P<umi_1>.{12})(?P<discard_2>.+)
# job started at Sun Sep  4 12:11:42 2022 on MacBook-Air-di-Federico.local -- baab1dac-de23-467f-bfff-5929aa2ac2f6
# pid: 2059, system: Darwin 21.5.0 Darwin Kernel Version 21.5.0: Tue Apr 26 21:08:29 PDT 2022; root:xnu-8020.121.3~4/RELEASE_ARM64_T8101 x86_64
# blacklist                               : None
# compresslevel                           : 6
# correct_umi_threshold                   : 0
# either_read                             : False
# either_read_resolve                     : discard
# error_correct_cell                      : False
# extract_method                          : regex
# filter_cell_barcode                     : None
# filter_cell_barcodes                    : False
# filter_umi                              : None
# filtered_out                            : None
# filtered_out2                           : None
# ignore_suffix                           : False
# log2stderr                              : False
# loglevel                                : 1
# pattern                                 : .+(?P<discard_1>AACTGTAGGCACCATCAAT){s<=2}(?P<umi_1>.{12})(?P<discard_2>.+)
# pattern2                                : None
# prime3                                  : None
# quality_encoding                        : None
# quality_filter_mask                     : None
# quality_filter_threshold                : None
# random_seed                             : None
# read2_in                                : None
# read2_out                               : False
# read2_stdout                            : False
# reads_subset                            : None
# reconcile                               : False
# retain_umi                              : None
# short_help                              : None
# stderr                                  : <_io.TextIOWrapper name='<stderr>' mode='w' encoding='utf-8'>
# stdin                                   : <_io.TextIOWrapper name='Fastq-files/74674.fastq.gz' encoding='ascii'>
# stdlog                                  : <_io.TextIOWrapper name='analysis/74674/74674-UMIextraction-fromrawreads.log' mode='a' encoding='UTF-8'>
# stdout                                  : <_io.TextIOWrapper name='analysis/74674/74674-directUMIextracted.fastq' mode='w' encoding='UTF-8'>
# timeit_file                             : None
# timeit_header                           : None
# timeit_name                             : all
# tmpdir                                  : None
# umi_correct_log                         : None
# umi_whitelist                           : None
# umi_whitelist_paired                    : None
# whitelist                               : None
2022-09-04 12:11:42,235 INFO Starting barcode extraction
2022-09-04 12:11:45,239 INFO Parsed 100000 reads
2022-09-04 12:11:48,308 INFO Parsed 200000 reads
2022-09-04 12:11:51,351 INFO Parsed 300000 reads
2022-09-04 12:11:54,466 INFO Parsed 400000 reads
2022-09-04 12:11:57,485 INFO Parsed 500000 reads
2022-09-04 12:12:00,615 INFO Parsed 600000 reads
2022-09-04 12:12:03,753 INFO Parsed 700000 reads
2022-09-04 12:12:06,705 INFO Parsed 800000 reads
2022-09-04 12:12:09,762 INFO Parsed 900000 reads
2022-09-04 12:12:12,788 INFO Parsed 1000000 reads
2022-09-04 12:12:15,774 INFO Parsed 1100000 reads
2022-09-04 12:12:18,764 INFO Parsed 1200000 reads
2022-09-04 12:12:21,930 INFO Parsed 1300000 reads
2022-09-04 12:12:25,058 INFO Parsed 1400000 reads
2022-09-04 12:12:28,155 INFO Parsed 1500000 reads
2022-09-04 12:12:31,302 INFO Parsed 1600000 reads
2022-09-04 12:12:34,251 INFO Parsed 1700000 reads
2022-09-04 12:12:37,250 INFO Parsed 1800000 reads
2022-09-04 12:12:40,434 INFO Parsed 1900000 reads
2022-09-04 12:12:43,399 INFO Parsed 2000000 reads
2022-09-04 12:12:46,404 INFO Parsed 2100000 reads
2022-09-04 12:12:49,600 INFO Parsed 2200000 reads
2022-09-04 12:12:52,780 INFO Parsed 2300000 reads
2022-09-04 12:12:55,874 INFO Parsed 2400000 reads
2022-09-04 12:12:59,062 INFO Parsed 2500000 reads
2022-09-04 12:13:02,225 INFO Parsed 2600000 reads
2022-09-04 12:13:05,270 INFO Parsed 2700000 reads
2022-09-04 12:13:08,276 INFO Parsed 2800000 reads
2022-09-04 12:13:11,494 INFO Parsed 2900000 reads
2022-09-04 12:13:14,580 INFO Parsed 3000000 reads
2022-09-04 12:13:17,686 INFO Parsed 3100000 reads
2022-09-04 12:13:20,773 INFO Parsed 3200000 reads
2022-09-04 12:13:23,778 INFO Parsed 3300000 reads
2022-09-04 12:13:26,751 INFO Parsed 3400000 reads
2022-09-04 12:13:29,746 INFO Parsed 3500000 reads
2022-09-04 12:13:32,727 INFO Parsed 3600000 reads
2022-09-04 12:13:35,683 INFO Parsed 3700000 reads
2022-09-04 12:13:38,789 INFO Parsed 3800000 reads
2022-09-04 12:13:41,867 INFO Parsed 3900000 reads
2022-09-04 12:13:44,985 INFO Parsed 4000000 reads
2022-09-04 12:13:47,971 INFO Parsed 4100000 reads
2022-09-04 12:13:51,042 INFO Parsed 4200000 reads
2022-09-04 12:13:54,128 INFO Parsed 4300000 reads
2022-09-04 12:13:57,165 INFO Parsed 4400000 reads
2022-09-04 12:14:00,106 INFO Parsed 4500000 reads
2022-09-04 12:14:03,136 INFO Parsed 4600000 reads
2022-09-04 12:14:06,085 INFO Parsed 4700000 reads
2022-09-04 12:14:09,030 INFO Parsed 4800000 reads
2022-09-04 12:14:12,007 INFO Parsed 4900000 reads
2022-09-04 12:14:15,097 INFO Parsed 5000000 reads
2022-09-04 12:14:18,153 INFO Parsed 5100000 reads
2022-09-04 12:14:21,218 INFO Parsed 5200000 reads
2022-09-04 12:14:24,329 INFO Parsed 5300000 reads
2022-09-04 12:14:27,428 INFO Parsed 5400000 reads
2022-09-04 12:14:30,444 INFO Parsed 5500000 reads
2022-09-04 12:14:33,493 INFO Parsed 5600000 reads
2022-09-04 12:14:36,550 INFO Parsed 5700000 reads
2022-09-04 12:14:39,565 INFO Parsed 5800000 reads
2022-09-04 12:14:42,530 INFO Parsed 5900000 reads
2022-09-04 12:14:45,555 INFO Parsed 6000000 reads
2022-09-04 12:14:48,579 INFO Parsed 6100000 reads
2022-09-04 12:14:51,550 INFO Parsed 6200000 reads
2022-09-04 12:14:54,545 INFO Parsed 6300000 reads
2022-09-04 12:14:57,638 INFO Parsed 6400000 reads
2022-09-04 12:15:00,618 INFO Parsed 6500000 reads
2022-09-04 12:15:03,625 INFO Parsed 6600000 reads
2022-09-04 12:15:06,610 INFO Parsed 6700000 reads
2022-09-04 12:15:09,584 INFO Parsed 6800000 reads
2022-09-04 12:15:12,754 INFO Parsed 6900000 reads
2022-09-04 12:15:15,879 INFO Parsed 7000000 reads
2022-09-04 12:15:18,944 INFO Parsed 7100000 reads
2022-09-04 12:15:22,046 INFO Parsed 7200000 reads
2022-09-04 12:15:25,030 INFO Parsed 7300000 reads
2022-09-04 12:15:28,016 INFO Parsed 7400000 reads
2022-09-04 12:15:31,020 INFO Parsed 7500000 reads
2022-09-04 12:15:34,077 INFO Parsed 7600000 reads
2022-09-04 12:15:37,326 INFO Parsed 7700000 reads
2022-09-04 12:15:40,396 INFO Parsed 7800000 reads
2022-09-04 12:15:43,486 INFO Parsed 7900000 reads
2022-09-04 12:15:46,532 INFO Parsed 8000000 reads
2022-09-04 12:15:49,577 INFO Parsed 8100000 reads
2022-09-04 12:15:52,685 INFO Parsed 8200000 reads
2022-09-04 12:15:55,774 INFO Parsed 8300000 reads
2022-09-04 12:15:58,754 INFO Parsed 8400000 reads
2022-09-04 12:16:01,748 INFO Parsed 8500000 reads
2022-09-04 12:16:04,742 INFO Parsed 8600000 reads
2022-09-04 12:16:07,856 INFO Parsed 8700000 reads
2022-09-04 12:16:10,846 INFO Parsed 8800000 reads
2022-09-04 12:16:13,827 INFO Parsed 8900000 reads
2022-09-04 12:16:16,829 INFO Parsed 9000000 reads
2022-09-04 12:16:19,921 INFO Parsed 9100000 reads
2022-09-04 12:16:23,052 INFO Parsed 9200000 reads
2022-09-04 12:16:26,053 INFO Parsed 9300000 reads
2022-09-04 12:16:29,076 INFO Parsed 9400000 reads
2022-09-04 12:16:32,126 INFO Parsed 9500000 reads
2022-09-04 12:16:35,082 INFO Parsed 9600000 reads
2022-09-04 12:16:38,137 INFO Parsed 9700000 reads
2022-09-04 12:16:41,243 INFO Parsed 9800000 reads
2022-09-04 12:16:44,246 INFO Parsed 9900000 reads
2022-09-04 12:16:47,306 INFO Parsed 10000000 reads
2022-09-04 12:16:50,333 INFO Parsed 10100000 reads
2022-09-04 12:16:53,350 INFO Parsed 10200000 reads
2022-09-04 12:16:56,307 INFO Parsed 10300000 reads
2022-09-04 12:16:59,296 INFO Parsed 10400000 reads
2022-09-04 12:17:02,359 INFO Parsed 10500000 reads
2022-09-04 12:17:05,532 INFO Parsed 10600000 reads
2022-09-04 12:17:08,587 INFO Parsed 10700000 reads
2022-09-04 12:17:11,651 INFO Parsed 10800000 reads
2022-09-04 12:17:14,772 INFO Parsed 10900000 reads
2022-09-04 12:17:17,813 INFO Parsed 11000000 reads
2022-09-04 12:17:20,893 INFO Parsed 11100000 reads
2022-09-04 12:17:23,931 INFO Parsed 11200000 reads
2022-09-04 12:17:26,965 INFO Parsed 11300000 reads
2022-09-04 12:17:30,073 INFO Parsed 11400000 reads
2022-09-04 12:17:33,100 INFO Parsed 11500000 reads
2022-09-04 12:17:36,142 INFO Parsed 11600000 reads
2022-09-04 12:17:39,216 INFO Parsed 11700000 reads
2022-09-04 12:17:42,236 INFO Parsed 11800000 reads
2022-09-04 12:17:45,133 INFO Parsed 11900000 reads
2022-09-04 12:17:48,150 INFO Parsed 12000000 reads
2022-09-04 12:17:51,094 INFO Parsed 12100000 reads
2022-09-04 12:17:54,077 INFO Parsed 12200000 reads
2022-09-04 12:17:55,949 INFO Input Reads: 12263167
2022-09-04 12:17:55,949 INFO regex matches read1: 11153105
2022-09-04 12:17:55,949 INFO Reads output: 11153105
2022-09-04 12:17:55,949 INFO regex does not match read1: 1110062
# job finished in 373 seconds at Sun Sep  4 12:17:55 2022 -- 364.66  3.44  0.00  0.00 -- baab1dac-de23-467f-bfff-5929aa2ac2f6
