# UMI-tools version: 1.1.2
# output generated by dedup --method=unique -I analysis/74674/74674-maturemiRNA-aligned-bowtie1-beststratam1.bam -S analysis/74674/74674_deduplicated-matureMirna-uniquemethod-beststratam1.bam -L analysis/74674/74674-deduplicate-matureMirna-uniquemethod-beststratam1.log
# job started at Sun Sep  4 12:18:24 2022 on MacBook-Air-di-Federico.local -- 9c6d6484-f85f-4ab0-bf82-128855484a3b
# pid: 2085, system: Darwin 21.5.0 Darwin Kernel Version 21.5.0: Tue Apr 26 21:08:29 PDT 2022; root:xnu-8020.121.3~4/RELEASE_ARM64_T8101 x86_64
# assigned_tag                            : None
# cell_tag                                : None
# cell_tag_delim                          : None
# cell_tag_split                          : -
# chimeric_pairs                          : use
# chrom                                   : None
# compresslevel                           : 6
# detection_method                        : None
# filter_umi                              : None
# gene_tag                                : None
# gene_transcript_map                     : None
# get_umi_method                          : read_id
# ignore_tlen                             : False
# ignore_umi                              : False
# in_sam                                  : False
# log2stderr                              : False
# loglevel                                : 1
# mapping_quality                         : 0
# method                                  : unique
# no_sort_output                          : False
# out_sam                                 : False
# output_unmapped                         : False
# paired                                  : False
# per_cell                                : False
# per_contig                              : False
# per_gene                                : False
# random_seed                             : None
# read_length                             : False
# short_help                              : None
# skip_regex                              : ^(__|Unassigned)
# soft_clip_threshold                     : 4
# spliced                                 : False
# stats                                   : False
# stderr                                  : <_io.TextIOWrapper name='<stderr>' mode='w' encoding='utf-8'>
# stdin                                   : <_io.TextIOWrapper name='analysis/74674/74674-maturemiRNA-aligned-bowtie1-beststratam1.bam' mode='r' encoding='UTF-8'>
# stdlog                                  : <_io.TextIOWrapper name='analysis/74674/74674-deduplicate-matureMirna-uniquemethod-beststratam1.log' mode='a' encoding='UTF-8'>
# stdout                                  : <_io.TextIOWrapper name='analysis/74674/74674_deduplicated-matureMirna-uniquemethod-beststratam1.bam' mode='w' encoding='UTF-8'>
# subset                                  : None
# threshold                               : 1
# timeit_file                             : None
# timeit_header                           : None
# timeit_name                             : all
# tmpdir                                  : None
# umi_sep                                 : _
# umi_tag                                 : RX
# umi_tag_delim                           : None
# umi_tag_split                           : None
# umi_whitelist                           : None
# umi_whitelist_paired                    : None
# unmapped_reads                          : discard
# unpaired_reads                          : use
# whole_contig                            : False
2022-09-04 12:18:24,341 INFO command: dedup --method=unique -I analysis/74674/74674-maturemiRNA-aligned-bowtie1-beststratam1.bam -S analysis/74674/74674_deduplicated-matureMirna-uniquemethod-beststratam1.bam -L analysis/74674/74674-deduplicate-matureMirna-uniquemethod-beststratam1.log
2022-09-04 12:18:24,366 INFO Reads: Input Reads: 2194
2022-09-04 12:18:24,366 INFO Number of reads out: 207
2022-09-04 12:18:24,366 INFO Total number of positions deduplicated: 3
2022-09-04 12:18:24,366 INFO Mean number of unique UMIs per position: 69.00
2022-09-04 12:18:24,366 INFO Max. number of unique UMIs per position: 199
# job finished in 0 seconds at Sun Sep  4 12:18:24 2022 --  1.01  0.13  0.00  0.00 -- 9c6d6484-f85f-4ab0-bf82-128855484a3b
# UMI-tools version: 1.1.2
# output generated by dedup --method=unique -I analysis/74674/74674-maturemiRNA-aligned-bowtie1-beststratam1.bam -S analysis/74674/74674_deduplicated-matureMirna-uniquemethod-beststratam1.bam -L analysis/74674/74674-deduplicate-matureMirna-uniquemethod-beststratam1.log
# job started at Sun Sep  4 20:21:46 2022 on MacBook-Air-di-Federico.local -- 5a165de1-af3e-4dc4-b83f-44c3c1b2bddb
# pid: 68505, system: Darwin 21.5.0 Darwin Kernel Version 21.5.0: Tue Apr 26 21:08:29 PDT 2022; root:xnu-8020.121.3~4/RELEASE_ARM64_T8101 x86_64
# assigned_tag                            : None
# cell_tag                                : None
# cell_tag_delim                          : None
# cell_tag_split                          : -
# chimeric_pairs                          : use
# chrom                                   : None
# compresslevel                           : 6
# detection_method                        : None
# filter_umi                              : None
# gene_tag                                : None
# gene_transcript_map                     : None
# get_umi_method                          : read_id
# ignore_tlen                             : False
# ignore_umi                              : False
# in_sam                                  : False
# log2stderr                              : False
# loglevel                                : 1
# mapping_quality                         : 0
# method                                  : unique
# no_sort_output                          : False
# out_sam                                 : False
# output_unmapped                         : False
# paired                                  : False
# per_cell                                : False
# per_contig                              : False
# per_gene                                : False
# random_seed                             : None
# read_length                             : False
# short_help                              : None
# skip_regex                              : ^(__|Unassigned)
# soft_clip_threshold                     : 4
# spliced                                 : False
# stats                                   : False
# stderr                                  : <_io.TextIOWrapper name='<stderr>' mode='w' encoding='utf-8'>
# stdin                                   : <_io.TextIOWrapper name='analysis/74674/74674-maturemiRNA-aligned-bowtie1-beststratam1.bam' mode='r' encoding='UTF-8'>
# stdlog                                  : <_io.TextIOWrapper name='analysis/74674/74674-deduplicate-matureMirna-uniquemethod-beststratam1.log' mode='a' encoding='UTF-8'>
# stdout                                  : <_io.TextIOWrapper name='analysis/74674/74674_deduplicated-matureMirna-uniquemethod-beststratam1.bam' mode='w' encoding='UTF-8'>
# subset                                  : None
# threshold                               : 1
# timeit_file                             : None
# timeit_header                           : None
# timeit_name                             : all
# tmpdir                                  : None
# umi_sep                                 : _
# umi_tag                                 : RX
# umi_tag_delim                           : None
# umi_tag_split                           : None
# umi_whitelist                           : None
# umi_whitelist_paired                    : None
# unmapped_reads                          : discard
# unpaired_reads                          : use
# whole_contig                            : False
2022-09-04 20:21:46,289 INFO command: dedup --method=unique -I analysis/74674/74674-maturemiRNA-aligned-bowtie1-beststratam1.bam -S analysis/74674/74674_deduplicated-matureMirna-uniquemethod-beststratam1.bam -L analysis/74674/74674-deduplicate-matureMirna-uniquemethod-beststratam1.log
2022-09-04 20:21:51,382 INFO Reads: Input Reads: 618521
2022-09-04 20:21:51,382 INFO Number of reads out: 58901
2022-09-04 20:21:51,382 INFO Total number of positions deduplicated: 457
2022-09-04 20:21:51,382 INFO Mean number of unique UMIs per position: 128.89
2022-09-04 20:21:51,382 INFO Max. number of unique UMIs per position: 8856
# job finished in 5 seconds at Sun Sep  4 20:21:51 2022 --  6.27  0.15  0.00  0.00 -- 5a165de1-af3e-4dc4-b83f-44c3c1b2bddb
