# UMI-tools version: 1.1.2
# output generated by dedup --method=unique -I analysis/74674/74674-genomeaftermiRNA-aligned-bowtie1-beststratam1.bam -S analysis/74674/74674_deduplicated-genomeaftermiRNA-uniquemethod.bam -L analysis/74674/74674-deduplicate-genomeaftermiRNA-uniquemethod.log
# job started at Sun Sep  4 12:18:46 2022 on MacBook-Air-di-Federico.local -- fa64716c-5b5d-49ee-9f28-16271ba15cb7
# pid: 2098, system: Darwin 21.5.0 Darwin Kernel Version 21.5.0: Tue Apr 26 21:08:29 PDT 2022; root:xnu-8020.121.3~4/RELEASE_ARM64_T8101 x86_64
# assigned_tag                            : None
# cell_tag                                : None
# cell_tag_delim                          : None
# cell_tag_split                          : -
# chimeric_pairs                          : use
# chrom                                   : None
# compresslevel                           : 6
# detection_method                        : None
# filter_umi                              : None
# gene_tag                                : None
# gene_transcript_map                     : None
# get_umi_method                          : read_id
# ignore_tlen                             : False
# ignore_umi                              : False
# in_sam                                  : False
# log2stderr                              : False
# loglevel                                : 1
# mapping_quality                         : 0
# method                                  : unique
# no_sort_output                          : False
# out_sam                                 : False
# output_unmapped                         : False
# paired                                  : False
# per_cell                                : False
# per_contig                              : False
# per_gene                                : False
# random_seed                             : None
# read_length                             : False
# short_help                              : None
# skip_regex                              : ^(__|Unassigned)
# soft_clip_threshold                     : 4
# spliced                                 : False
# stats                                   : False
# stderr                                  : <_io.TextIOWrapper name='<stderr>' mode='w' encoding='utf-8'>
# stdin                                   : <_io.TextIOWrapper name='analysis/74674/74674-genomeaftermiRNA-aligned-bowtie1-beststratam1.bam' mode='r' encoding='UTF-8'>
# stdlog                                  : <_io.TextIOWrapper name='analysis/74674/74674-deduplicate-genomeaftermiRNA-uniquemethod.log' mode='a' encoding='UTF-8'>
# stdout                                  : <_io.TextIOWrapper name='analysis/74674/74674_deduplicated-genomeaftermiRNA-uniquemethod.bam' mode='w' encoding='UTF-8'>
# subset                                  : None
# threshold                               : 1
# timeit_file                             : None
# timeit_header                           : None
# timeit_name                             : all
# tmpdir                                  : None
# umi_sep                                 : _
# umi_tag                                 : RX
# umi_tag_delim                           : None
# umi_tag_split                           : None
# umi_whitelist                           : None
# umi_whitelist_paired                    : None
# unmapped_reads                          : discard
# unpaired_reads                          : use
# whole_contig                            : False
2022-09-04 12:18:46,041 INFO command: dedup --method=unique -I analysis/74674/74674-genomeaftermiRNA-aligned-bowtie1-beststratam1.bam -S analysis/74674/74674_deduplicated-genomeaftermiRNA-uniquemethod.bam -L analysis/74674/74674-deduplicate-genomeaftermiRNA-uniquemethod.log
2022-09-04 12:18:50,773 INFO Reads: Input Reads: 746469
2022-09-04 12:18:50,773 INFO Number of reads out: 77554
2022-09-04 12:18:50,773 INFO Total number of positions deduplicated: 11849
2022-09-04 12:18:50,773 INFO Mean number of unique UMIs per position: 6.55
2022-09-04 12:18:50,773 INFO Max. number of unique UMIs per position: 9387
# job finished in 4 seconds at Sun Sep  4 12:18:50 2022 --  5.72  0.40  0.00  0.00 -- fa64716c-5b5d-49ee-9f28-16271ba15cb7
# UMI-tools version: 1.1.2
# output generated by dedup --method=unique -I analysis/74674/74674-genomeaftermiRNA-aligned-bowtie1-beststratam1.bam -S analysis/74674/74674_deduplicated-genomeaftermiRNA-uniquemethod.bam -L analysis/74674/74674-deduplicate-genomeaftermiRNA-uniquemethod.log
# job started at Mon Sep  5 18:02:24 2022 on MacBook-Air-di-Federico.local -- 0291bbc7-b4ee-4483-9bf2-138219c6d36f
# pid: 13237, system: Darwin 21.5.0 Darwin Kernel Version 21.5.0: Tue Apr 26 21:08:29 PDT 2022; root:xnu-8020.121.3~4/RELEASE_ARM64_T8101 x86_64
# assigned_tag                            : None
# cell_tag                                : None
# cell_tag_delim                          : None
# cell_tag_split                          : -
# chimeric_pairs                          : use
# chrom                                   : None
# compresslevel                           : 6
# detection_method                        : None
# filter_umi                              : None
# gene_tag                                : None
# gene_transcript_map                     : None
# get_umi_method                          : read_id
# ignore_tlen                             : False
# ignore_umi                              : False
# in_sam                                  : False
# log2stderr                              : False
# loglevel                                : 1
# mapping_quality                         : 0
# method                                  : unique
# no_sort_output                          : False
# out_sam                                 : False
# output_unmapped                         : False
# paired                                  : False
# per_cell                                : False
# per_contig                              : False
# per_gene                                : False
# random_seed                             : None
# read_length                             : False
# short_help                              : None
# skip_regex                              : ^(__|Unassigned)
# soft_clip_threshold                     : 4
# spliced                                 : False
# stats                                   : False
# stderr                                  : <_io.TextIOWrapper name='<stderr>' mode='w' encoding='utf-8'>
# stdin                                   : <_io.TextIOWrapper name='analysis/74674/74674-genomeaftermiRNA-aligned-bowtie1-beststratam1.bam' mode='r' encoding='UTF-8'>
# stdlog                                  : <_io.TextIOWrapper name='analysis/74674/74674-deduplicate-genomeaftermiRNA-uniquemethod.log' mode='a' encoding='UTF-8'>
# stdout                                  : <_io.TextIOWrapper name='analysis/74674/74674_deduplicated-genomeaftermiRNA-uniquemethod.bam' mode='w' encoding='UTF-8'>
# subset                                  : None
# threshold                               : 1
# timeit_file                             : None
# timeit_header                           : None
# timeit_name                             : all
# tmpdir                                  : None
# umi_sep                                 : _
# umi_tag                                 : RX
# umi_tag_delim                           : None
# umi_tag_split                           : None
# umi_whitelist                           : None
# umi_whitelist_paired                    : None
# unmapped_reads                          : discard
# unpaired_reads                          : use
# whole_contig                            : False
2022-09-05 18:02:24,476 INFO command: dedup --method=unique -I analysis/74674/74674-genomeaftermiRNA-aligned-bowtie1-beststratam1.bam -S analysis/74674/74674_deduplicated-genomeaftermiRNA-uniquemethod.bam -L analysis/74674/74674-deduplicate-genomeaftermiRNA-uniquemethod.log
2022-09-05 18:02:26,646 INFO Reads: Input Reads: 306305
2022-09-05 18:02:26,646 INFO Number of reads out: 46034
2022-09-05 18:02:26,646 INFO Total number of positions deduplicated: 11767
2022-09-05 18:02:26,646 INFO Mean number of unique UMIs per position: 3.91
2022-09-05 18:02:26,646 INFO Max. number of unique UMIs per position: 4386
# job finished in 2 seconds at Mon Sep  5 18:02:26 2022 --  3.04  0.16  0.00  0.00 -- 0291bbc7-b4ee-4483-9bf2-138219c6d36f
