# UMI-tools version: 1.1.2
# output generated by extract --stdin=Fastq-files/74676.fastq.gz --log=analysis/74676/74676-UMIextraction-fromrawreads.log --stdout=analysis/74676/74676-directUMIextracted.fastq --extract-method=regex --bc-pattern=.+(?P<discard_1>AACTGTAGGCACCATCAAT){s<=2}(?P<umi_1>.{12})(?P<discard_2>.+)
# job started at Sun Sep  4 12:24:37 2022 on MacBook-Air-di-Federico.local -- d1919998-1d3f-45d4-b17f-d49d1c7dc1a1
# pid: 2167, system: Darwin 21.5.0 Darwin Kernel Version 21.5.0: Tue Apr 26 21:08:29 PDT 2022; root:xnu-8020.121.3~4/RELEASE_ARM64_T8101 x86_64
# blacklist                               : None
# compresslevel                           : 6
# correct_umi_threshold                   : 0
# either_read                             : False
# either_read_resolve                     : discard
# error_correct_cell                      : False
# extract_method                          : regex
# filter_cell_barcode                     : None
# filter_cell_barcodes                    : False
# filter_umi                              : None
# filtered_out                            : None
# filtered_out2                           : None
# ignore_suffix                           : False
# log2stderr                              : False
# loglevel                                : 1
# pattern                                 : .+(?P<discard_1>AACTGTAGGCACCATCAAT){s<=2}(?P<umi_1>.{12})(?P<discard_2>.+)
# pattern2                                : None
# prime3                                  : None
# quality_encoding                        : None
# quality_filter_mask                     : None
# quality_filter_threshold                : None
# random_seed                             : None
# read2_in                                : None
# read2_out                               : False
# read2_stdout                            : False
# reads_subset                            : None
# reconcile                               : False
# retain_umi                              : None
# short_help                              : None
# stderr                                  : <_io.TextIOWrapper name='<stderr>' mode='w' encoding='utf-8'>
# stdin                                   : <_io.TextIOWrapper name='Fastq-files/74676.fastq.gz' encoding='ascii'>
# stdlog                                  : <_io.TextIOWrapper name='analysis/74676/74676-UMIextraction-fromrawreads.log' mode='a' encoding='UTF-8'>
# stdout                                  : <_io.TextIOWrapper name='analysis/74676/74676-directUMIextracted.fastq' mode='w' encoding='UTF-8'>
# timeit_file                             : None
# timeit_header                           : None
# timeit_name                             : all
# tmpdir                                  : None
# umi_correct_log                         : None
# umi_whitelist                           : None
# umi_whitelist_paired                    : None
# whitelist                               : None
2022-09-04 12:24:37,987 INFO Starting barcode extraction
2022-09-04 12:24:40,839 INFO Parsed 100000 reads
2022-09-04 12:24:43,668 INFO Parsed 200000 reads
2022-09-04 12:24:46,532 INFO Parsed 300000 reads
2022-09-04 12:24:49,375 INFO Parsed 400000 reads
2022-09-04 12:24:52,206 INFO Parsed 500000 reads
2022-09-04 12:24:55,050 INFO Parsed 600000 reads
2022-09-04 12:24:57,924 INFO Parsed 700000 reads
2022-09-04 12:25:00,764 INFO Parsed 800000 reads
2022-09-04 12:25:03,600 INFO Parsed 900000 reads
2022-09-04 12:25:06,435 INFO Parsed 1000000 reads
2022-09-04 12:25:09,306 INFO Parsed 1100000 reads
2022-09-04 12:25:12,139 INFO Parsed 1200000 reads
2022-09-04 12:25:14,967 INFO Parsed 1300000 reads
2022-09-04 12:25:17,754 INFO Parsed 1400000 reads
2022-09-04 12:25:20,570 INFO Parsed 1500000 reads
2022-09-04 12:25:23,390 INFO Parsed 1600000 reads
2022-09-04 12:25:26,279 INFO Parsed 1700000 reads
2022-09-04 12:25:29,096 INFO Parsed 1800000 reads
2022-09-04 12:25:31,918 INFO Parsed 1900000 reads
2022-09-04 12:25:34,700 INFO Parsed 2000000 reads
2022-09-04 12:25:37,536 INFO Parsed 2100000 reads
2022-09-04 12:25:40,352 INFO Parsed 2200000 reads
2022-09-04 12:25:42,948 INFO Parsed 2300000 reads
2022-09-04 12:25:45,775 INFO Parsed 2400000 reads
2022-09-04 12:25:48,608 INFO Parsed 2500000 reads
2022-09-04 12:25:51,553 INFO Parsed 2600000 reads
2022-09-04 12:25:54,537 INFO Parsed 2700000 reads
2022-09-04 12:25:57,512 INFO Parsed 2800000 reads
2022-09-04 12:26:00,487 INFO Parsed 2900000 reads
2022-09-04 12:26:03,440 INFO Parsed 3000000 reads
2022-09-04 12:26:06,402 INFO Parsed 3100000 reads
2022-09-04 12:26:09,367 INFO Parsed 3200000 reads
2022-09-04 12:26:12,324 INFO Parsed 3300000 reads
2022-09-04 12:26:15,292 INFO Parsed 3400000 reads
2022-09-04 12:26:18,244 INFO Parsed 3500000 reads
2022-09-04 12:26:21,218 INFO Parsed 3600000 reads
2022-09-04 12:26:24,198 INFO Parsed 3700000 reads
2022-09-04 12:26:27,223 INFO Parsed 3800000 reads
2022-09-04 12:26:30,198 INFO Parsed 3900000 reads
2022-09-04 12:26:33,163 INFO Parsed 4000000 reads
2022-09-04 12:26:36,144 INFO Parsed 4100000 reads
2022-09-04 12:26:39,105 INFO Parsed 4200000 reads
2022-09-04 12:26:42,102 INFO Parsed 4300000 reads
2022-09-04 12:26:45,072 INFO Parsed 4400000 reads
2022-09-04 12:26:48,059 INFO Parsed 4500000 reads
2022-09-04 12:26:51,054 INFO Parsed 4600000 reads
2022-09-04 12:26:54,026 INFO Parsed 4700000 reads
2022-09-04 12:26:57,038 INFO Parsed 4800000 reads
2022-09-04 12:27:00,026 INFO Parsed 4900000 reads
2022-09-04 12:27:02,983 INFO Parsed 5000000 reads
2022-09-04 12:27:06,024 INFO Parsed 5100000 reads
2022-09-04 12:27:09,005 INFO Parsed 5200000 reads
2022-09-04 12:27:11,967 INFO Parsed 5300000 reads
2022-09-04 12:27:14,929 INFO Parsed 5400000 reads
2022-09-04 12:27:17,889 INFO Parsed 5500000 reads
2022-09-04 12:27:20,859 INFO Parsed 5600000 reads
2022-09-04 12:27:23,837 INFO Parsed 5700000 reads
2022-09-04 12:27:26,818 INFO Parsed 5800000 reads
2022-09-04 12:27:29,775 INFO Parsed 5900000 reads
2022-09-04 12:27:32,731 INFO Parsed 6000000 reads
2022-09-04 12:27:35,684 INFO Parsed 6100000 reads
2022-09-04 12:27:38,657 INFO Parsed 6200000 reads
2022-09-04 12:27:41,641 INFO Parsed 6300000 reads
2022-09-04 12:27:44,627 INFO Parsed 6400000 reads
2022-09-04 12:27:47,582 INFO Parsed 6500000 reads
2022-09-04 12:27:50,526 INFO Parsed 6600000 reads
2022-09-04 12:27:50,819 INFO Input Reads: 6609935
2022-09-04 12:27:50,819 INFO regex matches read1: 5756546
2022-09-04 12:27:50,819 INFO Reads output: 5756546
2022-09-04 12:27:50,819 INFO regex does not match read1: 853389
# job finished in 192 seconds at Sun Sep  4 12:27:50 2022 -- 191.93  0.99  0.00  0.00 -- d1919998-1d3f-45d4-b17f-d49d1c7dc1a1
