# UMI-tools version: 1.1.2
# output generated by dedup --method=unique -I analysis/74676/74676-maturemiRNA-aligned-bowtie1-beststratam1.bam -S analysis/74676/74676_deduplicated-matureMirna-uniquemethod-beststratam1.bam -L analysis/74676/74676-deduplicate-matureMirna-uniquemethod-beststratam1.log
# job started at Sun Sep  4 12:28:03 2022 on MacBook-Air-di-Federico.local -- dbdaec06-8c68-414c-a72e-ba575e29b116
# pid: 2186, system: Darwin 21.5.0 Darwin Kernel Version 21.5.0: Tue Apr 26 21:08:29 PDT 2022; root:xnu-8020.121.3~4/RELEASE_ARM64_T8101 x86_64
# assigned_tag                            : None
# cell_tag                                : None
# cell_tag_delim                          : None
# cell_tag_split                          : -
# chimeric_pairs                          : use
# chrom                                   : None
# compresslevel                           : 6
# detection_method                        : None
# filter_umi                              : None
# gene_tag                                : None
# gene_transcript_map                     : None
# get_umi_method                          : read_id
# ignore_tlen                             : False
# ignore_umi                              : False
# in_sam                                  : False
# log2stderr                              : False
# loglevel                                : 1
# mapping_quality                         : 0
# method                                  : unique
# no_sort_output                          : False
# out_sam                                 : False
# output_unmapped                         : False
# paired                                  : False
# per_cell                                : False
# per_contig                              : False
# per_gene                                : False
# random_seed                             : None
# read_length                             : False
# short_help                              : None
# skip_regex                              : ^(__|Unassigned)
# soft_clip_threshold                     : 4
# spliced                                 : False
# stats                                   : False
# stderr                                  : <_io.TextIOWrapper name='<stderr>' mode='w' encoding='utf-8'>
# stdin                                   : <_io.TextIOWrapper name='analysis/74676/74676-maturemiRNA-aligned-bowtie1-beststratam1.bam' mode='r' encoding='UTF-8'>
# stdlog                                  : <_io.TextIOWrapper name='analysis/74676/74676-deduplicate-matureMirna-uniquemethod-beststratam1.log' mode='a' encoding='UTF-8'>
# stdout                                  : <_io.TextIOWrapper name='analysis/74676/74676_deduplicated-matureMirna-uniquemethod-beststratam1.bam' mode='w' encoding='UTF-8'>
# subset                                  : None
# threshold                               : 1
# timeit_file                             : None
# timeit_header                           : None
# timeit_name                             : all
# tmpdir                                  : None
# umi_sep                                 : _
# umi_tag                                 : RX
# umi_tag_delim                           : None
# umi_tag_split                           : None
# umi_whitelist                           : None
# umi_whitelist_paired                    : None
# unmapped_reads                          : discard
# unpaired_reads                          : use
# whole_contig                            : False
2022-09-04 12:28:03,502 INFO command: dedup --method=unique -I analysis/74676/74676-maturemiRNA-aligned-bowtie1-beststratam1.bam -S analysis/74676/74676_deduplicated-matureMirna-uniquemethod-beststratam1.bam -L analysis/74676/74676-deduplicate-matureMirna-uniquemethod-beststratam1.log
2022-09-04 12:28:03,515 INFO Reads: Input Reads: 641
2022-09-04 12:28:03,515 INFO Number of reads out: 98
2022-09-04 12:28:03,515 INFO Total number of positions deduplicated: 2
2022-09-04 12:28:03,515 INFO Mean number of unique UMIs per position: 49.00
2022-09-04 12:28:03,515 INFO Max. number of unique UMIs per position: 97
# job finished in 0 seconds at Sun Sep  4 12:28:03 2022 --  0.96  0.09  0.00  0.00 -- dbdaec06-8c68-414c-a72e-ba575e29b116
# UMI-tools version: 1.1.2
# output generated by dedup --method=unique -I analysis/74676/74676-maturemiRNA-aligned-bowtie1-beststratam1.bam -S analysis/74676/74676_deduplicated-matureMirna-uniquemethod-beststratam1.bam -L analysis/74676/74676-deduplicate-matureMirna-uniquemethod-beststratam1.log
# job started at Sun Sep  4 20:23:00 2022 on MacBook-Air-di-Federico.local -- 12444f13-a42e-4f48-abd5-9c2baf818bfb
# pid: 69148, system: Darwin 21.5.0 Darwin Kernel Version 21.5.0: Tue Apr 26 21:08:29 PDT 2022; root:xnu-8020.121.3~4/RELEASE_ARM64_T8101 x86_64
# assigned_tag                            : None
# cell_tag                                : None
# cell_tag_delim                          : None
# cell_tag_split                          : -
# chimeric_pairs                          : use
# chrom                                   : None
# compresslevel                           : 6
# detection_method                        : None
# filter_umi                              : None
# gene_tag                                : None
# gene_transcript_map                     : None
# get_umi_method                          : read_id
# ignore_tlen                             : False
# ignore_umi                              : False
# in_sam                                  : False
# log2stderr                              : False
# loglevel                                : 1
# mapping_quality                         : 0
# method                                  : unique
# no_sort_output                          : False
# out_sam                                 : False
# output_unmapped                         : False
# paired                                  : False
# per_cell                                : False
# per_contig                              : False
# per_gene                                : False
# random_seed                             : None
# read_length                             : False
# short_help                              : None
# skip_regex                              : ^(__|Unassigned)
# soft_clip_threshold                     : 4
# spliced                                 : False
# stats                                   : False
# stderr                                  : <_io.TextIOWrapper name='<stderr>' mode='w' encoding='utf-8'>
# stdin                                   : <_io.TextIOWrapper name='analysis/74676/74676-maturemiRNA-aligned-bowtie1-beststratam1.bam' mode='r' encoding='UTF-8'>
# stdlog                                  : <_io.TextIOWrapper name='analysis/74676/74676-deduplicate-matureMirna-uniquemethod-beststratam1.log' mode='a' encoding='UTF-8'>
# stdout                                  : <_io.TextIOWrapper name='analysis/74676/74676_deduplicated-matureMirna-uniquemethod-beststratam1.bam' mode='w' encoding='UTF-8'>
# subset                                  : None
# threshold                               : 1
# timeit_file                             : None
# timeit_header                           : None
# timeit_name                             : all
# tmpdir                                  : None
# umi_sep                                 : _
# umi_tag                                 : RX
# umi_tag_delim                           : None
# umi_tag_split                           : None
# umi_whitelist                           : None
# umi_whitelist_paired                    : None
# unmapped_reads                          : discard
# unpaired_reads                          : use
# whole_contig                            : False
2022-09-04 20:23:00,986 INFO command: dedup --method=unique -I analysis/74676/74676-maturemiRNA-aligned-bowtie1-beststratam1.bam -S analysis/74676/74676_deduplicated-matureMirna-uniquemethod-beststratam1.bam -L analysis/74676/74676-deduplicate-matureMirna-uniquemethod-beststratam1.log
2022-09-04 20:23:02,344 INFO Reads: Input Reads: 150917
2022-09-04 20:23:02,344 INFO Number of reads out: 23594
2022-09-04 20:23:02,344 INFO Total number of positions deduplicated: 333
2022-09-04 20:23:02,344 INFO Mean number of unique UMIs per position: 70.85
2022-09-04 20:23:02,344 INFO Max. number of unique UMIs per position: 2959
# job finished in 1 seconds at Sun Sep  4 20:23:02 2022 --  2.57  0.14  0.00  0.00 -- 12444f13-a42e-4f48-abd5-9c2baf818bfb
