# UMI-tools version: 1.1.2
# output generated by count --method=unique --per-contig -I analysis/74676/74676-maturemiRNA-aligned-bowtie1-beststratam1.bam -L analysis/74676/74676_counts-uniquemethod-maturemiRNA.log -S analysis/74676/74676_counts-finaloutput-uniquemethod-maturemiRNA.txt
# job started at Sun Sep  4 12:28:02 2022 on MacBook-Air-di-Federico.local -- 1cab6bdf-f403-464c-ab20-4d47ec854548
# pid: 2184, system: Darwin 21.5.0 Darwin Kernel Version 21.5.0: Tue Apr 26 21:08:29 PDT 2022; root:xnu-8020.121.3~4/RELEASE_ARM64_T8101 x86_64
# assigned_tag                            : None
# cell_tag                                : None
# cell_tag_delim                          : None
# cell_tag_split                          : -
# chimeric_pairs                          : use
# chrom                                   : None
# compresslevel                           : 6
# filter_umi                              : None
# gene_tag                                : None
# gene_transcript_map                     : None
# get_umi_method                          : read_id
# ignore_tlen                             : False
# ignore_umi                              : False
# in_sam                                  : False
# log2stderr                              : False
# loglevel                                : 1
# mapping_quality                         : 0
# method                                  : unique
# no_sort_output                          : False
# out_sam                                 : False
# output_unmapped                         : False
# paired                                  : False
# per_cell                                : False
# per_contig                              : True
# per_gene                                : False
# random_seed                             : None
# read_length                             : False
# short_help                              : None
# skip_regex                              : ^(__|Unassigned)
# soft_clip_threshold                     : 4
# spliced                                 : False
# stderr                                  : <_io.TextIOWrapper name='<stderr>' mode='w' encoding='utf-8'>
# stdin                                   : <_io.TextIOWrapper name='analysis/74676/74676-maturemiRNA-aligned-bowtie1-beststratam1.bam' mode='r' encoding='UTF-8'>
# stdlog                                  : <_io.TextIOWrapper name='analysis/74676/74676_counts-uniquemethod-maturemiRNA.log' mode='a' encoding='UTF-8'>
# stdout                                  : <_io.TextIOWrapper name='analysis/74676/74676_counts-finaloutput-uniquemethod-maturemiRNA.txt' mode='w' encoding='UTF-8'>
# subset                                  : None
# threshold                               : 1
# timeit_file                             : None
# timeit_header                           : None
# timeit_name                             : all
# tmpdir                                  : None
# umi_sep                                 : _
# umi_tag                                 : RX
# umi_tag_delim                           : None
# umi_tag_split                           : None
# umi_whitelist                           : None
# umi_whitelist_paired                    : None
# unmapped_reads                          : discard
# unpaired_reads                          : use
# wide_format_cell_counts                 : False
2022-09-04 12:28:02,309 INFO command: count --method=unique --per-contig -I analysis/74676/74676-maturemiRNA-aligned-bowtie1-beststratam1.bam -L analysis/74676/74676_counts-uniquemethod-maturemiRNA.log -S analysis/74676/74676_counts-finaloutput-uniquemethod-maturemiRNA.txt
2022-09-04 12:28:02,315 INFO Input Reads: 641
2022-09-04 12:28:02,315 INFO Number of (post deduplication) reads counted: 98
# job finished in 0 seconds at Sun Sep  4 12:28:02 2022 --  0.83  0.07  0.00  0.00 -- 1cab6bdf-f403-464c-ab20-4d47ec854548
# UMI-tools version: 1.1.2
# output generated by count --method=unique --per-contig -I analysis/74676/74676-maturemiRNA-aligned-bowtie1-beststratam1.bam -L analysis/74676/74676_counts-uniquemethod-maturemiRNA.log -S analysis/74676/74676_counts-finaloutput-uniquemethod-maturemiRNA.txt
# job started at Mon Sep  5 18:03:58 2022 on MacBook-Air-di-Federico.local -- 9e615900-d2db-4e39-a51e-a1abde67280d
# pid: 13279, system: Darwin 21.5.0 Darwin Kernel Version 21.5.0: Tue Apr 26 21:08:29 PDT 2022; root:xnu-8020.121.3~4/RELEASE_ARM64_T8101 x86_64
# assigned_tag                            : None
# cell_tag                                : None
# cell_tag_delim                          : None
# cell_tag_split                          : -
# chimeric_pairs                          : use
# chrom                                   : None
# compresslevel                           : 6
# filter_umi                              : None
# gene_tag                                : None
# gene_transcript_map                     : None
# get_umi_method                          : read_id
# ignore_tlen                             : False
# ignore_umi                              : False
# in_sam                                  : False
# log2stderr                              : False
# loglevel                                : 1
# mapping_quality                         : 0
# method                                  : unique
# no_sort_output                          : False
# out_sam                                 : False
# output_unmapped                         : False
# paired                                  : False
# per_cell                                : False
# per_contig                              : True
# per_gene                                : False
# random_seed                             : None
# read_length                             : False
# short_help                              : None
# skip_regex                              : ^(__|Unassigned)
# soft_clip_threshold                     : 4
# spliced                                 : False
# stderr                                  : <_io.TextIOWrapper name='<stderr>' mode='w' encoding='utf-8'>
# stdin                                   : <_io.TextIOWrapper name='analysis/74676/74676-maturemiRNA-aligned-bowtie1-beststratam1.bam' mode='r' encoding='UTF-8'>
# stdlog                                  : <_io.TextIOWrapper name='analysis/74676/74676_counts-uniquemethod-maturemiRNA.log' mode='a' encoding='UTF-8'>
# stdout                                  : <_io.TextIOWrapper name='analysis/74676/74676_counts-finaloutput-uniquemethod-maturemiRNA.txt' mode='w' encoding='UTF-8'>
# subset                                  : None
# threshold                               : 1
# timeit_file                             : None
# timeit_header                           : None
# timeit_name                             : all
# tmpdir                                  : None
# umi_sep                                 : _
# umi_tag                                 : RX
# umi_tag_delim                           : None
# umi_tag_split                           : None
# umi_whitelist                           : None
# umi_whitelist_paired                    : None
# unmapped_reads                          : discard
# unpaired_reads                          : use
# wide_format_cell_counts                 : False
2022-09-05 18:03:58,282 INFO command: count --method=unique --per-contig -I analysis/74676/74676-maturemiRNA-aligned-bowtie1-beststratam1.bam -L analysis/74676/74676_counts-uniquemethod-maturemiRNA.log -S analysis/74676/74676_counts-finaloutput-uniquemethod-maturemiRNA.txt
2022-09-05 18:03:58,897 INFO Input Reads: 150917
2022-09-05 18:03:58,897 INFO Number of (post deduplication) reads counted: 23590
# job finished in 0 seconds at Mon Sep  5 18:03:58 2022 --  1.44  0.07  0.00  0.00 -- 9e615900-d2db-4e39-a51e-a1abde67280d
