# UMI-tools version: 1.1.2
# output generated by dedup --method=unique -I analysis/74676/74676-genomeaftermiRNA-aligned-bowtie1-beststratam1.bam -S analysis/74676/74676_deduplicated-genomeaftermiRNA-uniquemethod.bam -L analysis/74676/74676-deduplicate-genomeaftermiRNA-uniquemethod.log
# job started at Sun Sep  4 12:28:12 2022 on MacBook-Air-di-Federico.local -- db3cfb50-a7ab-4296-b5a1-0be5d0d8b1d8
# pid: 2202, system: Darwin 21.5.0 Darwin Kernel Version 21.5.0: Tue Apr 26 21:08:29 PDT 2022; root:xnu-8020.121.3~4/RELEASE_ARM64_T8101 x86_64
# assigned_tag                            : None
# cell_tag                                : None
# cell_tag_delim                          : None
# cell_tag_split                          : -
# chimeric_pairs                          : use
# chrom                                   : None
# compresslevel                           : 6
# detection_method                        : None
# filter_umi                              : None
# gene_tag                                : None
# gene_transcript_map                     : None
# get_umi_method                          : read_id
# ignore_tlen                             : False
# ignore_umi                              : False
# in_sam                                  : False
# log2stderr                              : False
# loglevel                                : 1
# mapping_quality                         : 0
# method                                  : unique
# no_sort_output                          : False
# out_sam                                 : False
# output_unmapped                         : False
# paired                                  : False
# per_cell                                : False
# per_contig                              : False
# per_gene                                : False
# random_seed                             : None
# read_length                             : False
# short_help                              : None
# skip_regex                              : ^(__|Unassigned)
# soft_clip_threshold                     : 4
# spliced                                 : False
# stats                                   : False
# stderr                                  : <_io.TextIOWrapper name='<stderr>' mode='w' encoding='utf-8'>
# stdin                                   : <_io.TextIOWrapper name='analysis/74676/74676-genomeaftermiRNA-aligned-bowtie1-beststratam1.bam' mode='r' encoding='UTF-8'>
# stdlog                                  : <_io.TextIOWrapper name='analysis/74676/74676-deduplicate-genomeaftermiRNA-uniquemethod.log' mode='a' encoding='UTF-8'>
# stdout                                  : <_io.TextIOWrapper name='analysis/74676/74676_deduplicated-genomeaftermiRNA-uniquemethod.bam' mode='w' encoding='UTF-8'>
# subset                                  : None
# threshold                               : 1
# timeit_file                             : None
# timeit_header                           : None
# timeit_name                             : all
# tmpdir                                  : None
# umi_sep                                 : _
# umi_tag                                 : RX
# umi_tag_delim                           : None
# umi_tag_split                           : None
# umi_whitelist                           : None
# umi_whitelist_paired                    : None
# unmapped_reads                          : discard
# unpaired_reads                          : use
# whole_contig                            : False
2022-09-04 12:28:12,360 INFO command: dedup --method=unique -I analysis/74676/74676-genomeaftermiRNA-aligned-bowtie1-beststratam1.bam -S analysis/74676/74676_deduplicated-genomeaftermiRNA-uniquemethod.bam -L analysis/74676/74676-deduplicate-genomeaftermiRNA-uniquemethod.log
2022-09-04 12:28:13,791 INFO Reads: Input Reads: 213805
2022-09-04 12:28:13,791 INFO Number of reads out: 34467
2022-09-04 12:28:13,791 INFO Total number of positions deduplicated: 6755
2022-09-04 12:28:13,791 INFO Mean number of unique UMIs per position: 5.10
2022-09-04 12:28:13,791 INFO Max. number of unique UMIs per position: 4261
# job finished in 1 seconds at Sun Sep  4 12:28:13 2022 --  2.37  0.13  0.00  0.00 -- db3cfb50-a7ab-4296-b5a1-0be5d0d8b1d8
# UMI-tools version: 1.1.2
# output generated by dedup --method=unique -I analysis/74676/74676-genomeaftermiRNA-aligned-bowtie1-beststratam1.bam -S analysis/74676/74676_deduplicated-genomeaftermiRNA-uniquemethod.bam -L analysis/74676/74676-deduplicate-genomeaftermiRNA-uniquemethod.log
# job started at Mon Sep  5 18:04:08 2022 on MacBook-Air-di-Federico.local -- 776e34c9-4214-43bb-af8b-f09ec35752e7
# pid: 13292, system: Darwin 21.5.0 Darwin Kernel Version 21.5.0: Tue Apr 26 21:08:29 PDT 2022; root:xnu-8020.121.3~4/RELEASE_ARM64_T8101 x86_64
# assigned_tag                            : None
# cell_tag                                : None
# cell_tag_delim                          : None
# cell_tag_split                          : -
# chimeric_pairs                          : use
# chrom                                   : None
# compresslevel                           : 6
# detection_method                        : None
# filter_umi                              : None
# gene_tag                                : None
# gene_transcript_map                     : None
# get_umi_method                          : read_id
# ignore_tlen                             : False
# ignore_umi                              : False
# in_sam                                  : False
# log2stderr                              : False
# loglevel                                : 1
# mapping_quality                         : 0
# method                                  : unique
# no_sort_output                          : False
# out_sam                                 : False
# output_unmapped                         : False
# paired                                  : False
# per_cell                                : False
# per_contig                              : False
# per_gene                                : False
# random_seed                             : None
# read_length                             : False
# short_help                              : None
# skip_regex                              : ^(__|Unassigned)
# soft_clip_threshold                     : 4
# spliced                                 : False
# stats                                   : False
# stderr                                  : <_io.TextIOWrapper name='<stderr>' mode='w' encoding='utf-8'>
# stdin                                   : <_io.TextIOWrapper name='analysis/74676/74676-genomeaftermiRNA-aligned-bowtie1-beststratam1.bam' mode='r' encoding='UTF-8'>
# stdlog                                  : <_io.TextIOWrapper name='analysis/74676/74676-deduplicate-genomeaftermiRNA-uniquemethod.log' mode='a' encoding='UTF-8'>
# stdout                                  : <_io.TextIOWrapper name='analysis/74676/74676_deduplicated-genomeaftermiRNA-uniquemethod.bam' mode='w' encoding='UTF-8'>
# subset                                  : None
# threshold                               : 1
# timeit_file                             : None
# timeit_header                           : None
# timeit_name                             : all
# tmpdir                                  : None
# umi_sep                                 : _
# umi_tag                                 : RX
# umi_tag_delim                           : None
# umi_tag_split                           : None
# umi_whitelist                           : None
# umi_whitelist_paired                    : None
# unmapped_reads                          : discard
# unpaired_reads                          : use
# whole_contig                            : False
2022-09-05 18:04:08,705 INFO command: dedup --method=unique -I analysis/74676/74676-genomeaftermiRNA-aligned-bowtie1-beststratam1.bam -S analysis/74676/74676_deduplicated-genomeaftermiRNA-uniquemethod.bam -L analysis/74676/74676-deduplicate-genomeaftermiRNA-uniquemethod.log
2022-09-05 18:04:09,411 INFO Reads: Input Reads: 97562
2022-09-05 18:04:09,411 INFO Number of reads out: 18811
2022-09-05 18:04:09,411 INFO Total number of positions deduplicated: 6686
2022-09-05 18:04:09,411 INFO Mean number of unique UMIs per position: 2.81
2022-09-05 18:04:09,411 INFO Max. number of unique UMIs per position: 1794
# job finished in 0 seconds at Mon Sep  5 18:04:09 2022 --  1.65  0.13  0.00  0.00 -- 776e34c9-4214-43bb-af8b-f09ec35752e7
