# UMI-tools version: 1.1.2
# output generated by extract --stdin=Fastq-files/74680.fastq.gz --log=analysis/74680/74680-UMIextraction-fromrawreads.log --stdout=analysis/74680/74680-directUMIextracted.fastq --extract-method=regex --bc-pattern=.+(?P<discard_1>AACTGTAGGCACCATCAAT){s<=2}(?P<umi_1>.{12})(?P<discard_2>.+)
# job started at Sun Sep  4 12:55:16 2022 on MacBook-Air-di-Federico.local -- 8ae34651-72a2-4fde-a393-51da73ea8218
# pid: 2748, system: Darwin 21.5.0 Darwin Kernel Version 21.5.0: Tue Apr 26 21:08:29 PDT 2022; root:xnu-8020.121.3~4/RELEASE_ARM64_T8101 x86_64
# blacklist                               : None
# compresslevel                           : 6
# correct_umi_threshold                   : 0
# either_read                             : False
# either_read_resolve                     : discard
# error_correct_cell                      : False
# extract_method                          : regex
# filter_cell_barcode                     : None
# filter_cell_barcodes                    : False
# filter_umi                              : None
# filtered_out                            : None
# filtered_out2                           : None
# ignore_suffix                           : False
# log2stderr                              : False
# loglevel                                : 1
# pattern                                 : .+(?P<discard_1>AACTGTAGGCACCATCAAT){s<=2}(?P<umi_1>.{12})(?P<discard_2>.+)
# pattern2                                : None
# prime3                                  : None
# quality_encoding                        : None
# quality_filter_mask                     : None
# quality_filter_threshold                : None
# random_seed                             : None
# read2_in                                : None
# read2_out                               : False
# read2_stdout                            : False
# reads_subset                            : None
# reconcile                               : False
# retain_umi                              : None
# short_help                              : None
# stderr                                  : <_io.TextIOWrapper name='<stderr>' mode='w' encoding='utf-8'>
# stdin                                   : <_io.TextIOWrapper name='Fastq-files/74680.fastq.gz' encoding='ascii'>
# stdlog                                  : <_io.TextIOWrapper name='analysis/74680/74680-UMIextraction-fromrawreads.log' mode='a' encoding='UTF-8'>
# stdout                                  : <_io.TextIOWrapper name='analysis/74680/74680-directUMIextracted.fastq' mode='w' encoding='UTF-8'>
# timeit_file                             : None
# timeit_header                           : None
# timeit_name                             : all
# tmpdir                                  : None
# umi_correct_log                         : None
# umi_whitelist                           : None
# umi_whitelist_paired                    : None
# whitelist                               : None
2022-09-04 12:55:16,576 INFO Starting barcode extraction
2022-09-04 12:55:19,614 INFO Parsed 100000 reads
2022-09-04 12:55:22,746 INFO Parsed 200000 reads
2022-09-04 12:55:25,707 INFO Parsed 300000 reads
2022-09-04 12:55:28,661 INFO Parsed 400000 reads
2022-09-04 12:55:31,608 INFO Parsed 500000 reads
2022-09-04 12:55:34,754 INFO Parsed 600000 reads
2022-09-04 12:55:37,724 INFO Parsed 700000 reads
2022-09-04 12:55:40,735 INFO Parsed 800000 reads
2022-09-04 12:55:43,697 INFO Parsed 900000 reads
2022-09-04 12:55:46,639 INFO Parsed 1000000 reads
2022-09-04 12:55:49,583 INFO Parsed 1100000 reads
2022-09-04 12:55:52,534 INFO Parsed 1200000 reads
2022-09-04 12:55:55,481 INFO Parsed 1300000 reads
2022-09-04 12:55:58,430 INFO Parsed 1400000 reads
2022-09-04 12:56:01,375 INFO Parsed 1500000 reads
2022-09-04 12:56:04,312 INFO Parsed 1600000 reads
2022-09-04 12:56:07,336 INFO Parsed 1700000 reads
2022-09-04 12:56:10,286 INFO Parsed 1800000 reads
2022-09-04 12:56:13,241 INFO Parsed 1900000 reads
2022-09-04 12:56:16,197 INFO Parsed 2000000 reads
2022-09-04 12:56:19,148 INFO Parsed 2100000 reads
2022-09-04 12:56:22,114 INFO Parsed 2200000 reads
2022-09-04 12:56:25,088 INFO Parsed 2300000 reads
2022-09-04 12:56:28,057 INFO Parsed 2400000 reads
2022-09-04 12:56:31,005 INFO Parsed 2500000 reads
2022-09-04 12:56:33,993 INFO Parsed 2600000 reads
2022-09-04 12:56:37,002 INFO Parsed 2700000 reads
2022-09-04 12:56:39,975 INFO Parsed 2800000 reads
2022-09-04 12:56:42,907 INFO Parsed 2900000 reads
2022-09-04 12:56:45,860 INFO Parsed 3000000 reads
2022-09-04 12:56:48,808 INFO Parsed 3100000 reads
2022-09-04 12:56:51,780 INFO Parsed 3200000 reads
2022-09-04 12:56:54,732 INFO Parsed 3300000 reads
2022-09-04 12:56:57,695 INFO Parsed 3400000 reads
2022-09-04 12:57:00,627 INFO Parsed 3500000 reads
2022-09-04 12:57:03,574 INFO Parsed 3600000 reads
2022-09-04 12:57:06,516 INFO Parsed 3700000 reads
2022-09-04 12:57:09,519 INFO Parsed 3800000 reads
2022-09-04 12:57:12,501 INFO Parsed 3900000 reads
2022-09-04 12:57:15,455 INFO Parsed 4000000 reads
2022-09-04 12:57:18,387 INFO Parsed 4100000 reads
2022-09-04 12:57:21,386 INFO Parsed 4200000 reads
2022-09-04 12:57:24,414 INFO Parsed 4300000 reads
2022-09-04 12:57:27,375 INFO Parsed 4400000 reads
2022-09-04 12:57:30,401 INFO Parsed 4500000 reads
2022-09-04 12:57:33,426 INFO Parsed 4600000 reads
2022-09-04 12:57:36,447 INFO Parsed 4700000 reads
2022-09-04 12:57:39,475 INFO Parsed 4800000 reads
2022-09-04 12:57:42,413 INFO Parsed 4900000 reads
2022-09-04 12:57:45,381 INFO Parsed 5000000 reads
2022-09-04 12:57:48,329 INFO Parsed 5100000 reads
2022-09-04 12:57:51,262 INFO Parsed 5200000 reads
2022-09-04 12:57:54,236 INFO Parsed 5300000 reads
2022-09-04 12:57:57,220 INFO Parsed 5400000 reads
2022-09-04 12:58:00,221 INFO Parsed 5500000 reads
2022-09-04 12:58:03,206 INFO Parsed 5600000 reads
2022-09-04 12:58:06,177 INFO Parsed 5700000 reads
2022-09-04 12:58:09,147 INFO Parsed 5800000 reads
2022-09-04 12:58:22,814 INFO Parsed 5900000 reads
2022-09-04 12:58:27,580 INFO Parsed 6000000 reads
2022-09-04 12:58:32,268 INFO Parsed 6100000 reads
2022-09-04 12:58:35,367 INFO Parsed 6200000 reads
2022-09-04 12:58:38,430 INFO Parsed 6300000 reads
2022-09-04 12:58:41,553 INFO Parsed 6400000 reads
2022-09-04 12:58:44,537 INFO Parsed 6500000 reads
2022-09-04 12:58:47,580 INFO Parsed 6600000 reads
2022-09-04 12:58:50,977 INFO Parsed 6700000 reads
2022-09-04 12:58:53,944 INFO Parsed 6800000 reads
2022-09-04 12:58:57,005 INFO Parsed 6900000 reads
2022-09-04 12:58:59,989 INFO Parsed 7000000 reads
2022-09-04 12:59:03,151 INFO Parsed 7100000 reads
2022-09-04 12:59:06,155 INFO Parsed 7200000 reads
2022-09-04 12:59:09,196 INFO Parsed 7300000 reads
2022-09-04 12:59:12,255 INFO Parsed 7400000 reads
2022-09-04 12:59:15,205 INFO Parsed 7500000 reads
2022-09-04 12:59:18,179 INFO Parsed 7600000 reads
2022-09-04 12:59:21,160 INFO Parsed 7700000 reads
2022-09-04 12:59:24,122 INFO Parsed 7800000 reads
2022-09-04 12:59:27,069 INFO Parsed 7900000 reads
2022-09-04 12:59:30,018 INFO Parsed 8000000 reads
2022-09-04 12:59:33,027 INFO Parsed 8100000 reads
2022-09-04 12:59:36,066 INFO Parsed 8200000 reads
2022-09-04 12:59:39,658 INFO Parsed 8300000 reads
2022-09-04 12:59:42,912 INFO Parsed 8400000 reads
2022-09-04 12:59:46,096 INFO Parsed 8500000 reads
2022-09-04 12:59:49,265 INFO Parsed 8600000 reads
2022-09-04 12:59:52,461 INFO Parsed 8700000 reads
2022-09-04 12:59:55,626 INFO Parsed 8800000 reads
2022-09-04 12:59:58,688 INFO Parsed 8900000 reads
2022-09-04 13:00:01,747 INFO Parsed 9000000 reads
2022-09-04 13:00:04,826 INFO Parsed 9100000 reads
2022-09-04 13:00:07,881 INFO Parsed 9200000 reads
2022-09-04 13:00:10,882 INFO Parsed 9300000 reads
2022-09-04 13:00:13,840 INFO Parsed 9400000 reads
2022-09-04 13:00:16,780 INFO Parsed 9500000 reads
2022-09-04 13:00:19,724 INFO Parsed 9600000 reads
2022-09-04 13:00:22,727 INFO Parsed 9700000 reads
2022-09-04 13:00:25,751 INFO Parsed 9800000 reads
2022-09-04 13:00:28,807 INFO Parsed 9900000 reads
2022-09-04 13:00:31,864 INFO Parsed 10000000 reads
2022-09-04 13:00:34,897 INFO Parsed 10100000 reads
2022-09-04 13:00:37,951 INFO Parsed 10200000 reads
2022-09-04 13:00:41,020 INFO Parsed 10300000 reads
2022-09-04 13:00:44,066 INFO Parsed 10400000 reads
2022-09-04 13:00:47,127 INFO Parsed 10500000 reads
2022-09-04 13:00:50,163 INFO Parsed 10600000 reads
2022-09-04 13:00:53,099 INFO Parsed 10700000 reads
2022-09-04 13:00:56,017 INFO Parsed 10800000 reads
2022-09-04 13:00:59,040 INFO Parsed 10900000 reads
2022-09-04 13:01:01,927 INFO Input Reads: 10997264
2022-09-04 13:01:01,927 INFO regex matches read1: 10084606
2022-09-04 13:01:01,927 INFO Reads output: 10084606
2022-09-04 13:01:01,927 INFO regex does not match read1: 912658
# job finished in 345 seconds at Sun Sep  4 13:01:01 2022 -- 327.26  2.16  0.00  0.00 -- 8ae34651-72a2-4fde-a393-51da73ea8218
