# UMI-tools version: 1.1.2
# output generated by dedup --method=unique -I analysis/74680/74680-genomeaftermiRNA-aligned-bowtie1-beststratam1.bam -S analysis/74680/74680_deduplicated-genomeaftermiRNA-uniquemethod.bam -L analysis/74680/74680-deduplicate-genomeaftermiRNA-uniquemethod.log
# job started at Sun Sep  4 13:02:16 2022 on MacBook-Air-di-Federico.local -- c58a2e81-03ed-4a29-ab07-dfae9eb9b60c
# pid: 2971, system: Darwin 21.5.0 Darwin Kernel Version 21.5.0: Tue Apr 26 21:08:29 PDT 2022; root:xnu-8020.121.3~4/RELEASE_ARM64_T8101 x86_64
# assigned_tag                            : None
# cell_tag                                : None
# cell_tag_delim                          : None
# cell_tag_split                          : -
# chimeric_pairs                          : use
# chrom                                   : None
# compresslevel                           : 6
# detection_method                        : None
# filter_umi                              : None
# gene_tag                                : None
# gene_transcript_map                     : None
# get_umi_method                          : read_id
# ignore_tlen                             : False
# ignore_umi                              : False
# in_sam                                  : False
# log2stderr                              : False
# loglevel                                : 1
# mapping_quality                         : 0
# method                                  : unique
# no_sort_output                          : False
# out_sam                                 : False
# output_unmapped                         : False
# paired                                  : False
# per_cell                                : False
# per_contig                              : False
# per_gene                                : False
# random_seed                             : None
# read_length                             : False
# short_help                              : None
# skip_regex                              : ^(__|Unassigned)
# soft_clip_threshold                     : 4
# spliced                                 : False
# stats                                   : False
# stderr                                  : <_io.TextIOWrapper name='<stderr>' mode='w' encoding='utf-8'>
# stdin                                   : <_io.TextIOWrapper name='analysis/74680/74680-genomeaftermiRNA-aligned-bowtie1-beststratam1.bam' mode='r' encoding='UTF-8'>
# stdlog                                  : <_io.TextIOWrapper name='analysis/74680/74680-deduplicate-genomeaftermiRNA-uniquemethod.log' mode='a' encoding='UTF-8'>
# stdout                                  : <_io.TextIOWrapper name='analysis/74680/74680_deduplicated-genomeaftermiRNA-uniquemethod.bam' mode='w' encoding='UTF-8'>
# subset                                  : None
# threshold                               : 1
# timeit_file                             : None
# timeit_header                           : None
# timeit_name                             : all
# tmpdir                                  : None
# umi_sep                                 : _
# umi_tag                                 : RX
# umi_tag_delim                           : None
# umi_tag_split                           : None
# umi_whitelist                           : None
# umi_whitelist_paired                    : None
# unmapped_reads                          : discard
# unpaired_reads                          : use
# whole_contig                            : False
2022-09-04 13:02:16,097 INFO command: dedup --method=unique -I analysis/74680/74680-genomeaftermiRNA-aligned-bowtie1-beststratam1.bam -S analysis/74680/74680_deduplicated-genomeaftermiRNA-uniquemethod.bam -L analysis/74680/74680-deduplicate-genomeaftermiRNA-uniquemethod.log
2022-09-04 13:02:26,891 INFO Parsed 1000000 input reads
2022-09-04 13:02:27,067 INFO Written out 100000 reads
2022-09-04 13:02:29,577 INFO Parsed 2000000 input reads
2022-09-04 13:02:30,034 INFO Written out 200000 reads
2022-09-04 13:02:31,716 INFO Reads: Input Reads: 2307969
2022-09-04 13:02:31,716 INFO Number of reads out: 224566
2022-09-04 13:02:31,716 INFO Total number of positions deduplicated: 11603
2022-09-04 13:02:31,716 INFO Mean number of unique UMIs per position: 19.35
2022-09-04 13:02:31,716 INFO Max. number of unique UMIs per position: 74654
# job finished in 15 seconds at Sun Sep  4 13:02:31 2022 -- 16.45  0.28  0.00  0.00 -- c58a2e81-03ed-4a29-ab07-dfae9eb9b60c
# UMI-tools version: 1.1.2
# output generated by dedup --method=unique -I analysis/74680/74680-genomeaftermiRNA-aligned-bowtie1-beststratam1.bam -S analysis/74680/74680_deduplicated-genomeaftermiRNA-uniquemethod.bam -L analysis/74680/74680-deduplicate-genomeaftermiRNA-uniquemethod.log
# job started at Mon Sep  5 18:10:53 2022 on MacBook-Air-di-Federico.local -- f1ef500c-0659-499b-b137-ba2a1d7d38ed
# pid: 13514, system: Darwin 21.5.0 Darwin Kernel Version 21.5.0: Tue Apr 26 21:08:29 PDT 2022; root:xnu-8020.121.3~4/RELEASE_ARM64_T8101 x86_64
# assigned_tag                            : None
# cell_tag                                : None
# cell_tag_delim                          : None
# cell_tag_split                          : -
# chimeric_pairs                          : use
# chrom                                   : None
# compresslevel                           : 6
# detection_method                        : None
# filter_umi                              : None
# gene_tag                                : None
# gene_transcript_map                     : None
# get_umi_method                          : read_id
# ignore_tlen                             : False
# ignore_umi                              : False
# in_sam                                  : False
# log2stderr                              : False
# loglevel                                : 1
# mapping_quality                         : 0
# method                                  : unique
# no_sort_output                          : False
# out_sam                                 : False
# output_unmapped                         : False
# paired                                  : False
# per_cell                                : False
# per_contig                              : False
# per_gene                                : False
# random_seed                             : None
# read_length                             : False
# short_help                              : None
# skip_regex                              : ^(__|Unassigned)
# soft_clip_threshold                     : 4
# spliced                                 : False
# stats                                   : False
# stderr                                  : <_io.TextIOWrapper name='<stderr>' mode='w' encoding='utf-8'>
# stdin                                   : <_io.TextIOWrapper name='analysis/74680/74680-genomeaftermiRNA-aligned-bowtie1-beststratam1.bam' mode='r' encoding='UTF-8'>
# stdlog                                  : <_io.TextIOWrapper name='analysis/74680/74680-deduplicate-genomeaftermiRNA-uniquemethod.log' mode='a' encoding='UTF-8'>
# stdout                                  : <_io.TextIOWrapper name='analysis/74680/74680_deduplicated-genomeaftermiRNA-uniquemethod.bam' mode='w' encoding='UTF-8'>
# subset                                  : None
# threshold                               : 1
# timeit_file                             : None
# timeit_header                           : None
# timeit_name                             : all
# tmpdir                                  : None
# umi_sep                                 : _
# umi_tag                                 : RX
# umi_tag_delim                           : None
# umi_tag_split                           : None
# umi_whitelist                           : None
# umi_whitelist_paired                    : None
# unmapped_reads                          : discard
# unpaired_reads                          : use
# whole_contig                            : False
2022-09-05 18:10:53,660 INFO command: dedup --method=unique -I analysis/74680/74680-genomeaftermiRNA-aligned-bowtie1-beststratam1.bam -S analysis/74680/74680_deduplicated-genomeaftermiRNA-uniquemethod.bam -L analysis/74680/74680-deduplicate-genomeaftermiRNA-uniquemethod.log
2022-09-05 18:10:57,210 INFO Written out 100000 reads
2022-09-05 18:10:57,930 INFO Reads: Input Reads: 638059
2022-09-05 18:10:57,930 INFO Number of reads out: 114427
2022-09-05 18:10:57,930 INFO Total number of positions deduplicated: 11536
2022-09-05 18:10:57,930 INFO Mean number of unique UMIs per position: 9.92
2022-09-05 18:10:57,930 INFO Max. number of unique UMIs per position: 29579
# job finished in 4 seconds at Mon Sep  5 18:10:57 2022 --  5.16  0.17  0.00  0.00 -- f1ef500c-0659-499b-b137-ba2a1d7d38ed
