# UMI-tools version: 1.1.2
# output generated by count --method=unique --per-contig -I analysis/74680/74680-maturemiRNA-aligned-bowtie1-beststratam1.bam -L analysis/74680/74680_counts-uniquemethod-maturemiRNA.log -S analysis/74680/74680_counts-finaloutput-uniquemethod-maturemiRNA.txt
# job started at Sun Sep  4 13:01:41 2022 on MacBook-Air-di-Federico.local -- a5d71b04-b398-45eb-973b-debd9d80c16f
# pid: 2932, system: Darwin 21.5.0 Darwin Kernel Version 21.5.0: Tue Apr 26 21:08:29 PDT 2022; root:xnu-8020.121.3~4/RELEASE_ARM64_T8101 x86_64
# assigned_tag                            : None
# cell_tag                                : None
# cell_tag_delim                          : None
# cell_tag_split                          : -
# chimeric_pairs                          : use
# chrom                                   : None
# compresslevel                           : 6
# filter_umi                              : None
# gene_tag                                : None
# gene_transcript_map                     : None
# get_umi_method                          : read_id
# ignore_tlen                             : False
# ignore_umi                              : False
# in_sam                                  : False
# log2stderr                              : False
# loglevel                                : 1
# mapping_quality                         : 0
# method                                  : unique
# no_sort_output                          : False
# out_sam                                 : False
# output_unmapped                         : False
# paired                                  : False
# per_cell                                : False
# per_contig                              : True
# per_gene                                : False
# random_seed                             : None
# read_length                             : False
# short_help                              : None
# skip_regex                              : ^(__|Unassigned)
# soft_clip_threshold                     : 4
# spliced                                 : False
# stderr                                  : <_io.TextIOWrapper name='<stderr>' mode='w' encoding='utf-8'>
# stdin                                   : <_io.TextIOWrapper name='analysis/74680/74680-maturemiRNA-aligned-bowtie1-beststratam1.bam' mode='r' encoding='UTF-8'>
# stdlog                                  : <_io.TextIOWrapper name='analysis/74680/74680_counts-uniquemethod-maturemiRNA.log' mode='a' encoding='UTF-8'>
# stdout                                  : <_io.TextIOWrapper name='analysis/74680/74680_counts-finaloutput-uniquemethod-maturemiRNA.txt' mode='w' encoding='UTF-8'>
# subset                                  : None
# threshold                               : 1
# timeit_file                             : None
# timeit_header                           : None
# timeit_name                             : all
# tmpdir                                  : None
# umi_sep                                 : _
# umi_tag                                 : RX
# umi_tag_delim                           : None
# umi_tag_split                           : None
# umi_whitelist                           : None
# umi_whitelist_paired                    : None
# unmapped_reads                          : discard
# unpaired_reads                          : use
# wide_format_cell_counts                 : False
2022-09-04 13:01:41,336 INFO command: count --method=unique --per-contig -I analysis/74680/74680-maturemiRNA-aligned-bowtie1-beststratam1.bam -L analysis/74680/74680_counts-uniquemethod-maturemiRNA.log -S analysis/74680/74680_counts-finaloutput-uniquemethod-maturemiRNA.txt
2022-09-04 13:01:41,364 INFO Input Reads: 1249
2022-09-04 13:01:41,364 INFO Number of (post deduplication) reads counted: 113
# job finished in 0 seconds at Sun Sep  4 13:01:41 2022 --  0.93  0.15  0.00  0.00 -- a5d71b04-b398-45eb-973b-debd9d80c16f
# UMI-tools version: 1.1.2
# output generated by count --method=unique --per-contig -I analysis/74680/74680-maturemiRNA-aligned-bowtie1-beststratam1.bam -L analysis/74680/74680_counts-uniquemethod-maturemiRNA.log -S analysis/74680/74680_counts-finaloutput-uniquemethod-maturemiRNA.txt
# job started at Sun Sep  4 20:27:27 2022 on MacBook-Air-di-Federico.local -- 7bb8ee3a-2831-42a3-9cf9-955bd9ae17ab
# pid: 71291, system: Darwin 21.5.0 Darwin Kernel Version 21.5.0: Tue Apr 26 21:08:29 PDT 2022; root:xnu-8020.121.3~4/RELEASE_ARM64_T8101 x86_64
# assigned_tag                            : None
# cell_tag                                : None
# cell_tag_delim                          : None
# cell_tag_split                          : -
# chimeric_pairs                          : use
# chrom                                   : None
# compresslevel                           : 6
# filter_umi                              : None
# gene_tag                                : None
# gene_transcript_map                     : None
# get_umi_method                          : read_id
# ignore_tlen                             : False
# ignore_umi                              : False
# in_sam                                  : False
# log2stderr                              : False
# loglevel                                : 1
# mapping_quality                         : 0
# method                                  : unique
# no_sort_output                          : False
# out_sam                                 : False
# output_unmapped                         : False
# paired                                  : False
# per_cell                                : False
# per_contig                              : True
# per_gene                                : False
# random_seed                             : None
# read_length                             : False
# short_help                              : None
# skip_regex                              : ^(__|Unassigned)
# soft_clip_threshold                     : 4
# spliced                                 : False
# stderr                                  : <_io.TextIOWrapper name='<stderr>' mode='w' encoding='utf-8'>
# stdin                                   : <_io.TextIOWrapper name='analysis/74680/74680-maturemiRNA-aligned-bowtie1-beststratam1.bam' mode='r' encoding='UTF-8'>
# stdlog                                  : <_io.TextIOWrapper name='analysis/74680/74680_counts-uniquemethod-maturemiRNA.log' mode='a' encoding='UTF-8'>
# stdout                                  : <_io.TextIOWrapper name='analysis/74680/74680_counts-finaloutput-uniquemethod-maturemiRNA.txt' mode='w' encoding='UTF-8'>
# subset                                  : None
# threshold                               : 1
# timeit_file                             : None
# timeit_header                           : None
# timeit_name                             : all
# tmpdir                                  : None
# umi_sep                                 : _
# umi_tag                                 : RX
# umi_tag_delim                           : None
# umi_tag_split                           : None
# umi_whitelist                           : None
# umi_whitelist_paired                    : None
# unmapped_reads                          : discard
# unpaired_reads                          : use
# wide_format_cell_counts                 : False
2022-09-04 20:27:27,751 INFO command: count --method=unique --per-contig -I analysis/74680/74680-maturemiRNA-aligned-bowtie1-beststratam1.bam -L analysis/74680/74680_counts-uniquemethod-maturemiRNA.log -S analysis/74680/74680_counts-finaloutput-uniquemethod-maturemiRNA.txt
2022-09-04 20:27:32,694 INFO Parsed 1000000 input reads
2022-09-04 20:27:37,704 INFO Parsed 2000000 input reads
2022-09-04 20:27:37,880 INFO Input Reads: 2063833
2022-09-04 20:27:37,880 INFO Number of (post deduplication) reads counted: 192617
# job finished in 10 seconds at Sun Sep  4 20:27:37 2022 -- 11.17  0.16  0.00  0.00 -- 7bb8ee3a-2831-42a3-9cf9-955bd9ae17ab
