# UMI-tools version: 1.1.2
# output generated by extract --stdin=Fastq-files/74670.fastq.gz --log=analysis/74670/74670-UMIextraction-fromrawreads.log --stdout=analysis/74670/74670-directUMIextracted.fastq --extract-method=regex --bc-pattern=.+(?P<discard_1>AACTGTAGGCACCATCAAT){s<=2}(?P<umi_1>.{12})(?P<discard_2>.+)
# job started at Sun Sep  4 11:47:42 2022 on MacBook-Air-di-Federico.local -- e710dd9b-3c72-431d-951d-764174eac6f7
# pid: 1547, system: Darwin 21.5.0 Darwin Kernel Version 21.5.0: Tue Apr 26 21:08:29 PDT 2022; root:xnu-8020.121.3~4/RELEASE_ARM64_T8101 x86_64
# blacklist                               : None
# compresslevel                           : 6
# correct_umi_threshold                   : 0
# either_read                             : False
# either_read_resolve                     : discard
# error_correct_cell                      : False
# extract_method                          : regex
# filter_cell_barcode                     : None
# filter_cell_barcodes                    : False
# filter_umi                              : None
# filtered_out                            : None
# filtered_out2                           : None
# ignore_suffix                           : False
# log2stderr                              : False
# loglevel                                : 1
# pattern                                 : .+(?P<discard_1>AACTGTAGGCACCATCAAT){s<=2}(?P<umi_1>.{12})(?P<discard_2>.+)
# pattern2                                : None
# prime3                                  : None
# quality_encoding                        : None
# quality_filter_mask                     : None
# quality_filter_threshold                : None
# random_seed                             : None
# read2_in                                : None
# read2_out                               : False
# read2_stdout                            : False
# reads_subset                            : None
# reconcile                               : False
# retain_umi                              : None
# short_help                              : None
# stderr                                  : <_io.TextIOWrapper name='<stderr>' mode='w' encoding='utf-8'>
# stdin                                   : <_io.TextIOWrapper name='Fastq-files/74670.fastq.gz' encoding='ascii'>
# stdlog                                  : <_io.TextIOWrapper name='analysis/74670/74670-UMIextraction-fromrawreads.log' mode='a' encoding='UTF-8'>
# stdout                                  : <_io.TextIOWrapper name='analysis/74670/74670-directUMIextracted.fastq' mode='w' encoding='UTF-8'>
# timeit_file                             : None
# timeit_header                           : None
# timeit_name                             : all
# tmpdir                                  : None
# umi_correct_log                         : None
# umi_whitelist                           : None
# umi_whitelist_paired                    : None
# whitelist                               : None
2022-09-04 11:47:42,245 INFO Starting barcode extraction
2022-09-04 11:47:45,072 INFO Parsed 100000 reads
2022-09-04 11:47:47,910 INFO Parsed 200000 reads
2022-09-04 11:47:50,744 INFO Parsed 300000 reads
2022-09-04 11:47:53,635 INFO Parsed 400000 reads
2022-09-04 11:47:56,481 INFO Parsed 500000 reads
2022-09-04 11:47:59,353 INFO Parsed 600000 reads
2022-09-04 11:48:02,330 INFO Parsed 700000 reads
2022-09-04 11:48:05,494 INFO Parsed 800000 reads
2022-09-04 11:48:08,396 INFO Parsed 900000 reads
2022-09-04 11:48:11,242 INFO Parsed 1000000 reads
2022-09-04 11:48:14,129 INFO Parsed 1100000 reads
2022-09-04 11:48:17,181 INFO Parsed 1200000 reads
2022-09-04 11:48:20,080 INFO Parsed 1300000 reads
2022-09-04 11:48:22,984 INFO Parsed 1400000 reads
2022-09-04 11:48:25,843 INFO Parsed 1500000 reads
2022-09-04 11:48:28,724 INFO Parsed 1600000 reads
2022-09-04 11:48:31,634 INFO Parsed 1700000 reads
2022-09-04 11:48:34,498 INFO Parsed 1800000 reads
2022-09-04 11:48:37,401 INFO Parsed 1900000 reads
2022-09-04 11:48:40,268 INFO Parsed 2000000 reads
2022-09-04 11:48:43,163 INFO Parsed 2100000 reads
2022-09-04 11:48:46,120 INFO Parsed 2200000 reads
2022-09-04 11:48:48,969 INFO Parsed 2300000 reads
2022-09-04 11:48:51,843 INFO Parsed 2400000 reads
2022-09-04 11:48:54,692 INFO Parsed 2500000 reads
2022-09-04 11:48:57,547 INFO Parsed 2600000 reads
2022-09-04 11:49:00,442 INFO Parsed 2700000 reads
2022-09-04 11:49:03,297 INFO Parsed 2800000 reads
2022-09-04 11:49:06,171 INFO Parsed 2900000 reads
2022-09-04 11:49:09,039 INFO Parsed 3000000 reads
2022-09-04 11:49:11,883 INFO Parsed 3100000 reads
2022-09-04 11:49:14,808 INFO Parsed 3200000 reads
2022-09-04 11:49:17,678 INFO Parsed 3300000 reads
2022-09-04 11:49:20,522 INFO Parsed 3400000 reads
2022-09-04 11:49:23,412 INFO Parsed 3500000 reads
2022-09-04 11:49:26,267 INFO Parsed 3600000 reads
2022-09-04 11:49:29,398 INFO Parsed 3700000 reads
2022-09-04 11:49:32,572 INFO Parsed 3800000 reads
2022-09-04 11:49:35,432 INFO Parsed 3900000 reads
2022-09-04 11:49:38,304 INFO Parsed 4000000 reads
2022-09-04 11:49:41,177 INFO Parsed 4100000 reads
2022-09-04 11:49:44,075 INFO Parsed 4200000 reads
2022-09-04 11:49:46,918 INFO Parsed 4300000 reads
2022-09-04 11:49:49,767 INFO Parsed 4400000 reads
2022-09-04 11:49:52,602 INFO Parsed 4500000 reads
2022-09-04 11:49:55,496 INFO Parsed 4600000 reads
2022-09-04 11:49:58,358 INFO Parsed 4700000 reads
2022-09-04 11:50:01,272 INFO Parsed 4800000 reads
2022-09-04 11:50:04,121 INFO Parsed 4900000 reads
2022-09-04 11:50:06,976 INFO Parsed 5000000 reads
2022-09-04 11:50:09,879 INFO Parsed 5100000 reads
2022-09-04 11:50:12,712 INFO Parsed 5200000 reads
2022-09-04 11:50:15,542 INFO Parsed 5300000 reads
2022-09-04 11:50:18,387 INFO Parsed 5400000 reads
2022-09-04 11:50:21,233 INFO Parsed 5500000 reads
2022-09-04 11:50:24,127 INFO Parsed 5600000 reads
2022-09-04 11:50:26,978 INFO Parsed 5700000 reads
2022-09-04 11:50:29,836 INFO Parsed 5800000 reads
2022-09-04 11:50:32,686 INFO Parsed 5900000 reads
2022-09-04 11:50:35,521 INFO Parsed 6000000 reads
2022-09-04 11:50:38,354 INFO Parsed 6100000 reads
2022-09-04 11:50:41,307 INFO Parsed 6200000 reads
2022-09-04 11:50:44,138 INFO Parsed 6300000 reads
2022-09-04 11:50:46,998 INFO Parsed 6400000 reads
2022-09-04 11:50:49,834 INFO Parsed 6500000 reads
2022-09-04 11:50:52,733 INFO Parsed 6600000 reads
2022-09-04 11:50:55,567 INFO Parsed 6700000 reads
2022-09-04 11:50:58,486 INFO Parsed 6800000 reads
2022-09-04 11:51:01,325 INFO Parsed 6900000 reads
2022-09-04 11:51:04,156 INFO Parsed 7000000 reads
2022-09-04 11:51:06,988 INFO Parsed 7100000 reads
2022-09-04 11:51:09,915 INFO Parsed 7200000 reads
2022-09-04 11:51:12,758 INFO Parsed 7300000 reads
2022-09-04 11:51:15,616 INFO Parsed 7400000 reads
2022-09-04 11:51:18,465 INFO Parsed 7500000 reads
2022-09-04 11:51:21,297 INFO Parsed 7600000 reads
2022-09-04 11:51:24,162 INFO Parsed 7700000 reads
2022-09-04 11:51:27,028 INFO Parsed 7800000 reads
2022-09-04 11:51:29,860 INFO Parsed 7900000 reads
2022-09-04 11:51:32,690 INFO Parsed 8000000 reads
2022-09-04 11:51:35,519 INFO Parsed 8100000 reads
2022-09-04 11:51:38,372 INFO Parsed 8200000 reads
2022-09-04 11:51:41,217 INFO Parsed 8300000 reads
2022-09-04 11:51:44,067 INFO Parsed 8400000 reads
2022-09-04 11:51:47,114 INFO Parsed 8500000 reads
2022-09-04 11:51:50,047 INFO Parsed 8600000 reads
2022-09-04 11:51:53,015 INFO Parsed 8700000 reads
2022-09-04 11:51:55,947 INFO Parsed 8800000 reads
2022-09-04 11:51:58,782 INFO Parsed 8900000 reads
2022-09-04 11:52:01,619 INFO Parsed 9000000 reads
2022-09-04 11:52:04,492 INFO Parsed 9100000 reads
2022-09-04 11:52:07,326 INFO Parsed 9200000 reads
2022-09-04 11:52:10,170 INFO Parsed 9300000 reads
2022-09-04 11:52:13,043 INFO Parsed 9400000 reads
2022-09-04 11:52:15,883 INFO Parsed 9500000 reads
2022-09-04 11:52:18,686 INFO Parsed 9600000 reads
2022-09-04 11:52:21,580 INFO Parsed 9700000 reads
2022-09-04 11:52:24,569 INFO Parsed 9800000 reads
2022-09-04 11:52:25,812 INFO Input Reads: 9835756
2022-09-04 11:52:25,813 INFO regex matches read1: 8631429
2022-09-04 11:52:25,813 INFO Reads output: 8631429
2022-09-04 11:52:25,813 INFO regex does not match read1: 1204327
# job finished in 283 seconds at Sun Sep  4 11:52:25 2022 -- 279.63  1.66  0.00  0.00 -- e710dd9b-3c72-431d-951d-764174eac6f7
