# UMI-tools version: 1.1.2
# output generated by dedup --method=unique -I analysis/74670/74670-genomeaftermiRNA-aligned-bowtie1-beststratam1.bam -S analysis/74670/74670_deduplicated-genomeaftermiRNA-uniquemethod.bam -L analysis/74670/74670-deduplicate-genomeaftermiRNA-uniquemethod.log
# job started at Sun Sep  4 11:53:20 2022 on MacBook-Air-di-Federico.local -- 39fac26b-bd59-4bdd-bf3d-38abc6b2b174
# pid: 1684, system: Darwin 21.5.0 Darwin Kernel Version 21.5.0: Tue Apr 26 21:08:29 PDT 2022; root:xnu-8020.121.3~4/RELEASE_ARM64_T8101 x86_64
# assigned_tag                            : None
# cell_tag                                : None
# cell_tag_delim                          : None
# cell_tag_split                          : -
# chimeric_pairs                          : use
# chrom                                   : None
# compresslevel                           : 6
# detection_method                        : None
# filter_umi                              : None
# gene_tag                                : None
# gene_transcript_map                     : None
# get_umi_method                          : read_id
# ignore_tlen                             : False
# ignore_umi                              : False
# in_sam                                  : False
# log2stderr                              : False
# loglevel                                : 1
# mapping_quality                         : 0
# method                                  : unique
# no_sort_output                          : False
# out_sam                                 : False
# output_unmapped                         : False
# paired                                  : False
# per_cell                                : False
# per_contig                              : False
# per_gene                                : False
# random_seed                             : None
# read_length                             : False
# short_help                              : None
# skip_regex                              : ^(__|Unassigned)
# soft_clip_threshold                     : 4
# spliced                                 : False
# stats                                   : False
# stderr                                  : <_io.TextIOWrapper name='<stderr>' mode='w' encoding='utf-8'>
# stdin                                   : <_io.TextIOWrapper name='analysis/74670/74670-genomeaftermiRNA-aligned-bowtie1-beststratam1.bam' mode='r' encoding='UTF-8'>
# stdlog                                  : <_io.TextIOWrapper name='analysis/74670/74670-deduplicate-genomeaftermiRNA-uniquemethod.log' mode='a' encoding='UTF-8'>
# stdout                                  : <_io.TextIOWrapper name='analysis/74670/74670_deduplicated-genomeaftermiRNA-uniquemethod.bam' mode='w' encoding='UTF-8'>
# subset                                  : None
# threshold                               : 1
# timeit_file                             : None
# timeit_header                           : None
# timeit_name                             : all
# tmpdir                                  : None
# umi_sep                                 : _
# umi_tag                                 : RX
# umi_tag_delim                           : None
# umi_tag_split                           : None
# umi_whitelist                           : None
# umi_whitelist_paired                    : None
# unmapped_reads                          : discard
# unpaired_reads                          : use
# whole_contig                            : False
2022-09-04 11:53:20,219 INFO command: dedup --method=unique -I analysis/74670/74670-genomeaftermiRNA-aligned-bowtie1-beststratam1.bam -S analysis/74670/74670_deduplicated-genomeaftermiRNA-uniquemethod.bam -L analysis/74670/74670-deduplicate-genomeaftermiRNA-uniquemethod.log
2022-09-04 11:53:27,574 INFO Parsed 1000000 input reads
2022-09-04 11:53:27,904 INFO Written out 100000 reads
2022-09-04 11:53:33,420 INFO Parsed 2000000 input reads
2022-09-04 11:53:34,005 INFO Reads: Input Reads: 2051851
2022-09-04 11:53:34,005 INFO Number of reads out: 197224
2022-09-04 11:53:34,005 INFO Total number of positions deduplicated: 10627
2022-09-04 11:53:34,005 INFO Mean number of unique UMIs per position: 18.56
2022-09-04 11:53:34,005 INFO Max. number of unique UMIs per position: 95042
# job finished in 13 seconds at Sun Sep  4 11:53:34 2022 -- 14.59  0.23  0.00  0.00 -- 39fac26b-bd59-4bdd-bf3d-38abc6b2b174
# UMI-tools version: 1.1.2
# output generated by dedup --method=unique -I analysis/74670/74670-genomeaftermiRNA-aligned-bowtie1-beststratam1.bam -S analysis/74670/74670_deduplicated-genomeaftermiRNA-uniquemethod.bam -L analysis/74670/74670-deduplicate-genomeaftermiRNA-uniquemethod.log
# job started at Mon Sep  5 17:58:24 2022 on MacBook-Air-di-Federico.local -- caafb477-2bde-447f-84e0-6f5f42aeb690
# pid: 13057, system: Darwin 21.5.0 Darwin Kernel Version 21.5.0: Tue Apr 26 21:08:29 PDT 2022; root:xnu-8020.121.3~4/RELEASE_ARM64_T8101 x86_64
# assigned_tag                            : None
# cell_tag                                : None
# cell_tag_delim                          : None
# cell_tag_split                          : -
# chimeric_pairs                          : use
# chrom                                   : None
# compresslevel                           : 6
# detection_method                        : None
# filter_umi                              : None
# gene_tag                                : None
# gene_transcript_map                     : None
# get_umi_method                          : read_id
# ignore_tlen                             : False
# ignore_umi                              : False
# in_sam                                  : False
# log2stderr                              : False
# loglevel                                : 1
# mapping_quality                         : 0
# method                                  : unique
# no_sort_output                          : False
# out_sam                                 : False
# output_unmapped                         : False
# paired                                  : False
# per_cell                                : False
# per_contig                              : False
# per_gene                                : False
# random_seed                             : None
# read_length                             : False
# short_help                              : None
# skip_regex                              : ^(__|Unassigned)
# soft_clip_threshold                     : 4
# spliced                                 : False
# stats                                   : False
# stderr                                  : <_io.TextIOWrapper name='<stderr>' mode='w' encoding='utf-8'>
# stdin                                   : <_io.TextIOWrapper name='analysis/74670/74670-genomeaftermiRNA-aligned-bowtie1-beststratam1.bam' mode='r' encoding='UTF-8'>
# stdlog                                  : <_io.TextIOWrapper name='analysis/74670/74670-deduplicate-genomeaftermiRNA-uniquemethod.log' mode='a' encoding='UTF-8'>
# stdout                                  : <_io.TextIOWrapper name='analysis/74670/74670_deduplicated-genomeaftermiRNA-uniquemethod.bam' mode='w' encoding='UTF-8'>
# subset                                  : None
# threshold                               : 1
# timeit_file                             : None
# timeit_header                           : None
# timeit_name                             : all
# tmpdir                                  : None
# umi_sep                                 : _
# umi_tag                                 : RX
# umi_tag_delim                           : None
# umi_tag_split                           : None
# umi_whitelist                           : None
# umi_whitelist_paired                    : None
# unmapped_reads                          : discard
# unpaired_reads                          : use
# whole_contig                            : False
2022-09-05 17:58:24,800 INFO command: dedup --method=unique -I analysis/74670/74670-genomeaftermiRNA-aligned-bowtie1-beststratam1.bam -S analysis/74670/74670_deduplicated-genomeaftermiRNA-uniquemethod.bam -L analysis/74670/74670-deduplicate-genomeaftermiRNA-uniquemethod.log
2022-09-05 17:58:27,962 INFO Reads: Input Reads: 463646
2022-09-05 17:58:27,962 INFO Number of reads out: 91202
2022-09-05 17:58:27,962 INFO Total number of positions deduplicated: 10558
2022-09-05 17:58:27,962 INFO Mean number of unique UMIs per position: 8.64
2022-09-05 17:58:27,962 INFO Max. number of unique UMIs per position: 32492
# job finished in 3 seconds at Mon Sep  5 17:58:27 2022 --  4.07  0.15  0.00  0.00 -- caafb477-2bde-447f-84e0-6f5f42aeb690
