# UMI-tools version: 1.1.2
# output generated by dedup --method=unique -I analysis/74677/74677-genomeaftermiRNA-aligned-bowtie1-beststratam1.bam -S analysis/74677/74677_deduplicated-genomeaftermiRNA-uniquemethod.bam -L analysis/74677/74677-deduplicate-genomeaftermiRNA-uniquemethod.log
# job started at Sun Sep  4 12:39:27 2022 on MacBook-Air-di-Federico.local -- 88b48f40-3a22-436c-b216-ec7610b53c0a
# pid: 2408, system: Darwin 21.5.0 Darwin Kernel Version 21.5.0: Tue Apr 26 21:08:29 PDT 2022; root:xnu-8020.121.3~4/RELEASE_ARM64_T8101 x86_64
# assigned_tag                            : None
# cell_tag                                : None
# cell_tag_delim                          : None
# cell_tag_split                          : -
# chimeric_pairs                          : use
# chrom                                   : None
# compresslevel                           : 6
# detection_method                        : None
# filter_umi                              : None
# gene_tag                                : None
# gene_transcript_map                     : None
# get_umi_method                          : read_id
# ignore_tlen                             : False
# ignore_umi                              : False
# in_sam                                  : False
# log2stderr                              : False
# loglevel                                : 1
# mapping_quality                         : 0
# method                                  : unique
# no_sort_output                          : False
# out_sam                                 : False
# output_unmapped                         : False
# paired                                  : False
# per_cell                                : False
# per_contig                              : False
# per_gene                                : False
# random_seed                             : None
# read_length                             : False
# short_help                              : None
# skip_regex                              : ^(__|Unassigned)
# soft_clip_threshold                     : 4
# spliced                                 : False
# stats                                   : False
# stderr                                  : <_io.TextIOWrapper name='<stderr>' mode='w' encoding='utf-8'>
# stdin                                   : <_io.TextIOWrapper name='analysis/74677/74677-genomeaftermiRNA-aligned-bowtie1-beststratam1.bam' mode='r' encoding='UTF-8'>
# stdlog                                  : <_io.TextIOWrapper name='analysis/74677/74677-deduplicate-genomeaftermiRNA-uniquemethod.log' mode='a' encoding='UTF-8'>
# stdout                                  : <_io.TextIOWrapper name='analysis/74677/74677_deduplicated-genomeaftermiRNA-uniquemethod.bam' mode='w' encoding='UTF-8'>
# subset                                  : None
# threshold                               : 1
# timeit_file                             : None
# timeit_header                           : None
# timeit_name                             : all
# tmpdir                                  : None
# umi_sep                                 : _
# umi_tag                                 : RX
# umi_tag_delim                           : None
# umi_tag_split                           : None
# umi_whitelist                           : None
# umi_whitelist_paired                    : None
# unmapped_reads                          : discard
# unpaired_reads                          : use
# whole_contig                            : False
2022-09-04 12:39:27,831 INFO command: dedup --method=unique -I analysis/74677/74677-genomeaftermiRNA-aligned-bowtie1-beststratam1.bam -S analysis/74677/74677_deduplicated-genomeaftermiRNA-uniquemethod.bam -L analysis/74677/74677-deduplicate-genomeaftermiRNA-uniquemethod.log
2022-09-04 12:39:41,653 INFO Written out 100000 reads
2022-09-04 12:39:41,711 INFO Parsed 1000000 input reads
2022-09-04 12:39:43,334 INFO Written out 200000 reads
2022-09-04 12:39:43,334 INFO Written out 300000 reads
2022-09-04 12:39:43,334 INFO Written out 400000 reads
2022-09-04 12:39:43,334 INFO Written out 500000 reads
2022-09-04 12:39:45,553 INFO Parsed 2000000 input reads
2022-09-04 12:39:46,167 INFO Written out 600000 reads
2022-09-04 12:39:52,898 INFO Parsed 3000000 input reads
2022-09-04 12:39:54,150 INFO Written out 700000 reads
2022-09-04 12:39:54,150 INFO Written out 800000 reads
2022-09-04 12:39:54,239 INFO Written out 900000 reads
2022-09-04 12:39:57,812 INFO Written out 1000000 reads
2022-09-04 12:39:59,772 INFO Parsed 4000000 input reads
2022-09-04 12:39:59,941 INFO Written out 1100000 reads
2022-09-04 12:40:03,335 INFO Written out 1200000 reads
2022-09-04 12:40:05,968 INFO Written out 1300000 reads
2022-09-04 12:40:06,782 INFO Parsed 5000000 input reads
2022-09-04 12:40:09,071 INFO Written out 1400000 reads
2022-09-04 12:40:10,330 INFO Written out 1500000 reads
2022-09-04 12:40:13,980 INFO Parsed 6000000 input reads
2022-09-04 12:40:14,318 INFO Written out 1600000 reads
2022-09-04 12:40:16,690 INFO Reads: Input Reads: 6060453
2022-09-04 12:40:16,690 INFO Number of reads out: 1664065
2022-09-04 12:40:16,690 INFO Total number of positions deduplicated: 19670
2022-09-04 12:40:16,690 INFO Mean number of unique UMIs per position: 84.60
2022-09-04 12:40:16,690 INFO Max. number of unique UMIs per position: 412165
# job finished in 48 seconds at Sun Sep  4 12:40:16 2022 -- 49.10  0.61  0.00  0.00 -- 88b48f40-3a22-436c-b216-ec7610b53c0a
# UMI-tools version: 1.1.2
# output generated by dedup --method=unique -I analysis/74677/74677-genomeaftermiRNA-aligned-bowtie1-beststratam1.bam -S analysis/74677/74677_deduplicated-genomeaftermiRNA-uniquemethod.bam -L analysis/74677/74677-deduplicate-genomeaftermiRNA-uniquemethod.log
# job started at Mon Sep  5 18:06:58 2022 on MacBook-Air-di-Federico.local -- f16a90dd-1dc3-4e50-b750-6a897f6ec642
# pid: 13359, system: Darwin 21.5.0 Darwin Kernel Version 21.5.0: Tue Apr 26 21:08:29 PDT 2022; root:xnu-8020.121.3~4/RELEASE_ARM64_T8101 x86_64
# assigned_tag                            : None
# cell_tag                                : None
# cell_tag_delim                          : None
# cell_tag_split                          : -
# chimeric_pairs                          : use
# chrom                                   : None
# compresslevel                           : 6
# detection_method                        : None
# filter_umi                              : None
# gene_tag                                : None
# gene_transcript_map                     : None
# get_umi_method                          : read_id
# ignore_tlen                             : False
# ignore_umi                              : False
# in_sam                                  : False
# log2stderr                              : False
# loglevel                                : 1
# mapping_quality                         : 0
# method                                  : unique
# no_sort_output                          : False
# out_sam                                 : False
# output_unmapped                         : False
# paired                                  : False
# per_cell                                : False
# per_contig                              : False
# per_gene                                : False
# random_seed                             : None
# read_length                             : False
# short_help                              : None
# skip_regex                              : ^(__|Unassigned)
# soft_clip_threshold                     : 4
# spliced                                 : False
# stats                                   : False
# stderr                                  : <_io.TextIOWrapper name='<stderr>' mode='w' encoding='utf-8'>
# stdin                                   : <_io.TextIOWrapper name='analysis/74677/74677-genomeaftermiRNA-aligned-bowtie1-beststratam1.bam' mode='r' encoding='UTF-8'>
# stdlog                                  : <_io.TextIOWrapper name='analysis/74677/74677-deduplicate-genomeaftermiRNA-uniquemethod.log' mode='a' encoding='UTF-8'>
# stdout                                  : <_io.TextIOWrapper name='analysis/74677/74677_deduplicated-genomeaftermiRNA-uniquemethod.bam' mode='w' encoding='UTF-8'>
# subset                                  : None
# threshold                               : 1
# timeit_file                             : None
# timeit_header                           : None
# timeit_name                             : all
# tmpdir                                  : None
# umi_sep                                 : _
# umi_tag                                 : RX
# umi_tag_delim                           : None
# umi_tag_split                           : None
# umi_whitelist                           : None
# umi_whitelist_paired                    : None
# unmapped_reads                          : discard
# unpaired_reads                          : use
# whole_contig                            : False
2022-09-05 18:06:58,723 INFO command: dedup --method=unique -I analysis/74677/74677-genomeaftermiRNA-aligned-bowtie1-beststratam1.bam -S analysis/74677/74677_deduplicated-genomeaftermiRNA-uniquemethod.bam -L analysis/74677/74677-deduplicate-genomeaftermiRNA-uniquemethod.log
2022-09-05 18:07:00,800 INFO Written out 100000 reads
2022-09-05 18:07:04,831 INFO Written out 200000 reads
2022-09-05 18:07:04,831 INFO Written out 300000 reads
2022-09-05 18:07:06,229 INFO Parsed 1000000 input reads
2022-09-05 18:07:07,124 INFO Written out 400000 reads
2022-09-05 18:07:09,272 INFO Written out 500000 reads
2022-09-05 18:07:12,178 INFO Written out 600000 reads
2022-09-05 18:07:13,381 INFO Reads: Input Reads: 1757929
2022-09-05 18:07:13,381 INFO Number of reads out: 614057
2022-09-05 18:07:13,381 INFO Total number of positions deduplicated: 19486
2022-09-05 18:07:13,381 INFO Mean number of unique UMIs per position: 31.51
2022-09-05 18:07:13,381 INFO Max. number of unique UMIs per position: 106783
# job finished in 14 seconds at Mon Sep  5 18:07:13 2022 -- 15.03  0.31  0.00  0.00 -- f16a90dd-1dc3-4e50-b750-6a897f6ec642
