# UMI-tools version: 1.1.2
# output generated by dedup --method=unique -I analysis/74677/74677-maturemiRNA-aligned-bowtie1-beststratam1.bam -S analysis/74677/74677_deduplicated-matureMirna-uniquemethod-beststratam1.bam -L analysis/74677/74677-deduplicate-matureMirna-uniquemethod-beststratam1.log
# job started at Sun Sep  4 12:38:23 2022 on MacBook-Air-di-Federico.local -- 488d52f8-e38d-4bb0-bdf8-385e87f72223
# pid: 2362, system: Darwin 21.5.0 Darwin Kernel Version 21.5.0: Tue Apr 26 21:08:29 PDT 2022; root:xnu-8020.121.3~4/RELEASE_ARM64_T8101 x86_64
# assigned_tag                            : None
# cell_tag                                : None
# cell_tag_delim                          : None
# cell_tag_split                          : -
# chimeric_pairs                          : use
# chrom                                   : None
# compresslevel                           : 6
# detection_method                        : None
# filter_umi                              : None
# gene_tag                                : None
# gene_transcript_map                     : None
# get_umi_method                          : read_id
# ignore_tlen                             : False
# ignore_umi                              : False
# in_sam                                  : False
# log2stderr                              : False
# loglevel                                : 1
# mapping_quality                         : 0
# method                                  : unique
# no_sort_output                          : False
# out_sam                                 : False
# output_unmapped                         : False
# paired                                  : False
# per_cell                                : False
# per_contig                              : False
# per_gene                                : False
# random_seed                             : None
# read_length                             : False
# short_help                              : None
# skip_regex                              : ^(__|Unassigned)
# soft_clip_threshold                     : 4
# spliced                                 : False
# stats                                   : False
# stderr                                  : <_io.TextIOWrapper name='<stderr>' mode='w' encoding='utf-8'>
# stdin                                   : <_io.TextIOWrapper name='analysis/74677/74677-maturemiRNA-aligned-bowtie1-beststratam1.bam' mode='r' encoding='UTF-8'>
# stdlog                                  : <_io.TextIOWrapper name='analysis/74677/74677-deduplicate-matureMirna-uniquemethod-beststratam1.log' mode='a' encoding='UTF-8'>
# stdout                                  : <_io.TextIOWrapper name='analysis/74677/74677_deduplicated-matureMirna-uniquemethod-beststratam1.bam' mode='w' encoding='UTF-8'>
# subset                                  : None
# threshold                               : 1
# timeit_file                             : None
# timeit_header                           : None
# timeit_name                             : all
# tmpdir                                  : None
# umi_sep                                 : _
# umi_tag                                 : RX
# umi_tag_delim                           : None
# umi_tag_split                           : None
# umi_whitelist                           : None
# umi_whitelist_paired                    : None
# unmapped_reads                          : discard
# unpaired_reads                          : use
# whole_contig                            : False
2022-09-04 12:38:23,923 INFO command: dedup --method=unique -I analysis/74677/74677-maturemiRNA-aligned-bowtie1-beststratam1.bam -S analysis/74677/74677_deduplicated-matureMirna-uniquemethod-beststratam1.bam -L analysis/74677/74677-deduplicate-matureMirna-uniquemethod-beststratam1.log
2022-09-04 12:38:23,961 INFO Reads: Input Reads: 3745
2022-09-04 12:38:23,961 INFO Number of reads out: 947
2022-09-04 12:38:23,961 INFO Total number of positions deduplicated: 6
2022-09-04 12:38:23,961 INFO Mean number of unique UMIs per position: 157.83
2022-09-04 12:38:23,961 INFO Max. number of unique UMIs per position: 917
# job finished in 0 seconds at Sun Sep  4 12:38:23 2022 --  1.03  0.13  0.00  0.00 -- 488d52f8-e38d-4bb0-bdf8-385e87f72223
# UMI-tools version: 1.1.2
# output generated by dedup --method=unique -I analysis/74677/74677-maturemiRNA-aligned-bowtie1-beststratam1.bam -S analysis/74677/74677_deduplicated-matureMirna-uniquemethod-beststratam1.bam -L analysis/74677/74677-deduplicate-matureMirna-uniquemethod-beststratam1.log
# job started at Mon Sep  5 18:05:42 2022 on MacBook-Air-di-Federico.local -- 21750186-4141-43ea-b97a-f7b354f11a63
# pid: 13315, system: Darwin 21.5.0 Darwin Kernel Version 21.5.0: Tue Apr 26 21:08:29 PDT 2022; root:xnu-8020.121.3~4/RELEASE_ARM64_T8101 x86_64
# assigned_tag                            : None
# cell_tag                                : None
# cell_tag_delim                          : None
# cell_tag_split                          : -
# chimeric_pairs                          : use
# chrom                                   : None
# compresslevel                           : 6
# detection_method                        : None
# filter_umi                              : None
# gene_tag                                : None
# gene_transcript_map                     : None
# get_umi_method                          : read_id
# ignore_tlen                             : False
# ignore_umi                              : False
# in_sam                                  : False
# log2stderr                              : False
# loglevel                                : 1
# mapping_quality                         : 0
# method                                  : unique
# no_sort_output                          : False
# out_sam                                 : False
# output_unmapped                         : False
# paired                                  : False
# per_cell                                : False
# per_contig                              : False
# per_gene                                : False
# random_seed                             : None
# read_length                             : False
# short_help                              : None
# skip_regex                              : ^(__|Unassigned)
# soft_clip_threshold                     : 4
# spliced                                 : False
# stats                                   : False
# stderr                                  : <_io.TextIOWrapper name='<stderr>' mode='w' encoding='utf-8'>
# stdin                                   : <_io.TextIOWrapper name='analysis/74677/74677-maturemiRNA-aligned-bowtie1-beststratam1.bam' mode='r' encoding='UTF-8'>
# stdlog                                  : <_io.TextIOWrapper name='analysis/74677/74677-deduplicate-matureMirna-uniquemethod-beststratam1.log' mode='a' encoding='UTF-8'>
# stdout                                  : <_io.TextIOWrapper name='analysis/74677/74677_deduplicated-matureMirna-uniquemethod-beststratam1.bam' mode='w' encoding='UTF-8'>
# subset                                  : None
# threshold                               : 1
# timeit_file                             : None
# timeit_header                           : None
# timeit_name                             : all
# tmpdir                                  : None
# umi_sep                                 : _
# umi_tag                                 : RX
# umi_tag_delim                           : None
# umi_tag_split                           : None
# umi_whitelist                           : None
# umi_whitelist_paired                    : None
# unmapped_reads                          : discard
# unpaired_reads                          : use
# whole_contig                            : False
2022-09-05 18:05:42,675 INFO command: dedup --method=unique -I analysis/74677/74677-maturemiRNA-aligned-bowtie1-beststratam1.bam -S analysis/74677/74677_deduplicated-matureMirna-uniquemethod-beststratam1.bam -L analysis/74677/74677-deduplicate-matureMirna-uniquemethod-beststratam1.log
2022-09-05 18:05:53,920 INFO Parsed 1000000 input reads
2022-09-05 18:05:55,709 INFO Written out 100000 reads
2022-09-05 18:05:55,709 INFO Written out 200000 reads
2022-09-05 18:05:55,709 INFO Written out 300000 reads
2022-09-05 18:05:55,709 INFO Written out 400000 reads
2022-09-05 18:05:57,770 INFO Written out 500000 reads
2022-09-05 18:06:00,662 INFO Parsed 2000000 input reads
2022-09-05 18:06:00,995 INFO Written out 600000 reads
2022-09-05 18:06:03,176 INFO Written out 700000 reads
2022-09-05 18:06:06,616 INFO Parsed 3000000 input reads
2022-09-05 18:06:06,763 INFO Written out 800000 reads
2022-09-05 18:06:08,715 INFO Written out 900000 reads
2022-09-05 18:06:11,076 INFO Written out 1000000 reads
2022-09-05 18:06:13,886 INFO Parsed 4000000 input reads
2022-09-05 18:06:13,999 INFO Written out 1100000 reads
2022-09-05 18:06:16,256 INFO Written out 1200000 reads
2022-09-05 18:06:19,041 INFO Written out 1300000 reads
2022-09-05 18:06:23,401 INFO Parsed 5000000 input reads
2022-09-05 18:06:24,064 INFO Written out 1400000 reads
2022-09-05 18:06:24,064 INFO Written out 1500000 reads
2022-09-05 18:06:26,665 INFO Reads: Input Reads: 5577060
2022-09-05 18:06:26,666 INFO Number of reads out: 1526457
2022-09-05 18:06:26,666 INFO Total number of positions deduplicated: 971
2022-09-05 18:06:26,666 INFO Mean number of unique UMIs per position: 1572.05
2022-09-05 18:06:26,666 INFO Max. number of unique UMIs per position: 396993
# job finished in 43 seconds at Mon Sep  5 18:06:26 2022 -- 44.48  0.47  0.00  0.00 -- 21750186-4141-43ea-b97a-f7b354f11a63
