# UMI-tools version: 1.1.2
# output generated by count --method=unique --per-contig -I analysis/74677/74677-maturemiRNA-aligned-bowtie1-beststratam1.bam -L analysis/74677/74677_counts-uniquemethod-maturemiRNA.log -S analysis/74677/74677_counts-finaloutput-uniquemethod-maturemiRNA.txt
# job started at Sun Sep  4 12:38:22 2022 on MacBook-Air-di-Federico.local -- 7833913c-3457-44a0-a632-f1496bce4b9a
# pid: 2359, system: Darwin 21.5.0 Darwin Kernel Version 21.5.0: Tue Apr 26 21:08:29 PDT 2022; root:xnu-8020.121.3~4/RELEASE_ARM64_T8101 x86_64
# assigned_tag                            : None
# cell_tag                                : None
# cell_tag_delim                          : None
# cell_tag_split                          : -
# chimeric_pairs                          : use
# chrom                                   : None
# compresslevel                           : 6
# filter_umi                              : None
# gene_tag                                : None
# gene_transcript_map                     : None
# get_umi_method                          : read_id
# ignore_tlen                             : False
# ignore_umi                              : False
# in_sam                                  : False
# log2stderr                              : False
# loglevel                                : 1
# mapping_quality                         : 0
# method                                  : unique
# no_sort_output                          : False
# out_sam                                 : False
# output_unmapped                         : False
# paired                                  : False
# per_cell                                : False
# per_contig                              : True
# per_gene                                : False
# random_seed                             : None
# read_length                             : False
# short_help                              : None
# skip_regex                              : ^(__|Unassigned)
# soft_clip_threshold                     : 4
# spliced                                 : False
# stderr                                  : <_io.TextIOWrapper name='<stderr>' mode='w' encoding='utf-8'>
# stdin                                   : <_io.TextIOWrapper name='analysis/74677/74677-maturemiRNA-aligned-bowtie1-beststratam1.bam' mode='r' encoding='UTF-8'>
# stdlog                                  : <_io.TextIOWrapper name='analysis/74677/74677_counts-uniquemethod-maturemiRNA.log' mode='a' encoding='UTF-8'>
# stdout                                  : <_io.TextIOWrapper name='analysis/74677/74677_counts-finaloutput-uniquemethod-maturemiRNA.txt' mode='w' encoding='UTF-8'>
# subset                                  : None
# threshold                               : 1
# timeit_file                             : None
# timeit_header                           : None
# timeit_name                             : all
# tmpdir                                  : None
# umi_sep                                 : _
# umi_tag                                 : RX
# umi_tag_delim                           : None
# umi_tag_split                           : None
# umi_whitelist                           : None
# umi_whitelist_paired                    : None
# unmapped_reads                          : discard
# unpaired_reads                          : use
# wide_format_cell_counts                 : False
2022-09-04 12:38:22,545 INFO command: count --method=unique --per-contig -I analysis/74677/74677-maturemiRNA-aligned-bowtie1-beststratam1.bam -L analysis/74677/74677_counts-uniquemethod-maturemiRNA.log -S analysis/74677/74677_counts-finaloutput-uniquemethod-maturemiRNA.txt
2022-09-04 12:38:22,568 INFO Input Reads: 3745
2022-09-04 12:38:22,568 INFO Number of (post deduplication) reads counted: 947
# job finished in 0 seconds at Sun Sep  4 12:38:22 2022 --  0.84  0.12  0.00  0.00 -- 7833913c-3457-44a0-a632-f1496bce4b9a
# UMI-tools version: 1.1.2
# output generated by count --method=unique --per-contig -I analysis/74677/74677-maturemiRNA-aligned-bowtie1-beststratam1.bam -L analysis/74677/74677_counts-uniquemethod-maturemiRNA.log -S analysis/74677/74677_counts-finaloutput-uniquemethod-maturemiRNA.txt
# job started at Mon Sep  5 18:05:18 2022 on MacBook-Air-di-Federico.local -- 3324ce68-88ba-4a6e-b4a6-fd4e5234d054
# pid: 13309, system: Darwin 21.5.0 Darwin Kernel Version 21.5.0: Tue Apr 26 21:08:29 PDT 2022; root:xnu-8020.121.3~4/RELEASE_ARM64_T8101 x86_64
# assigned_tag                            : None
# cell_tag                                : None
# cell_tag_delim                          : None
# cell_tag_split                          : -
# chimeric_pairs                          : use
# chrom                                   : None
# compresslevel                           : 6
# filter_umi                              : None
# gene_tag                                : None
# gene_transcript_map                     : None
# get_umi_method                          : read_id
# ignore_tlen                             : False
# ignore_umi                              : False
# in_sam                                  : False
# log2stderr                              : False
# loglevel                                : 1
# mapping_quality                         : 0
# method                                  : unique
# no_sort_output                          : False
# out_sam                                 : False
# output_unmapped                         : False
# paired                                  : False
# per_cell                                : False
# per_contig                              : True
# per_gene                                : False
# random_seed                             : None
# read_length                             : False
# short_help                              : None
# skip_regex                              : ^(__|Unassigned)
# soft_clip_threshold                     : 4
# spliced                                 : False
# stderr                                  : <_io.TextIOWrapper name='<stderr>' mode='w' encoding='utf-8'>
# stdin                                   : <_io.TextIOWrapper name='analysis/74677/74677-maturemiRNA-aligned-bowtie1-beststratam1.bam' mode='r' encoding='UTF-8'>
# stdlog                                  : <_io.TextIOWrapper name='analysis/74677/74677_counts-uniquemethod-maturemiRNA.log' mode='a' encoding='UTF-8'>
# stdout                                  : <_io.TextIOWrapper name='analysis/74677/74677_counts-finaloutput-uniquemethod-maturemiRNA.txt' mode='w' encoding='UTF-8'>
# subset                                  : None
# threshold                               : 1
# timeit_file                             : None
# timeit_header                           : None
# timeit_name                             : all
# tmpdir                                  : None
# umi_sep                                 : _
# umi_tag                                 : RX
# umi_tag_delim                           : None
# umi_tag_split                           : None
# umi_whitelist                           : None
# umi_whitelist_paired                    : None
# unmapped_reads                          : discard
# unpaired_reads                          : use
# wide_format_cell_counts                 : False
2022-09-05 18:05:18,757 INFO command: count --method=unique --per-contig -I analysis/74677/74677-maturemiRNA-aligned-bowtie1-beststratam1.bam -L analysis/74677/74677_counts-uniquemethod-maturemiRNA.log -S analysis/74677/74677_counts-finaloutput-uniquemethod-maturemiRNA.txt
2022-09-05 18:05:25,037 INFO Parsed 1000000 input reads
2022-09-05 18:05:28,319 INFO Parsed 2000000 input reads
2022-09-05 18:05:31,541 INFO Parsed 3000000 input reads
2022-09-05 18:05:35,459 INFO Parsed 4000000 input reads
2022-09-05 18:05:40,761 INFO Parsed 5000000 input reads
2022-09-05 18:05:41,378 INFO Input Reads: 5577060
2022-09-05 18:05:41,378 INFO Number of (post deduplication) reads counted: 1526110
# job finished in 22 seconds at Mon Sep  5 18:05:41 2022 -- 23.29  0.25  0.00  0.00 -- 3324ce68-88ba-4a6e-b4a6-fd4e5234d054
