# UMI-tools version: 1.1.2
# output generated by extract --stdin=Fastq-files/74677.fastq.gz --log=analysis/74677/74677-UMIextraction-fromrawreads.log --stdout=analysis/74677/74677-directUMIextracted.fastq --extract-method=regex --bc-pattern=.+(?P<discard_1>AACTGTAGGCACCATCAAT){s<=2}(?P<umi_1>.{12})(?P<discard_2>.+)
# job started at Sun Sep  4 12:28:52 2022 on MacBook-Air-di-Federico.local -- 3edf3b14-cd1c-4ad1-acf8-f89dfd1a7d6e
# pid: 2218, system: Darwin 21.5.0 Darwin Kernel Version 21.5.0: Tue Apr 26 21:08:29 PDT 2022; root:xnu-8020.121.3~4/RELEASE_ARM64_T8101 x86_64
# blacklist                               : None
# compresslevel                           : 6
# correct_umi_threshold                   : 0
# either_read                             : False
# either_read_resolve                     : discard
# error_correct_cell                      : False
# extract_method                          : regex
# filter_cell_barcode                     : None
# filter_cell_barcodes                    : False
# filter_umi                              : None
# filtered_out                            : None
# filtered_out2                           : None
# ignore_suffix                           : False
# log2stderr                              : False
# loglevel                                : 1
# pattern                                 : .+(?P<discard_1>AACTGTAGGCACCATCAAT){s<=2}(?P<umi_1>.{12})(?P<discard_2>.+)
# pattern2                                : None
# prime3                                  : None
# quality_encoding                        : None
# quality_filter_mask                     : None
# quality_filter_threshold                : None
# random_seed                             : None
# read2_in                                : None
# read2_out                               : False
# read2_stdout                            : False
# reads_subset                            : None
# reconcile                               : False
# retain_umi                              : None
# short_help                              : None
# stderr                                  : <_io.TextIOWrapper name='<stderr>' mode='w' encoding='utf-8'>
# stdin                                   : <_io.TextIOWrapper name='Fastq-files/74677.fastq.gz' encoding='ascii'>
# stdlog                                  : <_io.TextIOWrapper name='analysis/74677/74677-UMIextraction-fromrawreads.log' mode='a' encoding='UTF-8'>
# stdout                                  : <_io.TextIOWrapper name='analysis/74677/74677-directUMIextracted.fastq' mode='w' encoding='UTF-8'>
# timeit_file                             : None
# timeit_header                           : None
# timeit_name                             : all
# tmpdir                                  : None
# umi_correct_log                         : None
# umi_whitelist                           : None
# umi_whitelist_paired                    : None
# whitelist                               : None
2022-09-04 12:28:52,043 INFO Starting barcode extraction
2022-09-04 12:28:55,071 INFO Parsed 100000 reads
2022-09-04 12:28:58,256 INFO Parsed 200000 reads
2022-09-04 12:29:01,278 INFO Parsed 300000 reads
2022-09-04 12:29:04,306 INFO Parsed 400000 reads
2022-09-04 12:29:07,333 INFO Parsed 500000 reads
2022-09-04 12:29:10,397 INFO Parsed 600000 reads
2022-09-04 12:29:13,426 INFO Parsed 700000 reads
2022-09-04 12:29:16,465 INFO Parsed 800000 reads
2022-09-04 12:29:19,502 INFO Parsed 900000 reads
2022-09-04 12:29:22,538 INFO Parsed 1000000 reads
2022-09-04 12:29:25,580 INFO Parsed 1100000 reads
2022-09-04 12:29:28,704 INFO Parsed 1200000 reads
2022-09-04 12:29:31,772 INFO Parsed 1300000 reads
2022-09-04 12:29:34,827 INFO Parsed 1400000 reads
2022-09-04 12:29:37,846 INFO Parsed 1500000 reads
2022-09-04 12:29:40,891 INFO Parsed 1600000 reads
2022-09-04 12:29:43,942 INFO Parsed 1700000 reads
2022-09-04 12:29:46,967 INFO Parsed 1800000 reads
2022-09-04 12:29:49,986 INFO Parsed 1900000 reads
2022-09-04 12:29:53,046 INFO Parsed 2000000 reads
2022-09-04 12:29:56,083 INFO Parsed 2100000 reads
2022-09-04 12:29:59,156 INFO Parsed 2200000 reads
2022-09-04 12:30:02,182 INFO Parsed 2300000 reads
2022-09-04 12:30:05,212 INFO Parsed 2400000 reads
2022-09-04 12:30:08,227 INFO Parsed 2500000 reads
2022-09-04 12:30:11,264 INFO Parsed 2600000 reads
2022-09-04 12:30:14,301 INFO Parsed 2700000 reads
2022-09-04 12:30:17,393 INFO Parsed 2800000 reads
2022-09-04 12:30:20,407 INFO Parsed 2900000 reads
2022-09-04 12:30:23,460 INFO Parsed 3000000 reads
2022-09-04 12:30:26,477 INFO Parsed 3100000 reads
2022-09-04 12:30:29,585 INFO Parsed 3200000 reads
2022-09-04 12:30:32,598 INFO Parsed 3300000 reads
2022-09-04 12:30:35,614 INFO Parsed 3400000 reads
2022-09-04 12:30:38,624 INFO Parsed 3500000 reads
2022-09-04 12:30:41,667 INFO Parsed 3600000 reads
2022-09-04 12:30:44,680 INFO Parsed 3700000 reads
2022-09-04 12:30:47,709 INFO Parsed 3800000 reads
2022-09-04 12:30:50,717 INFO Parsed 3900000 reads
2022-09-04 12:30:53,743 INFO Parsed 4000000 reads
2022-09-04 12:30:56,776 INFO Parsed 4100000 reads
2022-09-04 12:30:59,905 INFO Parsed 4200000 reads
2022-09-04 12:31:02,929 INFO Parsed 4300000 reads
2022-09-04 12:31:05,946 INFO Parsed 4400000 reads
2022-09-04 12:31:08,965 INFO Parsed 4500000 reads
2022-09-04 12:31:11,994 INFO Parsed 4600000 reads
2022-09-04 12:31:15,023 INFO Parsed 4700000 reads
2022-09-04 12:31:18,029 INFO Parsed 4800000 reads
2022-09-04 12:31:21,058 INFO Parsed 4900000 reads
2022-09-04 12:31:24,085 INFO Parsed 5000000 reads
2022-09-04 12:31:27,108 INFO Parsed 5100000 reads
2022-09-04 12:31:30,201 INFO Parsed 5200000 reads
2022-09-04 12:31:33,216 INFO Parsed 5300000 reads
2022-09-04 12:31:36,248 INFO Parsed 5400000 reads
2022-09-04 12:31:39,259 INFO Parsed 5500000 reads
2022-09-04 12:31:42,281 INFO Parsed 5600000 reads
2022-09-04 12:31:45,316 INFO Parsed 5700000 reads
2022-09-04 12:31:48,332 INFO Parsed 5800000 reads
2022-09-04 12:31:51,352 INFO Parsed 5900000 reads
2022-09-04 12:31:54,392 INFO Parsed 6000000 reads
2022-09-04 12:31:57,405 INFO Parsed 6100000 reads
2022-09-04 12:32:00,465 INFO Parsed 6200000 reads
2022-09-04 12:32:03,533 INFO Parsed 6300000 reads
2022-09-04 12:32:06,564 INFO Parsed 6400000 reads
2022-09-04 12:32:09,573 INFO Parsed 6500000 reads
2022-09-04 12:32:12,584 INFO Parsed 6600000 reads
2022-09-04 12:32:15,611 INFO Parsed 6700000 reads
2022-09-04 12:32:18,643 INFO Parsed 6800000 reads
2022-09-04 12:32:21,706 INFO Parsed 6900000 reads
2022-09-04 12:32:24,714 INFO Parsed 7000000 reads
2022-09-04 12:32:27,816 INFO Parsed 7100000 reads
2022-09-04 12:32:30,831 INFO Parsed 7200000 reads
2022-09-04 12:32:33,843 INFO Parsed 7300000 reads
2022-09-04 12:32:36,878 INFO Parsed 7400000 reads
2022-09-04 12:32:39,951 INFO Parsed 7500000 reads
2022-09-04 12:32:42,977 INFO Parsed 7600000 reads
2022-09-04 12:32:46,014 INFO Parsed 7700000 reads
2022-09-04 12:32:49,045 INFO Parsed 7800000 reads
2022-09-04 12:32:52,060 INFO Parsed 7900000 reads
2022-09-04 12:32:55,081 INFO Parsed 8000000 reads
2022-09-04 12:32:58,198 INFO Parsed 8100000 reads
2022-09-04 12:33:01,242 INFO Parsed 8200000 reads
2022-09-04 12:33:04,265 INFO Parsed 8300000 reads
2022-09-04 12:33:07,302 INFO Parsed 8400000 reads
2022-09-04 12:33:10,334 INFO Parsed 8500000 reads
2022-09-04 12:33:13,348 INFO Parsed 8600000 reads
2022-09-04 12:33:16,358 INFO Parsed 8700000 reads
2022-09-04 12:33:19,369 INFO Parsed 8800000 reads
2022-09-04 12:33:22,387 INFO Parsed 8900000 reads
2022-09-04 12:33:25,395 INFO Parsed 9000000 reads
2022-09-04 12:33:28,476 INFO Parsed 9100000 reads
2022-09-04 12:33:31,491 INFO Parsed 9200000 reads
2022-09-04 12:33:34,505 INFO Parsed 9300000 reads
2022-09-04 12:33:37,598 INFO Parsed 9400000 reads
2022-09-04 12:33:40,610 INFO Parsed 9500000 reads
2022-09-04 12:33:43,625 INFO Parsed 9600000 reads
2022-09-04 12:33:46,654 INFO Parsed 9700000 reads
2022-09-04 12:33:49,674 INFO Parsed 9800000 reads
2022-09-04 12:33:52,686 INFO Parsed 9900000 reads
2022-09-04 12:33:55,718 INFO Parsed 10000000 reads
2022-09-04 12:33:58,837 INFO Parsed 10100000 reads
2022-09-04 12:34:01,843 INFO Parsed 10200000 reads
2022-09-04 12:34:04,891 INFO Parsed 10300000 reads
2022-09-04 12:34:07,925 INFO Parsed 10400000 reads
2022-09-04 12:34:10,995 INFO Parsed 10500000 reads
2022-09-04 12:34:14,073 INFO Parsed 10600000 reads
2022-09-04 12:34:18,046 INFO Parsed 10700000 reads
2022-09-04 12:34:21,057 INFO Parsed 10800000 reads
2022-09-04 12:34:24,203 INFO Parsed 10900000 reads
2022-09-04 12:34:27,429 INFO Parsed 11000000 reads
2022-09-04 12:34:30,710 INFO Parsed 11100000 reads
2022-09-04 12:34:33,784 INFO Parsed 11200000 reads
2022-09-04 12:34:36,818 INFO Parsed 11300000 reads
2022-09-04 12:34:39,999 INFO Parsed 11400000 reads
2022-09-04 12:34:43,086 INFO Parsed 11500000 reads
2022-09-04 12:34:46,164 INFO Parsed 11600000 reads
2022-09-04 12:34:49,313 INFO Parsed 11700000 reads
2022-09-04 12:34:52,403 INFO Parsed 11800000 reads
2022-09-04 12:34:55,399 INFO Parsed 11900000 reads
2022-09-04 12:34:58,431 INFO Parsed 12000000 reads
2022-09-04 12:35:01,741 INFO Parsed 12100000 reads
2022-09-04 12:35:04,829 INFO Parsed 12200000 reads
2022-09-04 12:35:07,846 INFO Parsed 12300000 reads
2022-09-04 12:35:10,943 INFO Parsed 12400000 reads
2022-09-04 12:35:13,968 INFO Parsed 12500000 reads
2022-09-04 12:35:16,979 INFO Parsed 12600000 reads
2022-09-04 12:35:20,048 INFO Parsed 12700000 reads
2022-09-04 12:35:23,185 INFO Parsed 12800000 reads
2022-09-04 12:35:26,453 INFO Parsed 12900000 reads
2022-09-04 12:35:29,597 INFO Parsed 13000000 reads
2022-09-04 12:35:32,839 INFO Parsed 13100000 reads
2022-09-04 12:35:36,041 INFO Parsed 13200000 reads
2022-09-04 12:35:39,438 INFO Parsed 13300000 reads
2022-09-04 12:35:42,716 INFO Parsed 13400000 reads
2022-09-04 12:35:45,900 INFO Parsed 13500000 reads
2022-09-04 12:35:49,063 INFO Parsed 13600000 reads
2022-09-04 12:35:52,483 INFO Parsed 13700000 reads
2022-09-04 12:35:55,554 INFO Parsed 13800000 reads
2022-09-04 12:35:58,697 INFO Parsed 13900000 reads
2022-09-04 12:36:01,780 INFO Parsed 14000000 reads
2022-09-04 12:36:04,821 INFO Parsed 14100000 reads
2022-09-04 12:36:07,823 INFO Parsed 14200000 reads
2022-09-04 12:36:10,874 INFO Parsed 14300000 reads
2022-09-04 12:36:13,959 INFO Parsed 14400000 reads
2022-09-04 12:36:16,991 INFO Parsed 14500000 reads
2022-09-04 12:36:20,259 INFO Parsed 14600000 reads
2022-09-04 12:36:23,471 INFO Parsed 14700000 reads
2022-09-04 12:36:26,717 INFO Parsed 14800000 reads
2022-09-04 12:36:30,100 INFO Parsed 14900000 reads
2022-09-04 12:36:33,401 INFO Parsed 15000000 reads
2022-09-04 12:36:36,508 INFO Parsed 15100000 reads
2022-09-04 12:36:39,587 INFO Parsed 15200000 reads
2022-09-04 12:36:42,854 INFO Parsed 15300000 reads
2022-09-04 12:36:46,363 INFO Parsed 15400000 reads
2022-09-04 12:36:49,485 INFO Parsed 15500000 reads
2022-09-04 12:36:52,489 INFO Parsed 15600000 reads
2022-09-04 12:36:55,619 INFO Parsed 15700000 reads
2022-09-04 12:36:58,736 INFO Parsed 15800000 reads
2022-09-04 12:37:01,701 INFO Parsed 15900000 reads
2022-09-04 12:37:04,834 INFO Parsed 16000000 reads
2022-09-04 12:37:07,958 INFO Parsed 16100000 reads
2022-09-04 12:37:08,972 INFO Input Reads: 16133998
2022-09-04 12:37:08,972 INFO regex matches read1: 15624854
2022-09-04 12:37:08,972 INFO Reads output: 15624854
2022-09-04 12:37:08,972 INFO regex does not match read1: 509144
# job finished in 496 seconds at Sun Sep  4 12:37:08 2022 -- 487.14  3.08  0.00  0.00 -- 3edf3b14-cd1c-4ad1-acf8-f89dfd1a7d6e
