# UMI-tools version: 1.1.2
# output generated by extract --stdin=Fastq-files/74665.fastq.gz --log=analysis/74665/74665-UMIextraction-fromrawreads.log --stdout=analysis/74665/74665-directUMIextracted.fastq --extract-method=regex --bc-pattern=.+(?P<discard_1>AACTGTAGGCACCATCAAT){s<=2}(?P<umi_1>.{12})(?P<discard_2>.+)
# job started at Sun Sep  4 01:33:21 2022 on MacBook-Air-di-Federico.local -- c0329f63-9187-419a-92a1-55d59eab5c36
# pid: 344, system: Darwin 21.5.0 Darwin Kernel Version 21.5.0: Tue Apr 26 21:08:29 PDT 2022; root:xnu-8020.121.3~4/RELEASE_ARM64_T8101 x86_64
# blacklist                               : None
# compresslevel                           : 6
# correct_umi_threshold                   : 0
# either_read                             : False
# either_read_resolve                     : discard
# error_correct_cell                      : False
# extract_method                          : regex
# filter_cell_barcode                     : None
# filter_cell_barcodes                    : False
# filter_umi                              : None
# filtered_out                            : None
# filtered_out2                           : None
# ignore_suffix                           : False
# log2stderr                              : False
# loglevel                                : 1
# pattern                                 : .+(?P<discard_1>AACTGTAGGCACCATCAAT){s<=2}(?P<umi_1>.{12})(?P<discard_2>.+)
# pattern2                                : None
# prime3                                  : None
# quality_encoding                        : None
# quality_filter_mask                     : None
# quality_filter_threshold                : None
# random_seed                             : None
# read2_in                                : None
# read2_out                               : False
# read2_stdout                            : False
# reads_subset                            : None
# reconcile                               : False
# retain_umi                              : None
# short_help                              : None
# stderr                                  : <_io.TextIOWrapper name='<stderr>' mode='w' encoding='utf-8'>
# stdin                                   : <_io.TextIOWrapper name='Fastq-files/74665.fastq.gz' encoding='ascii'>
# stdlog                                  : <_io.TextIOWrapper name='analysis/74665/74665-UMIextraction-fromrawreads.log' mode='a' encoding='UTF-8'>
# stdout                                  : <_io.TextIOWrapper name='analysis/74665/74665-directUMIextracted.fastq' mode='w' encoding='UTF-8'>
# timeit_file                             : None
# timeit_header                           : None
# timeit_name                             : all
# tmpdir                                  : None
# umi_correct_log                         : None
# umi_whitelist                           : None
# umi_whitelist_paired                    : None
# whitelist                               : None
2022-09-04 01:33:21,500 INFO Starting barcode extraction
2022-09-04 01:33:24,506 INFO Parsed 100000 reads
2022-09-04 01:33:27,506 INFO Parsed 200000 reads
2022-09-04 01:33:30,577 INFO Parsed 300000 reads
2022-09-04 01:33:33,652 INFO Parsed 400000 reads
2022-09-04 01:33:36,749 INFO Parsed 500000 reads
2022-09-04 01:33:39,843 INFO Parsed 600000 reads
2022-09-04 01:33:42,881 INFO Parsed 700000 reads
2022-09-04 01:33:45,901 INFO Parsed 800000 reads
2022-09-04 01:33:48,947 INFO Parsed 900000 reads
2022-09-04 01:33:51,966 INFO Parsed 1000000 reads
2022-09-04 01:33:54,978 INFO Parsed 1100000 reads
2022-09-04 01:33:58,023 INFO Parsed 1200000 reads
2022-09-04 01:34:01,027 INFO Parsed 1300000 reads
2022-09-04 01:34:04,040 INFO Parsed 1400000 reads
2022-09-04 01:34:07,115 INFO Parsed 1500000 reads
2022-09-04 01:34:10,221 INFO Parsed 1600000 reads
2022-09-04 01:34:13,275 INFO Parsed 1700000 reads
2022-09-04 01:34:16,318 INFO Parsed 1800000 reads
2022-09-04 01:34:19,327 INFO Parsed 1900000 reads
2022-09-04 01:34:22,383 INFO Parsed 2000000 reads
2022-09-04 01:34:25,395 INFO Parsed 2100000 reads
2022-09-04 01:34:28,408 INFO Parsed 2200000 reads
2022-09-04 01:34:31,440 INFO Parsed 2300000 reads
2022-09-04 01:34:34,452 INFO Parsed 2400000 reads
2022-09-04 01:34:37,475 INFO Parsed 2500000 reads
2022-09-04 01:34:40,554 INFO Parsed 2600000 reads
2022-09-04 01:34:43,590 INFO Parsed 2700000 reads
2022-09-04 01:34:46,632 INFO Parsed 2800000 reads
2022-09-04 01:34:49,660 INFO Parsed 2900000 reads
2022-09-04 01:34:52,688 INFO Parsed 3000000 reads
2022-09-04 01:34:55,716 INFO Parsed 3100000 reads
2022-09-04 01:34:58,767 INFO Parsed 3200000 reads
2022-09-04 01:35:01,798 INFO Parsed 3300000 reads
2022-09-04 01:35:04,840 INFO Parsed 3400000 reads
2022-09-04 01:35:07,875 INFO Parsed 3500000 reads
2022-09-04 01:35:10,929 INFO Parsed 3600000 reads
2022-09-04 01:35:13,959 INFO Parsed 3700000 reads
2022-09-04 01:35:16,994 INFO Parsed 3800000 reads
2022-09-04 01:35:20,019 INFO Parsed 3900000 reads
2022-09-04 01:35:23,040 INFO Parsed 4000000 reads
2022-09-04 01:35:26,106 INFO Parsed 4100000 reads
2022-09-04 01:35:29,136 INFO Parsed 4200000 reads
2022-09-04 01:35:32,163 INFO Parsed 4300000 reads
2022-09-04 01:35:35,191 INFO Parsed 4400000 reads
2022-09-04 01:35:38,220 INFO Parsed 4500000 reads
2022-09-04 01:35:41,266 INFO Parsed 4600000 reads
2022-09-04 01:35:44,301 INFO Parsed 4700000 reads
2022-09-04 01:35:47,371 INFO Parsed 4800000 reads
2022-09-04 01:35:50,396 INFO Parsed 4900000 reads
2022-09-04 01:35:53,412 INFO Parsed 5000000 reads
2022-09-04 01:35:56,440 INFO Parsed 5100000 reads
2022-09-04 01:35:59,490 INFO Parsed 5200000 reads
2022-09-04 01:36:02,508 INFO Parsed 5300000 reads
2022-09-04 01:36:05,534 INFO Parsed 5400000 reads
2022-09-04 01:36:08,569 INFO Parsed 5500000 reads
2022-09-04 01:36:11,593 INFO Parsed 5600000 reads
2022-09-04 01:36:14,637 INFO Parsed 5700000 reads
2022-09-04 01:36:17,686 INFO Parsed 5800000 reads
2022-09-04 01:36:20,738 INFO Parsed 5900000 reads
2022-09-04 01:36:23,770 INFO Parsed 6000000 reads
2022-09-04 01:36:26,831 INFO Parsed 6100000 reads
2022-09-04 01:36:29,955 INFO Parsed 6200000 reads
2022-09-04 01:36:32,973 INFO Parsed 6300000 reads
2022-09-04 01:36:36,991 INFO Parsed 6400000 reads
2022-09-04 01:36:40,103 INFO Parsed 6500000 reads
2022-09-04 01:36:43,121 INFO Parsed 6600000 reads
2022-09-04 01:36:46,196 INFO Parsed 6700000 reads
2022-09-04 01:36:49,252 INFO Parsed 6800000 reads
2022-09-04 01:36:52,250 INFO Parsed 6900000 reads
2022-09-04 01:36:55,237 INFO Parsed 7000000 reads
2022-09-04 01:36:58,300 INFO Parsed 7100000 reads
2022-09-04 01:37:01,288 INFO Parsed 7200000 reads
2022-09-04 01:37:04,265 INFO Parsed 7300000 reads
2022-09-04 01:37:07,245 INFO Parsed 7400000 reads
2022-09-04 01:37:10,244 INFO Parsed 7500000 reads
2022-09-04 01:37:13,220 INFO Parsed 7600000 reads
2022-09-04 01:37:16,251 INFO Parsed 7700000 reads
2022-09-04 01:37:19,231 INFO Parsed 7800000 reads
2022-09-04 01:37:22,208 INFO Parsed 7900000 reads
2022-09-04 01:37:25,186 INFO Parsed 8000000 reads
2022-09-04 01:37:28,179 INFO Parsed 8100000 reads
2022-09-04 01:37:31,158 INFO Parsed 8200000 reads
2022-09-04 01:37:34,139 INFO Parsed 8300000 reads
2022-09-04 01:37:37,118 INFO Parsed 8400000 reads
2022-09-04 01:37:40,157 INFO Parsed 8500000 reads
2022-09-04 01:37:43,488 INFO Parsed 8600000 reads
2022-09-04 01:37:46,706 INFO Parsed 8700000 reads
2022-09-04 01:37:49,805 INFO Parsed 8800000 reads
2022-09-04 01:37:52,821 INFO Parsed 8900000 reads
2022-09-04 01:37:55,788 INFO Parsed 9000000 reads
2022-09-04 01:37:58,847 INFO Parsed 9100000 reads
2022-09-04 01:38:01,800 INFO Parsed 9200000 reads
2022-09-04 01:38:04,759 INFO Parsed 9300000 reads
2022-09-04 01:38:05,967 INFO Input Reads: 9340647
2022-09-04 01:38:05,967 INFO regex matches read1: 8513459
2022-09-04 01:38:05,967 INFO Reads output: 8513459
2022-09-04 01:38:05,967 INFO regex does not match read1: 827188
# job finished in 284 seconds at Sun Sep  4 01:38:05 2022 -- 280.66  2.02  0.00  0.00 -- c0329f63-9187-419a-92a1-55d59eab5c36
