# UMI-tools version: 1.1.2
# output generated by dedup --method=unique -I analysis/74665/74665-genomeaftermiRNA-aligned-bowtie1-beststratam1.bam -S analysis/74665/74665_deduplicated-genomeaftermiRNA-uniquemethod.bam -L analysis/74665/74665-deduplicate-genomeaftermiRNA-uniquemethod.log
# job started at Sun Sep  4 01:38:50 2022 on MacBook-Air-di-Federico.local -- 9ed8b6a7-1639-4f1d-a7ca-2a47671dc95c
# pid: 495, system: Darwin 21.5.0 Darwin Kernel Version 21.5.0: Tue Apr 26 21:08:29 PDT 2022; root:xnu-8020.121.3~4/RELEASE_ARM64_T8101 x86_64
# assigned_tag                            : None
# cell_tag                                : None
# cell_tag_delim                          : None
# cell_tag_split                          : -
# chimeric_pairs                          : use
# chrom                                   : None
# compresslevel                           : 6
# detection_method                        : None
# filter_umi                              : None
# gene_tag                                : None
# gene_transcript_map                     : None
# get_umi_method                          : read_id
# ignore_tlen                             : False
# ignore_umi                              : False
# in_sam                                  : False
# log2stderr                              : False
# loglevel                                : 1
# mapping_quality                         : 0
# method                                  : unique
# no_sort_output                          : False
# out_sam                                 : False
# output_unmapped                         : False
# paired                                  : False
# per_cell                                : False
# per_contig                              : False
# per_gene                                : False
# random_seed                             : None
# read_length                             : False
# short_help                              : None
# skip_regex                              : ^(__|Unassigned)
# soft_clip_threshold                     : 4
# spliced                                 : False
# stats                                   : False
# stderr                                  : <_io.TextIOWrapper name='<stderr>' mode='w' encoding='utf-8'>
# stdin                                   : <_io.TextIOWrapper name='analysis/74665/74665-genomeaftermiRNA-aligned-bowtie1-beststratam1.bam' mode='r' encoding='UTF-8'>
# stdlog                                  : <_io.TextIOWrapper name='analysis/74665/74665-deduplicate-genomeaftermiRNA-uniquemethod.log' mode='a' encoding='UTF-8'>
# stdout                                  : <_io.TextIOWrapper name='analysis/74665/74665_deduplicated-genomeaftermiRNA-uniquemethod.bam' mode='w' encoding='UTF-8'>
# subset                                  : None
# threshold                               : 1
# timeit_file                             : None
# timeit_header                           : None
# timeit_name                             : all
# tmpdir                                  : None
# umi_sep                                 : _
# umi_tag                                 : RX
# umi_tag_delim                           : None
# umi_tag_split                           : None
# umi_whitelist                           : None
# umi_whitelist_paired                    : None
# unmapped_reads                          : discard
# unpaired_reads                          : use
# whole_contig                            : False
2022-09-04 01:38:50,014 INFO command: dedup --method=unique -I analysis/74665/74665-genomeaftermiRNA-aligned-bowtie1-beststratam1.bam -S analysis/74665/74665_deduplicated-genomeaftermiRNA-uniquemethod.bam -L analysis/74665/74665-deduplicate-genomeaftermiRNA-uniquemethod.log
2022-09-04 01:38:55,242 INFO Written out 100000 reads
2022-09-04 01:38:56,770 INFO Parsed 1000000 input reads
2022-09-04 01:38:57,624 INFO Written out 200000 reads
2022-09-04 01:38:58,622 INFO Reads: Input Reads: 1260780
2022-09-04 01:38:58,622 INFO Number of reads out: 219375
2022-09-04 01:38:58,622 INFO Total number of positions deduplicated: 12545
2022-09-04 01:38:58,622 INFO Mean number of unique UMIs per position: 17.49
2022-09-04 01:38:58,622 INFO Max. number of unique UMIs per position: 53241
# job finished in 8 seconds at Sun Sep  4 01:38:58 2022 --  9.49  0.16  0.00  0.00 -- 9ed8b6a7-1639-4f1d-a7ca-2a47671dc95c
# UMI-tools version: 1.1.2
# output generated by dedup --method=unique -I analysis/74665/74665-genomeaftermiRNA-aligned-bowtie1-beststratam1.bam -S analysis/74665/74665_deduplicated-genomeaftermiRNA-uniquemethod.bam -L analysis/74665/74665-deduplicate-genomeaftermiRNA-uniquemethod.log
# job started at Mon Sep  5 17:53:34 2022 on MacBook-Air-di-Federico.local -- 78cd0c81-1bd3-4f58-9cda-e18df5db518e
# pid: 12793, system: Darwin 21.5.0 Darwin Kernel Version 21.5.0: Tue Apr 26 21:08:29 PDT 2022; root:xnu-8020.121.3~4/RELEASE_ARM64_T8101 x86_64
# assigned_tag                            : None
# cell_tag                                : None
# cell_tag_delim                          : None
# cell_tag_split                          : -
# chimeric_pairs                          : use
# chrom                                   : None
# compresslevel                           : 6
# detection_method                        : None
# filter_umi                              : None
# gene_tag                                : None
# gene_transcript_map                     : None
# get_umi_method                          : read_id
# ignore_tlen                             : False
# ignore_umi                              : False
# in_sam                                  : False
# log2stderr                              : False
# loglevel                                : 1
# mapping_quality                         : 0
# method                                  : unique
# no_sort_output                          : False
# out_sam                                 : False
# output_unmapped                         : False
# paired                                  : False
# per_cell                                : False
# per_contig                              : False
# per_gene                                : False
# random_seed                             : None
# read_length                             : False
# short_help                              : None
# skip_regex                              : ^(__|Unassigned)
# soft_clip_threshold                     : 4
# spliced                                 : False
# stats                                   : False
# stderr                                  : <_io.TextIOWrapper name='<stderr>' mode='w' encoding='utf-8'>
# stdin                                   : <_io.TextIOWrapper name='analysis/74665/74665-genomeaftermiRNA-aligned-bowtie1-beststratam1.bam' mode='r' encoding='UTF-8'>
# stdlog                                  : <_io.TextIOWrapper name='analysis/74665/74665-deduplicate-genomeaftermiRNA-uniquemethod.log' mode='a' encoding='UTF-8'>
# stdout                                  : <_io.TextIOWrapper name='analysis/74665/74665_deduplicated-genomeaftermiRNA-uniquemethod.bam' mode='w' encoding='UTF-8'>
# subset                                  : None
# threshold                               : 1
# timeit_file                             : None
# timeit_header                           : None
# timeit_name                             : all
# tmpdir                                  : None
# umi_sep                                 : _
# umi_tag                                 : RX
# umi_tag_delim                           : None
# umi_tag_split                           : None
# umi_whitelist                           : None
# umi_whitelist_paired                    : None
# unmapped_reads                          : discard
# unpaired_reads                          : use
# whole_contig                            : False
2022-09-05 17:53:34,216 INFO command: dedup --method=unique -I analysis/74665/74665-genomeaftermiRNA-aligned-bowtie1-beststratam1.bam -S analysis/74665/74665_deduplicated-genomeaftermiRNA-uniquemethod.bam -L analysis/74665/74665-deduplicate-genomeaftermiRNA-uniquemethod.log
2022-09-05 17:53:37,036 INFO Reads: Input Reads: 409482
2022-09-05 17:53:37,036 INFO Number of reads out: 94414
2022-09-05 17:53:37,036 INFO Total number of positions deduplicated: 12426
2022-09-05 17:53:37,036 INFO Mean number of unique UMIs per position: 7.60
2022-09-05 17:53:37,036 INFO Max. number of unique UMIs per position: 23106
# job finished in 2 seconds at Mon Sep  5 17:53:37 2022 --  3.75  0.13  0.00  0.00 -- 78cd0c81-1bd3-4f58-9cda-e18df5db518e
