# UMI-tools version: 1.1.2
# output generated by dedup --method=unique -I analysis/74665/74665-maturemiRNA-aligned-bowtie1-beststratam1.bam -S analysis/74665/74665_deduplicated-matureMirna-uniquemethod-beststratam1.bam -L analysis/74665/74665-deduplicate-matureMirna-uniquemethod-beststratam1.log
# job started at Sun Sep  4 01:38:31 2022 on MacBook-Air-di-Federico.local -- 7ec2ee9b-6116-48f5-aac3-5d6e2df2ae80
# pid: 459, system: Darwin 21.5.0 Darwin Kernel Version 21.5.0: Tue Apr 26 21:08:29 PDT 2022; root:xnu-8020.121.3~4/RELEASE_ARM64_T8101 x86_64
# assigned_tag                            : None
# cell_tag                                : None
# cell_tag_delim                          : None
# cell_tag_split                          : -
# chimeric_pairs                          : use
# chrom                                   : None
# compresslevel                           : 6
# detection_method                        : None
# filter_umi                              : None
# gene_tag                                : None
# gene_transcript_map                     : None
# get_umi_method                          : read_id
# ignore_tlen                             : False
# ignore_umi                              : False
# in_sam                                  : False
# log2stderr                              : False
# loglevel                                : 1
# mapping_quality                         : 0
# method                                  : unique
# no_sort_output                          : False
# out_sam                                 : False
# output_unmapped                         : False
# paired                                  : False
# per_cell                                : False
# per_contig                              : False
# per_gene                                : False
# random_seed                             : None
# read_length                             : False
# short_help                              : None
# skip_regex                              : ^(__|Unassigned)
# soft_clip_threshold                     : 4
# spliced                                 : False
# stats                                   : False
# stderr                                  : <_io.TextIOWrapper name='<stderr>' mode='w' encoding='utf-8'>
# stdin                                   : <_io.TextIOWrapper name='analysis/74665/74665-maturemiRNA-aligned-bowtie1-beststratam1.bam' mode='r' encoding='UTF-8'>
# stdlog                                  : <_io.TextIOWrapper name='analysis/74665/74665-deduplicate-matureMirna-uniquemethod-beststratam1.log' mode='a' encoding='UTF-8'>
# stdout                                  : <_io.TextIOWrapper name='analysis/74665/74665_deduplicated-matureMirna-uniquemethod-beststratam1.bam' mode='w' encoding='UTF-8'>
# subset                                  : None
# threshold                               : 1
# timeit_file                             : None
# timeit_header                           : None
# timeit_name                             : all
# tmpdir                                  : None
# umi_sep                                 : _
# umi_tag                                 : RX
# umi_tag_delim                           : None
# umi_tag_split                           : None
# umi_whitelist                           : None
# umi_whitelist_paired                    : None
# unmapped_reads                          : discard
# unpaired_reads                          : use
# whole_contig                            : False
2022-09-04 01:38:31,444 INFO command: dedup --method=unique -I analysis/74665/74665-maturemiRNA-aligned-bowtie1-beststratam1.bam -S analysis/74665/74665_deduplicated-matureMirna-uniquemethod-beststratam1.bam -L analysis/74665/74665-deduplicate-matureMirna-uniquemethod-beststratam1.log
2022-09-04 01:38:31,458 INFO Reads: Input Reads: 345
2022-09-04 01:38:31,458 INFO Number of reads out: 68
2022-09-04 01:38:31,458 INFO Total number of positions deduplicated: 2
2022-09-04 01:38:31,458 INFO Mean number of unique UMIs per position: 34.00
2022-09-04 01:38:31,458 INFO Max. number of unique UMIs per position: 67
# job finished in 0 seconds at Sun Sep  4 01:38:31 2022 --  0.95  0.11  0.00  0.00 -- 7ec2ee9b-6116-48f5-aac3-5d6e2df2ae80
# UMI-tools version: 1.1.2
# output generated by dedup --method=unique -I analysis/74665/74665-maturemiRNA-aligned-bowtie1-beststratam1.bam -S analysis/74665/74665_deduplicated-matureMirna-uniquemethod-beststratam1.bam -L analysis/74665/74665-deduplicate-matureMirna-uniquemethod-beststratam1.log
# job started at Sun Sep  4 20:16:19 2022 on MacBook-Air-di-Federico.local -- c6fb1ca1-21f1-47ea-8f1b-f07a2579bf96
# pid: 65994, system: Darwin 21.5.0 Darwin Kernel Version 21.5.0: Tue Apr 26 21:08:29 PDT 2022; root:xnu-8020.121.3~4/RELEASE_ARM64_T8101 x86_64
# assigned_tag                            : None
# cell_tag                                : None
# cell_tag_delim                          : None
# cell_tag_split                          : -
# chimeric_pairs                          : use
# chrom                                   : None
# compresslevel                           : 6
# detection_method                        : None
# filter_umi                              : None
# gene_tag                                : None
# gene_transcript_map                     : None
# get_umi_method                          : read_id
# ignore_tlen                             : False
# ignore_umi                              : False
# in_sam                                  : False
# log2stderr                              : False
# loglevel                                : 1
# mapping_quality                         : 0
# method                                  : unique
# no_sort_output                          : False
# out_sam                                 : False
# output_unmapped                         : False
# paired                                  : False
# per_cell                                : False
# per_contig                              : False
# per_gene                                : False
# random_seed                             : None
# read_length                             : False
# short_help                              : None
# skip_regex                              : ^(__|Unassigned)
# soft_clip_threshold                     : 4
# spliced                                 : False
# stats                                   : False
# stderr                                  : <_io.TextIOWrapper name='<stderr>' mode='w' encoding='utf-8'>
# stdin                                   : <_io.TextIOWrapper name='analysis/74665/74665-maturemiRNA-aligned-bowtie1-beststratam1.bam' mode='r' encoding='UTF-8'>
# stdlog                                  : <_io.TextIOWrapper name='analysis/74665/74665-deduplicate-matureMirna-uniquemethod-beststratam1.log' mode='a' encoding='UTF-8'>
# stdout                                  : <_io.TextIOWrapper name='analysis/74665/74665_deduplicated-matureMirna-uniquemethod-beststratam1.bam' mode='w' encoding='UTF-8'>
# subset                                  : None
# threshold                               : 1
# timeit_file                             : None
# timeit_header                           : None
# timeit_name                             : all
# tmpdir                                  : None
# umi_sep                                 : _
# umi_tag                                 : RX
# umi_tag_delim                           : None
# umi_tag_split                           : None
# umi_whitelist                           : None
# umi_whitelist_paired                    : None
# unmapped_reads                          : discard
# unpaired_reads                          : use
# whole_contig                            : False
2022-09-04 20:16:19,646 INFO command: dedup --method=unique -I analysis/74665/74665-maturemiRNA-aligned-bowtie1-beststratam1.bam -S analysis/74665/74665_deduplicated-matureMirna-uniquemethod-beststratam1.bam -L analysis/74665/74665-deduplicate-matureMirna-uniquemethod-beststratam1.log
2022-09-04 20:16:25,037 INFO Written out 100000 reads
2022-09-04 20:16:29,284 INFO Parsed 1000000 input reads
2022-09-04 20:16:29,920 INFO Reads: Input Reads: 1125042
2022-09-04 20:16:29,920 INFO Number of reads out: 192729
2022-09-04 20:16:29,920 INFO Total number of positions deduplicated: 545
2022-09-04 20:16:29,920 INFO Mean number of unique UMIs per position: 353.63
2022-09-04 20:16:29,920 INFO Max. number of unique UMIs per position: 50504
# job finished in 10 seconds at Sun Sep  4 20:16:29 2022 -- 11.39  0.19  0.00  0.00 -- c6fb1ca1-21f1-47ea-8f1b-f07a2579bf96
