# UMI-tools version: 1.1.2
# output generated by extract --stdin=Fastq-files/74669.fastq.gz --log=analysis/74669/74669-UMIextraction-fromrawreads.log --stdout=analysis/74669/74669-directUMIextracted.fastq --extract-method=regex --bc-pattern=.+(?P<discard_1>AACTGTAGGCACCATCAAT){s<=2}(?P<umi_1>.{12})(?P<discard_2>.+)
# job started at Sun Sep  4 11:42:59 2022 on MacBook-Air-di-Federico.local -- 05af7769-f29e-4675-8a94-08456f6c4781
# pid: 1426, system: Darwin 21.5.0 Darwin Kernel Version 21.5.0: Tue Apr 26 21:08:29 PDT 2022; root:xnu-8020.121.3~4/RELEASE_ARM64_T8101 x86_64
# blacklist                               : None
# compresslevel                           : 6
# correct_umi_threshold                   : 0
# either_read                             : False
# either_read_resolve                     : discard
# error_correct_cell                      : False
# extract_method                          : regex
# filter_cell_barcode                     : None
# filter_cell_barcodes                    : False
# filter_umi                              : None
# filtered_out                            : None
# filtered_out2                           : None
# ignore_suffix                           : False
# log2stderr                              : False
# loglevel                                : 1
# pattern                                 : .+(?P<discard_1>AACTGTAGGCACCATCAAT){s<=2}(?P<umi_1>.{12})(?P<discard_2>.+)
# pattern2                                : None
# prime3                                  : None
# quality_encoding                        : None
# quality_filter_mask                     : None
# quality_filter_threshold                : None
# random_seed                             : None
# read2_in                                : None
# read2_out                               : False
# read2_stdout                            : False
# reads_subset                            : None
# reconcile                               : False
# retain_umi                              : None
# short_help                              : None
# stderr                                  : <_io.TextIOWrapper name='<stderr>' mode='w' encoding='utf-8'>
# stdin                                   : <_io.TextIOWrapper name='Fastq-files/74669.fastq.gz' encoding='ascii'>
# stdlog                                  : <_io.TextIOWrapper name='analysis/74669/74669-UMIextraction-fromrawreads.log' mode='a' encoding='UTF-8'>
# stdout                                  : <_io.TextIOWrapper name='analysis/74669/74669-directUMIextracted.fastq' mode='w' encoding='UTF-8'>
# timeit_file                             : None
# timeit_header                           : None
# timeit_name                             : all
# tmpdir                                  : None
# umi_correct_log                         : None
# umi_whitelist                           : None
# umi_whitelist_paired                    : None
# whitelist                               : None
2022-09-04 11:42:59,039 INFO Starting barcode extraction
2022-09-04 11:43:01,971 INFO Parsed 100000 reads
2022-09-04 11:43:04,892 INFO Parsed 200000 reads
2022-09-04 11:43:07,824 INFO Parsed 300000 reads
2022-09-04 11:43:10,777 INFO Parsed 400000 reads
2022-09-04 11:43:13,716 INFO Parsed 500000 reads
2022-09-04 11:43:16,635 INFO Parsed 600000 reads
2022-09-04 11:43:19,593 INFO Parsed 700000 reads
2022-09-04 11:43:22,526 INFO Parsed 800000 reads
2022-09-04 11:43:25,459 INFO Parsed 900000 reads
2022-09-04 11:43:28,413 INFO Parsed 1000000 reads
2022-09-04 11:43:31,374 INFO Parsed 1100000 reads
2022-09-04 11:43:34,338 INFO Parsed 1200000 reads
2022-09-04 11:43:37,282 INFO Parsed 1300000 reads
2022-09-04 11:43:40,226 INFO Parsed 1400000 reads
2022-09-04 11:43:43,160 INFO Parsed 1500000 reads
2022-09-04 11:43:46,105 INFO Parsed 1600000 reads
2022-09-04 11:43:49,047 INFO Parsed 1700000 reads
2022-09-04 11:43:52,045 INFO Parsed 1800000 reads
2022-09-04 11:43:55,024 INFO Parsed 1900000 reads
2022-09-04 11:43:57,992 INFO Parsed 2000000 reads
2022-09-04 11:44:01,058 INFO Parsed 2100000 reads
2022-09-04 11:44:04,010 INFO Parsed 2200000 reads
2022-09-04 11:44:06,940 INFO Parsed 2300000 reads
2022-09-04 11:44:09,884 INFO Parsed 2400000 reads
2022-09-04 11:44:12,802 INFO Parsed 2500000 reads
2022-09-04 11:44:15,723 INFO Parsed 2600000 reads
2022-09-04 11:44:18,657 INFO Parsed 2700000 reads
2022-09-04 11:44:21,671 INFO Parsed 2800000 reads
2022-09-04 11:44:24,638 INFO Parsed 2900000 reads
2022-09-04 11:44:27,645 INFO Parsed 3000000 reads
2022-09-04 11:44:30,658 INFO Parsed 3100000 reads
2022-09-04 11:44:33,707 INFO Parsed 3200000 reads
2022-09-04 11:44:36,759 INFO Parsed 3300000 reads
2022-09-04 11:44:39,933 INFO Parsed 3400000 reads
2022-09-04 11:44:42,985 INFO Parsed 3500000 reads
2022-09-04 11:44:46,016 INFO Parsed 3600000 reads
2022-09-04 11:44:49,034 INFO Parsed 3700000 reads
2022-09-04 11:44:52,047 INFO Parsed 3800000 reads
2022-09-04 11:44:55,059 INFO Parsed 3900000 reads
2022-09-04 11:44:58,361 INFO Parsed 4000000 reads
2022-09-04 11:45:01,656 INFO Parsed 4100000 reads
2022-09-04 11:45:04,789 INFO Parsed 4200000 reads
2022-09-04 11:45:08,095 INFO Parsed 4300000 reads
2022-09-04 11:45:11,446 INFO Parsed 4400000 reads
2022-09-04 11:45:14,510 INFO Parsed 4500000 reads
2022-09-04 11:45:17,689 INFO Parsed 4600000 reads
2022-09-04 11:45:20,755 INFO Parsed 4700000 reads
2022-09-04 11:45:23,825 INFO Parsed 4800000 reads
2022-09-04 11:45:26,936 INFO Parsed 4900000 reads
2022-09-04 11:45:31,138 INFO Parsed 5000000 reads
2022-09-04 11:45:34,956 INFO Parsed 5100000 reads
2022-09-04 11:45:38,179 INFO Parsed 5200000 reads
2022-09-04 11:45:41,175 INFO Parsed 5300000 reads
2022-09-04 11:45:44,238 INFO Parsed 5400000 reads
2022-09-04 11:45:47,295 INFO Parsed 5500000 reads
2022-09-04 11:45:50,281 INFO Parsed 5600000 reads
2022-09-04 11:45:53,312 INFO Parsed 5700000 reads
2022-09-04 11:45:56,282 INFO Parsed 5800000 reads
2022-09-04 11:45:59,252 INFO Parsed 5900000 reads
2022-09-04 11:46:02,285 INFO Parsed 6000000 reads
2022-09-04 11:46:05,386 INFO Parsed 6100000 reads
2022-09-04 11:46:08,519 INFO Parsed 6200000 reads
2022-09-04 11:46:11,760 INFO Parsed 6300000 reads
2022-09-04 11:46:14,830 INFO Parsed 6400000 reads
2022-09-04 11:46:17,830 INFO Parsed 6500000 reads
2022-09-04 11:46:20,831 INFO Parsed 6600000 reads
2022-09-04 11:46:24,059 INFO Parsed 6700000 reads
2022-09-04 11:46:27,171 INFO Parsed 6800000 reads
2022-09-04 11:46:30,162 INFO Parsed 6900000 reads
2022-09-04 11:46:33,201 INFO Parsed 7000000 reads
2022-09-04 11:46:36,206 INFO Parsed 7100000 reads
2022-09-04 11:46:39,239 INFO Parsed 7200000 reads
2022-09-04 11:46:42,283 INFO Parsed 7300000 reads
2022-09-04 11:46:45,247 INFO Parsed 7400000 reads
2022-09-04 11:46:46,527 INFO Input Reads: 7443083
2022-09-04 11:46:46,527 INFO regex matches read1: 6892374
2022-09-04 11:46:46,527 INFO Reads output: 6892374
2022-09-04 11:46:46,527 INFO regex does not match read1: 550709
# job finished in 227 seconds at Sun Sep  4 11:46:46 2022 -- 222.16  1.55  0.00  0.00 -- 05af7769-f29e-4675-8a94-08456f6c4781
