# UMI-tools version: 1.1.2
# output generated by dedup --method=unique -I analysis/74669/74669-maturemiRNA-aligned-bowtie1-beststratam1.bam -S analysis/74669/74669_deduplicated-matureMirna-uniquemethod-beststratam1.bam -L analysis/74669/74669-deduplicate-matureMirna-uniquemethod-beststratam1.log
# job started at Sun Sep  4 11:47:02 2022 on MacBook-Air-di-Federico.local -- 8b339d4b-c214-4ded-9c4a-6a6ecaa5503f
# pid: 1506, system: Darwin 21.5.0 Darwin Kernel Version 21.5.0: Tue Apr 26 21:08:29 PDT 2022; root:xnu-8020.121.3~4/RELEASE_ARM64_T8101 x86_64
# assigned_tag                            : None
# cell_tag                                : None
# cell_tag_delim                          : None
# cell_tag_split                          : -
# chimeric_pairs                          : use
# chrom                                   : None
# compresslevel                           : 6
# detection_method                        : None
# filter_umi                              : None
# gene_tag                                : None
# gene_transcript_map                     : None
# get_umi_method                          : read_id
# ignore_tlen                             : False
# ignore_umi                              : False
# in_sam                                  : False
# log2stderr                              : False
# loglevel                                : 1
# mapping_quality                         : 0
# method                                  : unique
# no_sort_output                          : False
# out_sam                                 : False
# output_unmapped                         : False
# paired                                  : False
# per_cell                                : False
# per_contig                              : False
# per_gene                                : False
# random_seed                             : None
# read_length                             : False
# short_help                              : None
# skip_regex                              : ^(__|Unassigned)
# soft_clip_threshold                     : 4
# spliced                                 : False
# stats                                   : False
# stderr                                  : <_io.TextIOWrapper name='<stderr>' mode='w' encoding='utf-8'>
# stdin                                   : <_io.TextIOWrapper name='analysis/74669/74669-maturemiRNA-aligned-bowtie1-beststratam1.bam' mode='r' encoding='UTF-8'>
# stdlog                                  : <_io.TextIOWrapper name='analysis/74669/74669-deduplicate-matureMirna-uniquemethod-beststratam1.log' mode='a' encoding='UTF-8'>
# stdout                                  : <_io.TextIOWrapper name='analysis/74669/74669_deduplicated-matureMirna-uniquemethod-beststratam1.bam' mode='w' encoding='UTF-8'>
# subset                                  : None
# threshold                               : 1
# timeit_file                             : None
# timeit_header                           : None
# timeit_name                             : all
# tmpdir                                  : None
# umi_sep                                 : _
# umi_tag                                 : RX
# umi_tag_delim                           : None
# umi_tag_split                           : None
# umi_whitelist                           : None
# umi_whitelist_paired                    : None
# unmapped_reads                          : discard
# unpaired_reads                          : use
# whole_contig                            : False
2022-09-04 11:47:02,965 INFO command: dedup --method=unique -I analysis/74669/74669-maturemiRNA-aligned-bowtie1-beststratam1.bam -S analysis/74669/74669_deduplicated-matureMirna-uniquemethod-beststratam1.bam -L analysis/74669/74669-deduplicate-matureMirna-uniquemethod-beststratam1.log
2022-09-04 11:47:02,981 INFO Reads: Input Reads: 818
2022-09-04 11:47:02,981 INFO Number of reads out: 108
2022-09-04 11:47:02,981 INFO Total number of positions deduplicated: 3
2022-09-04 11:47:02,981 INFO Mean number of unique UMIs per position: 36.00
2022-09-04 11:47:02,981 INFO Max. number of unique UMIs per position: 105
# job finished in 0 seconds at Sun Sep  4 11:47:02 2022 --  0.96  0.11  0.00  0.00 -- 8b339d4b-c214-4ded-9c4a-6a6ecaa5503f
# UMI-tools version: 1.1.2
# output generated by dedup --method=unique -I analysis/74669/74669-maturemiRNA-aligned-bowtie1-beststratam1.bam -S analysis/74669/74669_deduplicated-matureMirna-uniquemethod-beststratam1.bam -L analysis/74669/74669-deduplicate-matureMirna-uniquemethod-beststratam1.log
# job started at Mon Sep  5 17:57:08 2022 on MacBook-Air-di-Federico.local -- 25fbfd31-bb6d-4ab9-bd74-e208db574567
# pid: 12966, system: Darwin 21.5.0 Darwin Kernel Version 21.5.0: Tue Apr 26 21:08:29 PDT 2022; root:xnu-8020.121.3~4/RELEASE_ARM64_T8101 x86_64
# assigned_tag                            : None
# cell_tag                                : None
# cell_tag_delim                          : None
# cell_tag_split                          : -
# chimeric_pairs                          : use
# chrom                                   : None
# compresslevel                           : 6
# detection_method                        : None
# filter_umi                              : None
# gene_tag                                : None
# gene_transcript_map                     : None
# get_umi_method                          : read_id
# ignore_tlen                             : False
# ignore_umi                              : False
# in_sam                                  : False
# log2stderr                              : False
# loglevel                                : 1
# mapping_quality                         : 0
# method                                  : unique
# no_sort_output                          : False
# out_sam                                 : False
# output_unmapped                         : False
# paired                                  : False
# per_cell                                : False
# per_contig                              : False
# per_gene                                : False
# random_seed                             : None
# read_length                             : False
# short_help                              : None
# skip_regex                              : ^(__|Unassigned)
# soft_clip_threshold                     : 4
# spliced                                 : False
# stats                                   : False
# stderr                                  : <_io.TextIOWrapper name='<stderr>' mode='w' encoding='utf-8'>
# stdin                                   : <_io.TextIOWrapper name='analysis/74669/74669-maturemiRNA-aligned-bowtie1-beststratam1.bam' mode='r' encoding='UTF-8'>
# stdlog                                  : <_io.TextIOWrapper name='analysis/74669/74669-deduplicate-matureMirna-uniquemethod-beststratam1.log' mode='a' encoding='UTF-8'>
# stdout                                  : <_io.TextIOWrapper name='analysis/74669/74669_deduplicated-matureMirna-uniquemethod-beststratam1.bam' mode='w' encoding='UTF-8'>
# subset                                  : None
# threshold                               : 1
# timeit_file                             : None
# timeit_header                           : None
# timeit_name                             : all
# tmpdir                                  : None
# umi_sep                                 : _
# umi_tag                                 : RX
# umi_tag_delim                           : None
# umi_tag_split                           : None
# umi_whitelist                           : None
# umi_whitelist_paired                    : None
# unmapped_reads                          : discard
# unpaired_reads                          : use
# whole_contig                            : False
2022-09-05 17:57:08,119 INFO command: dedup --method=unique -I analysis/74669/74669-maturemiRNA-aligned-bowtie1-beststratam1.bam -S analysis/74669/74669_deduplicated-matureMirna-uniquemethod-beststratam1.bam -L analysis/74669/74669-deduplicate-matureMirna-uniquemethod-beststratam1.log
2022-09-05 17:57:09,198 INFO Reads: Input Reads: 151613
2022-09-05 17:57:09,198 INFO Number of reads out: 25548
2022-09-05 17:57:09,198 INFO Total number of positions deduplicated: 345
2022-09-05 17:57:09,198 INFO Mean number of unique UMIs per position: 74.05
2022-09-05 17:57:09,198 INFO Max. number of unique UMIs per position: 2747
# job finished in 1 seconds at Mon Sep  5 17:57:09 2022 --  2.01  0.11  0.00  0.00 -- 25fbfd31-bb6d-4ab9-bd74-e208db574567
