# UMI-tools version: 1.1.2
# output generated by dedup --method=unique -I analysis/74669/74669-genomeaftermiRNA-aligned-bowtie1-beststratam1.bam -S analysis/74669/74669_deduplicated-genomeaftermiRNA-uniquemethod.bam -L analysis/74669/74669-deduplicate-genomeaftermiRNA-uniquemethod.log
# job started at Sun Sep  4 11:47:14 2022 on MacBook-Air-di-Federico.local -- 194cc8b4-ddbd-47e7-a150-1b374ae18976
# pid: 1530, system: Darwin 21.5.0 Darwin Kernel Version 21.5.0: Tue Apr 26 21:08:29 PDT 2022; root:xnu-8020.121.3~4/RELEASE_ARM64_T8101 x86_64
# assigned_tag                            : None
# cell_tag                                : None
# cell_tag_delim                          : None
# cell_tag_split                          : -
# chimeric_pairs                          : use
# chrom                                   : None
# compresslevel                           : 6
# detection_method                        : None
# filter_umi                              : None
# gene_tag                                : None
# gene_transcript_map                     : None
# get_umi_method                          : read_id
# ignore_tlen                             : False
# ignore_umi                              : False
# in_sam                                  : False
# log2stderr                              : False
# loglevel                                : 1
# mapping_quality                         : 0
# method                                  : unique
# no_sort_output                          : False
# out_sam                                 : False
# output_unmapped                         : False
# paired                                  : False
# per_cell                                : False
# per_contig                              : False
# per_gene                                : False
# random_seed                             : None
# read_length                             : False
# short_help                              : None
# skip_regex                              : ^(__|Unassigned)
# soft_clip_threshold                     : 4
# spliced                                 : False
# stats                                   : False
# stderr                                  : <_io.TextIOWrapper name='<stderr>' mode='w' encoding='utf-8'>
# stdin                                   : <_io.TextIOWrapper name='analysis/74669/74669-genomeaftermiRNA-aligned-bowtie1-beststratam1.bam' mode='r' encoding='UTF-8'>
# stdlog                                  : <_io.TextIOWrapper name='analysis/74669/74669-deduplicate-genomeaftermiRNA-uniquemethod.log' mode='a' encoding='UTF-8'>
# stdout                                  : <_io.TextIOWrapper name='analysis/74669/74669_deduplicated-genomeaftermiRNA-uniquemethod.bam' mode='w' encoding='UTF-8'>
# subset                                  : None
# threshold                               : 1
# timeit_file                             : None
# timeit_header                           : None
# timeit_name                             : all
# tmpdir                                  : None
# umi_sep                                 : _
# umi_tag                                 : RX
# umi_tag_delim                           : None
# umi_tag_split                           : None
# umi_whitelist                           : None
# umi_whitelist_paired                    : None
# unmapped_reads                          : discard
# unpaired_reads                          : use
# whole_contig                            : False
2022-09-04 11:47:14,679 INFO command: dedup --method=unique -I analysis/74669/74669-genomeaftermiRNA-aligned-bowtie1-beststratam1.bam -S analysis/74669/74669_deduplicated-genomeaftermiRNA-uniquemethod.bam -L analysis/74669/74669-deduplicate-genomeaftermiRNA-uniquemethod.log
2022-09-04 11:47:16,245 INFO Reads: Input Reads: 243360
2022-09-04 11:47:16,246 INFO Number of reads out: 37464
2022-09-04 11:47:16,246 INFO Total number of positions deduplicated: 9061
2022-09-04 11:47:16,246 INFO Mean number of unique UMIs per position: 4.13
2022-09-04 11:47:16,246 INFO Max. number of unique UMIs per position: 2811
# job finished in 1 seconds at Sun Sep  4 11:47:16 2022 --  2.52  0.13  0.00  0.00 -- 194cc8b4-ddbd-47e7-a150-1b374ae18976
# UMI-tools version: 1.1.2
# output generated by dedup --method=unique -I analysis/74669/74669-genomeaftermiRNA-aligned-bowtie1-beststratam1.bam -S analysis/74669/74669_deduplicated-genomeaftermiRNA-uniquemethod.bam -L analysis/74669/74669-deduplicate-genomeaftermiRNA-uniquemethod.log
# job started at Mon Sep  5 17:57:19 2022 on MacBook-Air-di-Federico.local -- fb112aee-8969-4fea-9fb7-bbaa7dd651f2
# pid: 12984, system: Darwin 21.5.0 Darwin Kernel Version 21.5.0: Tue Apr 26 21:08:29 PDT 2022; root:xnu-8020.121.3~4/RELEASE_ARM64_T8101 x86_64
# assigned_tag                            : None
# cell_tag                                : None
# cell_tag_delim                          : None
# cell_tag_split                          : -
# chimeric_pairs                          : use
# chrom                                   : None
# compresslevel                           : 6
# detection_method                        : None
# filter_umi                              : None
# gene_tag                                : None
# gene_transcript_map                     : None
# get_umi_method                          : read_id
# ignore_tlen                             : False
# ignore_umi                              : False
# in_sam                                  : False
# log2stderr                              : False
# loglevel                                : 1
# mapping_quality                         : 0
# method                                  : unique
# no_sort_output                          : False
# out_sam                                 : False
# output_unmapped                         : False
# paired                                  : False
# per_cell                                : False
# per_contig                              : False
# per_gene                                : False
# random_seed                             : None
# read_length                             : False
# short_help                              : None
# skip_regex                              : ^(__|Unassigned)
# soft_clip_threshold                     : 4
# spliced                                 : False
# stats                                   : False
# stderr                                  : <_io.TextIOWrapper name='<stderr>' mode='w' encoding='utf-8'>
# stdin                                   : <_io.TextIOWrapper name='analysis/74669/74669-genomeaftermiRNA-aligned-bowtie1-beststratam1.bam' mode='r' encoding='UTF-8'>
# stdlog                                  : <_io.TextIOWrapper name='analysis/74669/74669-deduplicate-genomeaftermiRNA-uniquemethod.log' mode='a' encoding='UTF-8'>
# stdout                                  : <_io.TextIOWrapper name='analysis/74669/74669_deduplicated-genomeaftermiRNA-uniquemethod.bam' mode='w' encoding='UTF-8'>
# subset                                  : None
# threshold                               : 1
# timeit_file                             : None
# timeit_header                           : None
# timeit_name                             : all
# tmpdir                                  : None
# umi_sep                                 : _
# umi_tag                                 : RX
# umi_tag_delim                           : None
# umi_tag_split                           : None
# umi_whitelist                           : None
# umi_whitelist_paired                    : None
# unmapped_reads                          : discard
# unpaired_reads                          : use
# whole_contig                            : False
2022-09-05 17:57:19,806 INFO command: dedup --method=unique -I analysis/74669/74669-genomeaftermiRNA-aligned-bowtie1-beststratam1.bam -S analysis/74669/74669_deduplicated-genomeaftermiRNA-uniquemethod.bam -L analysis/74669/74669-deduplicate-genomeaftermiRNA-uniquemethod.log
2022-09-05 17:57:20,747 INFO Reads: Input Reads: 138528
2022-09-05 17:57:20,747 INFO Number of reads out: 23870
2022-09-05 17:57:20,747 INFO Total number of positions deduplicated: 8986
2022-09-05 17:57:20,747 INFO Mean number of unique UMIs per position: 2.66
2022-09-05 17:57:20,747 INFO Max. number of unique UMIs per position: 1180
# job finished in 0 seconds at Mon Sep  5 17:57:20 2022 --  1.88  0.13  0.00  0.00 -- fb112aee-8969-4fea-9fb7-bbaa7dd651f2
