# UMI-tools version: 1.1.2
# output generated by extract --stdin=Fastq-files/70462.fastq.gz --log=analysis/70462/70462-UMIextraction-fromrawreads.log --stdout=analysis/70462/70462-directUMIextracted.fastq --extract-method=regex --bc-pattern=.+(?P<discard_1>AACTGTAGGCACCATCAAT){s<=2}(?P<umi_1>.{12})(?P<discard_2>.+)
# job started at Sun Sep  4 01:31:07 2022 on MacBook-Air-di-Federico.local -- 2e0a072b-1d93-407c-9888-e3f341ac06f7
# pid: 206, system: Darwin 21.5.0 Darwin Kernel Version 21.5.0: Tue Apr 26 21:08:29 PDT 2022; root:xnu-8020.121.3~4/RELEASE_ARM64_T8101 x86_64
# blacklist                               : None
# compresslevel                           : 6
# correct_umi_threshold                   : 0
# either_read                             : False
# either_read_resolve                     : discard
# error_correct_cell                      : False
# extract_method                          : regex
# filter_cell_barcode                     : None
# filter_cell_barcodes                    : False
# filter_umi                              : None
# filtered_out                            : None
# filtered_out2                           : None
# ignore_suffix                           : False
# log2stderr                              : False
# loglevel                                : 1
# pattern                                 : .+(?P<discard_1>AACTGTAGGCACCATCAAT){s<=2}(?P<umi_1>.{12})(?P<discard_2>.+)
# pattern2                                : None
# prime3                                  : None
# quality_encoding                        : None
# quality_filter_mask                     : None
# quality_filter_threshold                : None
# random_seed                             : None
# read2_in                                : None
# read2_out                               : False
# read2_stdout                            : False
# reads_subset                            : None
# reconcile                               : False
# retain_umi                              : None
# short_help                              : None
# stderr                                  : <_io.TextIOWrapper name='<stderr>' mode='w' encoding='utf-8'>
# stdin                                   : <_io.TextIOWrapper name='Fastq-files/70462.fastq.gz' encoding='ascii'>
# stdlog                                  : <_io.TextIOWrapper name='analysis/70462/70462-UMIextraction-fromrawreads.log' mode='a' encoding='UTF-8'>
# stdout                                  : <_io.TextIOWrapper name='analysis/70462/70462-directUMIextracted.fastq' mode='w' encoding='UTF-8'>
# timeit_file                             : None
# timeit_header                           : None
# timeit_name                             : all
# tmpdir                                  : None
# umi_correct_log                         : None
# umi_whitelist                           : None
# umi_whitelist_paired                    : None
# whitelist                               : None
2022-09-04 01:31:07,130 INFO Starting barcode extraction
2022-09-04 01:31:11,436 INFO Parsed 100000 reads
2022-09-04 01:31:15,886 INFO Parsed 200000 reads
2022-09-04 01:31:20,357 INFO Parsed 300000 reads
2022-09-04 01:31:24,707 INFO Parsed 400000 reads
2022-09-04 01:31:29,112 INFO Parsed 500000 reads
2022-09-04 01:31:33,435 INFO Parsed 600000 reads
2022-09-04 01:31:37,755 INFO Parsed 700000 reads
2022-09-04 01:31:41,963 INFO Parsed 800000 reads
2022-09-04 01:31:46,156 INFO Parsed 900000 reads
2022-09-04 01:31:50,348 INFO Parsed 1000000 reads
2022-09-04 01:31:54,639 INFO Parsed 1100000 reads
2022-09-04 01:31:59,915 INFO Parsed 1200000 reads
2022-09-04 01:32:04,130 INFO Parsed 1300000 reads
2022-09-04 01:32:08,415 INFO Parsed 1400000 reads
2022-09-04 01:32:11,160 INFO Parsed 1500000 reads
2022-09-04 01:32:13,842 INFO Parsed 1600000 reads
2022-09-04 01:32:16,447 INFO Parsed 1700000 reads
2022-09-04 01:32:19,097 INFO Parsed 1800000 reads
2022-09-04 01:32:22,043 INFO Parsed 1900000 reads
2022-09-04 01:32:24,690 INFO Parsed 2000000 reads
2022-09-04 01:32:28,135 INFO Parsed 2100000 reads
2022-09-04 01:32:30,756 INFO Parsed 2200000 reads
2022-09-04 01:32:33,380 INFO Parsed 2300000 reads
2022-09-04 01:32:35,988 INFO Parsed 2400000 reads
2022-09-04 01:32:38,693 INFO Parsed 2500000 reads
2022-09-04 01:32:40,002 INFO Input Reads: 2550445
2022-09-04 01:32:40,003 INFO regex matches read1: 1721520
2022-09-04 01:32:40,003 INFO Reads output: 1721520
2022-09-04 01:32:40,003 INFO regex does not match read1: 828925
# job finished in 92 seconds at Sun Sep  4 01:32:40 2022 -- 90.34  0.75  0.00  0.00 -- 2e0a072b-1d93-407c-9888-e3f341ac06f7
