# UMI-tools version: 1.1.2
# output generated by dedup --method=unique -I analysis/70462/70462-genomeaftermiRNA-aligned-bowtie1-beststratam1.bam -S analysis/70462/70462_deduplicated-genomeaftermiRNA-uniquemethod.bam -L analysis/70462/70462-deduplicate-genomeaftermiRNA-uniquemethod.log
# job started at Sun Sep  4 01:32:55 2022 on MacBook-Air-di-Federico.local -- 3fc02a11-f010-477c-aa26-075606ffb5ec
# pid: 281, system: Darwin 21.5.0 Darwin Kernel Version 21.5.0: Tue Apr 26 21:08:29 PDT 2022; root:xnu-8020.121.3~4/RELEASE_ARM64_T8101 x86_64
# assigned_tag                            : None
# cell_tag                                : None
# cell_tag_delim                          : None
# cell_tag_split                          : -
# chimeric_pairs                          : use
# chrom                                   : None
# compresslevel                           : 6
# detection_method                        : None
# filter_umi                              : None
# gene_tag                                : None
# gene_transcript_map                     : None
# get_umi_method                          : read_id
# ignore_tlen                             : False
# ignore_umi                              : False
# in_sam                                  : False
# log2stderr                              : False
# loglevel                                : 1
# mapping_quality                         : 0
# method                                  : unique
# no_sort_output                          : False
# out_sam                                 : False
# output_unmapped                         : False
# paired                                  : False
# per_cell                                : False
# per_contig                              : False
# per_gene                                : False
# random_seed                             : None
# read_length                             : False
# short_help                              : None
# skip_regex                              : ^(__|Unassigned)
# soft_clip_threshold                     : 4
# spliced                                 : False
# stats                                   : False
# stderr                                  : <_io.TextIOWrapper name='<stderr>' mode='w' encoding='utf-8'>
# stdin                                   : <_io.TextIOWrapper name='analysis/70462/70462-genomeaftermiRNA-aligned-bowtie1-beststratam1.bam' mode='r' encoding='UTF-8'>
# stdlog                                  : <_io.TextIOWrapper name='analysis/70462/70462-deduplicate-genomeaftermiRNA-uniquemethod.log' mode='a' encoding='UTF-8'>
# stdout                                  : <_io.TextIOWrapper name='analysis/70462/70462_deduplicated-genomeaftermiRNA-uniquemethod.bam' mode='w' encoding='UTF-8'>
# subset                                  : None
# threshold                               : 1
# timeit_file                             : None
# timeit_header                           : None
# timeit_name                             : all
# tmpdir                                  : None
# umi_sep                                 : _
# umi_tag                                 : RX
# umi_tag_delim                           : None
# umi_tag_split                           : None
# umi_whitelist                           : None
# umi_whitelist_paired                    : None
# unmapped_reads                          : discard
# unpaired_reads                          : use
# whole_contig                            : False
2022-09-04 01:32:55,700 INFO command: dedup --method=unique -I analysis/70462/70462-genomeaftermiRNA-aligned-bowtie1-beststratam1.bam -S analysis/70462/70462_deduplicated-genomeaftermiRNA-uniquemethod.bam -L analysis/70462/70462-deduplicate-genomeaftermiRNA-uniquemethod.log
2022-09-04 01:32:56,464 INFO Reads: Input Reads: 126010
2022-09-04 01:32:56,464 INFO Number of reads out: 14810
2022-09-04 01:32:56,464 INFO Total number of positions deduplicated: 1628
2022-09-04 01:32:56,464 INFO Mean number of unique UMIs per position: 9.10
2022-09-04 01:32:56,464 INFO Max. number of unique UMIs per position: 3136
# job finished in 0 seconds at Sun Sep  4 01:32:56 2022 --  1.75  0.39  0.00  0.00 -- 3fc02a11-f010-477c-aa26-075606ffb5ec
# UMI-tools version: 1.1.2
# output generated by dedup --method=unique -I analysis/70462/70462-genomeaftermiRNA-aligned-bowtie1-beststratam1.bam -S analysis/70462/70462_deduplicated-genomeaftermiRNA-uniquemethod.bam -L analysis/70462/70462-deduplicate-genomeaftermiRNA-uniquemethod.log
# job started at Mon Sep  5 17:52:40 2022 on MacBook-Air-di-Federico.local -- aa3a1e75-d17f-4f5e-b357-10de1e2a1676
# pid: 12679, system: Darwin 21.5.0 Darwin Kernel Version 21.5.0: Tue Apr 26 21:08:29 PDT 2022; root:xnu-8020.121.3~4/RELEASE_ARM64_T8101 x86_64
# assigned_tag                            : None
# cell_tag                                : None
# cell_tag_delim                          : None
# cell_tag_split                          : -
# chimeric_pairs                          : use
# chrom                                   : None
# compresslevel                           : 6
# detection_method                        : None
# filter_umi                              : None
# gene_tag                                : None
# gene_transcript_map                     : None
# get_umi_method                          : read_id
# ignore_tlen                             : False
# ignore_umi                              : False
# in_sam                                  : False
# log2stderr                              : False
# loglevel                                : 1
# mapping_quality                         : 0
# method                                  : unique
# no_sort_output                          : False
# out_sam                                 : False
# output_unmapped                         : False
# paired                                  : False
# per_cell                                : False
# per_contig                              : False
# per_gene                                : False
# random_seed                             : None
# read_length                             : False
# short_help                              : None
# skip_regex                              : ^(__|Unassigned)
# soft_clip_threshold                     : 4
# spliced                                 : False
# stats                                   : False
# stderr                                  : <_io.TextIOWrapper name='<stderr>' mode='w' encoding='utf-8'>
# stdin                                   : <_io.TextIOWrapper name='analysis/70462/70462-genomeaftermiRNA-aligned-bowtie1-beststratam1.bam' mode='r' encoding='UTF-8'>
# stdlog                                  : <_io.TextIOWrapper name='analysis/70462/70462-deduplicate-genomeaftermiRNA-uniquemethod.log' mode='a' encoding='UTF-8'>
# stdout                                  : <_io.TextIOWrapper name='analysis/70462/70462_deduplicated-genomeaftermiRNA-uniquemethod.bam' mode='w' encoding='UTF-8'>
# subset                                  : None
# threshold                               : 1
# timeit_file                             : None
# timeit_header                           : None
# timeit_name                             : all
# tmpdir                                  : None
# umi_sep                                 : _
# umi_tag                                 : RX
# umi_tag_delim                           : None
# umi_tag_split                           : None
# umi_whitelist                           : None
# umi_whitelist_paired                    : None
# unmapped_reads                          : discard
# unpaired_reads                          : use
# whole_contig                            : False
2022-09-05 17:52:40,457 INFO command: dedup --method=unique -I analysis/70462/70462-genomeaftermiRNA-aligned-bowtie1-beststratam1.bam -S analysis/70462/70462_deduplicated-genomeaftermiRNA-uniquemethod.bam -L analysis/70462/70462-deduplicate-genomeaftermiRNA-uniquemethod.log
2022-09-05 17:52:40,775 INFO Reads: Input Reads: 47910
2022-09-05 17:52:40,775 INFO Number of reads out: 9396
2022-09-05 17:52:40,775 INFO Total number of positions deduplicated: 1596
2022-09-05 17:52:40,776 INFO Mean number of unique UMIs per position: 5.89
2022-09-05 17:52:40,776 INFO Max. number of unique UMIs per position: 3136
# job finished in 0 seconds at Mon Sep  5 17:52:40 2022 --  1.26  0.12  0.00  0.00 -- aa3a1e75-d17f-4f5e-b357-10de1e2a1676
