# UMI-tools version: 1.1.2
# output generated by dedup --method=unique -I analysis/70462/70462-maturemiRNA-aligned-bowtie1-beststratam1.bam -S analysis/70462/70462_deduplicated-matureMirna-uniquemethod-beststratam1.bam -L analysis/70462/70462-deduplicate-matureMirna-uniquemethod-beststratam1.log
# job started at Sun Sep  4 01:32:48 2022 on MacBook-Air-di-Federico.local -- 322e289e-c251-4b68-a25a-d268bfa71488
# pid: 261, system: Darwin 21.5.0 Darwin Kernel Version 21.5.0: Tue Apr 26 21:08:29 PDT 2022; root:xnu-8020.121.3~4/RELEASE_ARM64_T8101 x86_64
# assigned_tag                            : None
# cell_tag                                : None
# cell_tag_delim                          : None
# cell_tag_split                          : -
# chimeric_pairs                          : use
# chrom                                   : None
# compresslevel                           : 6
# detection_method                        : None
# filter_umi                              : None
# gene_tag                                : None
# gene_transcript_map                     : None
# get_umi_method                          : read_id
# ignore_tlen                             : False
# ignore_umi                              : False
# in_sam                                  : False
# log2stderr                              : False
# loglevel                                : 1
# mapping_quality                         : 0
# method                                  : unique
# no_sort_output                          : False
# out_sam                                 : False
# output_unmapped                         : False
# paired                                  : False
# per_cell                                : False
# per_contig                              : False
# per_gene                                : False
# random_seed                             : None
# read_length                             : False
# short_help                              : None
# skip_regex                              : ^(__|Unassigned)
# soft_clip_threshold                     : 4
# spliced                                 : False
# stats                                   : False
# stderr                                  : <_io.TextIOWrapper name='<stderr>' mode='w' encoding='utf-8'>
# stdin                                   : <_io.TextIOWrapper name='analysis/70462/70462-maturemiRNA-aligned-bowtie1-beststratam1.bam' mode='r' encoding='UTF-8'>
# stdlog                                  : <_io.TextIOWrapper name='analysis/70462/70462-deduplicate-matureMirna-uniquemethod-beststratam1.log' mode='a' encoding='UTF-8'>
# stdout                                  : <_io.TextIOWrapper name='analysis/70462/70462_deduplicated-matureMirna-uniquemethod-beststratam1.bam' mode='w' encoding='UTF-8'>
# subset                                  : None
# threshold                               : 1
# timeit_file                             : None
# timeit_header                           : None
# timeit_name                             : all
# tmpdir                                  : None
# umi_sep                                 : _
# umi_tag                                 : RX
# umi_tag_delim                           : None
# umi_tag_split                           : None
# umi_whitelist                           : None
# umi_whitelist_paired                    : None
# unmapped_reads                          : discard
# unpaired_reads                          : use
# whole_contig                            : False
2022-09-04 01:32:48,099 INFO command: dedup --method=unique -I analysis/70462/70462-maturemiRNA-aligned-bowtie1-beststratam1.bam -S analysis/70462/70462_deduplicated-matureMirna-uniquemethod-beststratam1.bam -L analysis/70462/70462-deduplicate-matureMirna-uniquemethod-beststratam1.log
2022-09-04 01:32:48,115 INFO Reads: Input Reads: 958
2022-09-04 01:32:48,115 INFO Number of reads out: 24
2022-09-04 01:32:48,115 INFO Total number of positions deduplicated: 1
2022-09-04 01:32:48,115 INFO Mean number of unique UMIs per position: 24.00
2022-09-04 01:32:48,115 INFO Max. number of unique UMIs per position: 24
# job finished in 0 seconds at Sun Sep  4 01:32:48 2022 --  1.00  0.12  0.00  0.00 -- 322e289e-c251-4b68-a25a-d268bfa71488
# UMI-tools version: 1.1.2
# output generated by dedup --method=unique -I analysis/70462/70462-maturemiRNA-aligned-bowtie1-beststratam1.bam -S analysis/70462/70462_deduplicated-matureMirna-uniquemethod-beststratam1.bam -L analysis/70462/70462-deduplicate-matureMirna-uniquemethod-beststratam1.log
# job started at Sun Sep  4 20:15:56 2022 on MacBook-Air-di-Federico.local -- a337a227-b30a-487a-972c-f251bd561fe5
# pid: 65819, system: Darwin 21.5.0 Darwin Kernel Version 21.5.0: Tue Apr 26 21:08:29 PDT 2022; root:xnu-8020.121.3~4/RELEASE_ARM64_T8101 x86_64
# assigned_tag                            : None
# cell_tag                                : None
# cell_tag_delim                          : None
# cell_tag_split                          : -
# chimeric_pairs                          : use
# chrom                                   : None
# compresslevel                           : 6
# detection_method                        : None
# filter_umi                              : None
# gene_tag                                : None
# gene_transcript_map                     : None
# get_umi_method                          : read_id
# ignore_tlen                             : False
# ignore_umi                              : False
# in_sam                                  : False
# log2stderr                              : False
# loglevel                                : 1
# mapping_quality                         : 0
# method                                  : unique
# no_sort_output                          : False
# out_sam                                 : False
# output_unmapped                         : False
# paired                                  : False
# per_cell                                : False
# per_contig                              : False
# per_gene                                : False
# random_seed                             : None
# read_length                             : False
# short_help                              : None
# skip_regex                              : ^(__|Unassigned)
# soft_clip_threshold                     : 4
# spliced                                 : False
# stats                                   : False
# stderr                                  : <_io.TextIOWrapper name='<stderr>' mode='w' encoding='utf-8'>
# stdin                                   : <_io.TextIOWrapper name='analysis/70462/70462-maturemiRNA-aligned-bowtie1-beststratam1.bam' mode='r' encoding='UTF-8'>
# stdlog                                  : <_io.TextIOWrapper name='analysis/70462/70462-deduplicate-matureMirna-uniquemethod-beststratam1.log' mode='a' encoding='UTF-8'>
# stdout                                  : <_io.TextIOWrapper name='analysis/70462/70462_deduplicated-matureMirna-uniquemethod-beststratam1.bam' mode='w' encoding='UTF-8'>
# subset                                  : None
# threshold                               : 1
# timeit_file                             : None
# timeit_header                           : None
# timeit_name                             : all
# tmpdir                                  : None
# umi_sep                                 : _
# umi_tag                                 : RX
# umi_tag_delim                           : None
# umi_tag_split                           : None
# umi_whitelist                           : None
# umi_whitelist_paired                    : None
# unmapped_reads                          : discard
# unpaired_reads                          : use
# whole_contig                            : False
2022-09-04 20:15:56,754 INFO command: dedup --method=unique -I analysis/70462/70462-maturemiRNA-aligned-bowtie1-beststratam1.bam -S analysis/70462/70462_deduplicated-matureMirna-uniquemethod-beststratam1.bam -L analysis/70462/70462-deduplicate-matureMirna-uniquemethod-beststratam1.log
2022-09-04 20:15:57,589 INFO Reads: Input Reads: 102898
2022-09-04 20:15:57,589 INFO Number of reads out: 7953
2022-09-04 20:15:57,589 INFO Total number of positions deduplicated: 149
2022-09-04 20:15:57,589 INFO Mean number of unique UMIs per position: 53.38
2022-09-04 20:15:57,589 INFO Max. number of unique UMIs per position: 1313
# job finished in 0 seconds at Sun Sep  4 20:15:57 2022 --  2.05  0.13  0.00  0.00 -- a337a227-b30a-487a-972c-f251bd561fe5
