# UMI-tools version: 1.1.2
# output generated by count --method=unique --per-contig -I analysis/74668/74668-maturemiRNA-aligned-bowtie1-beststratam1.bam -L analysis/74668/74668_counts-uniquemethod-maturemiRNA.log -S analysis/74668/74668_counts-finaloutput-uniquemethod-maturemiRNA.txt
# job started at Sun Sep  4 11:42:19 2022 on MacBook-Air-di-Federico.local -- 8b8a3f7a-8add-406f-a7c8-c7fd78a03bf3
# pid: 1389, system: Darwin 21.5.0 Darwin Kernel Version 21.5.0: Tue Apr 26 21:08:29 PDT 2022; root:xnu-8020.121.3~4/RELEASE_ARM64_T8101 x86_64
# assigned_tag                            : None
# cell_tag                                : None
# cell_tag_delim                          : None
# cell_tag_split                          : -
# chimeric_pairs                          : use
# chrom                                   : None
# compresslevel                           : 6
# filter_umi                              : None
# gene_tag                                : None
# gene_transcript_map                     : None
# get_umi_method                          : read_id
# ignore_tlen                             : False
# ignore_umi                              : False
# in_sam                                  : False
# log2stderr                              : False
# loglevel                                : 1
# mapping_quality                         : 0
# method                                  : unique
# no_sort_output                          : False
# out_sam                                 : False
# output_unmapped                         : False
# paired                                  : False
# per_cell                                : False
# per_contig                              : True
# per_gene                                : False
# random_seed                             : None
# read_length                             : False
# short_help                              : None
# skip_regex                              : ^(__|Unassigned)
# soft_clip_threshold                     : 4
# spliced                                 : False
# stderr                                  : <_io.TextIOWrapper name='<stderr>' mode='w' encoding='utf-8'>
# stdin                                   : <_io.TextIOWrapper name='analysis/74668/74668-maturemiRNA-aligned-bowtie1-beststratam1.bam' mode='r' encoding='UTF-8'>
# stdlog                                  : <_io.TextIOWrapper name='analysis/74668/74668_counts-uniquemethod-maturemiRNA.log' mode='a' encoding='UTF-8'>
# stdout                                  : <_io.TextIOWrapper name='analysis/74668/74668_counts-finaloutput-uniquemethod-maturemiRNA.txt' mode='w' encoding='UTF-8'>
# subset                                  : None
# threshold                               : 1
# timeit_file                             : None
# timeit_header                           : None
# timeit_name                             : all
# tmpdir                                  : None
# umi_sep                                 : _
# umi_tag                                 : RX
# umi_tag_delim                           : None
# umi_tag_split                           : None
# umi_whitelist                           : None
# umi_whitelist_paired                    : None
# unmapped_reads                          : discard
# unpaired_reads                          : use
# wide_format_cell_counts                 : False
2022-09-04 11:42:19,435 INFO command: count --method=unique --per-contig -I analysis/74668/74668-maturemiRNA-aligned-bowtie1-beststratam1.bam -L analysis/74668/74668_counts-uniquemethod-maturemiRNA.log -S analysis/74668/74668_counts-finaloutput-uniquemethod-maturemiRNA.txt
2022-09-04 11:42:19,449 INFO Input Reads: 635
2022-09-04 11:42:19,449 INFO Number of (post deduplication) reads counted: 80
# job finished in 0 seconds at Sun Sep  4 11:42:19 2022 --  0.86  0.12  0.00  0.00 -- 8b8a3f7a-8add-406f-a7c8-c7fd78a03bf3
# UMI-tools version: 1.1.2
# output generated by count --method=unique --per-contig -I analysis/74668/74668-maturemiRNA-aligned-bowtie1-beststratam1.bam -L analysis/74668/74668_counts-uniquemethod-maturemiRNA.log -S analysis/74668/74668_counts-finaloutput-uniquemethod-maturemiRNA.txt
# job started at Mon Sep  5 17:56:30 2022 on MacBook-Air-di-Federico.local -- 6093dba0-0c97-4040-abee-2b9bbc270070
# pid: 12906, system: Darwin 21.5.0 Darwin Kernel Version 21.5.0: Tue Apr 26 21:08:29 PDT 2022; root:xnu-8020.121.3~4/RELEASE_ARM64_T8101 x86_64
# assigned_tag                            : None
# cell_tag                                : None
# cell_tag_delim                          : None
# cell_tag_split                          : -
# chimeric_pairs                          : use
# chrom                                   : None
# compresslevel                           : 6
# filter_umi                              : None
# gene_tag                                : None
# gene_transcript_map                     : None
# get_umi_method                          : read_id
# ignore_tlen                             : False
# ignore_umi                              : False
# in_sam                                  : False
# log2stderr                              : False
# loglevel                                : 1
# mapping_quality                         : 0
# method                                  : unique
# no_sort_output                          : False
# out_sam                                 : False
# output_unmapped                         : False
# paired                                  : False
# per_cell                                : False
# per_contig                              : True
# per_gene                                : False
# random_seed                             : None
# read_length                             : False
# short_help                              : None
# skip_regex                              : ^(__|Unassigned)
# soft_clip_threshold                     : 4
# spliced                                 : False
# stderr                                  : <_io.TextIOWrapper name='<stderr>' mode='w' encoding='utf-8'>
# stdin                                   : <_io.TextIOWrapper name='analysis/74668/74668-maturemiRNA-aligned-bowtie1-beststratam1.bam' mode='r' encoding='UTF-8'>
# stdlog                                  : <_io.TextIOWrapper name='analysis/74668/74668_counts-uniquemethod-maturemiRNA.log' mode='a' encoding='UTF-8'>
# stdout                                  : <_io.TextIOWrapper name='analysis/74668/74668_counts-finaloutput-uniquemethod-maturemiRNA.txt' mode='w' encoding='UTF-8'>
# subset                                  : None
# threshold                               : 1
# timeit_file                             : None
# timeit_header                           : None
# timeit_name                             : all
# tmpdir                                  : None
# umi_sep                                 : _
# umi_tag                                 : RX
# umi_tag_delim                           : None
# umi_tag_split                           : None
# umi_whitelist                           : None
# umi_whitelist_paired                    : None
# unmapped_reads                          : discard
# unpaired_reads                          : use
# wide_format_cell_counts                 : False
2022-09-05 17:56:30,472 INFO command: count --method=unique --per-contig -I analysis/74668/74668-maturemiRNA-aligned-bowtie1-beststratam1.bam -L analysis/74668/74668_counts-uniquemethod-maturemiRNA.log -S analysis/74668/74668_counts-finaloutput-uniquemethod-maturemiRNA.txt
2022-09-05 17:56:32,632 INFO Input Reads: 566598
2022-09-05 17:56:32,632 INFO Number of (post deduplication) reads counted: 78880
# job finished in 2 seconds at Mon Sep  5 17:56:32 2022 --  2.99  0.10  0.00  0.00 -- 6093dba0-0c97-4040-abee-2b9bbc270070
