# UMI-tools version: 1.1.2
# output generated by dedup --method=unique -I analysis/74668/74668-genomeaftermiRNA-aligned-bowtie1-beststratam1.bam -S analysis/74668/74668_deduplicated-genomeaftermiRNA-uniquemethod.bam -L analysis/74668/74668-deduplicate-genomeaftermiRNA-uniquemethod.log
# job started at Sun Sep  4 11:42:34 2022 on MacBook-Air-di-Federico.local -- cd0d35dc-ffba-4e2e-9aa4-f3c62f2d6d39
# pid: 1412, system: Darwin 21.5.0 Darwin Kernel Version 21.5.0: Tue Apr 26 21:08:29 PDT 2022; root:xnu-8020.121.3~4/RELEASE_ARM64_T8101 x86_64
# assigned_tag                            : None
# cell_tag                                : None
# cell_tag_delim                          : None
# cell_tag_split                          : -
# chimeric_pairs                          : use
# chrom                                   : None
# compresslevel                           : 6
# detection_method                        : None
# filter_umi                              : None
# gene_tag                                : None
# gene_transcript_map                     : None
# get_umi_method                          : read_id
# ignore_tlen                             : False
# ignore_umi                              : False
# in_sam                                  : False
# log2stderr                              : False
# loglevel                                : 1
# mapping_quality                         : 0
# method                                  : unique
# no_sort_output                          : False
# out_sam                                 : False
# output_unmapped                         : False
# paired                                  : False
# per_cell                                : False
# per_contig                              : False
# per_gene                                : False
# random_seed                             : None
# read_length                             : False
# short_help                              : None
# skip_regex                              : ^(__|Unassigned)
# soft_clip_threshold                     : 4
# spliced                                 : False
# stats                                   : False
# stderr                                  : <_io.TextIOWrapper name='<stderr>' mode='w' encoding='utf-8'>
# stdin                                   : <_io.TextIOWrapper name='analysis/74668/74668-genomeaftermiRNA-aligned-bowtie1-beststratam1.bam' mode='r' encoding='UTF-8'>
# stdlog                                  : <_io.TextIOWrapper name='analysis/74668/74668-deduplicate-genomeaftermiRNA-uniquemethod.log' mode='a' encoding='UTF-8'>
# stdout                                  : <_io.TextIOWrapper name='analysis/74668/74668_deduplicated-genomeaftermiRNA-uniquemethod.bam' mode='w' encoding='UTF-8'>
# subset                                  : None
# threshold                               : 1
# timeit_file                             : None
# timeit_header                           : None
# timeit_name                             : all
# tmpdir                                  : None
# umi_sep                                 : _
# umi_tag                                 : RX
# umi_tag_delim                           : None
# umi_tag_split                           : None
# umi_whitelist                           : None
# umi_whitelist_paired                    : None
# unmapped_reads                          : discard
# unpaired_reads                          : use
# whole_contig                            : False
2022-09-04 11:42:34,383 INFO command: dedup --method=unique -I analysis/74668/74668-genomeaftermiRNA-aligned-bowtie1-beststratam1.bam -S analysis/74668/74668_deduplicated-genomeaftermiRNA-uniquemethod.bam -L analysis/74668/74668-deduplicate-genomeaftermiRNA-uniquemethod.log
2022-09-04 11:42:38,850 INFO Reads: Input Reads: 685733
2022-09-04 11:42:38,850 INFO Number of reads out: 98708
2022-09-04 11:42:38,850 INFO Total number of positions deduplicated: 10408
2022-09-04 11:42:38,850 INFO Mean number of unique UMIs per position: 9.48
2022-09-04 11:42:38,850 INFO Max. number of unique UMIs per position: 24431
# job finished in 4 seconds at Sun Sep  4 11:42:38 2022 --  5.35  0.14  0.00  0.00 -- cd0d35dc-ffba-4e2e-9aa4-f3c62f2d6d39
# UMI-tools version: 1.1.2
# output generated by dedup --method=unique -I analysis/74668/74668-genomeaftermiRNA-aligned-bowtie1-beststratam1.bam -S analysis/74668/74668_deduplicated-genomeaftermiRNA-uniquemethod.bam -L analysis/74668/74668-deduplicate-genomeaftermiRNA-uniquemethod.log
# job started at Mon Sep  5 17:56:49 2022 on MacBook-Air-di-Federico.local -- 4ce0fbc9-a7cc-47fc-9f7d-b798687666c8
# pid: 12935, system: Darwin 21.5.0 Darwin Kernel Version 21.5.0: Tue Apr 26 21:08:29 PDT 2022; root:xnu-8020.121.3~4/RELEASE_ARM64_T8101 x86_64
# assigned_tag                            : None
# cell_tag                                : None
# cell_tag_delim                          : None
# cell_tag_split                          : -
# chimeric_pairs                          : use
# chrom                                   : None
# compresslevel                           : 6
# detection_method                        : None
# filter_umi                              : None
# gene_tag                                : None
# gene_transcript_map                     : None
# get_umi_method                          : read_id
# ignore_tlen                             : False
# ignore_umi                              : False
# in_sam                                  : False
# log2stderr                              : False
# loglevel                                : 1
# mapping_quality                         : 0
# method                                  : unique
# no_sort_output                          : False
# out_sam                                 : False
# output_unmapped                         : False
# paired                                  : False
# per_cell                                : False
# per_contig                              : False
# per_gene                                : False
# random_seed                             : None
# read_length                             : False
# short_help                              : None
# skip_regex                              : ^(__|Unassigned)
# soft_clip_threshold                     : 4
# spliced                                 : False
# stats                                   : False
# stderr                                  : <_io.TextIOWrapper name='<stderr>' mode='w' encoding='utf-8'>
# stdin                                   : <_io.TextIOWrapper name='analysis/74668/74668-genomeaftermiRNA-aligned-bowtie1-beststratam1.bam' mode='r' encoding='UTF-8'>
# stdlog                                  : <_io.TextIOWrapper name='analysis/74668/74668-deduplicate-genomeaftermiRNA-uniquemethod.log' mode='a' encoding='UTF-8'>
# stdout                                  : <_io.TextIOWrapper name='analysis/74668/74668_deduplicated-genomeaftermiRNA-uniquemethod.bam' mode='w' encoding='UTF-8'>
# subset                                  : None
# threshold                               : 1
# timeit_file                             : None
# timeit_header                           : None
# timeit_name                             : all
# tmpdir                                  : None
# umi_sep                                 : _
# umi_tag                                 : RX
# umi_tag_delim                           : None
# umi_tag_split                           : None
# umi_whitelist                           : None
# umi_whitelist_paired                    : None
# unmapped_reads                          : discard
# unpaired_reads                          : use
# whole_contig                            : False
2022-09-05 17:56:49,667 INFO command: dedup --method=unique -I analysis/74668/74668-genomeaftermiRNA-aligned-bowtie1-beststratam1.bam -S analysis/74668/74668_deduplicated-genomeaftermiRNA-uniquemethod.bam -L analysis/74668/74668-deduplicate-genomeaftermiRNA-uniquemethod.log
2022-09-05 17:56:51,365 INFO Reads: Input Reads: 247560
2022-09-05 17:56:51,365 INFO Number of reads out: 49493
2022-09-05 17:56:51,365 INFO Total number of positions deduplicated: 10326
2022-09-05 17:56:51,365 INFO Mean number of unique UMIs per position: 4.79
2022-09-05 17:56:51,365 INFO Max. number of unique UMIs per position: 7478
# job finished in 1 seconds at Mon Sep  5 17:56:51 2022 --  2.68  0.13  0.00  0.00 -- 4ce0fbc9-a7cc-47fc-9f7d-b798687666c8
