# UMI-tools version: 1.1.2
# output generated by extract --stdin=Fastq-files/74668.fastq.gz --log=analysis/74668/74668-UMIextraction-fromrawreads.log --stdout=analysis/74668/74668-directUMIextracted.fastq --extract-method=regex --bc-pattern=.+(?P<discard_1>AACTGTAGGCACCATCAAT){s<=2}(?P<umi_1>.{12})(?P<discard_2>.+)
# job started at Sun Sep  4 11:37:24 2022 on MacBook-Air-di-Federico.local -- e5aceb36-dfaa-41ae-a87e-5350fe9206b4
# pid: 1323, system: Darwin 21.5.0 Darwin Kernel Version 21.5.0: Tue Apr 26 21:08:29 PDT 2022; root:xnu-8020.121.3~4/RELEASE_ARM64_T8101 x86_64
# blacklist                               : None
# compresslevel                           : 6
# correct_umi_threshold                   : 0
# either_read                             : False
# either_read_resolve                     : discard
# error_correct_cell                      : False
# extract_method                          : regex
# filter_cell_barcode                     : None
# filter_cell_barcodes                    : False
# filter_umi                              : None
# filtered_out                            : None
# filtered_out2                           : None
# ignore_suffix                           : False
# log2stderr                              : False
# loglevel                                : 1
# pattern                                 : .+(?P<discard_1>AACTGTAGGCACCATCAAT){s<=2}(?P<umi_1>.{12})(?P<discard_2>.+)
# pattern2                                : None
# prime3                                  : None
# quality_encoding                        : None
# quality_filter_mask                     : None
# quality_filter_threshold                : None
# random_seed                             : None
# read2_in                                : None
# read2_out                               : False
# read2_stdout                            : False
# reads_subset                            : None
# reconcile                               : False
# retain_umi                              : None
# short_help                              : None
# stderr                                  : <_io.TextIOWrapper name='<stderr>' mode='w' encoding='utf-8'>
# stdin                                   : <_io.TextIOWrapper name='Fastq-files/74668.fastq.gz' encoding='ascii'>
# stdlog                                  : <_io.TextIOWrapper name='analysis/74668/74668-UMIextraction-fromrawreads.log' mode='a' encoding='UTF-8'>
# stdout                                  : <_io.TextIOWrapper name='analysis/74668/74668-directUMIextracted.fastq' mode='w' encoding='UTF-8'>
# timeit_file                             : None
# timeit_header                           : None
# timeit_name                             : all
# tmpdir                                  : None
# umi_correct_log                         : None
# umi_whitelist                           : None
# umi_whitelist_paired                    : None
# whitelist                               : None
2022-09-04 11:37:24,729 INFO Starting barcode extraction
2022-09-04 11:37:27,591 INFO Parsed 100000 reads
2022-09-04 11:37:30,453 INFO Parsed 200000 reads
2022-09-04 11:37:33,317 INFO Parsed 300000 reads
2022-09-04 11:37:36,168 INFO Parsed 400000 reads
2022-09-04 11:37:39,019 INFO Parsed 500000 reads
2022-09-04 11:37:41,863 INFO Parsed 600000 reads
2022-09-04 11:37:44,699 INFO Parsed 700000 reads
2022-09-04 11:37:47,536 INFO Parsed 800000 reads
2022-09-04 11:37:50,385 INFO Parsed 900000 reads
2022-09-04 11:37:53,224 INFO Parsed 1000000 reads
2022-09-04 11:37:56,031 INFO Parsed 1100000 reads
2022-09-04 11:37:58,899 INFO Parsed 1200000 reads
2022-09-04 11:38:01,790 INFO Parsed 1300000 reads
2022-09-04 11:38:04,694 INFO Parsed 1400000 reads
2022-09-04 11:38:07,582 INFO Parsed 1500000 reads
2022-09-04 11:38:10,483 INFO Parsed 1600000 reads
2022-09-04 11:38:13,415 INFO Parsed 1700000 reads
2022-09-04 11:38:16,347 INFO Parsed 1800000 reads
2022-09-04 11:38:19,231 INFO Parsed 1900000 reads
2022-09-04 11:38:22,142 INFO Parsed 2000000 reads
2022-09-04 11:38:25,105 INFO Parsed 2100000 reads
2022-09-04 11:38:27,992 INFO Parsed 2200000 reads
2022-09-04 11:38:30,946 INFO Parsed 2300000 reads
2022-09-04 11:38:33,896 INFO Parsed 2400000 reads
2022-09-04 11:38:36,788 INFO Parsed 2500000 reads
2022-09-04 11:38:39,683 INFO Parsed 2600000 reads
2022-09-04 11:38:42,595 INFO Parsed 2700000 reads
2022-09-04 11:38:45,517 INFO Parsed 2800000 reads
2022-09-04 11:38:48,414 INFO Parsed 2900000 reads
2022-09-04 11:38:51,315 INFO Parsed 3000000 reads
2022-09-04 11:38:54,220 INFO Parsed 3100000 reads
2022-09-04 11:38:57,124 INFO Parsed 3200000 reads
2022-09-04 11:39:00,072 INFO Parsed 3300000 reads
2022-09-04 11:39:03,009 INFO Parsed 3400000 reads
2022-09-04 11:39:05,933 INFO Parsed 3500000 reads
2022-09-04 11:39:08,878 INFO Parsed 3600000 reads
2022-09-04 11:39:11,763 INFO Parsed 3700000 reads
2022-09-04 11:39:14,648 INFO Parsed 3800000 reads
2022-09-04 11:39:17,548 INFO Parsed 3900000 reads
2022-09-04 11:39:20,444 INFO Parsed 4000000 reads
2022-09-04 11:39:23,356 INFO Parsed 4100000 reads
2022-09-04 11:39:26,252 INFO Parsed 4200000 reads
2022-09-04 11:39:29,195 INFO Parsed 4300000 reads
2022-09-04 11:39:32,105 INFO Parsed 4400000 reads
2022-09-04 11:39:35,035 INFO Parsed 4500000 reads
2022-09-04 11:39:37,951 INFO Parsed 4600000 reads
2022-09-04 11:39:40,879 INFO Parsed 4700000 reads
2022-09-04 11:39:43,800 INFO Parsed 4800000 reads
2022-09-04 11:39:46,722 INFO Parsed 4900000 reads
2022-09-04 11:39:49,811 INFO Parsed 5000000 reads
2022-09-04 11:39:52,784 INFO Parsed 5100000 reads
2022-09-04 11:39:55,741 INFO Parsed 5200000 reads
2022-09-04 11:39:58,756 INFO Parsed 5300000 reads
2022-09-04 11:40:01,706 INFO Parsed 5400000 reads
2022-09-04 11:40:04,734 INFO Parsed 5500000 reads
2022-09-04 11:40:07,657 INFO Parsed 5600000 reads
2022-09-04 11:40:10,579 INFO Parsed 5700000 reads
2022-09-04 11:40:13,481 INFO Parsed 5800000 reads
2022-09-04 11:40:16,427 INFO Parsed 5900000 reads
2022-09-04 11:40:19,514 INFO Parsed 6000000 reads
2022-09-04 11:40:22,412 INFO Parsed 6100000 reads
2022-09-04 11:40:25,299 INFO Parsed 6200000 reads
2022-09-04 11:40:28,233 INFO Parsed 6300000 reads
2022-09-04 11:40:31,122 INFO Parsed 6400000 reads
2022-09-04 11:40:34,009 INFO Parsed 6500000 reads
2022-09-04 11:40:36,896 INFO Parsed 6600000 reads
2022-09-04 11:40:39,817 INFO Parsed 6700000 reads
2022-09-04 11:40:42,703 INFO Parsed 6800000 reads
2022-09-04 11:40:45,627 INFO Parsed 6900000 reads
2022-09-04 11:40:48,524 INFO Parsed 7000000 reads
2022-09-04 11:40:51,415 INFO Parsed 7100000 reads
2022-09-04 11:40:54,319 INFO Parsed 7200000 reads
2022-09-04 11:40:57,243 INFO Parsed 7300000 reads
2022-09-04 11:41:00,242 INFO Parsed 7400000 reads
2022-09-04 11:41:03,177 INFO Parsed 7500000 reads
2022-09-04 11:41:06,098 INFO Parsed 7600000 reads
2022-09-04 11:41:08,982 INFO Parsed 7700000 reads
2022-09-04 11:41:11,879 INFO Parsed 7800000 reads
2022-09-04 11:41:14,795 INFO Parsed 7900000 reads
2022-09-04 11:41:17,769 INFO Parsed 8000000 reads
2022-09-04 11:41:20,696 INFO Parsed 8100000 reads
2022-09-04 11:41:23,603 INFO Parsed 8200000 reads
2022-09-04 11:41:26,506 INFO Parsed 8300000 reads
2022-09-04 11:41:29,397 INFO Parsed 8400000 reads
2022-09-04 11:41:32,285 INFO Parsed 8500000 reads
2022-09-04 11:41:35,173 INFO Parsed 8600000 reads
2022-09-04 11:41:38,107 INFO Parsed 8700000 reads
2022-09-04 11:41:41,028 INFO Parsed 8800000 reads
2022-09-04 11:41:43,930 INFO Parsed 8900000 reads
2022-09-04 11:41:46,901 INFO Parsed 9000000 reads
2022-09-04 11:41:49,873 INFO Parsed 9100000 reads
2022-09-04 11:41:52,732 INFO Parsed 9200000 reads
2022-09-04 11:41:55,621 INFO Parsed 9300000 reads
2022-09-04 11:41:58,563 INFO Parsed 9400000 reads
2022-09-04 11:41:59,967 INFO Input Reads: 9448534
2022-09-04 11:41:59,967 INFO regex matches read1: 8289059
2022-09-04 11:41:59,967 INFO Reads output: 8289059
2022-09-04 11:41:59,967 INFO regex does not match read1: 1159475
# job finished in 275 seconds at Sun Sep  4 11:41:59 2022 -- 273.16  1.43  0.00  0.00 -- e5aceb36-dfaa-41ae-a87e-5350fe9206b4
