# UMI-tools version: 1.1.2
# output generated by dedup --method=unique -I analysis/74668/74668-maturemiRNA-aligned-bowtie1-beststratam1.bam -S analysis/74668/74668_deduplicated-matureMirna-uniquemethod-beststratam1.bam -L analysis/74668/74668-deduplicate-matureMirna-uniquemethod-beststratam1.log
# job started at Sun Sep  4 11:42:20 2022 on MacBook-Air-di-Federico.local -- 93ff6657-6334-47b7-a306-af657e9cb5ba
# pid: 1391, system: Darwin 21.5.0 Darwin Kernel Version 21.5.0: Tue Apr 26 21:08:29 PDT 2022; root:xnu-8020.121.3~4/RELEASE_ARM64_T8101 x86_64
# assigned_tag                            : None
# cell_tag                                : None
# cell_tag_delim                          : None
# cell_tag_split                          : -
# chimeric_pairs                          : use
# chrom                                   : None
# compresslevel                           : 6
# detection_method                        : None
# filter_umi                              : None
# gene_tag                                : None
# gene_transcript_map                     : None
# get_umi_method                          : read_id
# ignore_tlen                             : False
# ignore_umi                              : False
# in_sam                                  : False
# log2stderr                              : False
# loglevel                                : 1
# mapping_quality                         : 0
# method                                  : unique
# no_sort_output                          : False
# out_sam                                 : False
# output_unmapped                         : False
# paired                                  : False
# per_cell                                : False
# per_contig                              : False
# per_gene                                : False
# random_seed                             : None
# read_length                             : False
# short_help                              : None
# skip_regex                              : ^(__|Unassigned)
# soft_clip_threshold                     : 4
# spliced                                 : False
# stats                                   : False
# stderr                                  : <_io.TextIOWrapper name='<stderr>' mode='w' encoding='utf-8'>
# stdin                                   : <_io.TextIOWrapper name='analysis/74668/74668-maturemiRNA-aligned-bowtie1-beststratam1.bam' mode='r' encoding='UTF-8'>
# stdlog                                  : <_io.TextIOWrapper name='analysis/74668/74668-deduplicate-matureMirna-uniquemethod-beststratam1.log' mode='a' encoding='UTF-8'>
# stdout                                  : <_io.TextIOWrapper name='analysis/74668/74668_deduplicated-matureMirna-uniquemethod-beststratam1.bam' mode='w' encoding='UTF-8'>
# subset                                  : None
# threshold                               : 1
# timeit_file                             : None
# timeit_header                           : None
# timeit_name                             : all
# tmpdir                                  : None
# umi_sep                                 : _
# umi_tag                                 : RX
# umi_tag_delim                           : None
# umi_tag_split                           : None
# umi_whitelist                           : None
# umi_whitelist_paired                    : None
# unmapped_reads                          : discard
# unpaired_reads                          : use
# whole_contig                            : False
2022-09-04 11:42:20,807 INFO command: dedup --method=unique -I analysis/74668/74668-maturemiRNA-aligned-bowtie1-beststratam1.bam -S analysis/74668/74668_deduplicated-matureMirna-uniquemethod-beststratam1.bam -L analysis/74668/74668-deduplicate-matureMirna-uniquemethod-beststratam1.log
2022-09-04 11:42:20,825 INFO Reads: Input Reads: 635
2022-09-04 11:42:20,825 INFO Number of reads out: 80
2022-09-04 11:42:20,825 INFO Total number of positions deduplicated: 3
2022-09-04 11:42:20,825 INFO Mean number of unique UMIs per position: 26.67
2022-09-04 11:42:20,825 INFO Max. number of unique UMIs per position: 77
# job finished in 0 seconds at Sun Sep  4 11:42:20 2022 --  0.98  0.12  0.00  0.00 -- 93ff6657-6334-47b7-a306-af657e9cb5ba
# UMI-tools version: 1.1.2
# output generated by dedup --method=unique -I analysis/74668/74668-maturemiRNA-aligned-bowtie1-beststratam1.bam -S analysis/74668/74668_deduplicated-matureMirna-uniquemethod-beststratam1.bam -L analysis/74668/74668-deduplicate-matureMirna-uniquemethod-beststratam1.log
# job started at Sun Sep  4 20:18:19 2022 on MacBook-Air-di-Federico.local -- 20c5ee68-bebb-484e-9b21-acc19163932b
# pid: 66878, system: Darwin 21.5.0 Darwin Kernel Version 21.5.0: Tue Apr 26 21:08:29 PDT 2022; root:xnu-8020.121.3~4/RELEASE_ARM64_T8101 x86_64
# assigned_tag                            : None
# cell_tag                                : None
# cell_tag_delim                          : None
# cell_tag_split                          : -
# chimeric_pairs                          : use
# chrom                                   : None
# compresslevel                           : 6
# detection_method                        : None
# filter_umi                              : None
# gene_tag                                : None
# gene_transcript_map                     : None
# get_umi_method                          : read_id
# ignore_tlen                             : False
# ignore_umi                              : False
# in_sam                                  : False
# log2stderr                              : False
# loglevel                                : 1
# mapping_quality                         : 0
# method                                  : unique
# no_sort_output                          : False
# out_sam                                 : False
# output_unmapped                         : False
# paired                                  : False
# per_cell                                : False
# per_contig                              : False
# per_gene                                : False
# random_seed                             : None
# read_length                             : False
# short_help                              : None
# skip_regex                              : ^(__|Unassigned)
# soft_clip_threshold                     : 4
# spliced                                 : False
# stats                                   : False
# stderr                                  : <_io.TextIOWrapper name='<stderr>' mode='w' encoding='utf-8'>
# stdin                                   : <_io.TextIOWrapper name='analysis/74668/74668-maturemiRNA-aligned-bowtie1-beststratam1.bam' mode='r' encoding='UTF-8'>
# stdlog                                  : <_io.TextIOWrapper name='analysis/74668/74668-deduplicate-matureMirna-uniquemethod-beststratam1.log' mode='a' encoding='UTF-8'>
# stdout                                  : <_io.TextIOWrapper name='analysis/74668/74668_deduplicated-matureMirna-uniquemethod-beststratam1.bam' mode='w' encoding='UTF-8'>
# subset                                  : None
# threshold                               : 1
# timeit_file                             : None
# timeit_header                           : None
# timeit_name                             : all
# tmpdir                                  : None
# umi_sep                                 : _
# umi_tag                                 : RX
# umi_tag_delim                           : None
# umi_tag_split                           : None
# umi_whitelist                           : None
# umi_whitelist_paired                    : None
# unmapped_reads                          : discard
# unpaired_reads                          : use
# whole_contig                            : False
2022-09-04 20:18:19,685 INFO command: dedup --method=unique -I analysis/74668/74668-maturemiRNA-aligned-bowtie1-beststratam1.bam -S analysis/74668/74668_deduplicated-matureMirna-uniquemethod-beststratam1.bam -L analysis/74668/74668-deduplicate-matureMirna-uniquemethod-beststratam1.log
2022-09-04 20:18:24,672 INFO Reads: Input Reads: 566598
2022-09-04 20:18:24,672 INFO Number of reads out: 78888
2022-09-04 20:18:24,672 INFO Total number of positions deduplicated: 437
2022-09-04 20:18:24,672 INFO Mean number of unique UMIs per position: 180.52
2022-09-04 20:18:24,672 INFO Max. number of unique UMIs per position: 23375
# job finished in 4 seconds at Sun Sep  4 20:18:24 2022 --  6.15  0.16  0.00  0.00 -- 20c5ee68-bebb-484e-9b21-acc19163932b
