# UMI-tools version: 1.1.2
# output generated by dedup --method=unique -I analysis/74672/74672-maturemiRNA-aligned-bowtie1-beststratam1.bam -S analysis/74672/74672_deduplicated-matureMirna-uniquemethod-beststratam1.bam -L analysis/74672/74672-deduplicate-matureMirna-uniquemethod-beststratam1.log
# job started at Sun Sep  4 12:06:04 2022 on MacBook-Air-di-Federico.local -- 3aefa0e2-0ccf-404b-b9aa-1ad5a3caa82f
# pid: 1944, system: Darwin 21.5.0 Darwin Kernel Version 21.5.0: Tue Apr 26 21:08:29 PDT 2022; root:xnu-8020.121.3~4/RELEASE_ARM64_T8101 x86_64
# assigned_tag                            : None
# cell_tag                                : None
# cell_tag_delim                          : None
# cell_tag_split                          : -
# chimeric_pairs                          : use
# chrom                                   : None
# compresslevel                           : 6
# detection_method                        : None
# filter_umi                              : None
# gene_tag                                : None
# gene_transcript_map                     : None
# get_umi_method                          : read_id
# ignore_tlen                             : False
# ignore_umi                              : False
# in_sam                                  : False
# log2stderr                              : False
# loglevel                                : 1
# mapping_quality                         : 0
# method                                  : unique
# no_sort_output                          : False
# out_sam                                 : False
# output_unmapped                         : False
# paired                                  : False
# per_cell                                : False
# per_contig                              : False
# per_gene                                : False
# random_seed                             : None
# read_length                             : False
# short_help                              : None
# skip_regex                              : ^(__|Unassigned)
# soft_clip_threshold                     : 4
# spliced                                 : False
# stats                                   : False
# stderr                                  : <_io.TextIOWrapper name='<stderr>' mode='w' encoding='utf-8'>
# stdin                                   : <_io.TextIOWrapper name='analysis/74672/74672-maturemiRNA-aligned-bowtie1-beststratam1.bam' mode='r' encoding='UTF-8'>
# stdlog                                  : <_io.TextIOWrapper name='analysis/74672/74672-deduplicate-matureMirna-uniquemethod-beststratam1.log' mode='a' encoding='UTF-8'>
# stdout                                  : <_io.TextIOWrapper name='analysis/74672/74672_deduplicated-matureMirna-uniquemethod-beststratam1.bam' mode='w' encoding='UTF-8'>
# subset                                  : None
# threshold                               : 1
# timeit_file                             : None
# timeit_header                           : None
# timeit_name                             : all
# tmpdir                                  : None
# umi_sep                                 : _
# umi_tag                                 : RX
# umi_tag_delim                           : None
# umi_tag_split                           : None
# umi_whitelist                           : None
# umi_whitelist_paired                    : None
# unmapped_reads                          : discard
# unpaired_reads                          : use
# whole_contig                            : False
2022-09-04 12:06:04,693 INFO command: dedup --method=unique -I analysis/74672/74672-maturemiRNA-aligned-bowtie1-beststratam1.bam -S analysis/74672/74672_deduplicated-matureMirna-uniquemethod-beststratam1.bam -L analysis/74672/74672-deduplicate-matureMirna-uniquemethod-beststratam1.log
2022-09-04 12:06:04,708 INFO Reads: Input Reads: 440
2022-09-04 12:06:04,708 INFO Number of reads out: 22
2022-09-04 12:06:04,708 INFO Total number of positions deduplicated: 2
2022-09-04 12:06:04,708 INFO Mean number of unique UMIs per position: 11.00
2022-09-04 12:06:04,708 INFO Max. number of unique UMIs per position: 20
# job finished in 0 seconds at Sun Sep  4 12:06:04 2022 --  0.95  0.11  0.00  0.00 -- 3aefa0e2-0ccf-404b-b9aa-1ad5a3caa82f
# UMI-tools version: 1.1.2
# output generated by dedup --method=unique -I analysis/74672/74672-maturemiRNA-aligned-bowtie1-beststratam1.bam -S analysis/74672/74672_deduplicated-matureMirna-uniquemethod-beststratam1.bam -L analysis/74672/74672-deduplicate-matureMirna-uniquemethod-beststratam1.log
# job started at Sun Sep  4 20:21:01 2022 on MacBook-Air-di-Federico.local -- 9aed71f9-1018-42ab-b383-3a1903b06d6b
# pid: 68072, system: Darwin 21.5.0 Darwin Kernel Version 21.5.0: Tue Apr 26 21:08:29 PDT 2022; root:xnu-8020.121.3~4/RELEASE_ARM64_T8101 x86_64
# assigned_tag                            : None
# cell_tag                                : None
# cell_tag_delim                          : None
# cell_tag_split                          : -
# chimeric_pairs                          : use
# chrom                                   : None
# compresslevel                           : 6
# detection_method                        : None
# filter_umi                              : None
# gene_tag                                : None
# gene_transcript_map                     : None
# get_umi_method                          : read_id
# ignore_tlen                             : False
# ignore_umi                              : False
# in_sam                                  : False
# log2stderr                              : False
# loglevel                                : 1
# mapping_quality                         : 0
# method                                  : unique
# no_sort_output                          : False
# out_sam                                 : False
# output_unmapped                         : False
# paired                                  : False
# per_cell                                : False
# per_contig                              : False
# per_gene                                : False
# random_seed                             : None
# read_length                             : False
# short_help                              : None
# skip_regex                              : ^(__|Unassigned)
# soft_clip_threshold                     : 4
# spliced                                 : False
# stats                                   : False
# stderr                                  : <_io.TextIOWrapper name='<stderr>' mode='w' encoding='utf-8'>
# stdin                                   : <_io.TextIOWrapper name='analysis/74672/74672-maturemiRNA-aligned-bowtie1-beststratam1.bam' mode='r' encoding='UTF-8'>
# stdlog                                  : <_io.TextIOWrapper name='analysis/74672/74672-deduplicate-matureMirna-uniquemethod-beststratam1.log' mode='a' encoding='UTF-8'>
# stdout                                  : <_io.TextIOWrapper name='analysis/74672/74672_deduplicated-matureMirna-uniquemethod-beststratam1.bam' mode='w' encoding='UTF-8'>
# subset                                  : None
# threshold                               : 1
# timeit_file                             : None
# timeit_header                           : None
# timeit_name                             : all
# tmpdir                                  : None
# umi_sep                                 : _
# umi_tag                                 : RX
# umi_tag_delim                           : None
# umi_tag_split                           : None
# umi_whitelist                           : None
# umi_whitelist_paired                    : None
# unmapped_reads                          : discard
# unpaired_reads                          : use
# whole_contig                            : False
2022-09-04 20:21:01,601 INFO command: dedup --method=unique -I analysis/74672/74672-maturemiRNA-aligned-bowtie1-beststratam1.bam -S analysis/74672/74672_deduplicated-matureMirna-uniquemethod-beststratam1.bam -L analysis/74672/74672-deduplicate-matureMirna-uniquemethod-beststratam1.log
2022-09-04 20:21:02,080 INFO Reads: Input Reads: 55534
2022-09-04 20:21:02,080 INFO Number of reads out: 4004
2022-09-04 20:21:02,080 INFO Total number of positions deduplicated: 158
2022-09-04 20:21:02,080 INFO Mean number of unique UMIs per position: 25.34
2022-09-04 20:21:02,080 INFO Max. number of unique UMIs per position: 896
# job finished in 0 seconds at Sun Sep  4 20:21:02 2022 --  1.69  0.13  0.00  0.00 -- 9aed71f9-1018-42ab-b383-3a1903b06d6b
