# UMI-tools version: 1.1.2
# output generated by dedup --method=unique -I analysis/74672/74672-genomeaftermiRNA-aligned-bowtie1-beststratam1.bam -S analysis/74672/74672_deduplicated-genomeaftermiRNA-uniquemethod.bam -L analysis/74672/74672-deduplicate-genomeaftermiRNA-uniquemethod.log
# job started at Sun Sep  4 12:06:21 2022 on MacBook-Air-di-Federico.local -- fdace9c0-9824-48ba-8c22-12e0ab20d86b
# pid: 1962, system: Darwin 21.5.0 Darwin Kernel Version 21.5.0: Tue Apr 26 21:08:29 PDT 2022; root:xnu-8020.121.3~4/RELEASE_ARM64_T8101 x86_64
# assigned_tag                            : None
# cell_tag                                : None
# cell_tag_delim                          : None
# cell_tag_split                          : -
# chimeric_pairs                          : use
# chrom                                   : None
# compresslevel                           : 6
# detection_method                        : None
# filter_umi                              : None
# gene_tag                                : None
# gene_transcript_map                     : None
# get_umi_method                          : read_id
# ignore_tlen                             : False
# ignore_umi                              : False
# in_sam                                  : False
# log2stderr                              : False
# loglevel                                : 1
# mapping_quality                         : 0
# method                                  : unique
# no_sort_output                          : False
# out_sam                                 : False
# output_unmapped                         : False
# paired                                  : False
# per_cell                                : False
# per_contig                              : False
# per_gene                                : False
# random_seed                             : None
# read_length                             : False
# short_help                              : None
# skip_regex                              : ^(__|Unassigned)
# soft_clip_threshold                     : 4
# spliced                                 : False
# stats                                   : False
# stderr                                  : <_io.TextIOWrapper name='<stderr>' mode='w' encoding='utf-8'>
# stdin                                   : <_io.TextIOWrapper name='analysis/74672/74672-genomeaftermiRNA-aligned-bowtie1-beststratam1.bam' mode='r' encoding='UTF-8'>
# stdlog                                  : <_io.TextIOWrapper name='analysis/74672/74672-deduplicate-genomeaftermiRNA-uniquemethod.log' mode='a' encoding='UTF-8'>
# stdout                                  : <_io.TextIOWrapper name='analysis/74672/74672_deduplicated-genomeaftermiRNA-uniquemethod.bam' mode='w' encoding='UTF-8'>
# subset                                  : None
# threshold                               : 1
# timeit_file                             : None
# timeit_header                           : None
# timeit_name                             : all
# tmpdir                                  : None
# umi_sep                                 : _
# umi_tag                                 : RX
# umi_tag_delim                           : None
# umi_tag_split                           : None
# umi_whitelist                           : None
# umi_whitelist_paired                    : None
# unmapped_reads                          : discard
# unpaired_reads                          : use
# whole_contig                            : False
2022-09-04 12:06:21,486 INFO command: dedup --method=unique -I analysis/74672/74672-genomeaftermiRNA-aligned-bowtie1-beststratam1.bam -S analysis/74672/74672_deduplicated-genomeaftermiRNA-uniquemethod.bam -L analysis/74672/74672-deduplicate-genomeaftermiRNA-uniquemethod.log
2022-09-04 12:06:22,414 INFO Reads: Input Reads: 149020
2022-09-04 12:06:22,414 INFO Number of reads out: 13030
2022-09-04 12:06:22,414 INFO Total number of positions deduplicated: 4862
2022-09-04 12:06:22,414 INFO Mean number of unique UMIs per position: 2.68
2022-09-04 12:06:22,414 INFO Max. number of unique UMIs per position: 937
# job finished in 0 seconds at Sun Sep  4 12:06:22 2022 --  1.94  0.17  0.00  0.00 -- fdace9c0-9824-48ba-8c22-12e0ab20d86b
# UMI-tools version: 1.1.2
# output generated by dedup --method=unique -I analysis/74672/74672-genomeaftermiRNA-aligned-bowtie1-beststratam1.bam -S analysis/74672/74672_deduplicated-genomeaftermiRNA-uniquemethod.bam -L analysis/74672/74672-deduplicate-genomeaftermiRNA-uniquemethod.log
# job started at Mon Sep  5 18:00:52 2022 on MacBook-Air-di-Federico.local -- c5171728-7f2c-4ca0-a4d4-7d92b3093b8e
# pid: 13186, system: Darwin 21.5.0 Darwin Kernel Version 21.5.0: Tue Apr 26 21:08:29 PDT 2022; root:xnu-8020.121.3~4/RELEASE_ARM64_T8101 x86_64
# assigned_tag                            : None
# cell_tag                                : None
# cell_tag_delim                          : None
# cell_tag_split                          : -
# chimeric_pairs                          : use
# chrom                                   : None
# compresslevel                           : 6
# detection_method                        : None
# filter_umi                              : None
# gene_tag                                : None
# gene_transcript_map                     : None
# get_umi_method                          : read_id
# ignore_tlen                             : False
# ignore_umi                              : False
# in_sam                                  : False
# log2stderr                              : False
# loglevel                                : 1
# mapping_quality                         : 0
# method                                  : unique
# no_sort_output                          : False
# out_sam                                 : False
# output_unmapped                         : False
# paired                                  : False
# per_cell                                : False
# per_contig                              : False
# per_gene                                : False
# random_seed                             : None
# read_length                             : False
# short_help                              : None
# skip_regex                              : ^(__|Unassigned)
# soft_clip_threshold                     : 4
# spliced                                 : False
# stats                                   : False
# stderr                                  : <_io.TextIOWrapper name='<stderr>' mode='w' encoding='utf-8'>
# stdin                                   : <_io.TextIOWrapper name='analysis/74672/74672-genomeaftermiRNA-aligned-bowtie1-beststratam1.bam' mode='r' encoding='UTF-8'>
# stdlog                                  : <_io.TextIOWrapper name='analysis/74672/74672-deduplicate-genomeaftermiRNA-uniquemethod.log' mode='a' encoding='UTF-8'>
# stdout                                  : <_io.TextIOWrapper name='analysis/74672/74672_deduplicated-genomeaftermiRNA-uniquemethod.bam' mode='w' encoding='UTF-8'>
# subset                                  : None
# threshold                               : 1
# timeit_file                             : None
# timeit_header                           : None
# timeit_name                             : all
# tmpdir                                  : None
# umi_sep                                 : _
# umi_tag                                 : RX
# umi_tag_delim                           : None
# umi_tag_split                           : None
# umi_whitelist                           : None
# umi_whitelist_paired                    : None
# unmapped_reads                          : discard
# unpaired_reads                          : use
# whole_contig                            : False
2022-09-05 18:00:52,383 INFO command: dedup --method=unique -I analysis/74672/74672-genomeaftermiRNA-aligned-bowtie1-beststratam1.bam -S analysis/74672/74672_deduplicated-genomeaftermiRNA-uniquemethod.bam -L analysis/74672/74672-deduplicate-genomeaftermiRNA-uniquemethod.log
2022-09-05 18:00:53,059 INFO Reads: Input Reads: 106525
2022-09-05 18:00:53,059 INFO Number of reads out: 10834
2022-09-05 18:00:53,059 INFO Total number of positions deduplicated: 4828
2022-09-05 18:00:53,059 INFO Mean number of unique UMIs per position: 2.24
2022-09-05 18:00:53,059 INFO Max. number of unique UMIs per position: 379
# job finished in 0 seconds at Mon Sep  5 18:00:53 2022 --  1.62  0.13  0.00  0.00 -- c5171728-7f2c-4ca0-a4d4-7d92b3093b8e
