# UMI-tools version: 1.1.2
# output generated by extract --stdin=Fastq-files/74672.fastq.gz --log=analysis/74672/74672-UMIextraction-fromrawreads.log --stdout=analysis/74672/74672-directUMIextracted.fastq --extract-method=regex --bc-pattern=.+(?P<discard_1>AACTGTAGGCACCATCAAT){s<=2}(?P<umi_1>.{12})(?P<discard_2>.+)
# job started at Sun Sep  4 12:01:09 2022 on MacBook-Air-di-Federico.local -- d978f395-a524-4bee-a9c4-8659fca6dd1b
# pid: 1885, system: Darwin 21.5.0 Darwin Kernel Version 21.5.0: Tue Apr 26 21:08:29 PDT 2022; root:xnu-8020.121.3~4/RELEASE_ARM64_T8101 x86_64
# blacklist                               : None
# compresslevel                           : 6
# correct_umi_threshold                   : 0
# either_read                             : False
# either_read_resolve                     : discard
# error_correct_cell                      : False
# extract_method                          : regex
# filter_cell_barcode                     : None
# filter_cell_barcodes                    : False
# filter_umi                              : None
# filtered_out                            : None
# filtered_out2                           : None
# ignore_suffix                           : False
# log2stderr                              : False
# loglevel                                : 1
# pattern                                 : .+(?P<discard_1>AACTGTAGGCACCATCAAT){s<=2}(?P<umi_1>.{12})(?P<discard_2>.+)
# pattern2                                : None
# prime3                                  : None
# quality_encoding                        : None
# quality_filter_mask                     : None
# quality_filter_threshold                : None
# random_seed                             : None
# read2_in                                : None
# read2_out                               : False
# read2_stdout                            : False
# reads_subset                            : None
# reconcile                               : False
# retain_umi                              : None
# short_help                              : None
# stderr                                  : <_io.TextIOWrapper name='<stderr>' mode='w' encoding='utf-8'>
# stdin                                   : <_io.TextIOWrapper name='Fastq-files/74672.fastq.gz' encoding='ascii'>
# stdlog                                  : <_io.TextIOWrapper name='analysis/74672/74672-UMIextraction-fromrawreads.log' mode='a' encoding='UTF-8'>
# stdout                                  : <_io.TextIOWrapper name='analysis/74672/74672-directUMIextracted.fastq' mode='w' encoding='UTF-8'>
# timeit_file                             : None
# timeit_header                           : None
# timeit_name                             : all
# tmpdir                                  : None
# umi_correct_log                         : None
# umi_whitelist                           : None
# umi_whitelist_paired                    : None
# whitelist                               : None
2022-09-04 12:01:09,058 INFO Starting barcode extraction
2022-09-04 12:01:11,872 INFO Parsed 100000 reads
2022-09-04 12:01:14,597 INFO Parsed 200000 reads
2022-09-04 12:01:17,364 INFO Parsed 300000 reads
2022-09-04 12:01:20,162 INFO Parsed 400000 reads
2022-09-04 12:01:22,888 INFO Parsed 500000 reads
2022-09-04 12:01:25,597 INFO Parsed 600000 reads
2022-09-04 12:01:28,294 INFO Parsed 700000 reads
2022-09-04 12:01:31,016 INFO Parsed 800000 reads
2022-09-04 12:01:33,719 INFO Parsed 900000 reads
2022-09-04 12:01:36,417 INFO Parsed 1000000 reads
2022-09-04 12:01:39,200 INFO Parsed 1100000 reads
2022-09-04 12:01:41,955 INFO Parsed 1200000 reads
2022-09-04 12:01:44,718 INFO Parsed 1300000 reads
2022-09-04 12:01:47,462 INFO Parsed 1400000 reads
2022-09-04 12:01:50,224 INFO Parsed 1500000 reads
2022-09-04 12:01:52,990 INFO Parsed 1600000 reads
2022-09-04 12:01:55,753 INFO Parsed 1700000 reads
2022-09-04 12:01:58,509 INFO Parsed 1800000 reads
2022-09-04 12:02:01,267 INFO Parsed 1900000 reads
2022-09-04 12:02:04,015 INFO Parsed 2000000 reads
2022-09-04 12:02:06,791 INFO Parsed 2100000 reads
2022-09-04 12:02:09,561 INFO Parsed 2200000 reads
2022-09-04 12:02:12,319 INFO Parsed 2300000 reads
2022-09-04 12:02:15,080 INFO Parsed 2400000 reads
2022-09-04 12:02:17,839 INFO Parsed 2500000 reads
2022-09-04 12:02:20,660 INFO Parsed 2600000 reads
2022-09-04 12:02:23,426 INFO Parsed 2700000 reads
2022-09-04 12:02:26,200 INFO Parsed 2800000 reads
2022-09-04 12:02:28,950 INFO Parsed 2900000 reads
2022-09-04 12:02:31,705 INFO Parsed 3000000 reads
2022-09-04 12:02:34,455 INFO Parsed 3100000 reads
2022-09-04 12:02:37,204 INFO Parsed 3200000 reads
2022-09-04 12:02:39,967 INFO Parsed 3300000 reads
2022-09-04 12:02:42,711 INFO Parsed 3400000 reads
2022-09-04 12:02:45,462 INFO Parsed 3500000 reads
2022-09-04 12:02:48,225 INFO Parsed 3600000 reads
2022-09-04 12:02:51,086 INFO Parsed 3700000 reads
2022-09-04 12:02:53,870 INFO Parsed 3800000 reads
2022-09-04 12:02:56,619 INFO Parsed 3900000 reads
2022-09-04 12:02:59,395 INFO Parsed 4000000 reads
2022-09-04 12:03:02,147 INFO Parsed 4100000 reads
2022-09-04 12:03:04,901 INFO Parsed 4200000 reads
2022-09-04 12:03:07,647 INFO Parsed 4300000 reads
2022-09-04 12:03:10,392 INFO Parsed 4400000 reads
2022-09-04 12:03:13,166 INFO Parsed 4500000 reads
2022-09-04 12:03:16,114 INFO Parsed 4600000 reads
2022-09-04 12:03:18,907 INFO Parsed 4700000 reads
2022-09-04 12:03:21,771 INFO Parsed 4800000 reads
2022-09-04 12:03:24,550 INFO Parsed 4900000 reads
2022-09-04 12:03:27,408 INFO Parsed 5000000 reads
2022-09-04 12:03:30,380 INFO Parsed 5100000 reads
2022-09-04 12:03:33,376 INFO Parsed 5200000 reads
2022-09-04 12:03:36,300 INFO Parsed 5300000 reads
2022-09-04 12:03:39,223 INFO Parsed 5400000 reads
2022-09-04 12:03:42,039 INFO Parsed 5500000 reads
2022-09-04 12:03:44,956 INFO Parsed 5600000 reads
2022-09-04 12:03:47,852 INFO Parsed 5700000 reads
2022-09-04 12:03:50,641 INFO Parsed 5800000 reads
2022-09-04 12:03:53,473 INFO Parsed 5900000 reads
2022-09-04 12:03:56,507 INFO Parsed 6000000 reads
2022-09-04 12:03:59,330 INFO Parsed 6100000 reads
2022-09-04 12:04:02,103 INFO Parsed 6200000 reads
2022-09-04 12:04:04,898 INFO Parsed 6300000 reads
2022-09-04 12:04:07,710 INFO Parsed 6400000 reads
2022-09-04 12:04:10,534 INFO Parsed 6500000 reads
2022-09-04 12:04:13,324 INFO Parsed 6600000 reads
2022-09-04 12:04:16,133 INFO Parsed 6700000 reads
2022-09-04 12:04:18,922 INFO Parsed 6800000 reads
2022-09-04 12:04:21,736 INFO Parsed 6900000 reads
2022-09-04 12:04:24,526 INFO Parsed 7000000 reads
2022-09-04 12:04:27,354 INFO Parsed 7100000 reads
2022-09-04 12:04:30,138 INFO Parsed 7200000 reads
2022-09-04 12:04:32,918 INFO Parsed 7300000 reads
2022-09-04 12:04:35,686 INFO Parsed 7400000 reads
2022-09-04 12:04:38,502 INFO Parsed 7500000 reads
2022-09-04 12:04:41,333 INFO Parsed 7600000 reads
2022-09-04 12:04:44,201 INFO Parsed 7700000 reads
2022-09-04 12:04:47,031 INFO Parsed 7800000 reads
2022-09-04 12:04:49,851 INFO Parsed 7900000 reads
2022-09-04 12:04:52,809 INFO Parsed 8000000 reads
2022-09-04 12:04:55,655 INFO Parsed 8100000 reads
2022-09-04 12:04:58,524 INFO Parsed 8200000 reads
2022-09-04 12:05:01,344 INFO Parsed 8300000 reads
2022-09-04 12:05:04,288 INFO Parsed 8400000 reads
2022-09-04 12:05:07,109 INFO Parsed 8500000 reads
2022-09-04 12:05:09,895 INFO Parsed 8600000 reads
2022-09-04 12:05:12,724 INFO Parsed 8700000 reads
2022-09-04 12:05:15,535 INFO Parsed 8800000 reads
2022-09-04 12:05:18,284 INFO Parsed 8900000 reads
2022-09-04 12:05:21,112 INFO Parsed 9000000 reads
2022-09-04 12:05:23,884 INFO Parsed 9100000 reads
2022-09-04 12:05:26,632 INFO Parsed 9200000 reads
2022-09-04 12:05:29,375 INFO Parsed 9300000 reads
2022-09-04 12:05:32,158 INFO Parsed 9400000 reads
2022-09-04 12:05:34,923 INFO Parsed 9500000 reads
2022-09-04 12:05:37,704 INFO Parsed 9600000 reads
2022-09-04 12:05:40,442 INFO Parsed 9700000 reads
2022-09-04 12:05:41,897 INFO Input Reads: 9752542
2022-09-04 12:05:41,897 INFO regex matches read1: 7884711
2022-09-04 12:05:41,897 INFO Reads output: 7884711
2022-09-04 12:05:41,897 INFO regex does not match read1: 1867831
# job finished in 272 seconds at Sun Sep  4 12:05:41 2022 -- 269.46  1.77  0.00  0.00 -- d978f395-a524-4bee-a9c4-8659fca6dd1b
