# UMI-tools version: 1.1.2
# output generated by dedup --method=unique -I analysis/74666/74666-genomeaftermiRNA-aligned-bowtie1-beststratam1.bam -S analysis/74666/74666_deduplicated-genomeaftermiRNA-uniquemethod.bam -L analysis/74666/74666-deduplicate-genomeaftermiRNA-uniquemethod.log
# job started at Sun Sep  4 01:45:15 2022 on MacBook-Air-di-Federico.local -- e199bce1-573a-4e16-a1ff-3bb7d0190d50
# pid: 851, system: Darwin 21.5.0 Darwin Kernel Version 21.5.0: Tue Apr 26 21:08:29 PDT 2022; root:xnu-8020.121.3~4/RELEASE_ARM64_T8101 x86_64
# assigned_tag                            : None
# cell_tag                                : None
# cell_tag_delim                          : None
# cell_tag_split                          : -
# chimeric_pairs                          : use
# chrom                                   : None
# compresslevel                           : 6
# detection_method                        : None
# filter_umi                              : None
# gene_tag                                : None
# gene_transcript_map                     : None
# get_umi_method                          : read_id
# ignore_tlen                             : False
# ignore_umi                              : False
# in_sam                                  : False
# log2stderr                              : False
# loglevel                                : 1
# mapping_quality                         : 0
# method                                  : unique
# no_sort_output                          : False
# out_sam                                 : False
# output_unmapped                         : False
# paired                                  : False
# per_cell                                : False
# per_contig                              : False
# per_gene                                : False
# random_seed                             : None
# read_length                             : False
# short_help                              : None
# skip_regex                              : ^(__|Unassigned)
# soft_clip_threshold                     : 4
# spliced                                 : False
# stats                                   : False
# stderr                                  : <_io.TextIOWrapper name='<stderr>' mode='w' encoding='utf-8'>
# stdin                                   : <_io.TextIOWrapper name='analysis/74666/74666-genomeaftermiRNA-aligned-bowtie1-beststratam1.bam' mode='r' encoding='UTF-8'>
# stdlog                                  : <_io.TextIOWrapper name='analysis/74666/74666-deduplicate-genomeaftermiRNA-uniquemethod.log' mode='a' encoding='UTF-8'>
# stdout                                  : <_io.TextIOWrapper name='analysis/74666/74666_deduplicated-genomeaftermiRNA-uniquemethod.bam' mode='w' encoding='UTF-8'>
# subset                                  : None
# threshold                               : 1
# timeit_file                             : None
# timeit_header                           : None
# timeit_name                             : all
# tmpdir                                  : None
# umi_sep                                 : _
# umi_tag                                 : RX
# umi_tag_delim                           : None
# umi_tag_split                           : None
# umi_whitelist                           : None
# umi_whitelist_paired                    : None
# unmapped_reads                          : discard
# unpaired_reads                          : use
# whole_contig                            : False
2022-09-04 01:45:15,686 INFO command: dedup --method=unique -I analysis/74666/74666-genomeaftermiRNA-aligned-bowtie1-beststratam1.bam -S analysis/74666/74666_deduplicated-genomeaftermiRNA-uniquemethod.bam -L analysis/74666/74666-deduplicate-genomeaftermiRNA-uniquemethod.log
2022-09-04 01:45:19,944 INFO Reads: Input Reads: 440450
2022-09-04 01:45:19,945 INFO Number of reads out: 55522
2022-09-04 01:45:19,945 INFO Total number of positions deduplicated: 11486
2022-09-04 01:45:19,945 INFO Mean number of unique UMIs per position: 4.83
2022-09-04 01:45:19,945 INFO Max. number of unique UMIs per position: 7082
# job finished in 4 seconds at Sun Sep  4 01:45:19 2022 --  5.17  0.20  0.00  0.00 -- e199bce1-573a-4e16-a1ff-3bb7d0190d50
# UMI-tools version: 1.1.2
# output generated by dedup --method=unique -I analysis/74666/74666-genomeaftermiRNA-aligned-bowtie1-beststratam1.bam -S analysis/74666/74666_deduplicated-genomeaftermiRNA-uniquemethod.bam -L analysis/74666/74666-deduplicate-genomeaftermiRNA-uniquemethod.log
# job started at Mon Sep  5 17:54:15 2022 on MacBook-Air-di-Federico.local -- db5d7e0f-be83-4f76-a4d2-93105c520624
# pid: 12839, system: Darwin 21.5.0 Darwin Kernel Version 21.5.0: Tue Apr 26 21:08:29 PDT 2022; root:xnu-8020.121.3~4/RELEASE_ARM64_T8101 x86_64
# assigned_tag                            : None
# cell_tag                                : None
# cell_tag_delim                          : None
# cell_tag_split                          : -
# chimeric_pairs                          : use
# chrom                                   : None
# compresslevel                           : 6
# detection_method                        : None
# filter_umi                              : None
# gene_tag                                : None
# gene_transcript_map                     : None
# get_umi_method                          : read_id
# ignore_tlen                             : False
# ignore_umi                              : False
# in_sam                                  : False
# log2stderr                              : False
# loglevel                                : 1
# mapping_quality                         : 0
# method                                  : unique
# no_sort_output                          : False
# out_sam                                 : False
# output_unmapped                         : False
# paired                                  : False
# per_cell                                : False
# per_contig                              : False
# per_gene                                : False
# random_seed                             : None
# read_length                             : False
# short_help                              : None
# skip_regex                              : ^(__|Unassigned)
# soft_clip_threshold                     : 4
# spliced                                 : False
# stats                                   : False
# stderr                                  : <_io.TextIOWrapper name='<stderr>' mode='w' encoding='utf-8'>
# stdin                                   : <_io.TextIOWrapper name='analysis/74666/74666-genomeaftermiRNA-aligned-bowtie1-beststratam1.bam' mode='r' encoding='UTF-8'>
# stdlog                                  : <_io.TextIOWrapper name='analysis/74666/74666-deduplicate-genomeaftermiRNA-uniquemethod.log' mode='a' encoding='UTF-8'>
# stdout                                  : <_io.TextIOWrapper name='analysis/74666/74666_deduplicated-genomeaftermiRNA-uniquemethod.bam' mode='w' encoding='UTF-8'>
# subset                                  : None
# threshold                               : 1
# timeit_file                             : None
# timeit_header                           : None
# timeit_name                             : all
# tmpdir                                  : None
# umi_sep                                 : _
# umi_tag                                 : RX
# umi_tag_delim                           : None
# umi_tag_split                           : None
# umi_whitelist                           : None
# umi_whitelist_paired                    : None
# unmapped_reads                          : discard
# unpaired_reads                          : use
# whole_contig                            : False
2022-09-05 17:54:15,074 INFO command: dedup --method=unique -I analysis/74666/74666-genomeaftermiRNA-aligned-bowtie1-beststratam1.bam -S analysis/74666/74666_deduplicated-genomeaftermiRNA-uniquemethod.bam -L analysis/74666/74666-deduplicate-genomeaftermiRNA-uniquemethod.log
2022-09-05 17:54:16,521 INFO Reads: Input Reads: 221914
2022-09-05 17:54:16,521 INFO Number of reads out: 34901
2022-09-05 17:54:16,521 INFO Total number of positions deduplicated: 11417
2022-09-05 17:54:16,521 INFO Mean number of unique UMIs per position: 3.06
2022-09-05 17:54:16,521 INFO Max. number of unique UMIs per position: 3251
# job finished in 1 seconds at Mon Sep  5 17:54:16 2022 --  2.38  0.12  0.00  0.00 -- db5d7e0f-be83-4f76-a4d2-93105c520624
