# UMI-tools version: 1.1.2
# output generated by dedup --method=unique -I analysis/74666/74666-maturemiRNA-aligned-bowtie1-beststratam1.bam -S analysis/74666/74666_deduplicated-matureMirna-uniquemethod-beststratam1.bam -L analysis/74666/74666-deduplicate-matureMirna-uniquemethod-beststratam1.log
# job started at Sun Sep  4 01:44:58 2022 on MacBook-Air-di-Federico.local -- e2402064-8eb4-41a3-9dbf-fa24bac282d5
# pid: 811, system: Darwin 21.5.0 Darwin Kernel Version 21.5.0: Tue Apr 26 21:08:29 PDT 2022; root:xnu-8020.121.3~4/RELEASE_ARM64_T8101 x86_64
# assigned_tag                            : None
# cell_tag                                : None
# cell_tag_delim                          : None
# cell_tag_split                          : -
# chimeric_pairs                          : use
# chrom                                   : None
# compresslevel                           : 6
# detection_method                        : None
# filter_umi                              : None
# gene_tag                                : None
# gene_transcript_map                     : None
# get_umi_method                          : read_id
# ignore_tlen                             : False
# ignore_umi                              : False
# in_sam                                  : False
# log2stderr                              : False
# loglevel                                : 1
# mapping_quality                         : 0
# method                                  : unique
# no_sort_output                          : False
# out_sam                                 : False
# output_unmapped                         : False
# paired                                  : False
# per_cell                                : False
# per_contig                              : False
# per_gene                                : False
# random_seed                             : None
# read_length                             : False
# short_help                              : None
# skip_regex                              : ^(__|Unassigned)
# soft_clip_threshold                     : 4
# spliced                                 : False
# stats                                   : False
# stderr                                  : <_io.TextIOWrapper name='<stderr>' mode='w' encoding='utf-8'>
# stdin                                   : <_io.TextIOWrapper name='analysis/74666/74666-maturemiRNA-aligned-bowtie1-beststratam1.bam' mode='r' encoding='UTF-8'>
# stdlog                                  : <_io.TextIOWrapper name='analysis/74666/74666-deduplicate-matureMirna-uniquemethod-beststratam1.log' mode='a' encoding='UTF-8'>
# stdout                                  : <_io.TextIOWrapper name='analysis/74666/74666_deduplicated-matureMirna-uniquemethod-beststratam1.bam' mode='w' encoding='UTF-8'>
# subset                                  : None
# threshold                               : 1
# timeit_file                             : None
# timeit_header                           : None
# timeit_name                             : all
# tmpdir                                  : None
# umi_sep                                 : _
# umi_tag                                 : RX
# umi_tag_delim                           : None
# umi_tag_split                           : None
# umi_whitelist                           : None
# umi_whitelist_paired                    : None
# unmapped_reads                          : discard
# unpaired_reads                          : use
# whole_contig                            : False
2022-09-04 01:44:58,118 INFO command: dedup --method=unique -I analysis/74666/74666-maturemiRNA-aligned-bowtie1-beststratam1.bam -S analysis/74666/74666_deduplicated-matureMirna-uniquemethod-beststratam1.bam -L analysis/74666/74666-deduplicate-matureMirna-uniquemethod-beststratam1.log
2022-09-04 01:44:58,146 INFO Reads: Input Reads: 2792
2022-09-04 01:44:58,146 INFO Number of reads out: 320
2022-09-04 01:44:58,146 INFO Total number of positions deduplicated: 2
2022-09-04 01:44:58,146 INFO Mean number of unique UMIs per position: 160.00
2022-09-04 01:44:58,146 INFO Max. number of unique UMIs per position: 319
# job finished in 0 seconds at Sun Sep  4 01:44:58 2022 --  0.98  0.11  0.00  0.00 -- e2402064-8eb4-41a3-9dbf-fa24bac282d5
# UMI-tools version: 1.1.2
# output generated by dedup --method=unique -I analysis/74666/74666-maturemiRNA-aligned-bowtie1-beststratam1.bam -S analysis/74666/74666_deduplicated-matureMirna-uniquemethod-beststratam1.bam -L analysis/74666/74666-deduplicate-matureMirna-uniquemethod-beststratam1.log
# job started at Sun Sep  4 20:16:43 2022 on MacBook-Air-di-Federico.local -- 0aeef251-bfcc-4b8f-bcb4-f4dffcf1a075
# pid: 66180, system: Darwin 21.5.0 Darwin Kernel Version 21.5.0: Tue Apr 26 21:08:29 PDT 2022; root:xnu-8020.121.3~4/RELEASE_ARM64_T8101 x86_64
# assigned_tag                            : None
# cell_tag                                : None
# cell_tag_delim                          : None
# cell_tag_split                          : -
# chimeric_pairs                          : use
# chrom                                   : None
# compresslevel                           : 6
# detection_method                        : None
# filter_umi                              : None
# gene_tag                                : None
# gene_transcript_map                     : None
# get_umi_method                          : read_id
# ignore_tlen                             : False
# ignore_umi                              : False
# in_sam                                  : False
# log2stderr                              : False
# loglevel                                : 1
# mapping_quality                         : 0
# method                                  : unique
# no_sort_output                          : False
# out_sam                                 : False
# output_unmapped                         : False
# paired                                  : False
# per_cell                                : False
# per_contig                              : False
# per_gene                                : False
# random_seed                             : None
# read_length                             : False
# short_help                              : None
# skip_regex                              : ^(__|Unassigned)
# soft_clip_threshold                     : 4
# spliced                                 : False
# stats                                   : False
# stderr                                  : <_io.TextIOWrapper name='<stderr>' mode='w' encoding='utf-8'>
# stdin                                   : <_io.TextIOWrapper name='analysis/74666/74666-maturemiRNA-aligned-bowtie1-beststratam1.bam' mode='r' encoding='UTF-8'>
# stdlog                                  : <_io.TextIOWrapper name='analysis/74666/74666-deduplicate-matureMirna-uniquemethod-beststratam1.log' mode='a' encoding='UTF-8'>
# stdout                                  : <_io.TextIOWrapper name='analysis/74666/74666_deduplicated-matureMirna-uniquemethod-beststratam1.bam' mode='w' encoding='UTF-8'>
# subset                                  : None
# threshold                               : 1
# timeit_file                             : None
# timeit_header                           : None
# timeit_name                             : all
# tmpdir                                  : None
# umi_sep                                 : _
# umi_tag                                 : RX
# umi_tag_delim                           : None
# umi_tag_split                           : None
# umi_whitelist                           : None
# umi_whitelist_paired                    : None
# unmapped_reads                          : discard
# unpaired_reads                          : use
# whole_contig                            : False
2022-09-04 20:16:43,563 INFO command: dedup --method=unique -I analysis/74666/74666-maturemiRNA-aligned-bowtie1-beststratam1.bam -S analysis/74666/74666_deduplicated-matureMirna-uniquemethod-beststratam1.bam -L analysis/74666/74666-deduplicate-matureMirna-uniquemethod-beststratam1.log
2022-09-04 20:16:46,123 INFO Reads: Input Reads: 307184
2022-09-04 20:16:46,123 INFO Number of reads out: 35954
2022-09-04 20:16:46,123 INFO Total number of positions deduplicated: 391
2022-09-04 20:16:46,123 INFO Mean number of unique UMIs per position: 91.95
2022-09-04 20:16:46,123 INFO Max. number of unique UMIs per position: 4967
# job finished in 2 seconds at Sun Sep  4 20:16:46 2022 --  3.77  0.14  0.00  0.00 -- 0aeef251-bfcc-4b8f-bcb4-f4dffcf1a075
