# UMI-tools version: 1.1.2
# output generated by extract --stdin=Fastq-files/74666.fastq.gz --log=analysis/74666/74666-UMIextraction-fromrawreads.log --stdout=analysis/74666/74666-directUMIextracted.fastq --extract-method=regex --bc-pattern=.+(?P<discard_1>AACTGTAGGCACCATCAAT){s<=2}(?P<umi_1>.{12})(?P<discard_2>.+)
# job started at Sun Sep  4 01:39:25 2022 on MacBook-Air-di-Federico.local -- 86ef30c1-9f39-4c83-9802-835997dd7739
# pid: 531, system: Darwin 21.5.0 Darwin Kernel Version 21.5.0: Tue Apr 26 21:08:29 PDT 2022; root:xnu-8020.121.3~4/RELEASE_ARM64_T8101 x86_64
# blacklist                               : None
# compresslevel                           : 6
# correct_umi_threshold                   : 0
# either_read                             : False
# either_read_resolve                     : discard
# error_correct_cell                      : False
# extract_method                          : regex
# filter_cell_barcode                     : None
# filter_cell_barcodes                    : False
# filter_umi                              : None
# filtered_out                            : None
# filtered_out2                           : None
# ignore_suffix                           : False
# log2stderr                              : False
# loglevel                                : 1
# pattern                                 : .+(?P<discard_1>AACTGTAGGCACCATCAAT){s<=2}(?P<umi_1>.{12})(?P<discard_2>.+)
# pattern2                                : None
# prime3                                  : None
# quality_encoding                        : None
# quality_filter_mask                     : None
# quality_filter_threshold                : None
# random_seed                             : None
# read2_in                                : None
# read2_out                               : False
# read2_stdout                            : False
# reads_subset                            : None
# reconcile                               : False
# retain_umi                              : None
# short_help                              : None
# stderr                                  : <_io.TextIOWrapper name='<stderr>' mode='w' encoding='utf-8'>
# stdin                                   : <_io.TextIOWrapper name='Fastq-files/74666.fastq.gz' encoding='ascii'>
# stdlog                                  : <_io.TextIOWrapper name='analysis/74666/74666-UMIextraction-fromrawreads.log' mode='a' encoding='UTF-8'>
# stdout                                  : <_io.TextIOWrapper name='analysis/74666/74666-directUMIextracted.fastq' mode='w' encoding='UTF-8'>
# timeit_file                             : None
# timeit_header                           : None
# timeit_name                             : all
# tmpdir                                  : None
# umi_correct_log                         : None
# umi_whitelist                           : None
# umi_whitelist_paired                    : None
# whitelist                               : None
2022-09-04 01:39:25,374 INFO Starting barcode extraction
2022-09-04 01:39:28,300 INFO Parsed 100000 reads
2022-09-04 01:39:31,215 INFO Parsed 200000 reads
2022-09-04 01:39:34,361 INFO Parsed 300000 reads
2022-09-04 01:39:37,370 INFO Parsed 400000 reads
2022-09-04 01:39:40,373 INFO Parsed 500000 reads
2022-09-04 01:39:43,436 INFO Parsed 600000 reads
2022-09-04 01:39:46,410 INFO Parsed 700000 reads
2022-09-04 01:39:49,413 INFO Parsed 800000 reads
2022-09-04 01:39:52,500 INFO Parsed 900000 reads
2022-09-04 01:39:55,553 INFO Parsed 1000000 reads
2022-09-04 01:39:58,613 INFO Parsed 1100000 reads
2022-09-04 01:40:01,678 INFO Parsed 1200000 reads
2022-09-04 01:40:04,766 INFO Parsed 1300000 reads
2022-09-04 01:40:07,747 INFO Parsed 1400000 reads
2022-09-04 01:40:10,775 INFO Parsed 1500000 reads
2022-09-04 01:40:13,817 INFO Parsed 1600000 reads
2022-09-04 01:40:16,838 INFO Parsed 1700000 reads
2022-09-04 01:40:19,811 INFO Parsed 1800000 reads
2022-09-04 01:40:23,381 INFO Parsed 1900000 reads
2022-09-04 01:40:26,832 INFO Parsed 2000000 reads
2022-09-04 01:40:29,962 INFO Parsed 2100000 reads
2022-09-04 01:40:33,039 INFO Parsed 2200000 reads
2022-09-04 01:40:36,060 INFO Parsed 2300000 reads
2022-09-04 01:40:39,063 INFO Parsed 2400000 reads
2022-09-04 01:40:41,989 INFO Parsed 2500000 reads
2022-09-04 01:40:44,969 INFO Parsed 2600000 reads
2022-09-04 01:40:47,929 INFO Parsed 2700000 reads
2022-09-04 01:40:50,917 INFO Parsed 2800000 reads
2022-09-04 01:40:53,916 INFO Parsed 2900000 reads
2022-09-04 01:40:56,856 INFO Parsed 3000000 reads
2022-09-04 01:40:59,799 INFO Parsed 3100000 reads
2022-09-04 01:41:02,754 INFO Parsed 3200000 reads
2022-09-04 01:41:05,735 INFO Parsed 3300000 reads
2022-09-04 01:41:08,829 INFO Parsed 3400000 reads
2022-09-04 01:41:11,894 INFO Parsed 3500000 reads
2022-09-04 01:41:14,834 INFO Parsed 3600000 reads
2022-09-04 01:41:17,861 INFO Parsed 3700000 reads
2022-09-04 01:41:21,083 INFO Parsed 3800000 reads
2022-09-04 01:41:24,271 INFO Parsed 3900000 reads
2022-09-04 01:41:27,270 INFO Parsed 4000000 reads
2022-09-04 01:41:30,224 INFO Parsed 4100000 reads
2022-09-04 01:41:33,195 INFO Parsed 4200000 reads
2022-09-04 01:41:36,235 INFO Parsed 4300000 reads
2022-09-04 01:41:39,168 INFO Parsed 4400000 reads
2022-09-04 01:41:42,100 INFO Parsed 4500000 reads
2022-09-04 01:41:45,053 INFO Parsed 4600000 reads
2022-09-04 01:41:48,260 INFO Parsed 4700000 reads
2022-09-04 01:41:51,351 INFO Parsed 4800000 reads
2022-09-04 01:41:54,456 INFO Parsed 4900000 reads
2022-09-04 01:41:57,662 INFO Parsed 5000000 reads
2022-09-04 01:42:00,948 INFO Parsed 5100000 reads
2022-09-04 01:42:04,138 INFO Parsed 5200000 reads
2022-09-04 01:42:07,256 INFO Parsed 5300000 reads
2022-09-04 01:42:10,205 INFO Parsed 5400000 reads
2022-09-04 01:42:13,199 INFO Parsed 5500000 reads
2022-09-04 01:42:16,194 INFO Parsed 5600000 reads
2022-09-04 01:42:19,157 INFO Parsed 5700000 reads
2022-09-04 01:42:22,114 INFO Parsed 5800000 reads
2022-09-04 01:42:25,123 INFO Parsed 5900000 reads
2022-09-04 01:42:28,069 INFO Parsed 6000000 reads
2022-09-04 01:42:31,011 INFO Parsed 6100000 reads
2022-09-04 01:42:33,945 INFO Parsed 6200000 reads
2022-09-04 01:42:36,879 INFO Parsed 6300000 reads
2022-09-04 01:42:39,901 INFO Parsed 6400000 reads
2022-09-04 01:42:42,960 INFO Parsed 6500000 reads
2022-09-04 01:42:45,949 INFO Parsed 6600000 reads
2022-09-04 01:42:48,882 INFO Parsed 6700000 reads
2022-09-04 01:42:51,817 INFO Parsed 6800000 reads
2022-09-04 01:42:54,817 INFO Parsed 6900000 reads
2022-09-04 01:42:57,742 INFO Parsed 7000000 reads
2022-09-04 01:43:00,672 INFO Parsed 7100000 reads
2022-09-04 01:43:03,609 INFO Parsed 7200000 reads
2022-09-04 01:43:06,533 INFO Parsed 7300000 reads
2022-09-04 01:43:09,459 INFO Parsed 7400000 reads
2022-09-04 01:43:12,399 INFO Parsed 7500000 reads
2022-09-04 01:43:15,348 INFO Parsed 7600000 reads
2022-09-04 01:43:18,283 INFO Parsed 7700000 reads
2022-09-04 01:43:21,253 INFO Parsed 7800000 reads
2022-09-04 01:43:24,506 INFO Parsed 7900000 reads
2022-09-04 01:43:27,508 INFO Parsed 8000000 reads
2022-09-04 01:43:30,480 INFO Parsed 8100000 reads
2022-09-04 01:43:33,416 INFO Parsed 8200000 reads
2022-09-04 01:43:36,401 INFO Parsed 8300000 reads
2022-09-04 01:43:39,368 INFO Parsed 8400000 reads
2022-09-04 01:43:42,307 INFO Parsed 8500000 reads
2022-09-04 01:43:45,258 INFO Parsed 8600000 reads
2022-09-04 01:43:48,189 INFO Parsed 8700000 reads
2022-09-04 01:43:51,166 INFO Parsed 8800000 reads
2022-09-04 01:43:54,098 INFO Parsed 8900000 reads
2022-09-04 01:43:57,017 INFO Parsed 9000000 reads
2022-09-04 01:43:59,952 INFO Parsed 9100000 reads
2022-09-04 01:44:02,875 INFO Parsed 9200000 reads
2022-09-04 01:44:05,873 INFO Parsed 9300000 reads
2022-09-04 01:44:08,800 INFO Parsed 9400000 reads
2022-09-04 01:44:11,728 INFO Parsed 9500000 reads
2022-09-04 01:44:14,674 INFO Parsed 9600000 reads
2022-09-04 01:44:17,672 INFO Parsed 9700000 reads
2022-09-04 01:44:20,586 INFO Parsed 9800000 reads
2022-09-04 01:44:23,505 INFO Parsed 9900000 reads
2022-09-04 01:44:26,384 INFO Parsed 10000000 reads
2022-09-04 01:44:29,460 INFO Parsed 10100000 reads
2022-09-04 01:44:32,515 INFO Parsed 10200000 reads
2022-09-04 01:44:35,460 INFO Parsed 10300000 reads
2022-09-04 01:44:35,686 INFO Input Reads: 10307707
2022-09-04 01:44:35,686 INFO regex matches read1: 9545098
2022-09-04 01:44:35,686 INFO Reads output: 9545098
2022-09-04 01:44:35,686 INFO regex does not match read1: 762609
# job finished in 310 seconds at Sun Sep  4 01:44:35 2022 -- 304.03  2.12  0.00  0.00 -- 86ef30c1-9f39-4c83-9802-835997dd7739
