# UMI-tools version: 1.1.2
# output generated by dedup --method=unique -I analysis/74683/74683-maturemiRNA-aligned-bowtie1-beststratam1.bam -S analysis/74683/74683_deduplicated-matureMirna-uniquemethod-beststratam1.bam -L analysis/74683/74683-deduplicate-matureMirna-uniquemethod-beststratam1.log
# job started at Sun Sep  4 13:21:49 2022 on MacBook-Air-di-Federico.local -- 31be1b59-d337-41fb-a03d-0de7727029f9
# pid: 3338, system: Darwin 21.5.0 Darwin Kernel Version 21.5.0: Tue Apr 26 21:08:29 PDT 2022; root:xnu-8020.121.3~4/RELEASE_ARM64_T8101 x86_64
# assigned_tag                            : None
# cell_tag                                : None
# cell_tag_delim                          : None
# cell_tag_split                          : -
# chimeric_pairs                          : use
# chrom                                   : None
# compresslevel                           : 6
# detection_method                        : None
# filter_umi                              : None
# gene_tag                                : None
# gene_transcript_map                     : None
# get_umi_method                          : read_id
# ignore_tlen                             : False
# ignore_umi                              : False
# in_sam                                  : False
# log2stderr                              : False
# loglevel                                : 1
# mapping_quality                         : 0
# method                                  : unique
# no_sort_output                          : False
# out_sam                                 : False
# output_unmapped                         : False
# paired                                  : False
# per_cell                                : False
# per_contig                              : False
# per_gene                                : False
# random_seed                             : None
# read_length                             : False
# short_help                              : None
# skip_regex                              : ^(__|Unassigned)
# soft_clip_threshold                     : 4
# spliced                                 : False
# stats                                   : False
# stderr                                  : <_io.TextIOWrapper name='<stderr>' mode='w' encoding='utf-8'>
# stdin                                   : <_io.TextIOWrapper name='analysis/74683/74683-maturemiRNA-aligned-bowtie1-beststratam1.bam' mode='r' encoding='UTF-8'>
# stdlog                                  : <_io.TextIOWrapper name='analysis/74683/74683-deduplicate-matureMirna-uniquemethod-beststratam1.log' mode='a' encoding='UTF-8'>
# stdout                                  : <_io.TextIOWrapper name='analysis/74683/74683_deduplicated-matureMirna-uniquemethod-beststratam1.bam' mode='w' encoding='UTF-8'>
# subset                                  : None
# threshold                               : 1
# timeit_file                             : None
# timeit_header                           : None
# timeit_name                             : all
# tmpdir                                  : None
# umi_sep                                 : _
# umi_tag                                 : RX
# umi_tag_delim                           : None
# umi_tag_split                           : None
# umi_whitelist                           : None
# umi_whitelist_paired                    : None
# unmapped_reads                          : discard
# unpaired_reads                          : use
# whole_contig                            : False
2022-09-04 13:21:49,709 INFO command: dedup --method=unique -I analysis/74683/74683-maturemiRNA-aligned-bowtie1-beststratam1.bam -S analysis/74683/74683_deduplicated-matureMirna-uniquemethod-beststratam1.bam -L analysis/74683/74683-deduplicate-matureMirna-uniquemethod-beststratam1.log
2022-09-04 13:21:49,724 INFO Reads: Input Reads: 875
2022-09-04 13:21:49,724 INFO Number of reads out: 158
2022-09-04 13:21:49,724 INFO Total number of positions deduplicated: 6
2022-09-04 13:21:49,724 INFO Mean number of unique UMIs per position: 26.33
2022-09-04 13:21:49,724 INFO Max. number of unique UMIs per position: 148
# job finished in 0 seconds at Sun Sep  4 13:21:49 2022 --  0.94  0.11  0.00  0.00 -- 31be1b59-d337-41fb-a03d-0de7727029f9
# UMI-tools version: 1.1.2
# output generated by dedup --method=unique -I analysis/74683/74683-maturemiRNA-aligned-bowtie1-beststratam1.bam -S analysis/74683/74683_deduplicated-matureMirna-uniquemethod-beststratam1.bam -L analysis/74683/74683-deduplicate-matureMirna-uniquemethod-beststratam1.log
# job started at Sun Sep  4 20:29:37 2022 on MacBook-Air-di-Federico.local -- 5489720e-6ad6-4b6c-90a9-a65d9bae1b5e
# pid: 72328, system: Darwin 21.5.0 Darwin Kernel Version 21.5.0: Tue Apr 26 21:08:29 PDT 2022; root:xnu-8020.121.3~4/RELEASE_ARM64_T8101 x86_64
# assigned_tag                            : None
# cell_tag                                : None
# cell_tag_delim                          : None
# cell_tag_split                          : -
# chimeric_pairs                          : use
# chrom                                   : None
# compresslevel                           : 6
# detection_method                        : None
# filter_umi                              : None
# gene_tag                                : None
# gene_transcript_map                     : None
# get_umi_method                          : read_id
# ignore_tlen                             : False
# ignore_umi                              : False
# in_sam                                  : False
# log2stderr                              : False
# loglevel                                : 1
# mapping_quality                         : 0
# method                                  : unique
# no_sort_output                          : False
# out_sam                                 : False
# output_unmapped                         : False
# paired                                  : False
# per_cell                                : False
# per_contig                              : False
# per_gene                                : False
# random_seed                             : None
# read_length                             : False
# short_help                              : None
# skip_regex                              : ^(__|Unassigned)
# soft_clip_threshold                     : 4
# spliced                                 : False
# stats                                   : False
# stderr                                  : <_io.TextIOWrapper name='<stderr>' mode='w' encoding='utf-8'>
# stdin                                   : <_io.TextIOWrapper name='analysis/74683/74683-maturemiRNA-aligned-bowtie1-beststratam1.bam' mode='r' encoding='UTF-8'>
# stdlog                                  : <_io.TextIOWrapper name='analysis/74683/74683-deduplicate-matureMirna-uniquemethod-beststratam1.log' mode='a' encoding='UTF-8'>
# stdout                                  : <_io.TextIOWrapper name='analysis/74683/74683_deduplicated-matureMirna-uniquemethod-beststratam1.bam' mode='w' encoding='UTF-8'>
# subset                                  : None
# threshold                               : 1
# timeit_file                             : None
# timeit_header                           : None
# timeit_name                             : all
# tmpdir                                  : None
# umi_sep                                 : _
# umi_tag                                 : RX
# umi_tag_delim                           : None
# umi_tag_split                           : None
# umi_whitelist                           : None
# umi_whitelist_paired                    : None
# unmapped_reads                          : discard
# unpaired_reads                          : use
# whole_contig                            : False
2022-09-04 20:29:37,142 INFO command: dedup --method=unique -I analysis/74683/74683-maturemiRNA-aligned-bowtie1-beststratam1.bam -S analysis/74683/74683_deduplicated-matureMirna-uniquemethod-beststratam1.bam -L analysis/74683/74683-deduplicate-matureMirna-uniquemethod-beststratam1.log
2022-09-04 20:29:42,643 INFO Written out 100000 reads
2022-09-04 20:29:46,411 INFO Parsed 1000000 input reads
2022-09-04 20:29:49,326 INFO Written out 200000 reads
2022-09-04 20:29:49,943 INFO Reads: Input Reads: 1346679
2022-09-04 20:29:49,943 INFO Number of reads out: 240828
2022-09-04 20:29:49,943 INFO Total number of positions deduplicated: 597
2022-09-04 20:29:49,943 INFO Mean number of unique UMIs per position: 403.40
2022-09-04 20:29:49,943 INFO Max. number of unique UMIs per position: 78302
# job finished in 12 seconds at Sun Sep  4 20:29:49 2022 -- 13.84  0.23  0.00  0.00 -- 5489720e-6ad6-4b6c-90a9-a65d9bae1b5e
