# UMI-tools version: 1.1.2
# output generated by count --method=unique --per-contig -I analysis/74683/74683-maturemiRNA-aligned-bowtie1-beststratam1.bam -L analysis/74683/74683_counts-uniquemethod-maturemiRNA.log -S analysis/74683/74683_counts-finaloutput-uniquemethod-maturemiRNA.txt
# job started at Sun Sep  4 13:21:48 2022 on MacBook-Air-di-Federico.local -- 6fdf48e2-1f64-44f1-9f67-14ae80be21f1
# pid: 3336, system: Darwin 21.5.0 Darwin Kernel Version 21.5.0: Tue Apr 26 21:08:29 PDT 2022; root:xnu-8020.121.3~4/RELEASE_ARM64_T8101 x86_64
# assigned_tag                            : None
# cell_tag                                : None
# cell_tag_delim                          : None
# cell_tag_split                          : -
# chimeric_pairs                          : use
# chrom                                   : None
# compresslevel                           : 6
# filter_umi                              : None
# gene_tag                                : None
# gene_transcript_map                     : None
# get_umi_method                          : read_id
# ignore_tlen                             : False
# ignore_umi                              : False
# in_sam                                  : False
# log2stderr                              : False
# loglevel                                : 1
# mapping_quality                         : 0
# method                                  : unique
# no_sort_output                          : False
# out_sam                                 : False
# output_unmapped                         : False
# paired                                  : False
# per_cell                                : False
# per_contig                              : True
# per_gene                                : False
# random_seed                             : None
# read_length                             : False
# short_help                              : None
# skip_regex                              : ^(__|Unassigned)
# soft_clip_threshold                     : 4
# spliced                                 : False
# stderr                                  : <_io.TextIOWrapper name='<stderr>' mode='w' encoding='utf-8'>
# stdin                                   : <_io.TextIOWrapper name='analysis/74683/74683-maturemiRNA-aligned-bowtie1-beststratam1.bam' mode='r' encoding='UTF-8'>
# stdlog                                  : <_io.TextIOWrapper name='analysis/74683/74683_counts-uniquemethod-maturemiRNA.log' mode='a' encoding='UTF-8'>
# stdout                                  : <_io.TextIOWrapper name='analysis/74683/74683_counts-finaloutput-uniquemethod-maturemiRNA.txt' mode='w' encoding='UTF-8'>
# subset                                  : None
# threshold                               : 1
# timeit_file                             : None
# timeit_header                           : None
# timeit_name                             : all
# tmpdir                                  : None
# umi_sep                                 : _
# umi_tag                                 : RX
# umi_tag_delim                           : None
# umi_tag_split                           : None
# umi_whitelist                           : None
# umi_whitelist_paired                    : None
# unmapped_reads                          : discard
# unpaired_reads                          : use
# wide_format_cell_counts                 : False
2022-09-04 13:21:48,442 INFO command: count --method=unique --per-contig -I analysis/74683/74683-maturemiRNA-aligned-bowtie1-beststratam1.bam -L analysis/74683/74683_counts-uniquemethod-maturemiRNA.log -S analysis/74683/74683_counts-finaloutput-uniquemethod-maturemiRNA.txt
2022-09-04 13:21:48,451 INFO Input Reads: 875
2022-09-04 13:21:48,451 INFO Number of (post deduplication) reads counted: 158
# job finished in 0 seconds at Sun Sep  4 13:21:48 2022 --  0.83  0.09  0.00  0.00 -- 6fdf48e2-1f64-44f1-9f67-14ae80be21f1
# UMI-tools version: 1.1.2
# output generated by count --method=unique --per-contig -I analysis/74683/74683-maturemiRNA-aligned-bowtie1-beststratam1.bam -L analysis/74683/74683_counts-uniquemethod-maturemiRNA.log -S analysis/74683/74683_counts-finaloutput-uniquemethod-maturemiRNA.txt
# job started at Sun Sep  4 20:29:28 2022 on MacBook-Air-di-Federico.local -- 688e236a-30b9-486f-85e3-d534037b9bbf
# pid: 72260, system: Darwin 21.5.0 Darwin Kernel Version 21.5.0: Tue Apr 26 21:08:29 PDT 2022; root:xnu-8020.121.3~4/RELEASE_ARM64_T8101 x86_64
# assigned_tag                            : None
# cell_tag                                : None
# cell_tag_delim                          : None
# cell_tag_split                          : -
# chimeric_pairs                          : use
# chrom                                   : None
# compresslevel                           : 6
# filter_umi                              : None
# gene_tag                                : None
# gene_transcript_map                     : None
# get_umi_method                          : read_id
# ignore_tlen                             : False
# ignore_umi                              : False
# in_sam                                  : False
# log2stderr                              : False
# loglevel                                : 1
# mapping_quality                         : 0
# method                                  : unique
# no_sort_output                          : False
# out_sam                                 : False
# output_unmapped                         : False
# paired                                  : False
# per_cell                                : False
# per_contig                              : True
# per_gene                                : False
# random_seed                             : None
# read_length                             : False
# short_help                              : None
# skip_regex                              : ^(__|Unassigned)
# soft_clip_threshold                     : 4
# spliced                                 : False
# stderr                                  : <_io.TextIOWrapper name='<stderr>' mode='w' encoding='utf-8'>
# stdin                                   : <_io.TextIOWrapper name='analysis/74683/74683-maturemiRNA-aligned-bowtie1-beststratam1.bam' mode='r' encoding='UTF-8'>
# stdlog                                  : <_io.TextIOWrapper name='analysis/74683/74683_counts-uniquemethod-maturemiRNA.log' mode='a' encoding='UTF-8'>
# stdout                                  : <_io.TextIOWrapper name='analysis/74683/74683_counts-finaloutput-uniquemethod-maturemiRNA.txt' mode='w' encoding='UTF-8'>
# subset                                  : None
# threshold                               : 1
# timeit_file                             : None
# timeit_header                           : None
# timeit_name                             : all
# tmpdir                                  : None
# umi_sep                                 : _
# umi_tag                                 : RX
# umi_tag_delim                           : None
# umi_tag_split                           : None
# umi_whitelist                           : None
# umi_whitelist_paired                    : None
# unmapped_reads                          : discard
# unpaired_reads                          : use
# wide_format_cell_counts                 : False
2022-09-04 20:29:28,737 INFO command: count --method=unique --per-contig -I analysis/74683/74683-maturemiRNA-aligned-bowtie1-beststratam1.bam -L analysis/74683/74683_counts-uniquemethod-maturemiRNA.log -S analysis/74683/74683_counts-finaloutput-uniquemethod-maturemiRNA.txt
2022-09-04 20:29:33,800 INFO Parsed 1000000 input reads
2022-09-04 20:29:35,564 INFO Input Reads: 1346679
2022-09-04 20:29:35,565 INFO Number of (post deduplication) reads counted: 240800
# job finished in 6 seconds at Sun Sep  4 20:29:35 2022 --  7.87  0.14  0.00  0.00 -- 688e236a-30b9-486f-85e3-d534037b9bbf
