# UMI-tools version: 1.1.2
# output generated by extract --stdin=Fastq-files/74683.fastq.gz --log=analysis/74683/74683-UMIextraction-fromrawreads.log --stdout=analysis/74683/74683-directUMIextracted.fastq --extract-method=regex --bc-pattern=.+(?P<discard_1>AACTGTAGGCACCATCAAT){s<=2}(?P<umi_1>.{12})(?P<discard_2>.+)
# job started at Sun Sep  4 13:17:22 2022 on MacBook-Air-di-Federico.local -- 3f6c4808-b14c-408e-8db0-e702fd2231a3
# pid: 3266, system: Darwin 21.5.0 Darwin Kernel Version 21.5.0: Tue Apr 26 21:08:29 PDT 2022; root:xnu-8020.121.3~4/RELEASE_ARM64_T8101 x86_64
# blacklist                               : None
# compresslevel                           : 6
# correct_umi_threshold                   : 0
# either_read                             : False
# either_read_resolve                     : discard
# error_correct_cell                      : False
# extract_method                          : regex
# filter_cell_barcode                     : None
# filter_cell_barcodes                    : False
# filter_umi                              : None
# filtered_out                            : None
# filtered_out2                           : None
# ignore_suffix                           : False
# log2stderr                              : False
# loglevel                                : 1
# pattern                                 : .+(?P<discard_1>AACTGTAGGCACCATCAAT){s<=2}(?P<umi_1>.{12})(?P<discard_2>.+)
# pattern2                                : None
# prime3                                  : None
# quality_encoding                        : None
# quality_filter_mask                     : None
# quality_filter_threshold                : None
# random_seed                             : None
# read2_in                                : None
# read2_out                               : False
# read2_stdout                            : False
# reads_subset                            : None
# reconcile                               : False
# retain_umi                              : None
# short_help                              : None
# stderr                                  : <_io.TextIOWrapper name='<stderr>' mode='w' encoding='utf-8'>
# stdin                                   : <_io.TextIOWrapper name='Fastq-files/74683.fastq.gz' encoding='ascii'>
# stdlog                                  : <_io.TextIOWrapper name='analysis/74683/74683-UMIextraction-fromrawreads.log' mode='a' encoding='UTF-8'>
# stdout                                  : <_io.TextIOWrapper name='analysis/74683/74683-directUMIextracted.fastq' mode='w' encoding='UTF-8'>
# timeit_file                             : None
# timeit_header                           : None
# timeit_name                             : all
# tmpdir                                  : None
# umi_correct_log                         : None
# umi_whitelist                           : None
# umi_whitelist_paired                    : None
# whitelist                               : None
2022-09-04 13:17:22,478 INFO Starting barcode extraction
2022-09-04 13:17:25,489 INFO Parsed 100000 reads
2022-09-04 13:17:28,457 INFO Parsed 200000 reads
2022-09-04 13:17:31,390 INFO Parsed 300000 reads
2022-09-04 13:17:34,324 INFO Parsed 400000 reads
2022-09-04 13:17:37,257 INFO Parsed 500000 reads
2022-09-04 13:17:40,240 INFO Parsed 600000 reads
2022-09-04 13:17:43,199 INFO Parsed 700000 reads
2022-09-04 13:17:46,136 INFO Parsed 800000 reads
2022-09-04 13:17:49,071 INFO Parsed 900000 reads
2022-09-04 13:17:52,029 INFO Parsed 1000000 reads
2022-09-04 13:17:55,040 INFO Parsed 1100000 reads
2022-09-04 13:17:58,086 INFO Parsed 1200000 reads
2022-09-04 13:18:01,086 INFO Parsed 1300000 reads
2022-09-04 13:18:04,020 INFO Parsed 1400000 reads
2022-09-04 13:18:06,976 INFO Parsed 1500000 reads
2022-09-04 13:18:09,910 INFO Parsed 1600000 reads
2022-09-04 13:18:12,843 INFO Parsed 1700000 reads
2022-09-04 13:18:15,797 INFO Parsed 1800000 reads
2022-09-04 13:18:18,732 INFO Parsed 1900000 reads
2022-09-04 13:18:21,707 INFO Parsed 2000000 reads
2022-09-04 13:18:24,643 INFO Parsed 2100000 reads
2022-09-04 13:18:27,577 INFO Parsed 2200000 reads
2022-09-04 13:18:30,589 INFO Parsed 2300000 reads
2022-09-04 13:18:33,533 INFO Parsed 2400000 reads
2022-09-04 13:18:36,487 INFO Parsed 2500000 reads
2022-09-04 13:18:39,449 INFO Parsed 2600000 reads
2022-09-04 13:18:42,385 INFO Parsed 2700000 reads
2022-09-04 13:18:45,323 INFO Parsed 2800000 reads
2022-09-04 13:18:48,293 INFO Parsed 2900000 reads
2022-09-04 13:18:51,244 INFO Parsed 3000000 reads
2022-09-04 13:18:54,201 INFO Parsed 3100000 reads
2022-09-04 13:18:57,148 INFO Parsed 3200000 reads
2022-09-04 13:19:00,240 INFO Parsed 3300000 reads
2022-09-04 13:19:03,219 INFO Parsed 3400000 reads
2022-09-04 13:19:06,193 INFO Parsed 3500000 reads
2022-09-04 13:19:09,162 INFO Parsed 3600000 reads
2022-09-04 13:19:12,120 INFO Parsed 3700000 reads
2022-09-04 13:19:15,076 INFO Parsed 3800000 reads
2022-09-04 13:19:18,036 INFO Parsed 3900000 reads
2022-09-04 13:19:20,993 INFO Parsed 4000000 reads
2022-09-04 13:19:23,950 INFO Parsed 4100000 reads
2022-09-04 13:19:26,923 INFO Parsed 4200000 reads
2022-09-04 13:19:29,959 INFO Parsed 4300000 reads
2022-09-04 13:19:32,922 INFO Parsed 4400000 reads
2022-09-04 13:19:35,885 INFO Parsed 4500000 reads
2022-09-04 13:19:38,846 INFO Parsed 4600000 reads
2022-09-04 13:19:41,811 INFO Parsed 4700000 reads
2022-09-04 13:19:44,770 INFO Parsed 4800000 reads
2022-09-04 13:19:47,729 INFO Parsed 4900000 reads
2022-09-04 13:19:50,683 INFO Parsed 5000000 reads
2022-09-04 13:19:53,659 INFO Parsed 5100000 reads
2022-09-04 13:19:56,617 INFO Parsed 5200000 reads
2022-09-04 13:19:59,576 INFO Parsed 5300000 reads
2022-09-04 13:20:02,595 INFO Parsed 5400000 reads
2022-09-04 13:20:05,574 INFO Parsed 5500000 reads
2022-09-04 13:20:08,537 INFO Parsed 5600000 reads
2022-09-04 13:20:11,495 INFO Parsed 5700000 reads
2022-09-04 13:20:14,453 INFO Parsed 5800000 reads
2022-09-04 13:20:17,434 INFO Parsed 5900000 reads
2022-09-04 13:20:20,390 INFO Parsed 6000000 reads
2022-09-04 13:20:23,366 INFO Parsed 6100000 reads
2022-09-04 13:20:26,328 INFO Parsed 6200000 reads
2022-09-04 13:20:29,298 INFO Parsed 6300000 reads
2022-09-04 13:20:32,354 INFO Parsed 6400000 reads
2022-09-04 13:20:35,332 INFO Parsed 6500000 reads
2022-09-04 13:20:38,294 INFO Parsed 6600000 reads
2022-09-04 13:20:41,253 INFO Parsed 6700000 reads
2022-09-04 13:20:44,210 INFO Parsed 6800000 reads
2022-09-04 13:20:47,170 INFO Parsed 6900000 reads
2022-09-04 13:20:50,125 INFO Parsed 7000000 reads
2022-09-04 13:20:53,122 INFO Parsed 7100000 reads
2022-09-04 13:20:56,080 INFO Parsed 7200000 reads
2022-09-04 13:20:59,041 INFO Parsed 7300000 reads
2022-09-04 13:21:02,147 INFO Parsed 7400000 reads
2022-09-04 13:21:05,102 INFO Parsed 7500000 reads
2022-09-04 13:21:08,060 INFO Parsed 7600000 reads
2022-09-04 13:21:11,042 INFO Parsed 7700000 reads
2022-09-04 13:21:14,019 INFO Parsed 7800000 reads
2022-09-04 13:21:16,982 INFO Parsed 7900000 reads
2022-09-04 13:21:19,941 INFO Parsed 8000000 reads
2022-09-04 13:21:22,891 INFO Parsed 8100000 reads
2022-09-04 13:21:25,837 INFO Parsed 8200000 reads
2022-09-04 13:21:25,945 INFO Input Reads: 8203658
2022-09-04 13:21:25,945 INFO regex matches read1: 7551436
2022-09-04 13:21:25,945 INFO Reads output: 7551436
2022-09-04 13:21:25,945 INFO regex does not match read1: 652222
# job finished in 243 seconds at Sun Sep  4 13:21:25 2022 -- 242.11  1.04  0.00  0.00 -- 3f6c4808-b14c-408e-8db0-e702fd2231a3
