# UMI-tools version: 1.1.2
# output generated by extract --stdin=Fastq-files/70459.fastq.gz --log=analysis/70459/70459-UMIextraction-fromrawreads.log --stdout=analysis/70459/70459-directUMIextracted.fastq --extract-method=regex --bc-pattern=.+(?P<discard_1>AACTGTAGGCACCATCAAT){s<=2}(?P<umi_1>.{12})(?P<discard_2>.+)
# job started at Sun Sep  4 01:05:14 2022 on MacBook-Air-di-Federico.local -- 52738342-080b-4f6c-94ad-7c078ee06694
# pid: 99876, system: Darwin 21.5.0 Darwin Kernel Version 21.5.0: Tue Apr 26 21:08:29 PDT 2022; root:xnu-8020.121.3~4/RELEASE_ARM64_T8101 x86_64
# blacklist                               : None
# compresslevel                           : 6
# correct_umi_threshold                   : 0
# either_read                             : False
# either_read_resolve                     : discard
# error_correct_cell                      : False
# extract_method                          : regex
# filter_cell_barcode                     : None
# filter_cell_barcodes                    : False
# filter_umi                              : None
# filtered_out                            : None
# filtered_out2                           : None
# ignore_suffix                           : False
# log2stderr                              : False
# loglevel                                : 1
# pattern                                 : .+(?P<discard_1>AACTGTAGGCACCATCAAT){s<=2}(?P<umi_1>.{12})(?P<discard_2>.+)
# pattern2                                : None
# prime3                                  : None
# quality_encoding                        : None
# quality_filter_mask                     : None
# quality_filter_threshold                : None
# random_seed                             : None
# read2_in                                : None
# read2_out                               : False
# read2_stdout                            : False
# reads_subset                            : None
# reconcile                               : False
# retain_umi                              : None
# short_help                              : None
# stderr                                  : <_io.TextIOWrapper name='<stderr>' mode='w' encoding='utf-8'>
# stdin                                   : <_io.TextIOWrapper name='Fastq-files/70459.fastq.gz' encoding='ascii'>
# stdlog                                  : <_io.TextIOWrapper name='analysis/70459/70459-UMIextraction-fromrawreads.log' mode='a' encoding='UTF-8'>
# stdout                                  : <_io.TextIOWrapper name='analysis/70459/70459-directUMIextracted.fastq' mode='w' encoding='UTF-8'>
# timeit_file                             : None
# timeit_header                           : None
# timeit_name                             : all
# tmpdir                                  : None
# umi_correct_log                         : None
# umi_whitelist                           : None
# umi_whitelist_paired                    : None
# whitelist                               : None
2022-09-04 01:05:14,375 INFO Starting barcode extraction
2022-09-04 01:05:19,104 INFO Parsed 100000 reads
2022-09-04 01:05:23,824 INFO Parsed 200000 reads
2022-09-04 01:05:28,552 INFO Parsed 300000 reads
2022-09-04 01:05:33,267 INFO Parsed 400000 reads
2022-09-04 01:05:37,975 INFO Parsed 500000 reads
2022-09-04 01:05:42,685 INFO Parsed 600000 reads
2022-09-04 01:05:47,407 INFO Parsed 700000 reads
2022-09-04 01:05:52,150 INFO Parsed 800000 reads
2022-09-04 01:05:56,919 INFO Parsed 900000 reads
2022-09-04 01:06:01,734 INFO Parsed 1000000 reads
2022-09-04 01:06:06,534 INFO Parsed 1100000 reads
2022-09-04 01:06:11,353 INFO Parsed 1200000 reads
2022-09-04 01:06:16,190 INFO Parsed 1300000 reads
2022-09-04 01:06:20,999 INFO Parsed 1400000 reads
2022-09-04 01:06:25,817 INFO Parsed 1500000 reads
2022-09-04 01:06:30,635 INFO Parsed 1600000 reads
2022-09-04 01:06:35,432 INFO Parsed 1700000 reads
2022-09-04 01:06:40,234 INFO Parsed 1800000 reads
2022-09-04 01:06:45,053 INFO Parsed 1900000 reads
2022-09-04 01:06:49,852 INFO Parsed 2000000 reads
2022-09-04 01:06:54,666 INFO Parsed 2100000 reads
2022-09-04 01:06:59,496 INFO Parsed 2200000 reads
2022-09-04 01:07:04,298 INFO Parsed 2300000 reads
2022-09-04 01:07:09,117 INFO Parsed 2400000 reads
2022-09-04 01:07:13,919 INFO Parsed 2500000 reads
2022-09-04 01:07:18,742 INFO Parsed 2600000 reads
2022-09-04 01:07:23,543 INFO Parsed 2700000 reads
2022-09-04 01:07:28,338 INFO Parsed 2800000 reads
2022-09-04 01:07:33,139 INFO Parsed 2900000 reads
2022-09-04 01:07:37,938 INFO Parsed 3000000 reads
2022-09-04 01:07:42,738 INFO Parsed 3100000 reads
2022-09-04 01:07:47,539 INFO Parsed 3200000 reads
2022-09-04 01:07:52,342 INFO Parsed 3300000 reads
2022-09-04 01:07:57,142 INFO Parsed 3400000 reads
2022-09-04 01:08:01,941 INFO Parsed 3500000 reads
2022-09-04 01:08:06,740 INFO Parsed 3600000 reads
2022-09-04 01:08:11,538 INFO Parsed 3700000 reads
2022-09-04 01:08:16,360 INFO Parsed 3800000 reads
2022-09-04 01:08:21,158 INFO Parsed 3900000 reads
2022-09-04 01:08:25,955 INFO Parsed 4000000 reads
2022-09-04 01:08:30,770 INFO Parsed 4100000 reads
2022-09-04 01:08:35,549 INFO Parsed 4200000 reads
2022-09-04 01:08:40,322 INFO Parsed 4300000 reads
2022-09-04 01:08:45,105 INFO Parsed 4400000 reads
2022-09-04 01:08:49,883 INFO Parsed 4500000 reads
2022-09-04 01:08:54,665 INFO Parsed 4600000 reads
2022-09-04 01:08:59,444 INFO Parsed 4700000 reads
2022-09-04 01:09:04,225 INFO Parsed 4800000 reads
2022-09-04 01:09:09,007 INFO Parsed 4900000 reads
2022-09-04 01:09:13,789 INFO Parsed 5000000 reads
2022-09-04 01:09:18,587 INFO Parsed 5100000 reads
2022-09-04 01:09:23,372 INFO Parsed 5200000 reads
2022-09-04 01:09:28,161 INFO Parsed 5300000 reads
2022-09-04 01:09:32,945 INFO Parsed 5400000 reads
2022-09-04 01:09:37,745 INFO Parsed 5500000 reads
2022-09-04 01:09:42,524 INFO Parsed 5600000 reads
2022-09-04 01:09:46,711 INFO Parsed 5700000 reads
2022-09-04 01:09:49,652 INFO Parsed 5800000 reads
2022-09-04 01:09:52,590 INFO Parsed 5900000 reads
2022-09-04 01:09:55,526 INFO Parsed 6000000 reads
2022-09-04 01:09:58,459 INFO Parsed 6100000 reads
2022-09-04 01:10:01,393 INFO Parsed 6200000 reads
2022-09-04 01:10:04,327 INFO Parsed 6300000 reads
2022-09-04 01:10:07,258 INFO Parsed 6400000 reads
2022-09-04 01:10:10,190 INFO Parsed 6500000 reads
2022-09-04 01:10:13,120 INFO Parsed 6600000 reads
2022-09-04 01:10:16,091 INFO Parsed 6700000 reads
2022-09-04 01:10:19,026 INFO Parsed 6800000 reads
2022-09-04 01:10:21,956 INFO Parsed 6900000 reads
2022-09-04 01:10:24,923 INFO Parsed 7000000 reads
2022-09-04 01:10:27,855 INFO Parsed 7100000 reads
2022-09-04 01:10:30,784 INFO Parsed 7200000 reads
2022-09-04 01:10:33,732 INFO Parsed 7300000 reads
2022-09-04 01:10:36,664 INFO Parsed 7400000 reads
2022-09-04 01:10:39,595 INFO Parsed 7500000 reads
2022-09-04 01:10:42,524 INFO Parsed 7600000 reads
2022-09-04 01:10:45,456 INFO Parsed 7700000 reads
2022-09-04 01:10:48,385 INFO Parsed 7800000 reads
2022-09-04 01:10:51,321 INFO Parsed 7900000 reads
2022-09-04 01:10:54,260 INFO Parsed 8000000 reads
2022-09-04 01:10:57,193 INFO Parsed 8100000 reads
2022-09-04 01:11:00,126 INFO Parsed 8200000 reads
2022-09-04 01:11:03,077 INFO Parsed 8300000 reads
2022-09-04 01:11:05,956 INFO Input Reads: 8398176
2022-09-04 01:11:05,956 INFO regex matches read1: 7898643
2022-09-04 01:11:05,956 INFO Reads output: 7898643
2022-09-04 01:11:05,956 INFO regex does not match read1: 499533
# job finished in 351 seconds at Sun Sep  4 01:11:05 2022 -- 350.94  1.32  0.00  0.00 -- 52738342-080b-4f6c-94ad-7c078ee06694
