# UMI-tools version: 1.1.2
# output generated by dedup --method=unique -I analysis/70459/70459-maturemiRNA-aligned-bowtie1-beststratam1.bam -S analysis/70459/70459_deduplicated-matureMirna-uniquemethod-beststratam1.bam -L analysis/70459/70459-deduplicate-matureMirna-uniquemethod-beststratam1.log
# job started at Sun Sep  4 01:11:26 2022 on MacBook-Air-di-Federico.local -- b3eddec6-967f-4ef7-820d-d02d22de3067
# pid: 99923, system: Darwin 21.5.0 Darwin Kernel Version 21.5.0: Tue Apr 26 21:08:29 PDT 2022; root:xnu-8020.121.3~4/RELEASE_ARM64_T8101 x86_64
# assigned_tag                            : None
# cell_tag                                : None
# cell_tag_delim                          : None
# cell_tag_split                          : -
# chimeric_pairs                          : use
# chrom                                   : None
# compresslevel                           : 6
# detection_method                        : None
# filter_umi                              : None
# gene_tag                                : None
# gene_transcript_map                     : None
# get_umi_method                          : read_id
# ignore_tlen                             : False
# ignore_umi                              : False
# in_sam                                  : False
# log2stderr                              : False
# loglevel                                : 1
# mapping_quality                         : 0
# method                                  : unique
# no_sort_output                          : False
# out_sam                                 : False
# output_unmapped                         : False
# paired                                  : False
# per_cell                                : False
# per_contig                              : False
# per_gene                                : False
# random_seed                             : None
# read_length                             : False
# short_help                              : None
# skip_regex                              : ^(__|Unassigned)
# soft_clip_threshold                     : 4
# spliced                                 : False
# stats                                   : False
# stderr                                  : <_io.TextIOWrapper name='<stderr>' mode='w' encoding='utf-8'>
# stdin                                   : <_io.TextIOWrapper name='analysis/70459/70459-maturemiRNA-aligned-bowtie1-beststratam1.bam' mode='r' encoding='UTF-8'>
# stdlog                                  : <_io.TextIOWrapper name='analysis/70459/70459-deduplicate-matureMirna-uniquemethod-beststratam1.log' mode='a' encoding='UTF-8'>
# stdout                                  : <_io.TextIOWrapper name='analysis/70459/70459_deduplicated-matureMirna-uniquemethod-beststratam1.bam' mode='w' encoding='UTF-8'>
# subset                                  : None
# threshold                               : 1
# timeit_file                             : None
# timeit_header                           : None
# timeit_name                             : all
# tmpdir                                  : None
# umi_sep                                 : _
# umi_tag                                 : RX
# umi_tag_delim                           : None
# umi_tag_split                           : None
# umi_whitelist                           : None
# umi_whitelist_paired                    : None
# unmapped_reads                          : discard
# unpaired_reads                          : use
# whole_contig                            : False
2022-09-04 01:11:26,365 INFO command: dedup --method=unique -I analysis/70459/70459-maturemiRNA-aligned-bowtie1-beststratam1.bam -S analysis/70459/70459_deduplicated-matureMirna-uniquemethod-beststratam1.bam -L analysis/70459/70459-deduplicate-matureMirna-uniquemethod-beststratam1.log
2022-09-04 01:11:26,422 INFO Reads: Input Reads: 8095
2022-09-04 01:11:26,422 INFO Number of reads out: 280
2022-09-04 01:11:26,422 INFO Total number of positions deduplicated: 2
2022-09-04 01:11:26,422 INFO Mean number of unique UMIs per position: 140.00
2022-09-04 01:11:26,422 INFO Max. number of unique UMIs per position: 279
# job finished in 0 seconds at Sun Sep  4 01:11:26 2022 --  1.00  0.12  0.00  0.00 -- b3eddec6-967f-4ef7-820d-d02d22de3067
# UMI-tools version: 1.1.2
# output generated by dedup --method=unique -I analysis/70459/70459-maturemiRNA-aligned-bowtie1-beststratam1.bam -S analysis/70459/70459_deduplicated-matureMirna-uniquemethod-beststratam1.bam -L analysis/70459/70459-deduplicate-matureMirna-uniquemethod-beststratam1.log
# job started at Sun Sep  4 19:45:48 2022 on MacBook-Air-di-Federico.local -- cfc904bc-84fb-453e-a422-21469e386149
# pid: 50697, system: Darwin 21.5.0 Darwin Kernel Version 21.5.0: Tue Apr 26 21:08:29 PDT 2022; root:xnu-8020.121.3~4/RELEASE_ARM64_T8101 x86_64
# assigned_tag                            : None
# cell_tag                                : None
# cell_tag_delim                          : None
# cell_tag_split                          : -
# chimeric_pairs                          : use
# chrom                                   : None
# compresslevel                           : 6
# detection_method                        : None
# filter_umi                              : None
# gene_tag                                : None
# gene_transcript_map                     : None
# get_umi_method                          : read_id
# ignore_tlen                             : False
# ignore_umi                              : False
# in_sam                                  : False
# log2stderr                              : False
# loglevel                                : 1
# mapping_quality                         : 0
# method                                  : unique
# no_sort_output                          : False
# out_sam                                 : False
# output_unmapped                         : False
# paired                                  : False
# per_cell                                : False
# per_contig                              : False
# per_gene                                : False
# random_seed                             : None
# read_length                             : False
# short_help                              : None
# skip_regex                              : ^(__|Unassigned)
# soft_clip_threshold                     : 4
# spliced                                 : False
# stats                                   : False
# stderr                                  : <_io.TextIOWrapper name='<stderr>' mode='w' encoding='utf-8'>
# stdin                                   : <_io.TextIOWrapper name='analysis/70459/70459-maturemiRNA-aligned-bowtie1-beststratam1.bam' mode='r' encoding='UTF-8'>
# stdlog                                  : <_io.TextIOWrapper name='analysis/70459/70459-deduplicate-matureMirna-uniquemethod-beststratam1.log' mode='a' encoding='UTF-8'>
# stdout                                  : <_io.TextIOWrapper name='analysis/70459/70459_deduplicated-matureMirna-uniquemethod-beststratam1.bam' mode='w' encoding='UTF-8'>
# subset                                  : None
# threshold                               : 1
# timeit_file                             : None
# timeit_header                           : None
# timeit_name                             : all
# tmpdir                                  : None
# umi_sep                                 : _
# umi_tag                                 : RX
# umi_tag_delim                           : None
# umi_tag_split                           : None
# umi_whitelist                           : None
# umi_whitelist_paired                    : None
# unmapped_reads                          : discard
# unpaired_reads                          : use
# whole_contig                            : False
2022-09-04 19:45:48,052 INFO command: dedup --method=unique -I analysis/70459/70459-maturemiRNA-aligned-bowtie1-beststratam1.bam -S analysis/70459/70459_deduplicated-matureMirna-uniquemethod-beststratam1.bam -L analysis/70459/70459-deduplicate-matureMirna-uniquemethod-beststratam1.log
2022-09-04 19:45:48,123 INFO Reads: Input Reads: 8095
2022-09-04 19:45:48,123 INFO Number of reads out: 280
2022-09-04 19:45:48,123 INFO Total number of positions deduplicated: 2
2022-09-04 19:45:48,123 INFO Mean number of unique UMIs per position: 140.00
2022-09-04 19:45:48,123 INFO Max. number of unique UMIs per position: 279
# job finished in 0 seconds at Sun Sep  4 19:45:48 2022 --  1.25  0.15  0.00  0.00 -- cfc904bc-84fb-453e-a422-21469e386149
# UMI-tools version: 1.1.2
# output generated by dedup --method=unique -I analysis/70459/70459-maturemiRNA-aligned-bowtie1-beststratam1.bam -S analysis/70459/70459_deduplicated-matureMirna-uniquemethod-beststratam1.bam -L analysis/70459/70459-deduplicate-matureMirna-uniquemethod-beststratam1.log
# job started at Sun Sep  4 19:48:57 2022 on MacBook-Air-di-Federico.local -- 6d763a3a-ebb4-4dba-89af-0c8ee7246e82
# pid: 51003, system: Darwin 21.5.0 Darwin Kernel Version 21.5.0: Tue Apr 26 21:08:29 PDT 2022; root:xnu-8020.121.3~4/RELEASE_ARM64_T8101 x86_64
# assigned_tag                            : None
# cell_tag                                : None
# cell_tag_delim                          : None
# cell_tag_split                          : -
# chimeric_pairs                          : use
# chrom                                   : None
# compresslevel                           : 6
# detection_method                        : None
# filter_umi                              : None
# gene_tag                                : None
# gene_transcript_map                     : None
# get_umi_method                          : read_id
# ignore_tlen                             : False
# ignore_umi                              : False
# in_sam                                  : False
# log2stderr                              : False
# loglevel                                : 1
# mapping_quality                         : 0
# method                                  : unique
# no_sort_output                          : False
# out_sam                                 : False
# output_unmapped                         : False
# paired                                  : False
# per_cell                                : False
# per_contig                              : False
# per_gene                                : False
# random_seed                             : None
# read_length                             : False
# short_help                              : None
# skip_regex                              : ^(__|Unassigned)
# soft_clip_threshold                     : 4
# spliced                                 : False
# stats                                   : False
# stderr                                  : <_io.TextIOWrapper name='<stderr>' mode='w' encoding='utf-8'>
# stdin                                   : <_io.TextIOWrapper name='analysis/70459/70459-maturemiRNA-aligned-bowtie1-beststratam1.bam' mode='r' encoding='UTF-8'>
# stdlog                                  : <_io.TextIOWrapper name='analysis/70459/70459-deduplicate-matureMirna-uniquemethod-beststratam1.log' mode='a' encoding='UTF-8'>
# stdout                                  : <_io.TextIOWrapper name='analysis/70459/70459_deduplicated-matureMirna-uniquemethod-beststratam1.bam' mode='w' encoding='UTF-8'>
# subset                                  : None
# threshold                               : 1
# timeit_file                             : None
# timeit_header                           : None
# timeit_name                             : all
# tmpdir                                  : None
# umi_sep                                 : _
# umi_tag                                 : RX
# umi_tag_delim                           : None
# umi_tag_split                           : None
# umi_whitelist                           : None
# umi_whitelist_paired                    : None
# unmapped_reads                          : discard
# unpaired_reads                          : use
# whole_contig                            : False
2022-09-04 19:48:57,807 INFO command: dedup --method=unique -I analysis/70459/70459-maturemiRNA-aligned-bowtie1-beststratam1.bam -S analysis/70459/70459_deduplicated-matureMirna-uniquemethod-beststratam1.bam -L analysis/70459/70459-deduplicate-matureMirna-uniquemethod-beststratam1.log
2022-09-04 19:48:57,878 INFO Reads: Input Reads: 8095
2022-09-04 19:48:57,878 INFO Number of reads out: 280
2022-09-04 19:48:57,878 INFO Total number of positions deduplicated: 2
2022-09-04 19:48:57,878 INFO Mean number of unique UMIs per position: 140.00
2022-09-04 19:48:57,878 INFO Max. number of unique UMIs per position: 279
# job finished in 0 seconds at Sun Sep  4 19:48:57 2022 --  1.22  0.13  0.00  0.00 -- 6d763a3a-ebb4-4dba-89af-0c8ee7246e82
# UMI-tools version: 1.1.2
# output generated by dedup --method=unique -I analysis/70459/70459-maturemiRNA-aligned-bowtie1-beststratam1.bam -S analysis/70459/70459_deduplicated-matureMirna-uniquemethod-beststratam1.bam -L analysis/70459/70459-deduplicate-matureMirna-uniquemethod-beststratam1.log
# job started at Sun Sep  4 19:52:21 2022 on MacBook-Air-di-Federico.local -- 81d4378b-b6ad-4859-b9fc-f64bf9b62f0c
# pid: 51320, system: Darwin 21.5.0 Darwin Kernel Version 21.5.0: Tue Apr 26 21:08:29 PDT 2022; root:xnu-8020.121.3~4/RELEASE_ARM64_T8101 x86_64
# assigned_tag                            : None
# cell_tag                                : None
# cell_tag_delim                          : None
# cell_tag_split                          : -
# chimeric_pairs                          : use
# chrom                                   : None
# compresslevel                           : 6
# detection_method                        : None
# filter_umi                              : None
# gene_tag                                : None
# gene_transcript_map                     : None
# get_umi_method                          : read_id
# ignore_tlen                             : False
# ignore_umi                              : False
# in_sam                                  : False
# log2stderr                              : False
# loglevel                                : 1
# mapping_quality                         : 0
# method                                  : unique
# no_sort_output                          : False
# out_sam                                 : False
# output_unmapped                         : False
# paired                                  : False
# per_cell                                : False
# per_contig                              : False
# per_gene                                : False
# random_seed                             : None
# read_length                             : False
# short_help                              : None
# skip_regex                              : ^(__|Unassigned)
# soft_clip_threshold                     : 4
# spliced                                 : False
# stats                                   : False
# stderr                                  : <_io.TextIOWrapper name='<stderr>' mode='w' encoding='utf-8'>
# stdin                                   : <_io.TextIOWrapper name='analysis/70459/70459-maturemiRNA-aligned-bowtie1-beststratam1.bam' mode='r' encoding='UTF-8'>
# stdlog                                  : <_io.TextIOWrapper name='analysis/70459/70459-deduplicate-matureMirna-uniquemethod-beststratam1.log' mode='a' encoding='UTF-8'>
# stdout                                  : <_io.TextIOWrapper name='analysis/70459/70459_deduplicated-matureMirna-uniquemethod-beststratam1.bam' mode='w' encoding='UTF-8'>
# subset                                  : None
# threshold                               : 1
# timeit_file                             : None
# timeit_header                           : None
# timeit_name                             : all
# tmpdir                                  : None
# umi_sep                                 : _
# umi_tag                                 : RX
# umi_tag_delim                           : None
# umi_tag_split                           : None
# umi_whitelist                           : None
# umi_whitelist_paired                    : None
# unmapped_reads                          : discard
# unpaired_reads                          : use
# whole_contig                            : False
2022-09-04 19:52:21,392 INFO command: dedup --method=unique -I analysis/70459/70459-maturemiRNA-aligned-bowtie1-beststratam1.bam -S analysis/70459/70459_deduplicated-matureMirna-uniquemethod-beststratam1.bam -L analysis/70459/70459-deduplicate-matureMirna-uniquemethod-beststratam1.log
2022-09-04 19:52:23,310 INFO Reads: Input Reads: 256786
2022-09-04 19:52:23,310 INFO Number of reads out: 12499
2022-09-04 19:52:23,310 INFO Total number of positions deduplicated: 190
2022-09-04 19:52:23,310 INFO Mean number of unique UMIs per position: 65.78
2022-09-04 19:52:23,310 INFO Max. number of unique UMIs per position: 1599
# job finished in 1 seconds at Sun Sep  4 19:52:23 2022 --  3.09  0.15  0.00  0.00 -- 81d4378b-b6ad-4859-b9fc-f64bf9b62f0c
# UMI-tools version: 1.1.2
# output generated by dedup --method=unique -I analysis/70459/70459-maturemiRNA-aligned-bowtie1-beststratam1.bam -S analysis/70459/70459_deduplicated-matureMirna-uniquemethod-beststratam1.bam -L analysis/70459/70459-deduplicate-matureMirna-uniquemethod-beststratam1.log
# job started at Sun Sep  4 20:13:20 2022 on MacBook-Air-di-Federico.local -- afae1734-5da9-43d8-9e44-861494480de0
# pid: 64711, system: Darwin 21.5.0 Darwin Kernel Version 21.5.0: Tue Apr 26 21:08:29 PDT 2022; root:xnu-8020.121.3~4/RELEASE_ARM64_T8101 x86_64
# assigned_tag                            : None
# cell_tag                                : None
# cell_tag_delim                          : None
# cell_tag_split                          : -
# chimeric_pairs                          : use
# chrom                                   : None
# compresslevel                           : 6
# detection_method                        : None
# filter_umi                              : None
# gene_tag                                : None
# gene_transcript_map                     : None
# get_umi_method                          : read_id
# ignore_tlen                             : False
# ignore_umi                              : False
# in_sam                                  : False
# log2stderr                              : False
# loglevel                                : 1
# mapping_quality                         : 0
# method                                  : unique
# no_sort_output                          : False
# out_sam                                 : False
# output_unmapped                         : False
# paired                                  : False
# per_cell                                : False
# per_contig                              : False
# per_gene                                : False
# random_seed                             : None
# read_length                             : False
# short_help                              : None
# skip_regex                              : ^(__|Unassigned)
# soft_clip_threshold                     : 4
# spliced                                 : False
# stats                                   : False
# stderr                                  : <_io.TextIOWrapper name='<stderr>' mode='w' encoding='utf-8'>
# stdin                                   : <_io.TextIOWrapper name='analysis/70459/70459-maturemiRNA-aligned-bowtie1-beststratam1.bam' mode='r' encoding='UTF-8'>
# stdlog                                  : <_io.TextIOWrapper name='analysis/70459/70459-deduplicate-matureMirna-uniquemethod-beststratam1.log' mode='a' encoding='UTF-8'>
# stdout                                  : <_io.TextIOWrapper name='analysis/70459/70459_deduplicated-matureMirna-uniquemethod-beststratam1.bam' mode='w' encoding='UTF-8'>
# subset                                  : None
# threshold                               : 1
# timeit_file                             : None
# timeit_header                           : None
# timeit_name                             : all
# tmpdir                                  : None
# umi_sep                                 : _
# umi_tag                                 : RX
# umi_tag_delim                           : None
# umi_tag_split                           : None
# umi_whitelist                           : None
# umi_whitelist_paired                    : None
# unmapped_reads                          : discard
# unpaired_reads                          : use
# whole_contig                            : False
2022-09-04 20:13:20,222 INFO command: dedup --method=unique -I analysis/70459/70459-maturemiRNA-aligned-bowtie1-beststratam1.bam -S analysis/70459/70459_deduplicated-matureMirna-uniquemethod-beststratam1.bam -L analysis/70459/70459-deduplicate-matureMirna-uniquemethod-beststratam1.log
2022-09-04 20:13:22,195 INFO Reads: Input Reads: 256786
2022-09-04 20:13:22,195 INFO Number of reads out: 12499
2022-09-04 20:13:22,195 INFO Total number of positions deduplicated: 190
2022-09-04 20:13:22,195 INFO Mean number of unique UMIs per position: 65.78
2022-09-04 20:13:22,195 INFO Max. number of unique UMIs per position: 1599
# job finished in 1 seconds at Sun Sep  4 20:13:22 2022 --  3.19  0.15  0.00  0.00 -- afae1734-5da9-43d8-9e44-861494480de0
