# UMI-tools version: 1.1.2
# output generated by count --method=unique --per-contig -I analysis/70459/70459-maturemiRNA-aligned-bowtie1-beststratam1.bam -L analysis/70459/70459_counts-uniquemethod-maturemiRNA.log -S analysis/70459/70459_counts-finaloutput-uniquemethod-maturemiRNA.txt
# job started at Sun Sep  4 01:11:24 2022 on MacBook-Air-di-Federico.local -- 43293db0-d197-4161-9ecc-e4a092423d2d
# pid: 99921, system: Darwin 21.5.0 Darwin Kernel Version 21.5.0: Tue Apr 26 21:08:29 PDT 2022; root:xnu-8020.121.3~4/RELEASE_ARM64_T8101 x86_64
# assigned_tag                            : None
# cell_tag                                : None
# cell_tag_delim                          : None
# cell_tag_split                          : -
# chimeric_pairs                          : use
# chrom                                   : None
# compresslevel                           : 6
# filter_umi                              : None
# gene_tag                                : None
# gene_transcript_map                     : None
# get_umi_method                          : read_id
# ignore_tlen                             : False
# ignore_umi                              : False
# in_sam                                  : False
# log2stderr                              : False
# loglevel                                : 1
# mapping_quality                         : 0
# method                                  : unique
# no_sort_output                          : False
# out_sam                                 : False
# output_unmapped                         : False
# paired                                  : False
# per_cell                                : False
# per_contig                              : True
# per_gene                                : False
# random_seed                             : None
# read_length                             : False
# short_help                              : None
# skip_regex                              : ^(__|Unassigned)
# soft_clip_threshold                     : 4
# spliced                                 : False
# stderr                                  : <_io.TextIOWrapper name='<stderr>' mode='w' encoding='utf-8'>
# stdin                                   : <_io.TextIOWrapper name='analysis/70459/70459-maturemiRNA-aligned-bowtie1-beststratam1.bam' mode='r' encoding='UTF-8'>
# stdlog                                  : <_io.TextIOWrapper name='analysis/70459/70459_counts-uniquemethod-maturemiRNA.log' mode='a' encoding='UTF-8'>
# stdout                                  : <_io.TextIOWrapper name='analysis/70459/70459_counts-finaloutput-uniquemethod-maturemiRNA.txt' mode='w' encoding='UTF-8'>
# subset                                  : None
# threshold                               : 1
# timeit_file                             : None
# timeit_header                           : None
# timeit_name                             : all
# tmpdir                                  : None
# umi_sep                                 : _
# umi_tag                                 : RX
# umi_tag_delim                           : None
# umi_tag_split                           : None
# umi_whitelist                           : None
# umi_whitelist_paired                    : None
# unmapped_reads                          : discard
# unpaired_reads                          : use
# wide_format_cell_counts                 : False
2022-09-04 01:11:24,893 INFO command: count --method=unique --per-contig -I analysis/70459/70459-maturemiRNA-aligned-bowtie1-beststratam1.bam -L analysis/70459/70459_counts-uniquemethod-maturemiRNA.log -S analysis/70459/70459_counts-finaloutput-uniquemethod-maturemiRNA.txt
2022-09-04 01:11:24,928 INFO Input Reads: 8095
2022-09-04 01:11:24,928 INFO Number of (post deduplication) reads counted: 280
# job finished in 0 seconds at Sun Sep  4 01:11:24 2022 --  0.86  0.11  0.00  0.00 -- 43293db0-d197-4161-9ecc-e4a092423d2d
# UMI-tools version: 1.1.2
# output generated by count --method=unique --per-contig -I analysis/70459/70459-maturemiRNA-aligned-bowtie1-beststratam1.bam -L analysis/70459/70459_counts-uniquemethod-maturemiRNA.log -S analysis/70459/70459_counts-finaloutput-uniquemethod-maturemiRNA.txt
# job started at Sun Sep  4 19:45:46 2022 on MacBook-Air-di-Federico.local -- 1aab6e20-9f7d-42d5-bc68-5a9dd1057b65
# pid: 50692, system: Darwin 21.5.0 Darwin Kernel Version 21.5.0: Tue Apr 26 21:08:29 PDT 2022; root:xnu-8020.121.3~4/RELEASE_ARM64_T8101 x86_64
# assigned_tag                            : None
# cell_tag                                : None
# cell_tag_delim                          : None
# cell_tag_split                          : -
# chimeric_pairs                          : use
# chrom                                   : None
# compresslevel                           : 6
# filter_umi                              : None
# gene_tag                                : None
# gene_transcript_map                     : None
# get_umi_method                          : read_id
# ignore_tlen                             : False
# ignore_umi                              : False
# in_sam                                  : False
# log2stderr                              : False
# loglevel                                : 1
# mapping_quality                         : 0
# method                                  : unique
# no_sort_output                          : False
# out_sam                                 : False
# output_unmapped                         : False
# paired                                  : False
# per_cell                                : False
# per_contig                              : True
# per_gene                                : False
# random_seed                             : None
# read_length                             : False
# short_help                              : None
# skip_regex                              : ^(__|Unassigned)
# soft_clip_threshold                     : 4
# spliced                                 : False
# stderr                                  : <_io.TextIOWrapper name='<stderr>' mode='w' encoding='utf-8'>
# stdin                                   : <_io.TextIOWrapper name='analysis/70459/70459-maturemiRNA-aligned-bowtie1-beststratam1.bam' mode='r' encoding='UTF-8'>
# stdlog                                  : <_io.TextIOWrapper name='analysis/70459/70459_counts-uniquemethod-maturemiRNA.log' mode='a' encoding='UTF-8'>
# stdout                                  : <_io.TextIOWrapper name='analysis/70459/70459_counts-finaloutput-uniquemethod-maturemiRNA.txt' mode='w' encoding='UTF-8'>
# subset                                  : None
# threshold                               : 1
# timeit_file                             : None
# timeit_header                           : None
# timeit_name                             : all
# tmpdir                                  : None
# umi_sep                                 : _
# umi_tag                                 : RX
# umi_tag_delim                           : None
# umi_tag_split                           : None
# umi_whitelist                           : None
# umi_whitelist_paired                    : None
# unmapped_reads                          : discard
# unpaired_reads                          : use
# wide_format_cell_counts                 : False
2022-09-04 19:45:46,323 INFO command: count --method=unique --per-contig -I analysis/70459/70459-maturemiRNA-aligned-bowtie1-beststratam1.bam -L analysis/70459/70459_counts-uniquemethod-maturemiRNA.log -S analysis/70459/70459_counts-finaloutput-uniquemethod-maturemiRNA.txt
2022-09-04 19:45:46,366 INFO Input Reads: 8095
2022-09-04 19:45:46,366 INFO Number of (post deduplication) reads counted: 280
# job finished in 0 seconds at Sun Sep  4 19:45:46 2022 --  1.07  0.18  0.00  0.00 -- 1aab6e20-9f7d-42d5-bc68-5a9dd1057b65
# UMI-tools version: 1.1.2
# output generated by count --method=unique --per-contig -I analysis/70459/70459-maturemiRNA-aligned-bowtie1-beststratam1.bam -L analysis/70459/70459_counts-uniquemethod-maturemiRNA.log -S analysis/70459/70459_counts-finaloutput-uniquemethod-maturemiRNA.txt
# job started at Sun Sep  4 19:48:56 2022 on MacBook-Air-di-Federico.local -- 4bdef57f-c09f-4484-81bc-d035ca33cad9
# pid: 50998, system: Darwin 21.5.0 Darwin Kernel Version 21.5.0: Tue Apr 26 21:08:29 PDT 2022; root:xnu-8020.121.3~4/RELEASE_ARM64_T8101 x86_64
# assigned_tag                            : None
# cell_tag                                : None
# cell_tag_delim                          : None
# cell_tag_split                          : -
# chimeric_pairs                          : use
# chrom                                   : None
# compresslevel                           : 6
# filter_umi                              : None
# gene_tag                                : None
# gene_transcript_map                     : None
# get_umi_method                          : read_id
# ignore_tlen                             : False
# ignore_umi                              : False
# in_sam                                  : False
# log2stderr                              : False
# loglevel                                : 1
# mapping_quality                         : 0
# method                                  : unique
# no_sort_output                          : False
# out_sam                                 : False
# output_unmapped                         : False
# paired                                  : False
# per_cell                                : False
# per_contig                              : True
# per_gene                                : False
# random_seed                             : None
# read_length                             : False
# short_help                              : None
# skip_regex                              : ^(__|Unassigned)
# soft_clip_threshold                     : 4
# spliced                                 : False
# stderr                                  : <_io.TextIOWrapper name='<stderr>' mode='w' encoding='utf-8'>
# stdin                                   : <_io.TextIOWrapper name='analysis/70459/70459-maturemiRNA-aligned-bowtie1-beststratam1.bam' mode='r' encoding='UTF-8'>
# stdlog                                  : <_io.TextIOWrapper name='analysis/70459/70459_counts-uniquemethod-maturemiRNA.log' mode='a' encoding='UTF-8'>
# stdout                                  : <_io.TextIOWrapper name='analysis/70459/70459_counts-finaloutput-uniquemethod-maturemiRNA.txt' mode='w' encoding='UTF-8'>
# subset                                  : None
# threshold                               : 1
# timeit_file                             : None
# timeit_header                           : None
# timeit_name                             : all
# tmpdir                                  : None
# umi_sep                                 : _
# umi_tag                                 : RX
# umi_tag_delim                           : None
# umi_tag_split                           : None
# umi_whitelist                           : None
# umi_whitelist_paired                    : None
# unmapped_reads                          : discard
# unpaired_reads                          : use
# wide_format_cell_counts                 : False
2022-09-04 19:48:56,264 INFO command: count --method=unique --per-contig -I analysis/70459/70459-maturemiRNA-aligned-bowtie1-beststratam1.bam -L analysis/70459/70459_counts-uniquemethod-maturemiRNA.log -S analysis/70459/70459_counts-finaloutput-uniquemethod-maturemiRNA.txt
2022-09-04 19:48:56,305 INFO Input Reads: 8095
2022-09-04 19:48:56,305 INFO Number of (post deduplication) reads counted: 280
# job finished in 0 seconds at Sun Sep  4 19:48:56 2022 --  1.05  0.13  0.00  0.00 -- 4bdef57f-c09f-4484-81bc-d035ca33cad9
# UMI-tools version: 1.1.2
# output generated by count --method=unique --per-contig -I analysis/70459/70459-maturemiRNA-aligned-bowtie1-beststratam1.bam -L analysis/70459/70459_counts-uniquemethod-maturemiRNA.log -S analysis/70459/70459_counts-finaloutput-uniquemethod-maturemiRNA.txt
# job started at Sun Sep  4 19:52:18 2022 on MacBook-Air-di-Federico.local -- a61e9148-bbe7-4e93-b273-95cb74ac252d
# pid: 51315, system: Darwin 21.5.0 Darwin Kernel Version 21.5.0: Tue Apr 26 21:08:29 PDT 2022; root:xnu-8020.121.3~4/RELEASE_ARM64_T8101 x86_64
# assigned_tag                            : None
# cell_tag                                : None
# cell_tag_delim                          : None
# cell_tag_split                          : -
# chimeric_pairs                          : use
# chrom                                   : None
# compresslevel                           : 6
# filter_umi                              : None
# gene_tag                                : None
# gene_transcript_map                     : None
# get_umi_method                          : read_id
# ignore_tlen                             : False
# ignore_umi                              : False
# in_sam                                  : False
# log2stderr                              : False
# loglevel                                : 1
# mapping_quality                         : 0
# method                                  : unique
# no_sort_output                          : False
# out_sam                                 : False
# output_unmapped                         : False
# paired                                  : False
# per_cell                                : False
# per_contig                              : True
# per_gene                                : False
# random_seed                             : None
# read_length                             : False
# short_help                              : None
# skip_regex                              : ^(__|Unassigned)
# soft_clip_threshold                     : 4
# spliced                                 : False
# stderr                                  : <_io.TextIOWrapper name='<stderr>' mode='w' encoding='utf-8'>
# stdin                                   : <_io.TextIOWrapper name='analysis/70459/70459-maturemiRNA-aligned-bowtie1-beststratam1.bam' mode='r' encoding='UTF-8'>
# stdlog                                  : <_io.TextIOWrapper name='analysis/70459/70459_counts-uniquemethod-maturemiRNA.log' mode='a' encoding='UTF-8'>
# stdout                                  : <_io.TextIOWrapper name='analysis/70459/70459_counts-finaloutput-uniquemethod-maturemiRNA.txt' mode='w' encoding='UTF-8'>
# subset                                  : None
# threshold                               : 1
# timeit_file                             : None
# timeit_header                           : None
# timeit_name                             : all
# tmpdir                                  : None
# umi_sep                                 : _
# umi_tag                                 : RX
# umi_tag_delim                           : None
# umi_tag_split                           : None
# umi_whitelist                           : None
# umi_whitelist_paired                    : None
# unmapped_reads                          : discard
# unpaired_reads                          : use
# wide_format_cell_counts                 : False
2022-09-04 19:52:18,683 INFO command: count --method=unique --per-contig -I analysis/70459/70459-maturemiRNA-aligned-bowtie1-beststratam1.bam -L analysis/70459/70459_counts-uniquemethod-maturemiRNA.log -S analysis/70459/70459_counts-finaloutput-uniquemethod-maturemiRNA.txt
2022-09-04 19:52:19,832 INFO Input Reads: 256786
2022-09-04 19:52:19,833 INFO Number of (post deduplication) reads counted: 12497
# job finished in 1 seconds at Sun Sep  4 19:52:19 2022 --  2.18  0.15  0.00  0.00 -- a61e9148-bbe7-4e93-b273-95cb74ac252d
# UMI-tools version: 1.1.2
# output generated by count --method=unique --per-contig -I analysis/70459/70459-maturemiRNA-aligned-bowtie1-beststratam1.bam -L analysis/70459/70459_counts-uniquemethod-maturemiRNA.log -S analysis/70459/70459_counts-finaloutput-uniquemethod-maturemiRNA.txt
# job started at Sun Sep  4 20:13:17 2022 on MacBook-Air-di-Federico.local -- 9e331202-e9e2-4dd0-afaa-03937debccfe
# pid: 64688, system: Darwin 21.5.0 Darwin Kernel Version 21.5.0: Tue Apr 26 21:08:29 PDT 2022; root:xnu-8020.121.3~4/RELEASE_ARM64_T8101 x86_64
# assigned_tag                            : None
# cell_tag                                : None
# cell_tag_delim                          : None
# cell_tag_split                          : -
# chimeric_pairs                          : use
# chrom                                   : None
# compresslevel                           : 6
# filter_umi                              : None
# gene_tag                                : None
# gene_transcript_map                     : None
# get_umi_method                          : read_id
# ignore_tlen                             : False
# ignore_umi                              : False
# in_sam                                  : False
# log2stderr                              : False
# loglevel                                : 1
# mapping_quality                         : 0
# method                                  : unique
# no_sort_output                          : False
# out_sam                                 : False
# output_unmapped                         : False
# paired                                  : False
# per_cell                                : False
# per_contig                              : True
# per_gene                                : False
# random_seed                             : None
# read_length                             : False
# short_help                              : None
# skip_regex                              : ^(__|Unassigned)
# soft_clip_threshold                     : 4
# spliced                                 : False
# stderr                                  : <_io.TextIOWrapper name='<stderr>' mode='w' encoding='utf-8'>
# stdin                                   : <_io.TextIOWrapper name='analysis/70459/70459-maturemiRNA-aligned-bowtie1-beststratam1.bam' mode='r' encoding='UTF-8'>
# stdlog                                  : <_io.TextIOWrapper name='analysis/70459/70459_counts-uniquemethod-maturemiRNA.log' mode='a' encoding='UTF-8'>
# stdout                                  : <_io.TextIOWrapper name='analysis/70459/70459_counts-finaloutput-uniquemethod-maturemiRNA.txt' mode='w' encoding='UTF-8'>
# subset                                  : None
# threshold                               : 1
# timeit_file                             : None
# timeit_header                           : None
# timeit_name                             : all
# tmpdir                                  : None
# umi_sep                                 : _
# umi_tag                                 : RX
# umi_tag_delim                           : None
# umi_tag_split                           : None
# umi_whitelist                           : None
# umi_whitelist_paired                    : None
# unmapped_reads                          : discard
# unpaired_reads                          : use
# wide_format_cell_counts                 : False
2022-09-04 20:13:17,385 INFO command: count --method=unique --per-contig -I analysis/70459/70459-maturemiRNA-aligned-bowtie1-beststratam1.bam -L analysis/70459/70459_counts-uniquemethod-maturemiRNA.log -S analysis/70459/70459_counts-finaloutput-uniquemethod-maturemiRNA.txt
2022-09-04 20:13:18,599 INFO Input Reads: 256786
2022-09-04 20:13:18,599 INFO Number of (post deduplication) reads counted: 12497
# job finished in 1 seconds at Sun Sep  4 20:13:18 2022 --  2.28  0.16  0.00  0.00 -- 9e331202-e9e2-4dd0-afaa-03937debccfe
