# UMI-tools version: 1.1.2
# output generated by dedup --method=unique -I analysis/70459/70459-genomeaftermiRNA-aligned-bowtie1-beststratam1.bam -S analysis/70459/70459_deduplicated-genomeaftermiRNA-uniquemethod.bam -L analysis/70459/70459-deduplicate-genomeaftermiRNA-uniquemethod.log
# job started at Sun Sep  4 01:11:39 2022 on MacBook-Air-di-Federico.local -- 5e468bd7-ceec-4ac9-979d-fbb865a9b79c
# pid: 99936, system: Darwin 21.5.0 Darwin Kernel Version 21.5.0: Tue Apr 26 21:08:29 PDT 2022; root:xnu-8020.121.3~4/RELEASE_ARM64_T8101 x86_64
# assigned_tag                            : None
# cell_tag                                : None
# cell_tag_delim                          : None
# cell_tag_split                          : -
# chimeric_pairs                          : use
# chrom                                   : None
# compresslevel                           : 6
# detection_method                        : None
# filter_umi                              : None
# gene_tag                                : None
# gene_transcript_map                     : None
# get_umi_method                          : read_id
# ignore_tlen                             : False
# ignore_umi                              : False
# in_sam                                  : False
# log2stderr                              : False
# loglevel                                : 1
# mapping_quality                         : 0
# method                                  : unique
# no_sort_output                          : False
# out_sam                                 : False
# output_unmapped                         : False
# paired                                  : False
# per_cell                                : False
# per_contig                              : False
# per_gene                                : False
# random_seed                             : None
# read_length                             : False
# short_help                              : None
# skip_regex                              : ^(__|Unassigned)
# soft_clip_threshold                     : 4
# spliced                                 : False
# stats                                   : False
# stderr                                  : <_io.TextIOWrapper name='<stderr>' mode='w' encoding='utf-8'>
# stdin                                   : <_io.TextIOWrapper name='analysis/70459/70459-genomeaftermiRNA-aligned-bowtie1-beststratam1.bam' mode='r' encoding='UTF-8'>
# stdlog                                  : <_io.TextIOWrapper name='analysis/70459/70459-deduplicate-genomeaftermiRNA-uniquemethod.log' mode='a' encoding='UTF-8'>
# stdout                                  : <_io.TextIOWrapper name='analysis/70459/70459_deduplicated-genomeaftermiRNA-uniquemethod.bam' mode='w' encoding='UTF-8'>
# subset                                  : None
# threshold                               : 1
# timeit_file                             : None
# timeit_header                           : None
# timeit_name                             : all
# tmpdir                                  : None
# umi_sep                                 : _
# umi_tag                                 : RX
# umi_tag_delim                           : None
# umi_tag_split                           : None
# umi_whitelist                           : None
# umi_whitelist_paired                    : None
# unmapped_reads                          : discard
# unpaired_reads                          : use
# whole_contig                            : False
2022-09-04 01:11:39,566 INFO command: dedup --method=unique -I analysis/70459/70459-genomeaftermiRNA-aligned-bowtie1-beststratam1.bam -S analysis/70459/70459_deduplicated-genomeaftermiRNA-uniquemethod.bam -L analysis/70459/70459-deduplicate-genomeaftermiRNA-uniquemethod.log
2022-09-04 01:11:41,862 INFO Reads: Input Reads: 390771
2022-09-04 01:11:41,862 INFO Number of reads out: 24916
2022-09-04 01:11:41,862 INFO Total number of positions deduplicated: 4903
2022-09-04 01:11:41,862 INFO Mean number of unique UMIs per position: 5.08
2022-09-04 01:11:41,862 INFO Max. number of unique UMIs per position: 2631
# job finished in 2 seconds at Sun Sep  4 01:11:41 2022 --  3.26  0.13  0.00  0.00 -- 5e468bd7-ceec-4ac9-979d-fbb865a9b79c
# UMI-tools version: 1.1.2
# output generated by dedup --method=unique -I analysis/70459/70459-genomeaftermiRNA-aligned-bowtie1-beststratam1.bam -S analysis/70459/70459_deduplicated-genomeaftermiRNA-uniquemethod.bam -L analysis/70459/70459-deduplicate-genomeaftermiRNA-uniquemethod.log
# job started at Mon Sep  5 17:49:22 2022 on MacBook-Air-di-Federico.local -- 271b7933-84c3-4f80-90f2-0f6aa097799b
# pid: 12532, system: Darwin 21.5.0 Darwin Kernel Version 21.5.0: Tue Apr 26 21:08:29 PDT 2022; root:xnu-8020.121.3~4/RELEASE_ARM64_T8101 x86_64
# assigned_tag                            : None
# cell_tag                                : None
# cell_tag_delim                          : None
# cell_tag_split                          : -
# chimeric_pairs                          : use
# chrom                                   : None
# compresslevel                           : 6
# detection_method                        : None
# filter_umi                              : None
# gene_tag                                : None
# gene_transcript_map                     : None
# get_umi_method                          : read_id
# ignore_tlen                             : False
# ignore_umi                              : False
# in_sam                                  : False
# log2stderr                              : False
# loglevel                                : 1
# mapping_quality                         : 0
# method                                  : unique
# no_sort_output                          : False
# out_sam                                 : False
# output_unmapped                         : False
# paired                                  : False
# per_cell                                : False
# per_contig                              : False
# per_gene                                : False
# random_seed                             : None
# read_length                             : False
# short_help                              : None
# skip_regex                              : ^(__|Unassigned)
# soft_clip_threshold                     : 4
# spliced                                 : False
# stats                                   : False
# stderr                                  : <_io.TextIOWrapper name='<stderr>' mode='w' encoding='utf-8'>
# stdin                                   : <_io.TextIOWrapper name='analysis/70459/70459-genomeaftermiRNA-aligned-bowtie1-beststratam1.bam' mode='r' encoding='UTF-8'>
# stdlog                                  : <_io.TextIOWrapper name='analysis/70459/70459-deduplicate-genomeaftermiRNA-uniquemethod.log' mode='a' encoding='UTF-8'>
# stdout                                  : <_io.TextIOWrapper name='analysis/70459/70459_deduplicated-genomeaftermiRNA-uniquemethod.bam' mode='w' encoding='UTF-8'>
# subset                                  : None
# threshold                               : 1
# timeit_file                             : None
# timeit_header                           : None
# timeit_name                             : all
# tmpdir                                  : None
# umi_sep                                 : _
# umi_tag                                 : RX
# umi_tag_delim                           : None
# umi_tag_split                           : None
# umi_whitelist                           : None
# umi_whitelist_paired                    : None
# unmapped_reads                          : discard
# unpaired_reads                          : use
# whole_contig                            : False
2022-09-05 17:49:22,256 INFO command: dedup --method=unique -I analysis/70459/70459-genomeaftermiRNA-aligned-bowtie1-beststratam1.bam -S analysis/70459/70459_deduplicated-genomeaftermiRNA-uniquemethod.bam -L analysis/70459/70459-deduplicate-genomeaftermiRNA-uniquemethod.log
2022-09-05 17:49:23,409 INFO Reads: Input Reads: 189559
2022-09-05 17:49:23,409 INFO Number of reads out: 17281
2022-09-05 17:49:23,409 INFO Total number of positions deduplicated: 4882
2022-09-05 17:49:23,409 INFO Mean number of unique UMIs per position: 3.54
2022-09-05 17:49:23,409 INFO Max. number of unique UMIs per position: 2631
# job finished in 1 seconds at Mon Sep  5 17:49:23 2022 --  2.09  0.12  0.00  0.00 -- 271b7933-84c3-4f80-90f2-0f6aa097799b
