# UMI-tools version: 1.1.2
# output generated by count --method=unique --per-contig -I analysis/74675/74675-maturemiRNA-aligned-bowtie1-beststratam1.bam -L analysis/74675/74675_counts-uniquemethod-maturemiRNA.log -S analysis/74675/74675_counts-finaloutput-uniquemethod-maturemiRNA.txt
# job started at Sun Sep  4 12:23:30 2022 on MacBook-Air-di-Federico.local -- 97164802-086b-4934-908a-9f66d083d7d1
# pid: 2144, system: Darwin 21.5.0 Darwin Kernel Version 21.5.0: Tue Apr 26 21:08:29 PDT 2022; root:xnu-8020.121.3~4/RELEASE_ARM64_T8101 x86_64
# assigned_tag                            : None
# cell_tag                                : None
# cell_tag_delim                          : None
# cell_tag_split                          : -
# chimeric_pairs                          : use
# chrom                                   : None
# compresslevel                           : 6
# filter_umi                              : None
# gene_tag                                : None
# gene_transcript_map                     : None
# get_umi_method                          : read_id
# ignore_tlen                             : False
# ignore_umi                              : False
# in_sam                                  : False
# log2stderr                              : False
# loglevel                                : 1
# mapping_quality                         : 0
# method                                  : unique
# no_sort_output                          : False
# out_sam                                 : False
# output_unmapped                         : False
# paired                                  : False
# per_cell                                : False
# per_contig                              : True
# per_gene                                : False
# random_seed                             : None
# read_length                             : False
# short_help                              : None
# skip_regex                              : ^(__|Unassigned)
# soft_clip_threshold                     : 4
# spliced                                 : False
# stderr                                  : <_io.TextIOWrapper name='<stderr>' mode='w' encoding='utf-8'>
# stdin                                   : <_io.TextIOWrapper name='analysis/74675/74675-maturemiRNA-aligned-bowtie1-beststratam1.bam' mode='r' encoding='UTF-8'>
# stdlog                                  : <_io.TextIOWrapper name='analysis/74675/74675_counts-uniquemethod-maturemiRNA.log' mode='a' encoding='UTF-8'>
# stdout                                  : <_io.TextIOWrapper name='analysis/74675/74675_counts-finaloutput-uniquemethod-maturemiRNA.txt' mode='w' encoding='UTF-8'>
# subset                                  : None
# threshold                               : 1
# timeit_file                             : None
# timeit_header                           : None
# timeit_name                             : all
# tmpdir                                  : None
# umi_sep                                 : _
# umi_tag                                 : RX
# umi_tag_delim                           : None
# umi_tag_split                           : None
# umi_whitelist                           : None
# umi_whitelist_paired                    : None
# unmapped_reads                          : discard
# unpaired_reads                          : use
# wide_format_cell_counts                 : False
2022-09-04 12:23:30,587 INFO command: count --method=unique --per-contig -I analysis/74675/74675-maturemiRNA-aligned-bowtie1-beststratam1.bam -L analysis/74675/74675_counts-uniquemethod-maturemiRNA.log -S analysis/74675/74675_counts-finaloutput-uniquemethod-maturemiRNA.txt
2022-09-04 12:23:30,599 INFO Input Reads: 1042
2022-09-04 12:23:30,599 INFO Number of (post deduplication) reads counted: 314
# job finished in 0 seconds at Sun Sep  4 12:23:30 2022 --  0.85  0.12  0.00  0.00 -- 97164802-086b-4934-908a-9f66d083d7d1
# UMI-tools version: 1.1.2
# output generated by count --method=unique --per-contig -I analysis/74675/74675-maturemiRNA-aligned-bowtie1-beststratam1.bam -L analysis/74675/74675_counts-uniquemethod-maturemiRNA.log -S analysis/74675/74675_counts-finaloutput-uniquemethod-maturemiRNA.txt
# job started at Sun Sep  4 20:22:11 2022 on MacBook-Air-di-Federico.local -- 97a1a5fd-6bee-4170-99c4-14e1875e4e36
# pid: 68716, system: Darwin 21.5.0 Darwin Kernel Version 21.5.0: Tue Apr 26 21:08:29 PDT 2022; root:xnu-8020.121.3~4/RELEASE_ARM64_T8101 x86_64
# assigned_tag                            : None
# cell_tag                                : None
# cell_tag_delim                          : None
# cell_tag_split                          : -
# chimeric_pairs                          : use
# chrom                                   : None
# compresslevel                           : 6
# filter_umi                              : None
# gene_tag                                : None
# gene_transcript_map                     : None
# get_umi_method                          : read_id
# ignore_tlen                             : False
# ignore_umi                              : False
# in_sam                                  : False
# log2stderr                              : False
# loglevel                                : 1
# mapping_quality                         : 0
# method                                  : unique
# no_sort_output                          : False
# out_sam                                 : False
# output_unmapped                         : False
# paired                                  : False
# per_cell                                : False
# per_contig                              : True
# per_gene                                : False
# random_seed                             : None
# read_length                             : False
# short_help                              : None
# skip_regex                              : ^(__|Unassigned)
# soft_clip_threshold                     : 4
# spliced                                 : False
# stderr                                  : <_io.TextIOWrapper name='<stderr>' mode='w' encoding='utf-8'>
# stdin                                   : <_io.TextIOWrapper name='analysis/74675/74675-maturemiRNA-aligned-bowtie1-beststratam1.bam' mode='r' encoding='UTF-8'>
# stdlog                                  : <_io.TextIOWrapper name='analysis/74675/74675_counts-uniquemethod-maturemiRNA.log' mode='a' encoding='UTF-8'>
# stdout                                  : <_io.TextIOWrapper name='analysis/74675/74675_counts-finaloutput-uniquemethod-maturemiRNA.txt' mode='w' encoding='UTF-8'>
# subset                                  : None
# threshold                               : 1
# timeit_file                             : None
# timeit_header                           : None
# timeit_name                             : all
# tmpdir                                  : None
# umi_sep                                 : _
# umi_tag                                 : RX
# umi_tag_delim                           : None
# umi_tag_split                           : None
# umi_whitelist                           : None
# umi_whitelist_paired                    : None
# unmapped_reads                          : discard
# unpaired_reads                          : use
# wide_format_cell_counts                 : False
2022-09-04 20:22:11,450 INFO command: count --method=unique --per-contig -I analysis/74675/74675-maturemiRNA-aligned-bowtie1-beststratam1.bam -L analysis/74675/74675_counts-uniquemethod-maturemiRNA.log -S analysis/74675/74675_counts-finaloutput-uniquemethod-maturemiRNA.txt
2022-09-04 20:22:17,641 INFO Parsed 1000000 input reads
2022-09-04 20:22:21,950 INFO Parsed 2000000 input reads
2022-09-04 20:22:24,870 INFO Input Reads: 2553592
2022-09-04 20:22:24,870 INFO Number of (post deduplication) reads counted: 798406
# job finished in 13 seconds at Sun Sep  4 20:22:24 2022 -- 14.36  0.20  0.00  0.00 -- 97a1a5fd-6bee-4170-99c4-14e1875e4e36
