# UMI-tools version: 1.1.2
# output generated by extract --stdin=Fastq-files/74675.fastq.gz --log=analysis/74675/74675-UMIextraction-fromrawreads.log --stdout=analysis/74675/74675-directUMIextracted.fastq --extract-method=regex --bc-pattern=.+(?P<discard_1>AACTGTAGGCACCATCAAT){s<=2}(?P<umi_1>.{12})(?P<discard_2>.+)
# job started at Sun Sep  4 12:19:12 2022 on MacBook-Air-di-Federico.local -- 4d35fd53-6ab8-43d4-8588-3f7b7489d64f
# pid: 2105, system: Darwin 21.5.0 Darwin Kernel Version 21.5.0: Tue Apr 26 21:08:29 PDT 2022; root:xnu-8020.121.3~4/RELEASE_ARM64_T8101 x86_64
# blacklist                               : None
# compresslevel                           : 6
# correct_umi_threshold                   : 0
# either_read                             : False
# either_read_resolve                     : discard
# error_correct_cell                      : False
# extract_method                          : regex
# filter_cell_barcode                     : None
# filter_cell_barcodes                    : False
# filter_umi                              : None
# filtered_out                            : None
# filtered_out2                           : None
# ignore_suffix                           : False
# log2stderr                              : False
# loglevel                                : 1
# pattern                                 : .+(?P<discard_1>AACTGTAGGCACCATCAAT){s<=2}(?P<umi_1>.{12})(?P<discard_2>.+)
# pattern2                                : None
# prime3                                  : None
# quality_encoding                        : None
# quality_filter_mask                     : None
# quality_filter_threshold                : None
# random_seed                             : None
# read2_in                                : None
# read2_out                               : False
# read2_stdout                            : False
# reads_subset                            : None
# reconcile                               : False
# retain_umi                              : None
# short_help                              : None
# stderr                                  : <_io.TextIOWrapper name='<stderr>' mode='w' encoding='utf-8'>
# stdin                                   : <_io.TextIOWrapper name='Fastq-files/74675.fastq.gz' encoding='ascii'>
# stdlog                                  : <_io.TextIOWrapper name='analysis/74675/74675-UMIextraction-fromrawreads.log' mode='a' encoding='UTF-8'>
# stdout                                  : <_io.TextIOWrapper name='analysis/74675/74675-directUMIextracted.fastq' mode='w' encoding='UTF-8'>
# timeit_file                             : None
# timeit_header                           : None
# timeit_name                             : all
# tmpdir                                  : None
# umi_correct_log                         : None
# umi_whitelist                           : None
# umi_whitelist_paired                    : None
# whitelist                               : None
2022-09-04 12:19:12,016 INFO Starting barcode extraction
2022-09-04 12:19:15,146 INFO Parsed 100000 reads
2022-09-04 12:19:18,230 INFO Parsed 200000 reads
2022-09-04 12:19:21,307 INFO Parsed 300000 reads
2022-09-04 12:19:24,481 INFO Parsed 400000 reads
2022-09-04 12:19:27,617 INFO Parsed 500000 reads
2022-09-04 12:19:30,569 INFO Parsed 600000 reads
2022-09-04 12:19:33,544 INFO Parsed 700000 reads
2022-09-04 12:19:36,518 INFO Parsed 800000 reads
2022-09-04 12:19:39,507 INFO Parsed 900000 reads
2022-09-04 12:19:42,493 INFO Parsed 1000000 reads
2022-09-04 12:19:45,484 INFO Parsed 1100000 reads
2022-09-04 12:19:48,460 INFO Parsed 1200000 reads
2022-09-04 12:19:51,386 INFO Parsed 1300000 reads
2022-09-04 12:19:54,373 INFO Parsed 1400000 reads
2022-09-04 12:19:57,344 INFO Parsed 1500000 reads
2022-09-04 12:20:00,301 INFO Parsed 1600000 reads
2022-09-04 12:20:03,294 INFO Parsed 1700000 reads
2022-09-04 12:20:06,256 INFO Parsed 1800000 reads
2022-09-04 12:20:09,280 INFO Parsed 1900000 reads
2022-09-04 12:20:12,367 INFO Parsed 2000000 reads
2022-09-04 12:20:15,959 INFO Parsed 2100000 reads
2022-09-04 12:20:18,958 INFO Parsed 2200000 reads
2022-09-04 12:20:21,936 INFO Parsed 2300000 reads
2022-09-04 12:20:24,873 INFO Parsed 2400000 reads
2022-09-04 12:20:27,818 INFO Parsed 2500000 reads
2022-09-04 12:20:30,841 INFO Parsed 2600000 reads
2022-09-04 12:20:34,030 INFO Parsed 2700000 reads
2022-09-04 12:20:37,055 INFO Parsed 2800000 reads
2022-09-04 12:20:40,037 INFO Parsed 2900000 reads
2022-09-04 12:20:42,973 INFO Parsed 3000000 reads
2022-09-04 12:20:46,063 INFO Parsed 3100000 reads
2022-09-04 12:20:49,204 INFO Parsed 3200000 reads
2022-09-04 12:20:52,391 INFO Parsed 3300000 reads
2022-09-04 12:20:55,465 INFO Parsed 3400000 reads
2022-09-04 12:20:58,609 INFO Parsed 3500000 reads
2022-09-04 12:21:01,685 INFO Parsed 3600000 reads
2022-09-04 12:21:04,702 INFO Parsed 3700000 reads
2022-09-04 12:21:07,636 INFO Parsed 3800000 reads
2022-09-04 12:21:10,670 INFO Parsed 3900000 reads
2022-09-04 12:21:13,675 INFO Parsed 4000000 reads
2022-09-04 12:21:16,695 INFO Parsed 4100000 reads
2022-09-04 12:21:19,726 INFO Parsed 4200000 reads
2022-09-04 12:21:22,709 INFO Parsed 4300000 reads
2022-09-04 12:21:25,652 INFO Parsed 4400000 reads
2022-09-04 12:21:28,681 INFO Parsed 4500000 reads
2022-09-04 12:21:31,715 INFO Parsed 4600000 reads
2022-09-04 12:21:34,666 INFO Parsed 4700000 reads
2022-09-04 12:21:37,832 INFO Parsed 4800000 reads
2022-09-04 12:21:40,825 INFO Parsed 4900000 reads
2022-09-04 12:21:43,760 INFO Parsed 5000000 reads
2022-09-04 12:21:46,724 INFO Parsed 5100000 reads
2022-09-04 12:21:49,663 INFO Parsed 5200000 reads
2022-09-04 12:21:52,642 INFO Parsed 5300000 reads
2022-09-04 12:21:55,681 INFO Parsed 5400000 reads
2022-09-04 12:21:58,641 INFO Parsed 5500000 reads
2022-09-04 12:22:01,606 INFO Parsed 5600000 reads
2022-09-04 12:22:04,558 INFO Parsed 5700000 reads
2022-09-04 12:22:07,491 INFO Parsed 5800000 reads
2022-09-04 12:22:10,429 INFO Parsed 5900000 reads
2022-09-04 12:22:13,388 INFO Parsed 6000000 reads
2022-09-04 12:22:16,342 INFO Parsed 6100000 reads
2022-09-04 12:22:19,278 INFO Parsed 6200000 reads
2022-09-04 12:22:22,236 INFO Parsed 6300000 reads
2022-09-04 12:22:25,189 INFO Parsed 6400000 reads
2022-09-04 12:22:28,139 INFO Parsed 6500000 reads
2022-09-04 12:22:31,099 INFO Parsed 6600000 reads
2022-09-04 12:22:34,045 INFO Parsed 6700000 reads
2022-09-04 12:22:36,982 INFO Parsed 6800000 reads
2022-09-04 12:22:39,974 INFO Parsed 6900000 reads
2022-09-04 12:22:42,905 INFO Parsed 7000000 reads
2022-09-04 12:22:45,858 INFO Parsed 7100000 reads
2022-09-04 12:22:48,790 INFO Parsed 7200000 reads
2022-09-04 12:22:51,806 INFO Parsed 7300000 reads
2022-09-04 12:22:54,728 INFO Parsed 7400000 reads
2022-09-04 12:22:57,648 INFO Parsed 7500000 reads
2022-09-04 12:23:00,581 INFO Parsed 7600000 reads
2022-09-04 12:23:02,412 INFO Input Reads: 7662557
2022-09-04 12:23:02,412 INFO regex matches read1: 7273860
2022-09-04 12:23:02,412 INFO Reads output: 7273860
2022-09-04 12:23:02,412 INFO regex does not match read1: 388697
# job finished in 230 seconds at Sun Sep  4 12:23:02 2022 -- 225.94  1.86  0.00  0.00 -- 4d35fd53-6ab8-43d4-8588-3f7b7489d64f
