# UMI-tools version: 1.1.2
# output generated by dedup --method=unique -I analysis/74675/74675-genomeaftermiRNA-aligned-bowtie1-beststratam1.bam -S analysis/74675/74675_deduplicated-genomeaftermiRNA-uniquemethod.bam -L analysis/74675/74675-deduplicate-genomeaftermiRNA-uniquemethod.log
# job started at Sun Sep  4 12:23:55 2022 on MacBook-Air-di-Federico.local -- 18491a6c-ca73-4829-9783-353ff2f493b6
# pid: 2159, system: Darwin 21.5.0 Darwin Kernel Version 21.5.0: Tue Apr 26 21:08:29 PDT 2022; root:xnu-8020.121.3~4/RELEASE_ARM64_T8101 x86_64
# assigned_tag                            : None
# cell_tag                                : None
# cell_tag_delim                          : None
# cell_tag_split                          : -
# chimeric_pairs                          : use
# chrom                                   : None
# compresslevel                           : 6
# detection_method                        : None
# filter_umi                              : None
# gene_tag                                : None
# gene_transcript_map                     : None
# get_umi_method                          : read_id
# ignore_tlen                             : False
# ignore_umi                              : False
# in_sam                                  : False
# log2stderr                              : False
# loglevel                                : 1
# mapping_quality                         : 0
# method                                  : unique
# no_sort_output                          : False
# out_sam                                 : False
# output_unmapped                         : False
# paired                                  : False
# per_cell                                : False
# per_contig                              : False
# per_gene                                : False
# random_seed                             : None
# read_length                             : False
# short_help                              : None
# skip_regex                              : ^(__|Unassigned)
# soft_clip_threshold                     : 4
# spliced                                 : False
# stats                                   : False
# stderr                                  : <_io.TextIOWrapper name='<stderr>' mode='w' encoding='utf-8'>
# stdin                                   : <_io.TextIOWrapper name='analysis/74675/74675-genomeaftermiRNA-aligned-bowtie1-beststratam1.bam' mode='r' encoding='UTF-8'>
# stdlog                                  : <_io.TextIOWrapper name='analysis/74675/74675-deduplicate-genomeaftermiRNA-uniquemethod.log' mode='a' encoding='UTF-8'>
# stdout                                  : <_io.TextIOWrapper name='analysis/74675/74675_deduplicated-genomeaftermiRNA-uniquemethod.bam' mode='w' encoding='UTF-8'>
# subset                                  : None
# threshold                               : 1
# timeit_file                             : None
# timeit_header                           : None
# timeit_name                             : all
# tmpdir                                  : None
# umi_sep                                 : _
# umi_tag                                 : RX
# umi_tag_delim                           : None
# umi_tag_split                           : None
# umi_whitelist                           : None
# umi_whitelist_paired                    : None
# unmapped_reads                          : discard
# unpaired_reads                          : use
# whole_contig                            : False
2022-09-04 12:23:55,090 INFO command: dedup --method=unique -I analysis/74675/74675-genomeaftermiRNA-aligned-bowtie1-beststratam1.bam -S analysis/74675/74675_deduplicated-genomeaftermiRNA-uniquemethod.bam -L analysis/74675/74675-deduplicate-genomeaftermiRNA-uniquemethod.log
2022-09-04 12:24:04,843 INFO Parsed 1000000 input reads
2022-09-04 12:24:06,455 INFO Written out 100000 reads
2022-09-04 12:24:06,456 INFO Written out 200000 reads
2022-09-04 12:24:06,456 INFO Written out 300000 reads
2022-09-04 12:24:06,456 INFO Written out 400000 reads
2022-09-04 12:24:10,200 INFO Written out 500000 reads
2022-09-04 12:24:10,959 INFO Written out 600000 reads
2022-09-04 12:24:11,465 INFO Parsed 2000000 input reads
2022-09-04 12:24:13,214 INFO Written out 700000 reads
2022-09-04 12:24:15,835 INFO Written out 800000 reads
2022-09-04 12:24:16,934 INFO Reads: Input Reads: 2625697
2022-09-04 12:24:16,934 INFO Number of reads out: 818934
2022-09-04 12:24:16,934 INFO Total number of positions deduplicated: 15667
2022-09-04 12:24:16,934 INFO Mean number of unique UMIs per position: 52.27
2022-09-04 12:24:16,934 INFO Max. number of unique UMIs per position: 376269
# job finished in 21 seconds at Sun Sep  4 12:24:16 2022 -- 22.56  0.35  0.00  0.00 -- 18491a6c-ca73-4829-9783-353ff2f493b6
# UMI-tools version: 1.1.2
# output generated by dedup --method=unique -I analysis/74675/74675-genomeaftermiRNA-aligned-bowtie1-beststratam1.bam -S analysis/74675/74675_deduplicated-genomeaftermiRNA-uniquemethod.bam -L analysis/74675/74675-deduplicate-genomeaftermiRNA-uniquemethod.log
# job started at Mon Sep  5 18:03:43 2022 on MacBook-Air-di-Federico.local -- ed5a1327-3241-48e2-b49f-05b0d973055b
# pid: 13267, system: Darwin 21.5.0 Darwin Kernel Version 21.5.0: Tue Apr 26 21:08:29 PDT 2022; root:xnu-8020.121.3~4/RELEASE_ARM64_T8101 x86_64
# assigned_tag                            : None
# cell_tag                                : None
# cell_tag_delim                          : None
# cell_tag_split                          : -
# chimeric_pairs                          : use
# chrom                                   : None
# compresslevel                           : 6
# detection_method                        : None
# filter_umi                              : None
# gene_tag                                : None
# gene_transcript_map                     : None
# get_umi_method                          : read_id
# ignore_tlen                             : False
# ignore_umi                              : False
# in_sam                                  : False
# log2stderr                              : False
# loglevel                                : 1
# mapping_quality                         : 0
# method                                  : unique
# no_sort_output                          : False
# out_sam                                 : False
# output_unmapped                         : False
# paired                                  : False
# per_cell                                : False
# per_contig                              : False
# per_gene                                : False
# random_seed                             : None
# read_length                             : False
# short_help                              : None
# skip_regex                              : ^(__|Unassigned)
# soft_clip_threshold                     : 4
# spliced                                 : False
# stats                                   : False
# stderr                                  : <_io.TextIOWrapper name='<stderr>' mode='w' encoding='utf-8'>
# stdin                                   : <_io.TextIOWrapper name='analysis/74675/74675-genomeaftermiRNA-aligned-bowtie1-beststratam1.bam' mode='r' encoding='UTF-8'>
# stdlog                                  : <_io.TextIOWrapper name='analysis/74675/74675-deduplicate-genomeaftermiRNA-uniquemethod.log' mode='a' encoding='UTF-8'>
# stdout                                  : <_io.TextIOWrapper name='analysis/74675/74675_deduplicated-genomeaftermiRNA-uniquemethod.bam' mode='w' encoding='UTF-8'>
# subset                                  : None
# threshold                               : 1
# timeit_file                             : None
# timeit_header                           : None
# timeit_name                             : all
# tmpdir                                  : None
# umi_sep                                 : _
# umi_tag                                 : RX
# umi_tag_delim                           : None
# umi_tag_split                           : None
# umi_whitelist                           : None
# umi_whitelist_paired                    : None
# unmapped_reads                          : discard
# unpaired_reads                          : use
# whole_contig                            : False
2022-09-05 18:03:43,006 INFO command: dedup --method=unique -I analysis/74675/74675-genomeaftermiRNA-aligned-bowtie1-beststratam1.bam -S analysis/74675/74675_deduplicated-genomeaftermiRNA-uniquemethod.bam -L analysis/74675/74675-deduplicate-genomeaftermiRNA-uniquemethod.log
2022-09-05 18:03:44,670 INFO Written out 100000 reads
2022-09-05 18:03:46,643 INFO Reads: Input Reads: 478717
2022-09-05 18:03:46,643 INFO Number of reads out: 187163
2022-09-05 18:03:46,643 INFO Total number of positions deduplicated: 15497
2022-09-05 18:03:46,643 INFO Mean number of unique UMIs per position: 12.08
2022-09-05 18:03:46,643 INFO Max. number of unique UMIs per position: 34909
# job finished in 3 seconds at Mon Sep  5 18:03:46 2022 --  4.54  0.14  0.00  0.00 -- ed5a1327-3241-48e2-b49f-05b0d973055b
