# UMI-tools version: 1.1.2
# output generated by dedup --method=unique -I analysis/74675/74675-maturemiRNA-aligned-bowtie1-beststratam1.bam -S analysis/74675/74675_deduplicated-matureMirna-uniquemethod-beststratam1.bam -L analysis/74675/74675-deduplicate-matureMirna-uniquemethod-beststratam1.log
# job started at Sun Sep  4 12:23:31 2022 on MacBook-Air-di-Federico.local -- 93fded24-91bb-49c7-adae-b8cf48b3e811
# pid: 2146, system: Darwin 21.5.0 Darwin Kernel Version 21.5.0: Tue Apr 26 21:08:29 PDT 2022; root:xnu-8020.121.3~4/RELEASE_ARM64_T8101 x86_64
# assigned_tag                            : None
# cell_tag                                : None
# cell_tag_delim                          : None
# cell_tag_split                          : -
# chimeric_pairs                          : use
# chrom                                   : None
# compresslevel                           : 6
# detection_method                        : None
# filter_umi                              : None
# gene_tag                                : None
# gene_transcript_map                     : None
# get_umi_method                          : read_id
# ignore_tlen                             : False
# ignore_umi                              : False
# in_sam                                  : False
# log2stderr                              : False
# loglevel                                : 1
# mapping_quality                         : 0
# method                                  : unique
# no_sort_output                          : False
# out_sam                                 : False
# output_unmapped                         : False
# paired                                  : False
# per_cell                                : False
# per_contig                              : False
# per_gene                                : False
# random_seed                             : None
# read_length                             : False
# short_help                              : None
# skip_regex                              : ^(__|Unassigned)
# soft_clip_threshold                     : 4
# spliced                                 : False
# stats                                   : False
# stderr                                  : <_io.TextIOWrapper name='<stderr>' mode='w' encoding='utf-8'>
# stdin                                   : <_io.TextIOWrapper name='analysis/74675/74675-maturemiRNA-aligned-bowtie1-beststratam1.bam' mode='r' encoding='UTF-8'>
# stdlog                                  : <_io.TextIOWrapper name='analysis/74675/74675-deduplicate-matureMirna-uniquemethod-beststratam1.log' mode='a' encoding='UTF-8'>
# stdout                                  : <_io.TextIOWrapper name='analysis/74675/74675_deduplicated-matureMirna-uniquemethod-beststratam1.bam' mode='w' encoding='UTF-8'>
# subset                                  : None
# threshold                               : 1
# timeit_file                             : None
# timeit_header                           : None
# timeit_name                             : all
# tmpdir                                  : None
# umi_sep                                 : _
# umi_tag                                 : RX
# umi_tag_delim                           : None
# umi_tag_split                           : None
# umi_whitelist                           : None
# umi_whitelist_paired                    : None
# unmapped_reads                          : discard
# unpaired_reads                          : use
# whole_contig                            : False
2022-09-04 12:23:31,908 INFO command: dedup --method=unique -I analysis/74675/74675-maturemiRNA-aligned-bowtie1-beststratam1.bam -S analysis/74675/74675_deduplicated-matureMirna-uniquemethod-beststratam1.bam -L analysis/74675/74675-deduplicate-matureMirna-uniquemethod-beststratam1.log
2022-09-04 12:23:31,926 INFO Reads: Input Reads: 1042
2022-09-04 12:23:31,926 INFO Number of reads out: 314
2022-09-04 12:23:31,926 INFO Total number of positions deduplicated: 4
2022-09-04 12:23:31,926 INFO Mean number of unique UMIs per position: 78.50
2022-09-04 12:23:31,926 INFO Max. number of unique UMIs per position: 305
# job finished in 0 seconds at Sun Sep  4 12:23:31 2022 --  0.97  0.12  0.00  0.00 -- 93fded24-91bb-49c7-adae-b8cf48b3e811
# UMI-tools version: 1.1.2
# output generated by dedup --method=unique -I analysis/74675/74675-maturemiRNA-aligned-bowtie1-beststratam1.bam -S analysis/74675/74675_deduplicated-matureMirna-uniquemethod-beststratam1.bam -L analysis/74675/74675-deduplicate-matureMirna-uniquemethod-beststratam1.log
# job started at Mon Sep  5 18:03:07 2022 on MacBook-Air-di-Federico.local -- f2fa5f91-5681-4b70-83c9-c787045ae0e0
# pid: 13251, system: Darwin 21.5.0 Darwin Kernel Version 21.5.0: Tue Apr 26 21:08:29 PDT 2022; root:xnu-8020.121.3~4/RELEASE_ARM64_T8101 x86_64
# assigned_tag                            : None
# cell_tag                                : None
# cell_tag_delim                          : None
# cell_tag_split                          : -
# chimeric_pairs                          : use
# chrom                                   : None
# compresslevel                           : 6
# detection_method                        : None
# filter_umi                              : None
# gene_tag                                : None
# gene_transcript_map                     : None
# get_umi_method                          : read_id
# ignore_tlen                             : False
# ignore_umi                              : False
# in_sam                                  : False
# log2stderr                              : False
# loglevel                                : 1
# mapping_quality                         : 0
# method                                  : unique
# no_sort_output                          : False
# out_sam                                 : False
# output_unmapped                         : False
# paired                                  : False
# per_cell                                : False
# per_contig                              : False
# per_gene                                : False
# random_seed                             : None
# read_length                             : False
# short_help                              : None
# skip_regex                              : ^(__|Unassigned)
# soft_clip_threshold                     : 4
# spliced                                 : False
# stats                                   : False
# stderr                                  : <_io.TextIOWrapper name='<stderr>' mode='w' encoding='utf-8'>
# stdin                                   : <_io.TextIOWrapper name='analysis/74675/74675-maturemiRNA-aligned-bowtie1-beststratam1.bam' mode='r' encoding='UTF-8'>
# stdlog                                  : <_io.TextIOWrapper name='analysis/74675/74675-deduplicate-matureMirna-uniquemethod-beststratam1.log' mode='a' encoding='UTF-8'>
# stdout                                  : <_io.TextIOWrapper name='analysis/74675/74675_deduplicated-matureMirna-uniquemethod-beststratam1.bam' mode='w' encoding='UTF-8'>
# subset                                  : None
# threshold                               : 1
# timeit_file                             : None
# timeit_header                           : None
# timeit_name                             : all
# tmpdir                                  : None
# umi_sep                                 : _
# umi_tag                                 : RX
# umi_tag_delim                           : None
# umi_tag_split                           : None
# umi_whitelist                           : None
# umi_whitelist_paired                    : None
# unmapped_reads                          : discard
# unpaired_reads                          : use
# whole_contig                            : False
2022-09-05 18:03:07,713 INFO command: dedup --method=unique -I analysis/74675/74675-maturemiRNA-aligned-bowtie1-beststratam1.bam -S analysis/74675/74675_deduplicated-matureMirna-uniquemethod-beststratam1.bam -L analysis/74675/74675-deduplicate-matureMirna-uniquemethod-beststratam1.log
2022-09-05 18:03:16,997 INFO Parsed 1000000 input reads
2022-09-05 18:03:18,389 INFO Written out 100000 reads
2022-09-05 18:03:18,389 INFO Written out 200000 reads
2022-09-05 18:03:18,389 INFO Written out 300000 reads
2022-09-05 18:03:18,877 INFO Written out 400000 reads
2022-09-05 18:03:21,153 INFO Written out 500000 reads
2022-09-05 18:03:23,795 INFO Written out 600000 reads
2022-09-05 18:03:24,267 INFO Parsed 2000000 input reads
2022-09-05 18:03:28,513 INFO Written out 700000 reads
2022-09-05 18:03:29,889 INFO Reads: Input Reads: 2553592
2022-09-05 18:03:29,889 INFO Number of reads out: 798471
2022-09-05 18:03:29,889 INFO Total number of positions deduplicated: 712
2022-09-05 18:03:29,889 INFO Mean number of unique UMIs per position: 1121.45
2022-09-05 18:03:29,889 INFO Max. number of unique UMIs per position: 367670
# job finished in 22 seconds at Mon Sep  5 18:03:29 2022 -- 22.53  0.36  0.00  0.00 -- f2fa5f91-5681-4b70-83c9-c787045ae0e0
