# UMI-tools version: 1.1.2
# output generated by count --method=unique --per-contig -I analysis/74673/74673-maturemiRNA-aligned-bowtie1-beststratam1.bam -L analysis/74673/74673_counts-uniquemethod-maturemiRNA.log -S analysis/74673/74673_counts-finaloutput-uniquemethod-maturemiRNA.txt
# job started at Sun Sep  4 12:10:46 2022 on MacBook-Air-di-Federico.local -- d76b9a26-0f3e-4312-b52a-db9b726f8268
# pid: 2034, system: Darwin 21.5.0 Darwin Kernel Version 21.5.0: Tue Apr 26 21:08:29 PDT 2022; root:xnu-8020.121.3~4/RELEASE_ARM64_T8101 x86_64
# assigned_tag                            : None
# cell_tag                                : None
# cell_tag_delim                          : None
# cell_tag_split                          : -
# chimeric_pairs                          : use
# chrom                                   : None
# compresslevel                           : 6
# filter_umi                              : None
# gene_tag                                : None
# gene_transcript_map                     : None
# get_umi_method                          : read_id
# ignore_tlen                             : False
# ignore_umi                              : False
# in_sam                                  : False
# log2stderr                              : False
# loglevel                                : 1
# mapping_quality                         : 0
# method                                  : unique
# no_sort_output                          : False
# out_sam                                 : False
# output_unmapped                         : False
# paired                                  : False
# per_cell                                : False
# per_contig                              : True
# per_gene                                : False
# random_seed                             : None
# read_length                             : False
# short_help                              : None
# skip_regex                              : ^(__|Unassigned)
# soft_clip_threshold                     : 4
# spliced                                 : False
# stderr                                  : <_io.TextIOWrapper name='<stderr>' mode='w' encoding='utf-8'>
# stdin                                   : <_io.TextIOWrapper name='analysis/74673/74673-maturemiRNA-aligned-bowtie1-beststratam1.bam' mode='r' encoding='UTF-8'>
# stdlog                                  : <_io.TextIOWrapper name='analysis/74673/74673_counts-uniquemethod-maturemiRNA.log' mode='a' encoding='UTF-8'>
# stdout                                  : <_io.TextIOWrapper name='analysis/74673/74673_counts-finaloutput-uniquemethod-maturemiRNA.txt' mode='w' encoding='UTF-8'>
# subset                                  : None
# threshold                               : 1
# timeit_file                             : None
# timeit_header                           : None
# timeit_name                             : all
# tmpdir                                  : None
# umi_sep                                 : _
# umi_tag                                 : RX
# umi_tag_delim                           : None
# umi_tag_split                           : None
# umi_whitelist                           : None
# umi_whitelist_paired                    : None
# unmapped_reads                          : discard
# unpaired_reads                          : use
# wide_format_cell_counts                 : False
2022-09-04 12:10:46,662 INFO command: count --method=unique --per-contig -I analysis/74673/74673-maturemiRNA-aligned-bowtie1-beststratam1.bam -L analysis/74673/74673_counts-uniquemethod-maturemiRNA.log -S analysis/74673/74673_counts-finaloutput-uniquemethod-maturemiRNA.txt
2022-09-04 12:10:46,670 INFO Input Reads: 42
2022-09-04 12:10:46,670 INFO Number of (post deduplication) reads counted: 9
# job finished in 0 seconds at Sun Sep  4 12:10:46 2022 --  0.88  0.14  0.00  0.00 -- d76b9a26-0f3e-4312-b52a-db9b726f8268
# UMI-tools version: 1.1.2
# output generated by count --method=unique --per-contig -I analysis/74673/74673-maturemiRNA-aligned-bowtie1-beststratam1.bam -L analysis/74673/74673_counts-uniquemethod-maturemiRNA.log -S analysis/74673/74673_counts-finaloutput-uniquemethod-maturemiRNA.txt
# job started at Sun Sep  4 20:21:12 2022 on MacBook-Air-di-Federico.local -- 7db8d10d-9110-462d-a9a1-cb2ffbd4a7b1
# pid: 68159, system: Darwin 21.5.0 Darwin Kernel Version 21.5.0: Tue Apr 26 21:08:29 PDT 2022; root:xnu-8020.121.3~4/RELEASE_ARM64_T8101 x86_64
# assigned_tag                            : None
# cell_tag                                : None
# cell_tag_delim                          : None
# cell_tag_split                          : -
# chimeric_pairs                          : use
# chrom                                   : None
# compresslevel                           : 6
# filter_umi                              : None
# gene_tag                                : None
# gene_transcript_map                     : None
# get_umi_method                          : read_id
# ignore_tlen                             : False
# ignore_umi                              : False
# in_sam                                  : False
# log2stderr                              : False
# loglevel                                : 1
# mapping_quality                         : 0
# method                                  : unique
# no_sort_output                          : False
# out_sam                                 : False
# output_unmapped                         : False
# paired                                  : False
# per_cell                                : False
# per_contig                              : True
# per_gene                                : False
# random_seed                             : None
# read_length                             : False
# short_help                              : None
# skip_regex                              : ^(__|Unassigned)
# soft_clip_threshold                     : 4
# spliced                                 : False
# stderr                                  : <_io.TextIOWrapper name='<stderr>' mode='w' encoding='utf-8'>
# stdin                                   : <_io.TextIOWrapper name='analysis/74673/74673-maturemiRNA-aligned-bowtie1-beststratam1.bam' mode='r' encoding='UTF-8'>
# stdlog                                  : <_io.TextIOWrapper name='analysis/74673/74673_counts-uniquemethod-maturemiRNA.log' mode='a' encoding='UTF-8'>
# stdout                                  : <_io.TextIOWrapper name='analysis/74673/74673_counts-finaloutput-uniquemethod-maturemiRNA.txt' mode='w' encoding='UTF-8'>
# subset                                  : None
# threshold                               : 1
# timeit_file                             : None
# timeit_header                           : None
# timeit_name                             : all
# tmpdir                                  : None
# umi_sep                                 : _
# umi_tag                                 : RX
# umi_tag_delim                           : None
# umi_tag_split                           : None
# umi_whitelist                           : None
# umi_whitelist_paired                    : None
# unmapped_reads                          : discard
# unpaired_reads                          : use
# wide_format_cell_counts                 : False
2022-09-04 20:21:12,598 INFO command: count --method=unique --per-contig -I analysis/74673/74673-maturemiRNA-aligned-bowtie1-beststratam1.bam -L analysis/74673/74673_counts-uniquemethod-maturemiRNA.log -S analysis/74673/74673_counts-finaloutput-uniquemethod-maturemiRNA.txt
2022-09-04 20:21:17,509 INFO Input Reads: 983126
2022-09-04 20:21:17,509 INFO Number of (post deduplication) reads counted: 152803
# job finished in 4 seconds at Sun Sep  4 20:21:17 2022 --  5.95  0.13  0.00  0.00 -- 7db8d10d-9110-462d-a9a1-cb2ffbd4a7b1
