# UMI-tools version: 1.1.2
# output generated by dedup --method=unique -I analysis/74673/74673-maturemiRNA-aligned-bowtie1-beststratam1.bam -S analysis/74673/74673_deduplicated-matureMirna-uniquemethod-beststratam1.bam -L analysis/74673/74673-deduplicate-matureMirna-uniquemethod-beststratam1.log
# job started at Sun Sep  4 12:10:48 2022 on MacBook-Air-di-Federico.local -- a44e0f70-ff1d-4d2e-a9c2-c09b5b9f9a87
# pid: 2036, system: Darwin 21.5.0 Darwin Kernel Version 21.5.0: Tue Apr 26 21:08:29 PDT 2022; root:xnu-8020.121.3~4/RELEASE_ARM64_T8101 x86_64
# assigned_tag                            : None
# cell_tag                                : None
# cell_tag_delim                          : None
# cell_tag_split                          : -
# chimeric_pairs                          : use
# chrom                                   : None
# compresslevel                           : 6
# detection_method                        : None
# filter_umi                              : None
# gene_tag                                : None
# gene_transcript_map                     : None
# get_umi_method                          : read_id
# ignore_tlen                             : False
# ignore_umi                              : False
# in_sam                                  : False
# log2stderr                              : False
# loglevel                                : 1
# mapping_quality                         : 0
# method                                  : unique
# no_sort_output                          : False
# out_sam                                 : False
# output_unmapped                         : False
# paired                                  : False
# per_cell                                : False
# per_contig                              : False
# per_gene                                : False
# random_seed                             : None
# read_length                             : False
# short_help                              : None
# skip_regex                              : ^(__|Unassigned)
# soft_clip_threshold                     : 4
# spliced                                 : False
# stats                                   : False
# stderr                                  : <_io.TextIOWrapper name='<stderr>' mode='w' encoding='utf-8'>
# stdin                                   : <_io.TextIOWrapper name='analysis/74673/74673-maturemiRNA-aligned-bowtie1-beststratam1.bam' mode='r' encoding='UTF-8'>
# stdlog                                  : <_io.TextIOWrapper name='analysis/74673/74673-deduplicate-matureMirna-uniquemethod-beststratam1.log' mode='a' encoding='UTF-8'>
# stdout                                  : <_io.TextIOWrapper name='analysis/74673/74673_deduplicated-matureMirna-uniquemethod-beststratam1.bam' mode='w' encoding='UTF-8'>
# subset                                  : None
# threshold                               : 1
# timeit_file                             : None
# timeit_header                           : None
# timeit_name                             : all
# tmpdir                                  : None
# umi_sep                                 : _
# umi_tag                                 : RX
# umi_tag_delim                           : None
# umi_tag_split                           : None
# umi_whitelist                           : None
# umi_whitelist_paired                    : None
# unmapped_reads                          : discard
# unpaired_reads                          : use
# whole_contig                            : False
2022-09-04 12:10:48,002 INFO command: dedup --method=unique -I analysis/74673/74673-maturemiRNA-aligned-bowtie1-beststratam1.bam -S analysis/74673/74673_deduplicated-matureMirna-uniquemethod-beststratam1.bam -L analysis/74673/74673-deduplicate-matureMirna-uniquemethod-beststratam1.log
2022-09-04 12:10:48,014 INFO Reads: Input Reads: 42
2022-09-04 12:10:48,014 INFO Number of reads out: 9
2022-09-04 12:10:48,014 INFO Total number of positions deduplicated: 2
2022-09-04 12:10:48,014 INFO Mean number of unique UMIs per position: 4.50
2022-09-04 12:10:48,014 INFO Max. number of unique UMIs per position: 8
# job finished in 0 seconds at Sun Sep  4 12:10:48 2022 --  0.98  0.12  0.00  0.00 -- a44e0f70-ff1d-4d2e-a9c2-c09b5b9f9a87
# UMI-tools version: 1.1.2
# output generated by dedup --method=unique -I analysis/74673/74673-maturemiRNA-aligned-bowtie1-beststratam1.bam -S analysis/74673/74673_deduplicated-matureMirna-uniquemethod-beststratam1.bam -L analysis/74673/74673-deduplicate-matureMirna-uniquemethod-beststratam1.log
# job started at Sun Sep  4 20:21:19 2022 on MacBook-Air-di-Federico.local -- f4056fa5-0d72-470a-bbfe-1543d6c79b4a
# pid: 68218, system: Darwin 21.5.0 Darwin Kernel Version 21.5.0: Tue Apr 26 21:08:29 PDT 2022; root:xnu-8020.121.3~4/RELEASE_ARM64_T8101 x86_64
# assigned_tag                            : None
# cell_tag                                : None
# cell_tag_delim                          : None
# cell_tag_split                          : -
# chimeric_pairs                          : use
# chrom                                   : None
# compresslevel                           : 6
# detection_method                        : None
# filter_umi                              : None
# gene_tag                                : None
# gene_transcript_map                     : None
# get_umi_method                          : read_id
# ignore_tlen                             : False
# ignore_umi                              : False
# in_sam                                  : False
# log2stderr                              : False
# loglevel                                : 1
# mapping_quality                         : 0
# method                                  : unique
# no_sort_output                          : False
# out_sam                                 : False
# output_unmapped                         : False
# paired                                  : False
# per_cell                                : False
# per_contig                              : False
# per_gene                                : False
# random_seed                             : None
# read_length                             : False
# short_help                              : None
# skip_regex                              : ^(__|Unassigned)
# soft_clip_threshold                     : 4
# spliced                                 : False
# stats                                   : False
# stderr                                  : <_io.TextIOWrapper name='<stderr>' mode='w' encoding='utf-8'>
# stdin                                   : <_io.TextIOWrapper name='analysis/74673/74673-maturemiRNA-aligned-bowtie1-beststratam1.bam' mode='r' encoding='UTF-8'>
# stdlog                                  : <_io.TextIOWrapper name='analysis/74673/74673-deduplicate-matureMirna-uniquemethod-beststratam1.log' mode='a' encoding='UTF-8'>
# stdout                                  : <_io.TextIOWrapper name='analysis/74673/74673_deduplicated-matureMirna-uniquemethod-beststratam1.bam' mode='w' encoding='UTF-8'>
# subset                                  : None
# threshold                               : 1
# timeit_file                             : None
# timeit_header                           : None
# timeit_name                             : all
# tmpdir                                  : None
# umi_sep                                 : _
# umi_tag                                 : RX
# umi_tag_delim                           : None
# umi_tag_split                           : None
# umi_whitelist                           : None
# umi_whitelist_paired                    : None
# unmapped_reads                          : discard
# unpaired_reads                          : use
# whole_contig                            : False
2022-09-04 20:21:19,048 INFO command: dedup --method=unique -I analysis/74673/74673-maturemiRNA-aligned-bowtie1-beststratam1.bam -S analysis/74673/74673_deduplicated-matureMirna-uniquemethod-beststratam1.bam -L analysis/74673/74673-deduplicate-matureMirna-uniquemethod-beststratam1.log
2022-09-04 20:21:25,088 INFO Written out 100000 reads
2022-09-04 20:21:27,903 INFO Reads: Input Reads: 983126
2022-09-04 20:21:27,903 INFO Number of reads out: 152823
2022-09-04 20:21:27,903 INFO Total number of positions deduplicated: 497
2022-09-04 20:21:27,903 INFO Mean number of unique UMIs per position: 307.49
2022-09-04 20:21:27,903 INFO Max. number of unique UMIs per position: 67121
# job finished in 8 seconds at Sun Sep  4 20:21:27 2022 -- 10.00  0.19  0.00  0.00 -- f4056fa5-0d72-470a-bbfe-1543d6c79b4a
