# UMI-tools version: 1.1.2
# output generated by extract --stdin=Fastq-files/74673.fastq.gz --log=analysis/74673/74673-UMIextraction-fromrawreads.log --stdout=analysis/74673/74673-directUMIextracted.fastq --extract-method=regex --bc-pattern=.+(?P<discard_1>AACTGTAGGCACCATCAAT){s<=2}(?P<umi_1>.{12})(?P<discard_2>.+)
# job started at Sun Sep  4 12:06:43 2022 on MacBook-Air-di-Federico.local -- d679ef40-9560-4ec8-aa38-145487674cd5
# pid: 1973, system: Darwin 21.5.0 Darwin Kernel Version 21.5.0: Tue Apr 26 21:08:29 PDT 2022; root:xnu-8020.121.3~4/RELEASE_ARM64_T8101 x86_64
# blacklist                               : None
# compresslevel                           : 6
# correct_umi_threshold                   : 0
# either_read                             : False
# either_read_resolve                     : discard
# error_correct_cell                      : False
# extract_method                          : regex
# filter_cell_barcode                     : None
# filter_cell_barcodes                    : False
# filter_umi                              : None
# filtered_out                            : None
# filtered_out2                           : None
# ignore_suffix                           : False
# log2stderr                              : False
# loglevel                                : 1
# pattern                                 : .+(?P<discard_1>AACTGTAGGCACCATCAAT){s<=2}(?P<umi_1>.{12})(?P<discard_2>.+)
# pattern2                                : None
# prime3                                  : None
# quality_encoding                        : None
# quality_filter_mask                     : None
# quality_filter_threshold                : None
# random_seed                             : None
# read2_in                                : None
# read2_out                               : False
# read2_stdout                            : False
# reads_subset                            : None
# reconcile                               : False
# retain_umi                              : None
# short_help                              : None
# stderr                                  : <_io.TextIOWrapper name='<stderr>' mode='w' encoding='utf-8'>
# stdin                                   : <_io.TextIOWrapper name='Fastq-files/74673.fastq.gz' encoding='ascii'>
# stdlog                                  : <_io.TextIOWrapper name='analysis/74673/74673-UMIextraction-fromrawreads.log' mode='a' encoding='UTF-8'>
# stdout                                  : <_io.TextIOWrapper name='analysis/74673/74673-directUMIextracted.fastq' mode='w' encoding='UTF-8'>
# timeit_file                             : None
# timeit_header                           : None
# timeit_name                             : all
# tmpdir                                  : None
# umi_correct_log                         : None
# umi_whitelist                           : None
# umi_whitelist_paired                    : None
# whitelist                               : None
2022-09-04 12:06:43,359 INFO Starting barcode extraction
2022-09-04 12:06:46,422 INFO Parsed 100000 reads
2022-09-04 12:06:49,459 INFO Parsed 200000 reads
2022-09-04 12:06:52,405 INFO Parsed 300000 reads
2022-09-04 12:06:55,359 INFO Parsed 400000 reads
2022-09-04 12:06:58,468 INFO Parsed 500000 reads
2022-09-04 12:07:01,585 INFO Parsed 600000 reads
2022-09-04 12:07:04,543 INFO Parsed 700000 reads
2022-09-04 12:07:07,469 INFO Parsed 800000 reads
2022-09-04 12:07:10,506 INFO Parsed 900000 reads
2022-09-04 12:07:13,480 INFO Parsed 1000000 reads
2022-09-04 12:07:16,518 INFO Parsed 1100000 reads
2022-09-04 12:07:19,441 INFO Parsed 1200000 reads
2022-09-04 12:07:22,454 INFO Parsed 1300000 reads
2022-09-04 12:07:25,502 INFO Parsed 1400000 reads
2022-09-04 12:07:28,449 INFO Parsed 1500000 reads
2022-09-04 12:07:31,382 INFO Parsed 1600000 reads
2022-09-04 12:07:34,436 INFO Parsed 1700000 reads
2022-09-04 12:07:37,431 INFO Parsed 1800000 reads
2022-09-04 12:07:40,548 INFO Parsed 1900000 reads
2022-09-04 12:07:43,528 INFO Parsed 2000000 reads
2022-09-04 12:07:46,560 INFO Parsed 2100000 reads
2022-09-04 12:07:49,495 INFO Parsed 2200000 reads
2022-09-04 12:07:52,555 INFO Parsed 2300000 reads
2022-09-04 12:07:55,577 INFO Parsed 2400000 reads
2022-09-04 12:07:58,514 INFO Parsed 2500000 reads
2022-09-04 12:08:01,514 INFO Parsed 2600000 reads
2022-09-04 12:08:04,608 INFO Parsed 2700000 reads
2022-09-04 12:08:07,541 INFO Parsed 2800000 reads
2022-09-04 12:08:10,480 INFO Parsed 2900000 reads
2022-09-04 12:08:13,421 INFO Parsed 3000000 reads
2022-09-04 12:08:16,370 INFO Parsed 3100000 reads
2022-09-04 12:08:19,300 INFO Parsed 3200000 reads
2022-09-04 12:08:22,300 INFO Parsed 3300000 reads
2022-09-04 12:08:25,247 INFO Parsed 3400000 reads
2022-09-04 12:08:28,155 INFO Parsed 3500000 reads
2022-09-04 12:08:31,172 INFO Parsed 3600000 reads
2022-09-04 12:08:34,365 INFO Parsed 3700000 reads
2022-09-04 12:08:37,391 INFO Parsed 3800000 reads
2022-09-04 12:08:40,620 INFO Parsed 3900000 reads
2022-09-04 12:08:43,748 INFO Parsed 4000000 reads
2022-09-04 12:08:46,793 INFO Parsed 4100000 reads
2022-09-04 12:08:49,985 INFO Parsed 4200000 reads
2022-09-04 12:08:53,043 INFO Parsed 4300000 reads
2022-09-04 12:08:55,990 INFO Parsed 4400000 reads
2022-09-04 12:08:58,986 INFO Parsed 4500000 reads
2022-09-04 12:09:02,102 INFO Parsed 4600000 reads
2022-09-04 12:09:05,211 INFO Parsed 4700000 reads
2022-09-04 12:09:08,226 INFO Parsed 4800000 reads
2022-09-04 12:09:11,252 INFO Parsed 4900000 reads
2022-09-04 12:09:14,245 INFO Parsed 5000000 reads
2022-09-04 12:09:17,341 INFO Parsed 5100000 reads
2022-09-04 12:09:20,374 INFO Parsed 5200000 reads
2022-09-04 12:09:23,428 INFO Parsed 5300000 reads
2022-09-04 12:09:26,455 INFO Parsed 5400000 reads
2022-09-04 12:09:29,531 INFO Parsed 5500000 reads
2022-09-04 12:09:32,601 INFO Parsed 5600000 reads
2022-09-04 12:09:35,729 INFO Parsed 5700000 reads
2022-09-04 12:09:38,758 INFO Parsed 5800000 reads
2022-09-04 12:09:41,822 INFO Parsed 5900000 reads
2022-09-04 12:09:44,866 INFO Parsed 6000000 reads
2022-09-04 12:09:47,943 INFO Parsed 6100000 reads
2022-09-04 12:09:50,978 INFO Parsed 6200000 reads
2022-09-04 12:09:54,133 INFO Parsed 6300000 reads
2022-09-04 12:09:57,143 INFO Parsed 6400000 reads
2022-09-04 12:10:00,303 INFO Parsed 6500000 reads
2022-09-04 12:10:03,439 INFO Parsed 6600000 reads
2022-09-04 12:10:06,657 INFO Parsed 6700000 reads
2022-09-04 12:10:09,697 INFO Parsed 6800000 reads
2022-09-04 12:10:12,789 INFO Parsed 6900000 reads
2022-09-04 12:10:15,843 INFO Parsed 7000000 reads
2022-09-04 12:10:18,896 INFO Parsed 7100000 reads
2022-09-04 12:10:21,947 INFO Parsed 7200000 reads
2022-09-04 12:10:25,026 INFO Parsed 7300000 reads
2022-09-04 12:10:27,721 INFO Input Reads: 7386281
2022-09-04 12:10:27,721 INFO regex matches read1: 6563402
2022-09-04 12:10:27,721 INFO Reads output: 6563402
2022-09-04 12:10:27,721 INFO regex does not match read1: 822879
# job finished in 224 seconds at Sun Sep  4 12:10:27 2022 -- 219.33  2.07  0.00  0.00 -- d679ef40-9560-4ec8-aa38-145487674cd5
