# UMI-tools version: 1.1.2
# output generated by dedup --method=unique -I analysis/74673/74673-genomeaftermiRNA-aligned-bowtie1-beststratam1.bam -S analysis/74673/74673_deduplicated-genomeaftermiRNA-uniquemethod.bam -L analysis/74673/74673-deduplicate-genomeaftermiRNA-uniquemethod.log
# job started at Sun Sep  4 12:11:03 2022 on MacBook-Air-di-Federico.local -- 9120aded-f734-49ac-b315-414662b79381
# pid: 2050, system: Darwin 21.5.0 Darwin Kernel Version 21.5.0: Tue Apr 26 21:08:29 PDT 2022; root:xnu-8020.121.3~4/RELEASE_ARM64_T8101 x86_64
# assigned_tag                            : None
# cell_tag                                : None
# cell_tag_delim                          : None
# cell_tag_split                          : -
# chimeric_pairs                          : use
# chrom                                   : None
# compresslevel                           : 6
# detection_method                        : None
# filter_umi                              : None
# gene_tag                                : None
# gene_transcript_map                     : None
# get_umi_method                          : read_id
# ignore_tlen                             : False
# ignore_umi                              : False
# in_sam                                  : False
# log2stderr                              : False
# loglevel                                : 1
# mapping_quality                         : 0
# method                                  : unique
# no_sort_output                          : False
# out_sam                                 : False
# output_unmapped                         : False
# paired                                  : False
# per_cell                                : False
# per_contig                              : False
# per_gene                                : False
# random_seed                             : None
# read_length                             : False
# short_help                              : None
# skip_regex                              : ^(__|Unassigned)
# soft_clip_threshold                     : 4
# spliced                                 : False
# stats                                   : False
# stderr                                  : <_io.TextIOWrapper name='<stderr>' mode='w' encoding='utf-8'>
# stdin                                   : <_io.TextIOWrapper name='analysis/74673/74673-genomeaftermiRNA-aligned-bowtie1-beststratam1.bam' mode='r' encoding='UTF-8'>
# stdlog                                  : <_io.TextIOWrapper name='analysis/74673/74673-deduplicate-genomeaftermiRNA-uniquemethod.log' mode='a' encoding='UTF-8'>
# stdout                                  : <_io.TextIOWrapper name='analysis/74673/74673_deduplicated-genomeaftermiRNA-uniquemethod.bam' mode='w' encoding='UTF-8'>
# subset                                  : None
# threshold                               : 1
# timeit_file                             : None
# timeit_header                           : None
# timeit_name                             : all
# tmpdir                                  : None
# umi_sep                                 : _
# umi_tag                                 : RX
# umi_tag_delim                           : None
# umi_tag_split                           : None
# umi_whitelist                           : None
# umi_whitelist_paired                    : None
# unmapped_reads                          : discard
# unpaired_reads                          : use
# whole_contig                            : False
2022-09-04 12:11:03,234 INFO command: dedup --method=unique -I analysis/74673/74673-genomeaftermiRNA-aligned-bowtie1-beststratam1.bam -S analysis/74673/74673_deduplicated-genomeaftermiRNA-uniquemethod.bam -L analysis/74673/74673-deduplicate-genomeaftermiRNA-uniquemethod.log
2022-09-04 12:11:08,056 INFO Written out 100000 reads
2022-09-04 12:11:10,171 INFO Parsed 1000000 input reads
2022-09-04 12:11:10,651 INFO Reads: Input Reads: 1038994
2022-09-04 12:11:10,651 INFO Number of reads out: 161608
2022-09-04 12:11:10,651 INFO Total number of positions deduplicated: 8138
2022-09-04 12:11:10,651 INFO Mean number of unique UMIs per position: 19.86
2022-09-04 12:11:10,651 INFO Max. number of unique UMIs per position: 69083
# job finished in 7 seconds at Sun Sep  4 12:11:10 2022 --  8.23  0.36  0.00  0.00 -- 9120aded-f734-49ac-b315-414662b79381
# UMI-tools version: 1.1.2
# output generated by dedup --method=unique -I analysis/74673/74673-genomeaftermiRNA-aligned-bowtie1-beststratam1.bam -S analysis/74673/74673_deduplicated-genomeaftermiRNA-uniquemethod.bam -L analysis/74673/74673-deduplicate-genomeaftermiRNA-uniquemethod.log
# job started at Mon Sep  5 18:01:33 2022 on MacBook-Air-di-Federico.local -- e2c1dd96-5289-4e58-8c0d-d14aaf14db4f
# pid: 13214, system: Darwin 21.5.0 Darwin Kernel Version 21.5.0: Tue Apr 26 21:08:29 PDT 2022; root:xnu-8020.121.3~4/RELEASE_ARM64_T8101 x86_64
# assigned_tag                            : None
# cell_tag                                : None
# cell_tag_delim                          : None
# cell_tag_split                          : -
# chimeric_pairs                          : use
# chrom                                   : None
# compresslevel                           : 6
# detection_method                        : None
# filter_umi                              : None
# gene_tag                                : None
# gene_transcript_map                     : None
# get_umi_method                          : read_id
# ignore_tlen                             : False
# ignore_umi                              : False
# in_sam                                  : False
# log2stderr                              : False
# loglevel                                : 1
# mapping_quality                         : 0
# method                                  : unique
# no_sort_output                          : False
# out_sam                                 : False
# output_unmapped                         : False
# paired                                  : False
# per_cell                                : False
# per_contig                              : False
# per_gene                                : False
# random_seed                             : None
# read_length                             : False
# short_help                              : None
# skip_regex                              : ^(__|Unassigned)
# soft_clip_threshold                     : 4
# spliced                                 : False
# stats                                   : False
# stderr                                  : <_io.TextIOWrapper name='<stderr>' mode='w' encoding='utf-8'>
# stdin                                   : <_io.TextIOWrapper name='analysis/74673/74673-genomeaftermiRNA-aligned-bowtie1-beststratam1.bam' mode='r' encoding='UTF-8'>
# stdlog                                  : <_io.TextIOWrapper name='analysis/74673/74673-deduplicate-genomeaftermiRNA-uniquemethod.log' mode='a' encoding='UTF-8'>
# stdout                                  : <_io.TextIOWrapper name='analysis/74673/74673_deduplicated-genomeaftermiRNA-uniquemethod.bam' mode='w' encoding='UTF-8'>
# subset                                  : None
# threshold                               : 1
# timeit_file                             : None
# timeit_header                           : None
# timeit_name                             : all
# tmpdir                                  : None
# umi_sep                                 : _
# umi_tag                                 : RX
# umi_tag_delim                           : None
# umi_tag_split                           : None
# umi_whitelist                           : None
# umi_whitelist_paired                    : None
# unmapped_reads                          : discard
# unpaired_reads                          : use
# whole_contig                            : False
2022-09-05 18:01:33,465 INFO command: dedup --method=unique -I analysis/74673/74673-genomeaftermiRNA-aligned-bowtie1-beststratam1.bam -S analysis/74673/74673_deduplicated-genomeaftermiRNA-uniquemethod.bam -L analysis/74673/74673-deduplicate-genomeaftermiRNA-uniquemethod.log
2022-09-05 18:01:35,173 INFO Reads: Input Reads: 239992
2022-09-05 18:01:35,173 INFO Number of reads out: 56243
2022-09-05 18:01:35,173 INFO Total number of positions deduplicated: 8025
2022-09-05 18:01:35,173 INFO Mean number of unique UMIs per position: 7.01
2022-09-05 18:01:35,173 INFO Max. number of unique UMIs per position: 12921
# job finished in 1 seconds at Mon Sep  5 18:01:35 2022 --  2.62  0.13  0.00  0.00 -- e2c1dd96-5289-4e58-8c0d-d14aaf14db4f
