# UMI-tools version: 1.1.2
# output generated by count --method=unique --per-contig -I analysis/74667/74667-maturemiRNA-aligned-bowtie1-beststratam1.bam -L analysis/74667/74667_counts-uniquemethod-maturemiRNA.log -S analysis/74667/74667_counts-finaloutput-uniquemethod-maturemiRNA.txt
# job started at Sun Sep  4 11:35:56 2022 on MacBook-Air-di-Federico.local -- 287d70ad-d85a-4dbd-b4ed-c89b288b470d
# pid: 1289, system: Darwin 21.5.0 Darwin Kernel Version 21.5.0: Tue Apr 26 21:08:29 PDT 2022; root:xnu-8020.121.3~4/RELEASE_ARM64_T8101 x86_64
# assigned_tag                            : None
# cell_tag                                : None
# cell_tag_delim                          : None
# cell_tag_split                          : -
# chimeric_pairs                          : use
# chrom                                   : None
# compresslevel                           : 6
# filter_umi                              : None
# gene_tag                                : None
# gene_transcript_map                     : None
# get_umi_method                          : read_id
# ignore_tlen                             : False
# ignore_umi                              : False
# in_sam                                  : False
# log2stderr                              : False
# loglevel                                : 1
# mapping_quality                         : 0
# method                                  : unique
# no_sort_output                          : False
# out_sam                                 : False
# output_unmapped                         : False
# paired                                  : False
# per_cell                                : False
# per_contig                              : True
# per_gene                                : False
# random_seed                             : None
# read_length                             : False
# short_help                              : None
# skip_regex                              : ^(__|Unassigned)
# soft_clip_threshold                     : 4
# spliced                                 : False
# stderr                                  : <_io.TextIOWrapper name='<stderr>' mode='w' encoding='utf-8'>
# stdin                                   : <_io.TextIOWrapper name='analysis/74667/74667-maturemiRNA-aligned-bowtie1-beststratam1.bam' mode='r' encoding='UTF-8'>
# stdlog                                  : <_io.TextIOWrapper name='analysis/74667/74667_counts-uniquemethod-maturemiRNA.log' mode='a' encoding='UTF-8'>
# stdout                                  : <_io.TextIOWrapper name='analysis/74667/74667_counts-finaloutput-uniquemethod-maturemiRNA.txt' mode='w' encoding='UTF-8'>
# subset                                  : None
# threshold                               : 1
# timeit_file                             : None
# timeit_header                           : None
# timeit_name                             : all
# tmpdir                                  : None
# umi_sep                                 : _
# umi_tag                                 : RX
# umi_tag_delim                           : None
# umi_tag_split                           : None
# umi_whitelist                           : None
# umi_whitelist_paired                    : None
# unmapped_reads                          : discard
# unpaired_reads                          : use
# wide_format_cell_counts                 : False
2022-09-04 11:35:56,663 INFO command: count --method=unique --per-contig -I analysis/74667/74667-maturemiRNA-aligned-bowtie1-beststratam1.bam -L analysis/74667/74667_counts-uniquemethod-maturemiRNA.log -S analysis/74667/74667_counts-finaloutput-uniquemethod-maturemiRNA.txt
2022-09-04 11:35:56,676 INFO Input Reads: 1078
2022-09-04 11:35:56,676 INFO Number of (post deduplication) reads counted: 203
# job finished in 0 seconds at Sun Sep  4 11:35:56 2022 --  0.83  0.12  0.00  0.00 -- 287d70ad-d85a-4dbd-b4ed-c89b288b470d
# UMI-tools version: 1.1.2
# output generated by count --method=unique --per-contig -I analysis/74667/74667-maturemiRNA-aligned-bowtie1-beststratam1.bam -L analysis/74667/74667_counts-uniquemethod-maturemiRNA.log -S analysis/74667/74667_counts-finaloutput-uniquemethod-maturemiRNA.txt
# job started at Mon Sep  5 17:55:04 2022 on MacBook-Air-di-Federico.local -- 83f0f52d-c522-4232-8d49-d3b5a52c5314
# pid: 12854, system: Darwin 21.5.0 Darwin Kernel Version 21.5.0: Tue Apr 26 21:08:29 PDT 2022; root:xnu-8020.121.3~4/RELEASE_ARM64_T8101 x86_64
# assigned_tag                            : None
# cell_tag                                : None
# cell_tag_delim                          : None
# cell_tag_split                          : -
# chimeric_pairs                          : use
# chrom                                   : None
# compresslevel                           : 6
# filter_umi                              : None
# gene_tag                                : None
# gene_transcript_map                     : None
# get_umi_method                          : read_id
# ignore_tlen                             : False
# ignore_umi                              : False
# in_sam                                  : False
# log2stderr                              : False
# loglevel                                : 1
# mapping_quality                         : 0
# method                                  : unique
# no_sort_output                          : False
# out_sam                                 : False
# output_unmapped                         : False
# paired                                  : False
# per_cell                                : False
# per_contig                              : True
# per_gene                                : False
# random_seed                             : None
# read_length                             : False
# short_help                              : None
# skip_regex                              : ^(__|Unassigned)
# soft_clip_threshold                     : 4
# spliced                                 : False
# stderr                                  : <_io.TextIOWrapper name='<stderr>' mode='w' encoding='utf-8'>
# stdin                                   : <_io.TextIOWrapper name='analysis/74667/74667-maturemiRNA-aligned-bowtie1-beststratam1.bam' mode='r' encoding='UTF-8'>
# stdlog                                  : <_io.TextIOWrapper name='analysis/74667/74667_counts-uniquemethod-maturemiRNA.log' mode='a' encoding='UTF-8'>
# stdout                                  : <_io.TextIOWrapper name='analysis/74667/74667_counts-finaloutput-uniquemethod-maturemiRNA.txt' mode='w' encoding='UTF-8'>
# subset                                  : None
# threshold                               : 1
# timeit_file                             : None
# timeit_header                           : None
# timeit_name                             : all
# tmpdir                                  : None
# umi_sep                                 : _
# umi_tag                                 : RX
# umi_tag_delim                           : None
# umi_tag_split                           : None
# umi_whitelist                           : None
# umi_whitelist_paired                    : None
# unmapped_reads                          : discard
# unpaired_reads                          : use
# wide_format_cell_counts                 : False
2022-09-05 17:55:04,917 INFO command: count --method=unique --per-contig -I analysis/74667/74667-maturemiRNA-aligned-bowtie1-beststratam1.bam -L analysis/74667/74667_counts-uniquemethod-maturemiRNA.log -S analysis/74667/74667_counts-finaloutput-uniquemethod-maturemiRNA.txt
2022-09-05 17:55:09,083 INFO Parsed 1000000 input reads
2022-09-05 17:55:12,831 INFO Parsed 2000000 input reads
2022-09-05 17:55:16,154 INFO Input Reads: 2872132
2022-09-05 17:55:16,154 INFO Number of (post deduplication) reads counted: 614945
# job finished in 11 seconds at Mon Sep  5 17:55:16 2022 -- 12.00  0.19  0.00  0.00 -- 83f0f52d-c522-4232-8d49-d3b5a52c5314
