# UMI-tools version: 1.1.2
# output generated by dedup --method=unique -I analysis/74667/74667-genomeaftermiRNA-aligned-bowtie1-beststratam1.bam -S analysis/74667/74667_deduplicated-genomeaftermiRNA-uniquemethod.bam -L analysis/74667/74667-deduplicate-genomeaftermiRNA-uniquemethod.log
# job started at Sun Sep  4 11:36:35 2022 on MacBook-Air-di-Federico.local -- 575e5bd1-6a2f-4a42-881e-2f0ed05e01f4
# pid: 1309, system: Darwin 21.5.0 Darwin Kernel Version 21.5.0: Tue Apr 26 21:08:29 PDT 2022; root:xnu-8020.121.3~4/RELEASE_ARM64_T8101 x86_64
# assigned_tag                            : None
# cell_tag                                : None
# cell_tag_delim                          : None
# cell_tag_split                          : -
# chimeric_pairs                          : use
# chrom                                   : None
# compresslevel                           : 6
# detection_method                        : None
# filter_umi                              : None
# gene_tag                                : None
# gene_transcript_map                     : None
# get_umi_method                          : read_id
# ignore_tlen                             : False
# ignore_umi                              : False
# in_sam                                  : False
# log2stderr                              : False
# loglevel                                : 1
# mapping_quality                         : 0
# method                                  : unique
# no_sort_output                          : False
# out_sam                                 : False
# output_unmapped                         : False
# paired                                  : False
# per_cell                                : False
# per_contig                              : False
# per_gene                                : False
# random_seed                             : None
# read_length                             : False
# short_help                              : None
# skip_regex                              : ^(__|Unassigned)
# soft_clip_threshold                     : 4
# spliced                                 : False
# stats                                   : False
# stderr                                  : <_io.TextIOWrapper name='<stderr>' mode='w' encoding='utf-8'>
# stdin                                   : <_io.TextIOWrapper name='analysis/74667/74667-genomeaftermiRNA-aligned-bowtie1-beststratam1.bam' mode='r' encoding='UTF-8'>
# stdlog                                  : <_io.TextIOWrapper name='analysis/74667/74667-deduplicate-genomeaftermiRNA-uniquemethod.log' mode='a' encoding='UTF-8'>
# stdout                                  : <_io.TextIOWrapper name='analysis/74667/74667_deduplicated-genomeaftermiRNA-uniquemethod.bam' mode='w' encoding='UTF-8'>
# subset                                  : None
# threshold                               : 1
# timeit_file                             : None
# timeit_header                           : None
# timeit_name                             : all
# tmpdir                                  : None
# umi_sep                                 : _
# umi_tag                                 : RX
# umi_tag_delim                           : None
# umi_tag_split                           : None
# umi_whitelist                           : None
# umi_whitelist_paired                    : None
# unmapped_reads                          : discard
# unpaired_reads                          : use
# whole_contig                            : False
2022-09-04 11:36:35,744 INFO command: dedup --method=unique -I analysis/74667/74667-genomeaftermiRNA-aligned-bowtie1-beststratam1.bam -S analysis/74667/74667_deduplicated-genomeaftermiRNA-uniquemethod.bam -L analysis/74667/74667-deduplicate-genomeaftermiRNA-uniquemethod.log
2022-09-04 11:36:44,343 INFO Parsed 1000000 input reads
2022-09-04 11:36:45,294 INFO Written out 100000 reads
2022-09-04 11:36:45,294 INFO Written out 200000 reads
2022-09-04 11:36:49,417 INFO Written out 300000 reads
2022-09-04 11:36:50,203 INFO Written out 400000 reads
2022-09-04 11:36:50,655 INFO Parsed 2000000 input reads
2022-09-04 11:36:53,618 INFO Written out 500000 reads
2022-09-04 11:36:56,047 INFO Written out 600000 reads
2022-09-04 11:36:57,413 INFO Parsed 3000000 input reads
2022-09-04 11:36:58,297 INFO Reads: Input Reads: 3004053
2022-09-04 11:36:58,297 INFO Number of reads out: 646526
2022-09-04 11:36:58,297 INFO Total number of positions deduplicated: 23402
2022-09-04 11:36:58,297 INFO Mean number of unique UMIs per position: 27.63
2022-09-04 11:36:58,297 INFO Max. number of unique UMIs per position: 227545
# job finished in 22 seconds at Sun Sep  4 11:36:58 2022 -- 23.28  0.32  0.00  0.00 -- 575e5bd1-6a2f-4a42-881e-2f0ed05e01f4
# UMI-tools version: 1.1.2
# output generated by dedup --method=unique -I analysis/74667/74667-genomeaftermiRNA-aligned-bowtie1-beststratam1.bam -S analysis/74667/74667_deduplicated-genomeaftermiRNA-uniquemethod.bam -L analysis/74667/74667-deduplicate-genomeaftermiRNA-uniquemethod.log
# job started at Mon Sep  5 17:56:06 2022 on MacBook-Air-di-Federico.local -- 0156a691-7c60-49a6-ad30-7063f2f5edf3
# pid: 12892, system: Darwin 21.5.0 Darwin Kernel Version 21.5.0: Tue Apr 26 21:08:29 PDT 2022; root:xnu-8020.121.3~4/RELEASE_ARM64_T8101 x86_64
# assigned_tag                            : None
# cell_tag                                : None
# cell_tag_delim                          : None
# cell_tag_split                          : -
# chimeric_pairs                          : use
# chrom                                   : None
# compresslevel                           : 6
# detection_method                        : None
# filter_umi                              : None
# gene_tag                                : None
# gene_transcript_map                     : None
# get_umi_method                          : read_id
# ignore_tlen                             : False
# ignore_umi                              : False
# in_sam                                  : False
# log2stderr                              : False
# loglevel                                : 1
# mapping_quality                         : 0
# method                                  : unique
# no_sort_output                          : False
# out_sam                                 : False
# output_unmapped                         : False
# paired                                  : False
# per_cell                                : False
# per_contig                              : False
# per_gene                                : False
# random_seed                             : None
# read_length                             : False
# short_help                              : None
# skip_regex                              : ^(__|Unassigned)
# soft_clip_threshold                     : 4
# spliced                                 : False
# stats                                   : False
# stderr                                  : <_io.TextIOWrapper name='<stderr>' mode='w' encoding='utf-8'>
# stdin                                   : <_io.TextIOWrapper name='analysis/74667/74667-genomeaftermiRNA-aligned-bowtie1-beststratam1.bam' mode='r' encoding='UTF-8'>
# stdlog                                  : <_io.TextIOWrapper name='analysis/74667/74667-deduplicate-genomeaftermiRNA-uniquemethod.log' mode='a' encoding='UTF-8'>
# stdout                                  : <_io.TextIOWrapper name='analysis/74667/74667_deduplicated-genomeaftermiRNA-uniquemethod.bam' mode='w' encoding='UTF-8'>
# subset                                  : None
# threshold                               : 1
# timeit_file                             : None
# timeit_header                           : None
# timeit_name                             : all
# tmpdir                                  : None
# umi_sep                                 : _
# umi_tag                                 : RX
# umi_tag_delim                           : None
# umi_tag_split                           : None
# umi_whitelist                           : None
# umi_whitelist_paired                    : None
# unmapped_reads                          : discard
# unpaired_reads                          : use
# whole_contig                            : False
2022-09-05 17:56:06,014 INFO command: dedup --method=unique -I analysis/74667/74667-genomeaftermiRNA-aligned-bowtie1-beststratam1.bam -S analysis/74667/74667_deduplicated-genomeaftermiRNA-uniquemethod.bam -L analysis/74667/74667-deduplicate-genomeaftermiRNA-uniquemethod.log
2022-09-05 17:56:08,657 INFO Written out 100000 reads
2022-09-05 17:56:10,642 INFO Written out 200000 reads
2022-09-05 17:56:11,796 INFO Reads: Input Reads: 787174
2022-09-05 17:56:11,796 INFO Number of reads out: 233523
2022-09-05 17:56:11,796 INFO Total number of positions deduplicated: 23246
2022-09-05 17:56:11,796 INFO Mean number of unique UMIs per position: 10.05
2022-09-05 17:56:11,796 INFO Max. number of unique UMIs per position: 42437
# job finished in 5 seconds at Mon Sep  5 17:56:11 2022 --  6.65  0.20  0.00  0.00 -- 0156a691-7c60-49a6-ad30-7063f2f5edf3
