# UMI-tools version: 1.1.2
# output generated by extract --stdin=Fastq-files/74667.fastq.gz --log=analysis/74667/74667-UMIextraction-fromrawreads.log --stdout=analysis/74667/74667-directUMIextracted.fastq --extract-method=regex --bc-pattern=.+(?P<discard_1>AACTGTAGGCACCATCAAT){s<=2}(?P<umi_1>.{12})(?P<discard_2>.+)
# job started at Sun Sep  4 02:41:44 2022 on Air-di-Federico -- 062fe19e-f3df-4141-9907-7ce2d8eeff90
# pid: 923, system: Darwin 21.5.0 Darwin Kernel Version 21.5.0: Tue Apr 26 21:08:29 PDT 2022; root:xnu-8020.121.3~4/RELEASE_ARM64_T8101 x86_64
# blacklist                               : None
# compresslevel                           : 6
# correct_umi_threshold                   : 0
# either_read                             : False
# either_read_resolve                     : discard
# error_correct_cell                      : False
# extract_method                          : regex
# filter_cell_barcode                     : None
# filter_cell_barcodes                    : False
# filter_umi                              : None
# filtered_out                            : None
# filtered_out2                           : None
# ignore_suffix                           : False
# log2stderr                              : False
# loglevel                                : 1
# pattern                                 : .+(?P<discard_1>AACTGTAGGCACCATCAAT){s<=2}(?P<umi_1>.{12})(?P<discard_2>.+)
# pattern2                                : None
# prime3                                  : None
# quality_encoding                        : None
# quality_filter_mask                     : None
# quality_filter_threshold                : None
# random_seed                             : None
# read2_in                                : None
# read2_out                               : False
# read2_stdout                            : False
# reads_subset                            : None
# reconcile                               : False
# retain_umi                              : None
# short_help                              : None
# stderr                                  : <_io.TextIOWrapper name='<stderr>' mode='w' encoding='utf-8'>
# stdin                                   : <_io.TextIOWrapper name='Fastq-files/74667.fastq.gz' encoding='ascii'>
# stdlog                                  : <_io.TextIOWrapper name='analysis/74667/74667-UMIextraction-fromrawreads.log' mode='a' encoding='UTF-8'>
# stdout                                  : <_io.TextIOWrapper name='analysis/74667/74667-directUMIextracted.fastq' mode='w' encoding='UTF-8'>
# timeit_file                             : None
# timeit_header                           : None
# timeit_name                             : all
# tmpdir                                  : None
# umi_correct_log                         : None
# umi_whitelist                           : None
# umi_whitelist_paired                    : None
# whitelist                               : None
2022-09-04 02:41:44,214 INFO Starting barcode extraction
2022-09-04 02:41:48,938 INFO Parsed 100000 reads
2022-09-04 02:41:53,663 INFO Parsed 200000 reads
2022-09-04 02:41:58,339 INFO Parsed 300000 reads
2022-09-04 02:42:03,075 INFO Parsed 400000 reads
2022-09-04 02:42:07,816 INFO Parsed 500000 reads
2022-09-04 02:42:12,558 INFO Parsed 600000 reads
2022-09-04 02:42:17,269 INFO Parsed 700000 reads
2022-09-04 02:42:21,966 INFO Parsed 800000 reads
2022-09-04 02:57:34,271 INFO Parsed 900000 reads
2022-09-04 02:57:38,851 INFO Parsed 1000000 reads
2022-09-04 03:14:24,307 INFO Parsed 1100000 reads
2022-09-04 03:31:28,391 INFO Parsed 1200000 reads
2022-09-04 03:31:33,168 INFO Parsed 1300000 reads
2022-09-04 03:31:37,915 INFO Parsed 1400000 reads
2022-09-04 03:31:42,611 INFO Parsed 1500000 reads
2022-09-04 03:47:45,942 INFO Parsed 1600000 reads
2022-09-04 03:47:50,657 INFO Parsed 1700000 reads
2022-09-04 04:03:23,475 INFO Parsed 1800000 reads
2022-09-04 04:18:54,401 INFO Parsed 1900000 reads
2022-09-04 04:33:59,350 INFO Parsed 2000000 reads
2022-09-04 04:49:39,530 INFO Parsed 2100000 reads
2022-09-04 04:49:44,218 INFO Parsed 2200000 reads
2022-09-04 04:55:50,345 INFO Parsed 2300000 reads
2022-09-04 04:55:55,045 INFO Parsed 2400000 reads
2022-09-04 05:11:11,321 INFO Parsed 2500000 reads
2022-09-04 05:11:16,337 INFO Parsed 2600000 reads
2022-09-04 05:11:21,168 INFO Parsed 2700000 reads
2022-09-04 05:11:25,888 INFO Parsed 2800000 reads
2022-09-04 05:11:30,650 INFO Parsed 2900000 reads
2022-09-04 05:11:35,357 INFO Parsed 3000000 reads
2022-09-04 05:11:40,057 INFO Parsed 3100000 reads
2022-09-04 05:11:44,769 INFO Parsed 3200000 reads
2022-09-04 05:11:49,485 INFO Parsed 3300000 reads
2022-09-04 05:11:54,174 INFO Parsed 3400000 reads
2022-09-04 05:28:09,975 INFO Parsed 3500000 reads
2022-09-04 05:44:00,914 INFO Parsed 3600000 reads
2022-09-04 06:00:14,033 INFO Parsed 3700000 reads
2022-09-04 06:00:18,788 INFO Parsed 3800000 reads
2022-09-04 06:16:24,734 INFO Parsed 3900000 reads
2022-09-04 06:33:55,808 INFO Parsed 4000000 reads
2022-09-04 06:50:57,225 INFO Parsed 4100000 reads
2022-09-04 07:08:18,859 INFO Parsed 4200000 reads
2022-09-04 07:08:23,604 INFO Parsed 4300000 reads
2022-09-04 07:24:12,677 INFO Parsed 4400000 reads
2022-09-04 07:41:27,412 INFO Parsed 4500000 reads
2022-09-04 07:59:11,322 INFO Parsed 4600000 reads
2022-09-04 07:59:16,000 INFO Parsed 4700000 reads
2022-09-04 07:59:45,873 INFO Parsed 4800000 reads
2022-09-04 08:16:15,469 INFO Parsed 4900000 reads
2022-09-04 08:16:20,199 INFO Parsed 5000000 reads
2022-09-04 08:32:30,608 INFO Parsed 5100000 reads
2022-09-04 08:32:36,255 INFO Parsed 5200000 reads
2022-09-04 08:32:40,930 INFO Parsed 5300000 reads
2022-09-04 08:32:45,617 INFO Parsed 5400000 reads
2022-09-04 08:32:50,292 INFO Parsed 5500000 reads
2022-09-04 08:35:27,088 INFO Parsed 5600000 reads
2022-09-04 08:35:31,840 INFO Parsed 5700000 reads
2022-09-04 08:35:36,530 INFO Parsed 5800000 reads
2022-09-04 08:35:41,230 INFO Parsed 5900000 reads
2022-09-04 08:35:45,912 INFO Parsed 6000000 reads
2022-09-04 08:35:50,661 INFO Parsed 6100000 reads
2022-09-04 08:35:55,395 INFO Parsed 6200000 reads
2022-09-04 08:36:00,143 INFO Parsed 6300000 reads
2022-09-04 08:36:04,908 INFO Parsed 6400000 reads
2022-09-04 08:36:09,583 INFO Parsed 6500000 reads
2022-09-04 08:36:14,258 INFO Parsed 6600000 reads
2022-09-04 08:52:04,410 INFO Parsed 6700000 reads
2022-09-04 08:52:09,120 INFO Parsed 6800000 reads
2022-09-04 08:52:29,104 INFO Parsed 6900000 reads
2022-09-04 08:52:33,827 INFO Parsed 7000000 reads
2022-09-04 08:52:38,569 INFO Parsed 7100000 reads
2022-09-04 09:07:42,222 INFO Parsed 7200000 reads
2022-09-04 09:07:47,164 INFO Parsed 7300000 reads
2022-09-04 09:07:51,836 INFO Parsed 7400000 reads
2022-09-04 09:07:56,502 INFO Parsed 7500000 reads
2022-09-04 09:08:01,154 INFO Parsed 7600000 reads
2022-09-04 09:08:05,834 INFO Parsed 7700000 reads
2022-09-04 09:08:10,519 INFO Parsed 7800000 reads
2022-09-04 09:08:15,207 INFO Parsed 7900000 reads
2022-09-04 09:08:19,891 INFO Parsed 8000000 reads
2022-09-04 09:08:24,593 INFO Parsed 8100000 reads
2022-09-04 09:08:29,280 INFO Parsed 8200000 reads
2022-09-04 09:08:33,952 INFO Parsed 8300000 reads
2022-09-04 09:08:38,623 INFO Parsed 8400000 reads
2022-09-04 09:08:43,365 INFO Parsed 8500000 reads
2022-09-04 09:16:31,352 INFO Parsed 8600000 reads
2022-09-04 09:16:36,055 INFO Parsed 8700000 reads
2022-09-04 09:31:43,142 INFO Parsed 8800000 reads
2022-09-04 09:31:47,829 INFO Parsed 8900000 reads
2022-09-04 09:48:06,754 INFO Parsed 9000000 reads
2022-09-04 09:48:11,436 INFO Parsed 9100000 reads
2022-09-04 09:48:16,122 INFO Parsed 9200000 reads
2022-09-04 10:04:25,332 INFO Parsed 9300000 reads
2022-09-04 10:04:30,015 INFO Parsed 9400000 reads
2022-09-04 10:05:38,165 INFO Parsed 9500000 reads
2022-09-04 10:23:07,923 INFO Parsed 9600000 reads
2022-09-04 10:23:12,811 INFO Parsed 9700000 reads
2022-09-04 10:23:17,508 INFO Parsed 9800000 reads
2022-09-04 10:23:47,377 INFO Parsed 9900000 reads
2022-09-04 10:23:52,088 INFO Parsed 10000000 reads
2022-09-04 10:23:56,807 INFO Parsed 10100000 reads
2022-09-04 10:24:01,553 INFO Parsed 10200000 reads
2022-09-04 10:24:06,260 INFO Parsed 10300000 reads
2022-09-04 10:24:36,134 INFO Parsed 10400000 reads
2022-09-04 10:24:40,851 INFO Parsed 10500000 reads
2022-09-04 10:24:45,543 INFO Parsed 10600000 reads
2022-09-04 10:35:26,783 INFO Parsed 10700000 reads
2022-09-04 10:35:31,502 INFO Parsed 10800000 reads
2022-09-04 10:35:36,251 INFO Parsed 10900000 reads
2022-09-04 10:53:14,633 INFO Parsed 11000000 reads
2022-09-04 10:53:19,407 INFO Parsed 11100000 reads
2022-09-04 10:53:24,113 INFO Parsed 11200000 reads
2022-09-04 11:10:51,171 INFO Parsed 11300000 reads
2022-09-04 11:12:45,544 INFO Parsed 11400000 reads
2022-09-04 11:12:50,451 INFO Parsed 11500000 reads
2022-09-04 11:12:55,166 INFO Parsed 11600000 reads
2022-09-04 11:12:59,862 INFO Parsed 11700000 reads
2022-09-04 11:13:04,555 INFO Parsed 11800000 reads
2022-09-04 11:13:09,263 INFO Parsed 11900000 reads
2022-09-04 11:13:13,982 INFO Parsed 12000000 reads
2022-09-04 11:13:18,715 INFO Parsed 12100000 reads
2022-09-04 11:13:23,441 INFO Parsed 12200000 reads
2022-09-04 11:13:28,164 INFO Parsed 12300000 reads
2022-09-04 11:29:06,020 INFO Parsed 12400000 reads
2022-09-04 11:29:10,720 INFO Parsed 12500000 reads
2022-09-04 11:29:15,420 INFO Parsed 12600000 reads
2022-09-04 11:29:20,108 INFO Parsed 12700000 reads
2022-09-04 11:29:37,790 INFO Parsed 12800000 reads
2022-09-04 11:29:42,478 INFO Parsed 12900000 reads
2022-09-04 11:29:47,158 INFO Parsed 13000000 reads
2022-09-04 11:29:51,845 INFO Parsed 13100000 reads
2022-09-04 11:29:56,600 INFO Parsed 13200000 reads
2022-09-04 11:34:36,267 INFO Parsed 13300000 reads
2022-09-04 11:34:41,328 INFO Parsed 13400000 reads
2022-09-04 11:34:45,570 INFO Parsed 13500000 reads
2022-09-04 11:34:48,520 INFO Parsed 13600000 reads
2022-09-04 11:34:51,771 INFO Parsed 13700000 reads
2022-09-04 11:34:54,654 INFO Parsed 13800000 reads
2022-09-04 11:34:57,647 INFO Parsed 13900000 reads
2022-09-04 11:35:00,696 INFO Parsed 14000000 reads
2022-09-04 11:35:03,656 INFO Parsed 14100000 reads
2022-09-04 11:35:06,588 INFO Parsed 14200000 reads
2022-09-04 11:35:06,894 INFO Input Reads: 14210457
2022-09-04 11:35:06,894 INFO regex matches read1: 13351343
2022-09-04 11:35:06,894 INFO Reads output: 13351343
2022-09-04 11:35:06,894 INFO regex does not match read1: 859114
# job finished in 32002 seconds at Sun Sep  4 11:35:06 2022 -- 647.21  4.75  0.00  0.00 -- 062fe19e-f3df-4141-9907-7ce2d8eeff90
