# UMI-tools version: 1.1.2
# output generated by dedup --method=unique -I analysis/74667/74667-maturemiRNA-aligned-bowtie1-beststratam1.bam -S analysis/74667/74667_deduplicated-matureMirna-uniquemethod-beststratam1.bam -L analysis/74667/74667-deduplicate-matureMirna-uniquemethod-beststratam1.log
# job started at Sun Sep  4 11:35:57 2022 on MacBook-Air-di-Federico.local -- ebeda63d-11fc-4acc-8413-be30d788b6c8
# pid: 1291, system: Darwin 21.5.0 Darwin Kernel Version 21.5.0: Tue Apr 26 21:08:29 PDT 2022; root:xnu-8020.121.3~4/RELEASE_ARM64_T8101 x86_64
# assigned_tag                            : None
# cell_tag                                : None
# cell_tag_delim                          : None
# cell_tag_split                          : -
# chimeric_pairs                          : use
# chrom                                   : None
# compresslevel                           : 6
# detection_method                        : None
# filter_umi                              : None
# gene_tag                                : None
# gene_transcript_map                     : None
# get_umi_method                          : read_id
# ignore_tlen                             : False
# ignore_umi                              : False
# in_sam                                  : False
# log2stderr                              : False
# loglevel                                : 1
# mapping_quality                         : 0
# method                                  : unique
# no_sort_output                          : False
# out_sam                                 : False
# output_unmapped                         : False
# paired                                  : False
# per_cell                                : False
# per_contig                              : False
# per_gene                                : False
# random_seed                             : None
# read_length                             : False
# short_help                              : None
# skip_regex                              : ^(__|Unassigned)
# soft_clip_threshold                     : 4
# spliced                                 : False
# stats                                   : False
# stderr                                  : <_io.TextIOWrapper name='<stderr>' mode='w' encoding='utf-8'>
# stdin                                   : <_io.TextIOWrapper name='analysis/74667/74667-maturemiRNA-aligned-bowtie1-beststratam1.bam' mode='r' encoding='UTF-8'>
# stdlog                                  : <_io.TextIOWrapper name='analysis/74667/74667-deduplicate-matureMirna-uniquemethod-beststratam1.log' mode='a' encoding='UTF-8'>
# stdout                                  : <_io.TextIOWrapper name='analysis/74667/74667_deduplicated-matureMirna-uniquemethod-beststratam1.bam' mode='w' encoding='UTF-8'>
# subset                                  : None
# threshold                               : 1
# timeit_file                             : None
# timeit_header                           : None
# timeit_name                             : all
# tmpdir                                  : None
# umi_sep                                 : _
# umi_tag                                 : RX
# umi_tag_delim                           : None
# umi_tag_split                           : None
# umi_whitelist                           : None
# umi_whitelist_paired                    : None
# unmapped_reads                          : discard
# unpaired_reads                          : use
# whole_contig                            : False
2022-09-04 11:35:57,948 INFO command: dedup --method=unique -I analysis/74667/74667-maturemiRNA-aligned-bowtie1-beststratam1.bam -S analysis/74667/74667_deduplicated-matureMirna-uniquemethod-beststratam1.bam -L analysis/74667/74667-deduplicate-matureMirna-uniquemethod-beststratam1.log
2022-09-04 11:35:57,967 INFO Reads: Input Reads: 1078
2022-09-04 11:35:57,967 INFO Number of reads out: 203
2022-09-04 11:35:57,967 INFO Total number of positions deduplicated: 7
2022-09-04 11:35:57,967 INFO Mean number of unique UMIs per position: 29.00
2022-09-04 11:35:57,967 INFO Max. number of unique UMIs per position: 185
# job finished in 0 seconds at Sun Sep  4 11:35:57 2022 --  0.94  0.11  0.00  0.00 -- ebeda63d-11fc-4acc-8413-be30d788b6c8
# UMI-tools version: 1.1.2
# output generated by dedup --method=unique -I analysis/74667/74667-maturemiRNA-aligned-bowtie1-beststratam1.bam -S analysis/74667/74667_deduplicated-matureMirna-uniquemethod-beststratam1.bam -L analysis/74667/74667-deduplicate-matureMirna-uniquemethod-beststratam1.log
# job started at Mon Sep  5 17:55:17 2022 on MacBook-Air-di-Federico.local -- 2d758a07-1107-4452-8b08-2a067c6dc19d
# pid: 12856, system: Darwin 21.5.0 Darwin Kernel Version 21.5.0: Tue Apr 26 21:08:29 PDT 2022; root:xnu-8020.121.3~4/RELEASE_ARM64_T8101 x86_64
# assigned_tag                            : None
# cell_tag                                : None
# cell_tag_delim                          : None
# cell_tag_split                          : -
# chimeric_pairs                          : use
# chrom                                   : None
# compresslevel                           : 6
# detection_method                        : None
# filter_umi                              : None
# gene_tag                                : None
# gene_transcript_map                     : None
# get_umi_method                          : read_id
# ignore_tlen                             : False
# ignore_umi                              : False
# in_sam                                  : False
# log2stderr                              : False
# loglevel                                : 1
# mapping_quality                         : 0
# method                                  : unique
# no_sort_output                          : False
# out_sam                                 : False
# output_unmapped                         : False
# paired                                  : False
# per_cell                                : False
# per_contig                              : False
# per_gene                                : False
# random_seed                             : None
# read_length                             : False
# short_help                              : None
# skip_regex                              : ^(__|Unassigned)
# soft_clip_threshold                     : 4
# spliced                                 : False
# stats                                   : False
# stderr                                  : <_io.TextIOWrapper name='<stderr>' mode='w' encoding='utf-8'>
# stdin                                   : <_io.TextIOWrapper name='analysis/74667/74667-maturemiRNA-aligned-bowtie1-beststratam1.bam' mode='r' encoding='UTF-8'>
# stdlog                                  : <_io.TextIOWrapper name='analysis/74667/74667-deduplicate-matureMirna-uniquemethod-beststratam1.log' mode='a' encoding='UTF-8'>
# stdout                                  : <_io.TextIOWrapper name='analysis/74667/74667_deduplicated-matureMirna-uniquemethod-beststratam1.bam' mode='w' encoding='UTF-8'>
# subset                                  : None
# threshold                               : 1
# timeit_file                             : None
# timeit_header                           : None
# timeit_name                             : all
# tmpdir                                  : None
# umi_sep                                 : _
# umi_tag                                 : RX
# umi_tag_delim                           : None
# umi_tag_split                           : None
# umi_whitelist                           : None
# umi_whitelist_paired                    : None
# unmapped_reads                          : discard
# unpaired_reads                          : use
# whole_contig                            : False
2022-09-05 17:55:17,426 INFO command: dedup --method=unique -I analysis/74667/74667-maturemiRNA-aligned-bowtie1-beststratam1.bam -S analysis/74667/74667_deduplicated-matureMirna-uniquemethod-beststratam1.bam -L analysis/74667/74667-deduplicate-matureMirna-uniquemethod-beststratam1.log
2022-09-05 17:55:24,687 INFO Parsed 1000000 input reads
2022-09-05 17:55:25,620 INFO Written out 100000 reads
2022-09-05 17:55:25,620 INFO Written out 200000 reads
2022-09-05 17:55:27,828 INFO Written out 300000 reads
2022-09-05 17:55:31,259 INFO Written out 400000 reads
2022-09-05 17:55:31,937 INFO Parsed 2000000 input reads
2022-09-05 17:55:34,043 INFO Written out 500000 reads
2022-09-05 17:55:37,649 INFO Written out 600000 reads
2022-09-05 17:55:38,639 INFO Reads: Input Reads: 2872132
2022-09-05 17:55:38,639 INFO Number of reads out: 615040
2022-09-05 17:55:38,640 INFO Total number of positions deduplicated: 736
2022-09-05 17:55:38,640 INFO Mean number of unique UMIs per position: 835.65
2022-09-05 17:55:38,640 INFO Max. number of unique UMIs per position: 219921
# job finished in 21 seconds at Mon Sep  5 17:55:38 2022 -- 21.90  0.27  0.00  0.00 -- 2d758a07-1107-4452-8b08-2a067c6dc19d
